
          -------------------------------------------------------
          Amber 22 SANDER                              2022
          -------------------------------------------------------

| Run on 12/21/2025 at 21:58:01

|   Executable path: /home/kiran/miniforge3/envs/amber_mmgbsa/bin/sander
| Working directory: /storage/kiran-stuff/aaRS/phase2/energy_scoring/mmgbsa_amber/jobs/anc_prors_edit_ALA
|          Hostname: boron

  [-O]verwriting output

File Assignments:
|  MDIN: min.in                                                                
| MDOUT: min.out                                                               
|INPCRD: complex.inpcrd                                                        
|  PARM: complex.prmtop                                                        
|RESTRT: min.rst                                                               
|  REFC: complex.inpcrd                                                        
| MDVEL: mdvel                                                                 
| MDFRC: mdfrc                                                                 
|  MDEN: mden                                                                  
| MDCRD: mdcrd                                                                 
|MDINFO: mdinfo                                                                
|  MTMD: mtmd                                                                  
|INPDIP: inpdip                                                                
|RSTDIP: rstdip                                                                
|INPTRA: inptraj                                                               


 Here is the input file:

Minimize                                                                       
 &cntrl                                                                        
  imin=1,                                                                      
  maxcyc=500,                                                                  
  ncyc=250,                                                                    
  ntb=0,                                                                       
  cut=999.0,                                                                   
  ntr=1,                                                                       
  restraint_wt=10.0,                                                           
  restraintmask='!:LIG & !@H=',                                                
 /                                                                             

--------------------------------------------------------------------------------
   1.  RESOURCE   USE: 
--------------------------------------------------------------------------------

| Flags:                                                                        
|    NONPERIODIC   ntb=0 and igb=0: Setting up nonperiodic simulation
|  *** cutoff > system size, list only builds once
|Largest sphere to fit in unit cell has radius =    54.715
| New format PARM file being parsed.
| Version =    1.000 Date = 12/21/25 Time = 21:58:01
 NATOM  =    4675 NTYPES =      21 NBONH =    2325 MBONA  =    2389
 NTHETH =    5352 MTHETA =    3230 NPHIH =   10602 MPHIA  =   10074
 NHPARM =       0 NPARM  =       0 NNB   =   25911 NRES   =     301
 NBONA  =    2389 NTHETA =    3230 NPHIA =   10074 NUMBND =      73
 NUMANG =     164 NPTRA  =     196 NATYP =      41 NPHB   =       0
 IFBOX  =       0 NMXRS  =      26 IFCAP =       0 NEXTRA =       0
 NCOPY  =       0


|     Memory Use     Allocated
|     Real             1138709
|     Hollerith          14328
|     Integer          1124203
|     Max Pairs       10925475
|     nblistReal         56100
|     nblist Int       7572327
|       Total            86038 kbytes

| Note: 1-4 EEL scale factors are being read from the topology file.

| Note: 1-4 VDW scale factors are being read from the topology file.
| Duplicated    0 dihedrals
| Duplicated    0 dihedrals

--------------------------------------------------------------------------------
   2.  CONTROL  DATA  FOR  THE  RUN
--------------------------------------------------------------------------------

default_name                                                                    

General flags:
     imin    =       1, nmropt  =       0

Nature and format of input:
     ntx     =       1, irest   =       0, ntrx    =       1

Nature and format of output:
     ntxo    =       2, ntpr    =      50, ntrx    =       1, ntwr    =       1
     iwrap   =       0, ntwx    =       0, ntwv    =       0, ntwe    =       0
     ioutfm  =       1, ntwprt  =       0, idecomp =       0, rbornstat=      0

Potential function:
     ntf     =       1, ntb     =       0, igb     =       0, nsnb    =      25
     ipol    =       0, gbsa    =       0, iesp    =       0
     dielc   =   1.00000, cut     = 999.00000, intdiel =   1.00000

Frozen or restrained atoms:
     ibelly  =       0, ntr     =       1
     restraint_wt =  10.00000

Energy minimization:
     maxcyc  =     500, ncyc    =     250, ntmin   =       1
     dx0     =   0.01000, drms    =   0.00010
|  INFO: Old style inpcrd file read


    LOADING THE CONSTRAINED ATOMS AS GROUPS


   5.  REFERENCE ATOM COORDINATES

  defa
     Mask !:LIG & !@H=; matches  2344 atoms

--------------------------------------------------------------------------------
   3.  ATOMIC COORDINATES AND VELOCITIES
--------------------------------------------------------------------------------

default_name                                                                    
 begin time read from input coords =     0.000 ps

 Number of triangulated 3-point waters found:        0

     Sum of charges from parm topology file = -34.00000006

--------------------------------------------------------------------------------
   4.  RESULTS
--------------------------------------------------------------------------------

 ---------------------------------------------------

     eedmeth=4: Setting switch to one everywhere

 ---------------------------------------------------
| Local SIZE OF NONBOND LIST =   10899797
| TOTAL SIZE OF NONBOND LIST =   10899797


   NSTEP       ENERGY          RMS            GMAX         NAME    NUMBER
      1       6.2621E+06     1.3455E+06     9.9795E+07     O        1130

 BOND    =      141.4647  ANGLE   =      615.0354  DIHED      =     3483.5710
 VDWAALS =  6256344.9270  EEL     =   -13882.4480  HBOND      =        0.0000
 1-4 VDW =     1133.3920  1-4 EEL =    14255.2877  RESTRAINT  =        0.0000


   NSTEP       ENERGY          RMS            GMAX         NAME    NUMBER
     50       3.7995E+03     2.2198E+00     9.2295E+01     C        1129

 BOND    =      142.4413  ANGLE   =      608.1475  DIHED      =     3472.1166
 VDWAALS =    -1699.2665  EEL     =   -14077.2090  HBOND      =        0.0000
 1-4 VDW =     1084.1136  1-4 EEL =    14195.4891  RESTRAINT  =       73.7077
 EAMBER  =     3725.8326


   NSTEP       ENERGY          RMS            GMAX         NAME    NUMBER
    100       3.6130E+03     1.2790E+00     4.7148E+01     C        1129

 BOND    =      127.5383  ANGLE   =      607.9023  DIHED      =     3464.5765
 VDWAALS =    -1786.1591  EEL     =   -14195.6531  HBOND      =        0.0000
 1-4 VDW =     1061.1579  1-4 EEL =    14197.2521  RESTRAINT  =      136.3925
 EAMBER  =     3476.6149


   NSTEP       ENERGY          RMS            GMAX         NAME    NUMBER
    150       3.5462E+03     8.3640E-01     3.0332E+01     C        1129

 BOND    =      127.9622  ANGLE   =      605.7883  DIHED      =     3463.1600
 VDWAALS =    -1816.0887  EEL     =   -14256.3865  HBOND      =        0.0000
 1-4 VDW =     1052.9095  1-4 EEL =    14196.4654  RESTRAINT  =      172.3630
 EAMBER  =     3373.8101


   NSTEP       ENERGY          RMS            GMAX         NAME    NUMBER
    200       3.5118E+03     2.5448E-01     5.4652E+00     HG1      1730

 BOND    =      125.7035  ANGLE   =      607.3554  DIHED      =     3464.1439
 VDWAALS =    -1830.4339  EEL     =   -14293.7652  HBOND      =        0.0000
 1-4 VDW =     1049.2580  1-4 EEL =    14195.6895  RESTRAINT  =      193.8337
 EAMBER  =     3317.9512


   NSTEP       ENERGY          RMS            GMAX         NAME    NUMBER
    250       3.4886E+03     6.7090E-01     2.0315E+01     C        1129

 BOND    =      125.8800  ANGLE   =      608.9052  DIHED      =     3464.3168
 VDWAALS =    -1839.1677  EEL     =   -14322.0541  HBOND      =        0.0000
 1-4 VDW =     1047.1264  1-4 EEL =    14194.7432  RESTRAINT  =      208.8412
 EAMBER  =     3279.7497


   NSTEP       ENERGY          RMS            GMAX         NAME    NUMBER
    300       3.4236E+03     5.0437E-01     1.7982E+01     CD       1498

 BOND    =      126.1075  ANGLE   =      609.4106  DIHED      =     3461.0141
 VDWAALS =    -1857.3144  EEL     =   -14405.6578  HBOND      =        0.0000
 1-4 VDW =     1045.1788  1-4 EEL =    14192.2384  RESTRAINT  =      252.6580
 EAMBER  =     3170.9773


   NSTEP       ENERGY          RMS            GMAX         NAME    NUMBER
    350       3.4132E+03     1.7706E-01     3.5515E+00     CD       1498

 BOND    =      126.1595  ANGLE   =      608.8399  DIHED      =     3459.4095
 VDWAALS =    -1857.1530  EEL     =   -14418.0502  HBOND      =        0.0000
 1-4 VDW =     1045.0855  1-4 EEL =    14192.9367  RESTRAINT  =      256.0172
 EAMBER  =     3157.2280


   NSTEP       ENERGY          RMS            GMAX         NAME    NUMBER
    400       3.4083E+03     1.3177E-01     3.1942E+00     HH       4534

 BOND    =      126.0819  ANGLE   =      608.8982  DIHED      =     3459.8863
 VDWAALS =    -1858.1601  EEL     =   -14426.5155  HBOND      =        0.0000
 1-4 VDW =     1045.2966  1-4 EEL =    14193.0062  RESTRAINT  =      259.8100
 EAMBER  =     3148.4936


   NSTEP       ENERGY          RMS            GMAX         NAME    NUMBER
    450       3.4019E+03     1.4900E-01     3.6805E+00     HH       4534

 BOND    =      126.1059  ANGLE   =      608.8457  DIHED      =     3456.9462
 VDWAALS =    -1859.3184  EEL     =   -14431.4539  HBOND      =        0.0000
 1-4 VDW =     1045.2716  1-4 EEL =    14192.7700  RESTRAINT  =      262.6879
 EAMBER  =     3139.1671


   NSTEP       ENERGY          RMS            GMAX         NAME    NUMBER
    500       3.3930E+03     1.6171E-01     5.8208E+00     OG       4499

 BOND    =      126.5094  ANGLE   =      608.5002  DIHED      =     3454.8398
 VDWAALS =    -1859.0910  EEL     =   -14436.6033  HBOND      =        0.0000
 1-4 VDW =     1045.1526  1-4 EEL =    14190.3647  RESTRAINT  =      263.2916
 EAMBER  =     3129.6723


  Maximum number of minimization cycles reached.


                    FINAL RESULTS



   NSTEP       ENERGY          RMS            GMAX         NAME    NUMBER
    500       3.3930E+03     1.6171E-01     5.8208E+00     OG       4499

 BOND    =      126.5094  ANGLE   =      608.5002  DIHED      =     3454.8398
 VDWAALS =    -1859.0910  EEL     =   -14436.6033  HBOND      =        0.0000
 1-4 VDW =     1045.1526  1-4 EEL =    14190.3647  RESTRAINT  =      263.2916
 EAMBER  =     3129.6723

--------------------------------------------------------------------------------
   5.  TIMINGS
--------------------------------------------------------------------------------

|    Read coords time           0.04 ( 0.01% of Total)
|                Build the list             0.45 (99.76% of List )
|                Other                      0.00 ( 0.24% of List )
|             List time                  0.45 ( 0.11% of Nonbo)
|                   Short_ene time           428.20 (100.0% of Direc)
|                   Other                      0.03 ( 0.01% of Direc)
|                Direct Ewald time        428.23 (99.90% of Ewald)
|                Other                      0.44 ( 0.10% of Ewald)
|             Ewald time               428.67 (99.89% of Nonbo)
|          Nonbond force            429.12 (98.90% of Force)
|          Bond/Angle/Dihedral        4.74 ( 1.09% of Force)
|          Other                      0.03 ( 0.01% of Force)
|       Force time               433.89 (100.0% of Runmd)
|    Runmd Time               433.89 (98.47% of Total)
|    Other                      6.71 ( 1.52% of Total)
| Total time               440.64 (100.0% of ALL  )

| Number of list builds   :          1

| Highest rstack allocated:      23335
| Highest istack allocated:       4667
|           Job began  at 21:58:01.876  on 12/21/2025
|           Setup done at 21:58:02.192  on 12/21/2025
|           Run   done at 22:05:22.515  on 12/21/2025
|     wallclock() was called   11535 times

|3D-RISM memory allocation summary
|Type          Maximum        Current   
|Integer       0.00000 GB     0.00000 GB
|Real          0.00000 GB     0.00000 GB
|Logical       0.00000 GB     0.00000 GB
|Character     0.00000 GB     0.00000 GB
|---------------------------------------
|Total         0.00000 GB     0.00000 GB
