
          -------------------------------------------------------
          Amber 22 SANDER                              2022
          -------------------------------------------------------

| Run on 12/21/2025 at 22:13:32

|   Executable path: /home/kiran/miniforge3/envs/amber_mmgbsa/bin/sander
| Working directory: /storage/kiran-stuff/aaRS/phase2/energy_scoring/mmgbsa_amber/jobs/modern_prors_LYS
|          Hostname: boron

  [-O]verwriting output

File Assignments:
|  MDIN: min.in                                                                
| MDOUT: min.out                                                               
|INPCRD: complex.inpcrd                                                        
|  PARM: complex.prmtop                                                        
|RESTRT: min.rst                                                               
|  REFC: complex.inpcrd                                                        
| MDVEL: mdvel                                                                 
| MDFRC: mdfrc                                                                 
|  MDEN: mden                                                                  
| MDCRD: mdcrd                                                                 
|MDINFO: mdinfo                                                                
|  MTMD: mtmd                                                                  
|INPDIP: inpdip                                                                
|RSTDIP: rstdip                                                                
|INPTRA: inptraj                                                               


 Here is the input file:

Minimize                                                                       
 &cntrl                                                                        
  imin=1,                                                                      
  maxcyc=500,                                                                  
  ncyc=250,                                                                    
  ntb=0,                                                                       
  cut=999.0,                                                                   
  ntr=1,                                                                       
  restraint_wt=10.0,                                                           
  restraintmask='!:LIG & !@H=',                                                
 /                                                                             

--------------------------------------------------------------------------------
   1.  RESOURCE   USE: 
--------------------------------------------------------------------------------

| Flags:                                                                        
|    NONPERIODIC   ntb=0 and igb=0: Setting up nonperiodic simulation
|  *** cutoff > system size, list only builds once
|Largest sphere to fit in unit cell has radius =    71.762
| New format PARM file being parsed.
| Version =    1.000 Date = 12/21/25 Time = 22:13:32
 NATOM  =    8983 NTYPES =      21 NBONH =    4491 MBONA  =    4575
 NTHETH =   10231 MTHETA =    6195 NPHIH =   20554 MPHIA  =   19709
 NHPARM =       0 NPARM  =       0 NNB   =   49614 NRES   =     573
 NBONA  =    4575 NTHETA =    6195 NPHIA =   19709 NUMBND =      73
 NUMANG =     165 NPTRA  =     198 NATYP =      41 NPHB   =       0
 IFBOX  =       0 NMXRS  =      24 IFCAP =       0 NEXTRA =       0
 NCOPY  =       0


|     Memory Use     Allocated
|     Real             1492224
|     Hollerith          27524
|     Integer          2161940
|     Max Pairs       40342653
|     nblistReal        107796
|     nblist Int      10875667
|       Total           221124 kbytes

| Note: 1-4 EEL scale factors are being read from the topology file.

| Note: 1-4 VDW scale factors are being read from the topology file.
| Duplicated    0 dihedrals
| Duplicated    0 dihedrals

--------------------------------------------------------------------------------
   2.  CONTROL  DATA  FOR  THE  RUN
--------------------------------------------------------------------------------

default_name                                                                    

General flags:
     imin    =       1, nmropt  =       0

Nature and format of input:
     ntx     =       1, irest   =       0, ntrx    =       1

Nature and format of output:
     ntxo    =       2, ntpr    =      50, ntrx    =       1, ntwr    =       1
     iwrap   =       0, ntwx    =       0, ntwv    =       0, ntwe    =       0
     ioutfm  =       1, ntwprt  =       0, idecomp =       0, rbornstat=      0

Potential function:
     ntf     =       1, ntb     =       0, igb     =       0, nsnb    =      25
     ipol    =       0, gbsa    =       0, iesp    =       0
     dielc   =   1.00000, cut     = 999.00000, intdiel =   1.00000

Frozen or restrained atoms:
     ibelly  =       0, ntr     =       1
     restraint_wt =  10.00000

Energy minimization:
     maxcyc  =     500, ncyc    =     250, ntmin   =       1
     dx0     =   0.01000, drms    =   0.00010
|  INFO: Old style inpcrd file read


    LOADING THE CONSTRAINED ATOMS AS GROUPS


   5.  REFERENCE ATOM COORDINATES

  defa
     Mask !:LIG & !@H=; matches  4482 atoms

--------------------------------------------------------------------------------
   3.  ATOMIC COORDINATES AND VELOCITIES
--------------------------------------------------------------------------------

default_name                                                                    
 begin time read from input coords =     0.000 ps

 Number of triangulated 3-point waters found:        0

     Sum of charges from parm topology file = -19.00000526

--------------------------------------------------------------------------------
   4.  RESULTS
--------------------------------------------------------------------------------

 ---------------------------------------------------

     eedmeth=4: Setting switch to one everywhere

 ---------------------------------------------------
| Local SIZE OF NONBOND LIST =   40293494
| TOTAL SIZE OF NONBOND LIST =   40293494


   NSTEP       ENERGY          RMS            GMAX         NAME    NUMBER
      1      -1.0770E+04     8.1469E+00     2.3643E+02     HE2      2548

 BOND    =      192.2144  ANGLE   =      905.8345  DIHED      =     6361.8173
 VDWAALS =    -4068.9907  EEL     =   -38679.3858  HBOND      =        0.0000
 1-4 VDW =     2160.7316  1-4 EEL =    22357.4843  RESTRAINT  =        0.0000


   NSTEP       ENERGY          RMS            GMAX         NAME    NUMBER
     50      -1.2344E+04     1.9826E+00     1.1534E+02     CD       8158

 BOND    =      266.7180  ANGLE   =      888.5177  DIHED      =     6398.7514
 VDWAALS =    -4738.8774  EEL     =   -39186.5094  HBOND      =        0.0000
 1-4 VDW =     1972.8923  1-4 EEL =    21980.4378  RESTRAINT  =       74.4453
 EAMBER  =   -12418.0696


   NSTEP       ENERGY          RMS            GMAX         NAME    NUMBER
    100      -1.2549E+04     1.0883E+00     6.9162E+01     C        7829

 BOND    =      272.8405  ANGLE   =      928.6961  DIHED      =     6416.0781
 VDWAALS =    -4778.9655  EEL     =   -39401.6404  HBOND      =        0.0000
 1-4 VDW =     1939.7755  1-4 EEL =    21953.4392  RESTRAINT  =      120.7339
 EAMBER  =   -12669.7763


   NSTEP       ENERGY          RMS            GMAX         NAME    NUMBER
    150      -1.2670E+04     3.2633E-01     1.2502E+01     HG1      2832

 BOND    =      270.1179  ANGLE   =      939.4796  DIHED      =     6424.1684
 VDWAALS =    -4794.9448  EEL     =   -39531.2889  HBOND      =        0.0000
 1-4 VDW =     1929.0310  1-4 EEL =    21943.8032  RESTRAINT  =      150.0516
 EAMBER  =   -12819.6336


   NSTEP       ENERGY          RMS            GMAX         NAME    NUMBER
    200      -1.2751E+04     2.7193E-01     8.2542E+00     HG1      2832

 BOND    =      273.9082  ANGLE   =      946.2704  DIHED      =     6427.5338
 VDWAALS =    -4801.5232  EEL     =   -39631.4413  HBOND      =        0.0000
 1-4 VDW =     1924.0476  1-4 EEL =    21941.8746  RESTRAINT  =      168.4242
 EAMBER  =   -12919.3300


   NSTEP       ENERGY          RMS            GMAX         NAME    NUMBER
    250      -1.2798E+04     5.4006E-01     1.5728E+01     C        7829

 BOND    =      277.2373  ANGLE   =      950.6239  DIHED      =     6428.5793
 VDWAALS =    -4805.4595  EEL     =   -39693.0224  HBOND      =        0.0000
 1-4 VDW =     1922.2299  1-4 EEL =    21940.4278  RESTRAINT  =      181.3375
 EAMBER  =   -12979.3837


   NSTEP       ENERGY          RMS            GMAX         NAME    NUMBER
    300      -1.2905E+04     2.3928E-01     6.4692E+00     HG1      4373

 BOND    =      276.6666  ANGLE   =      957.4740  DIHED      =     6426.1591
 VDWAALS =    -4820.0230  EEL     =   -39827.6165  HBOND      =        0.0000
 1-4 VDW =     1921.4749  1-4 EEL =    21939.3319  RESTRAINT  =      221.7119
 EAMBER  =   -13126.5329


   NSTEP       ENERGY          RMS            GMAX         NAME    NUMBER
    350      -1.2928E+04     1.7962E-01     4.6914E+00     CD       5131

 BOND    =      277.5135  ANGLE   =      956.3995  DIHED      =     6423.9232
 VDWAALS =    -4820.8472  EEL     =   -39853.3383  HBOND      =        0.0000
 1-4 VDW =     1921.3101  1-4 EEL =    21942.6337  RESTRAINT  =      224.8543
 EAMBER  =   -13152.4055


   NSTEP       ENERGY          RMS            GMAX         NAME    NUMBER
    400      -1.2938E+04     1.7166E-01     4.9212E+00     HH        100

 BOND    =      277.7711  ANGLE   =      956.1235  DIHED      =     6424.4656
 VDWAALS =    -4822.7025  EEL     =   -39866.2909  HBOND      =        0.0000
 1-4 VDW =     1921.1971  1-4 EEL =    21942.9177  RESTRAINT  =      228.5827
 EAMBER  =   -13166.5184


   NSTEP       ENERGY          RMS            GMAX         NAME    NUMBER
    450      -1.2959E+04     1.5635E-01     5.8797E+00     OH         99

 BOND    =      277.8190  ANGLE   =      956.4840  DIHED      =     6420.3171
 VDWAALS =    -4822.4166  EEL     =   -39883.4521  HBOND      =        0.0000
 1-4 VDW =     1920.8406  1-4 EEL =    21941.8357  RESTRAINT  =      229.1829
 EAMBER  =   -13188.5723


   NSTEP       ENERGY          RMS            GMAX         NAME    NUMBER
    500      -1.2966E+04     7.3248E-02     1.8018E+00     CZ         98

 BOND    =      277.9636  ANGLE   =      956.2436  DIHED      =     6418.8076
 VDWAALS =    -4822.6056  EEL     =   -39885.9787  HBOND      =        0.0000
 1-4 VDW =     1920.7096  1-4 EEL =    21939.7566  RESTRAINT  =      229.2820
 EAMBER  =   -13195.1032


  Maximum number of minimization cycles reached.


                    FINAL RESULTS



   NSTEP       ENERGY          RMS            GMAX         NAME    NUMBER
    500      -1.2966E+04     7.3248E-02     1.8018E+00     CZ         98

 BOND    =      277.9636  ANGLE   =      956.2436  DIHED      =     6418.8076
 VDWAALS =    -4822.6056  EEL     =   -39885.9787  HBOND      =        0.0000
 1-4 VDW =     1920.7096  1-4 EEL =    21939.7566  RESTRAINT  =      229.2820
 EAMBER  =   -13195.1032

--------------------------------------------------------------------------------
   5.  TIMINGS
--------------------------------------------------------------------------------

|                Build the list             1.24 (99.82% of List )
|                Other                      0.00 ( 0.18% of List )
|             List time                  1.24 ( 0.09% of Nonbo)
|                   Short_ene time          1431.74 (100.0% of Direc)
|                   Other                      0.08 ( 0.01% of Direc)
|                Direct Ewald time       1431.82 (100.0% of Ewald)
|                Other                      0.83 ( 0.06% of Ewald)
|             Ewald time              1432.65 (100.0% of Nonbo)
|          Nonbond force           1433.89 (99.44% of Force)
|          Bond/Angle/Dihedral        7.97 ( 0.55% of Force)
|       Force time              1441.93 (100.0% of Runmd)
|    Runmd Time              1441.93 (99.50% of Total)
|    Other                      7.21 ( 0.50% of Total)
| Total time              1449.16 (100.0% of ALL  )

| Number of list builds   :          1

| Highest rstack allocated:      44875
| Highest istack allocated:       8975
|           Job began  at 22:13:32.573  on 12/21/2025
|           Setup done at 22:13:32.966  on 12/21/2025
|           Run   done at 22:37:41.738  on 12/21/2025
|     wallclock() was called   11535 times

|3D-RISM memory allocation summary
|Type          Maximum        Current   
|Integer       0.00000 GB     0.00000 GB
|Real          0.00000 GB     0.00000 GB
|Logical       0.00000 GB     0.00000 GB
|Character     0.00000 GB     0.00000 GB
|---------------------------------------
|Total         0.00000 GB     0.00000 GB
