
          -------------------------------------------------------
          Amber 22 SANDER                              2022
          -------------------------------------------------------

| Run on 12/21/2025 at 21:58:02

|   Executable path: /home/kiran/miniforge3/envs/amber_mmgbsa/bin/sander
| Working directory: /storage/kiran-stuff/aaRS/phase2/energy_scoring/mmgbsa_amber/jobs/anc_prors_edit_MET
|          Hostname: boron

  [-O]verwriting output

File Assignments:
|  MDIN: min.in                                                                
| MDOUT: min.out                                                               
|INPCRD: complex.inpcrd                                                        
|  PARM: complex.prmtop                                                        
|RESTRT: min.rst                                                               
|  REFC: complex.inpcrd                                                        
| MDVEL: mdvel                                                                 
| MDFRC: mdfrc                                                                 
|  MDEN: mden                                                                  
| MDCRD: mdcrd                                                                 
|MDINFO: mdinfo                                                                
|  MTMD: mtmd                                                                  
|INPDIP: inpdip                                                                
|RSTDIP: rstdip                                                                
|INPTRA: inptraj                                                               


 Here is the input file:

Minimize                                                                       
 &cntrl                                                                        
  imin=1,                                                                      
  maxcyc=500,                                                                  
  ncyc=250,                                                                    
  ntb=0,                                                                       
  cut=999.0,                                                                   
  ntr=1,                                                                       
  restraint_wt=10.0,                                                           
  restraintmask='!:LIG & !@H=',                                                
 /                                                                             

--------------------------------------------------------------------------------
   1.  RESOURCE   USE: 
--------------------------------------------------------------------------------

| Flags:                                                                        
|    NONPERIODIC   ntb=0 and igb=0: Setting up nonperiodic simulation
|  *** cutoff > system size, list only builds once
|Largest sphere to fit in unit cell has radius =    63.533
| New format PARM file being parsed.
| Version =    1.000 Date = 12/21/25 Time = 21:58:02
 NATOM  =    4682 NTYPES =      22 NBONH =    2329 MBONA  =    2392
 NTHETH =    5362 MTHETA =    3233 NPHIH =   10613 MPHIA  =   10078
 NHPARM =       0 NPARM  =       0 NNB   =   25947 NRES   =     301
 NBONA  =    2392 NTHETA =    3233 NPHIA =   10078 NUMBND =      74
 NUMANG =     168 NPTRA  =     198 NATYP =      42 NPHB   =       0
 IFBOX  =       0 NMXRS  =      26 IFCAP =       0 NEXTRA =       0
 NCOPY  =       0


|     Memory Use     Allocated
|     Real             1139257
|     Hollerith          14349
|     Integer          1125227
|     Max Pairs       10958221
|     nblistReal         56184
|     nblist Int       8436143
|       Total            89550 kbytes

| Note: 1-4 EEL scale factors are being read from the topology file.

| Note: 1-4 VDW scale factors are being read from the topology file.
| Duplicated    0 dihedrals
| Duplicated    0 dihedrals

--------------------------------------------------------------------------------
   2.  CONTROL  DATA  FOR  THE  RUN
--------------------------------------------------------------------------------

default_name                                                                    

General flags:
     imin    =       1, nmropt  =       0

Nature and format of input:
     ntx     =       1, irest   =       0, ntrx    =       1

Nature and format of output:
     ntxo    =       2, ntpr    =      50, ntrx    =       1, ntwr    =       1
     iwrap   =       0, ntwx    =       0, ntwv    =       0, ntwe    =       0
     ioutfm  =       1, ntwprt  =       0, idecomp =       0, rbornstat=      0

Potential function:
     ntf     =       1, ntb     =       0, igb     =       0, nsnb    =      25
     ipol    =       0, gbsa    =       0, iesp    =       0
     dielc   =   1.00000, cut     = 999.00000, intdiel =   1.00000

Frozen or restrained atoms:
     ibelly  =       0, ntr     =       1
     restraint_wt =  10.00000

Energy minimization:
     maxcyc  =     500, ncyc    =     250, ntmin   =       1
     dx0     =   0.01000, drms    =   0.00010
|  INFO: Old style inpcrd file read


    LOADING THE CONSTRAINED ATOMS AS GROUPS


   5.  REFERENCE ATOM COORDINATES

  defa
     Mask !:LIG & !@H=; matches  2344 atoms

--------------------------------------------------------------------------------
   3.  ATOMIC COORDINATES AND VELOCITIES
--------------------------------------------------------------------------------

default_name                                                                    
 begin time read from input coords =     0.000 ps

 Number of triangulated 3-point waters found:        0

     Sum of charges from parm topology file = -33.99999806

--------------------------------------------------------------------------------
   4.  RESULTS
--------------------------------------------------------------------------------

 ---------------------------------------------------

     eedmeth=4: Setting switch to one everywhere

 ---------------------------------------------------
| Local SIZE OF NONBOND LIST =   10932508
| TOTAL SIZE OF NONBOND LIST =   10932508


   NSTEP       ENERGY          RMS            GMAX         NAME    NUMBER
      1       1.3886E+04     4.5942E+02     3.1781E+04     HE2      2133

 BOND    =      138.2703  ANGLE   =      623.9466  DIHED      =     3449.7748
 VDWAALS =     8453.1898  EEL     =   -14081.4660  HBOND      =        0.0000
 1-4 VDW =     1136.8206  1-4 EEL =    14165.2945  RESTRAINT  =        0.0000


   NSTEP       ENERGY          RMS            GMAX         NAME    NUMBER
     50       3.5064E+03     2.5593E+00     1.7196E+02     CD       1498

 BOND    =      154.1044  ANGLE   =      637.4791  DIHED      =     3456.9491
 VDWAALS =    -1719.5287  EEL     =   -14305.3505  HBOND      =        0.0000
 1-4 VDW =     1107.4744  1-4 EEL =    14099.9812  RESTRAINT  =       75.2923
 EAMBER  =     3431.1089


   NSTEP       ENERGY          RMS            GMAX         NAME    NUMBER
    100       3.3206E+03     1.4861E+00     4.5608E+01     CD       1498

 BOND    =      142.6768  ANGLE   =      625.7946  DIHED      =     3461.0311
 VDWAALS =    -1806.4408  EEL     =   -14428.8130  HBOND      =        0.0000
 1-4 VDW =     1087.1323  1-4 EEL =    14101.8625  RESTRAINT  =      137.3614
 EAMBER  =     3183.2436


   NSTEP       ENERGY          RMS            GMAX         NAME    NUMBER
    150       3.2462E+03     8.5469E-01     2.4354E+01     CD       1498

 BOND    =      137.8225  ANGLE   =      620.5256  DIHED      =     3464.7864
 VDWAALS =    -1838.8727  EEL     =   -14494.4419  HBOND      =        0.0000
 1-4 VDW =     1078.5144  1-4 EEL =    14100.7171  RESTRAINT  =      177.1393
 EAMBER  =     3069.0513


   NSTEP       ENERGY          RMS            GMAX         NAME    NUMBER
    200       3.2044E+03     4.3586E-01     9.2526E+00     CZ       3644

 BOND    =      136.2145  ANGLE   =      619.5350  DIHED      =     3467.7851
 VDWAALS =    -1856.5445  EEL     =   -14539.3597  HBOND      =        0.0000
 1-4 VDW =     1073.6057  1-4 EEL =    14099.6883  RESTRAINT  =      203.5046
 EAMBER  =     3000.9244


   NSTEP       ENERGY          RMS            GMAX         NAME    NUMBER
    250       3.1797E+03     2.1781E-01     5.3090E+00     HG1      1652

 BOND    =      135.3915  ANGLE   =      618.5583  DIHED      =     3470.8150
 VDWAALS =    -1867.2916  EEL     =   -14568.4639  HBOND      =        0.0000
 1-4 VDW =     1070.6024  1-4 EEL =    14098.7766  RESTRAINT  =      221.3397
 EAMBER  =     2958.3884


   NSTEP       ENERGY          RMS            GMAX         NAME    NUMBER
    300       3.1098E+03     3.0512E-01     1.0579E+01     CD       1498

 BOND    =      134.6667  ANGLE   =      618.3685  DIHED      =     3480.2363
 VDWAALS =    -1894.2957  EEL     =   -14672.3743  HBOND      =        0.0000
 1-4 VDW =     1064.1493  1-4 EEL =    14094.8775  RESTRAINT  =      284.1600
 EAMBER  =     2825.6283


   NSTEP       ENERGY          RMS            GMAX         NAME    NUMBER
    350       3.0982E+03     2.4231E-01     6.8982E+00     SD       2130

 BOND    =      134.8387  ANGLE   =      616.4654  DIHED      =     3477.9335
 VDWAALS =    -1892.9596  EEL     =   -14681.5799  HBOND      =        0.0000
 1-4 VDW =     1065.0722  1-4 EEL =    14097.4753  RESTRAINT  =      280.9526
 EAMBER  =     2817.2457


   NSTEP       ENERGY          RMS            GMAX         NAME    NUMBER
    400       3.0921E+03     2.3631E-01     5.1757E+00     CD       1141

 BOND    =      134.8072  ANGLE   =      616.0326  DIHED      =     3477.1675
 VDWAALS =    -1893.6974  EEL     =   -14689.7865  HBOND      =        0.0000
 1-4 VDW =     1064.7111  1-4 EEL =    14099.9863  RESTRAINT  =      282.8511
 EAMBER  =     2809.2207


   NSTEP       ENERGY          RMS            GMAX         NAME    NUMBER
    450       3.0868E+03     1.1670E-01     2.9790E+00     HG1       208

 BOND    =      134.7102  ANGLE   =      616.1169  DIHED      =     3476.0260
 VDWAALS =    -1894.3600  EEL     =   -14692.8237  HBOND      =        0.0000
 1-4 VDW =     1063.6945  1-4 EEL =    14099.7476  RESTRAINT  =      283.7001
 EAMBER  =     2803.1114


   NSTEP       ENERGY          RMS            GMAX         NAME    NUMBER
    500       3.0843E+03     1.6469E-01     6.5556E+00     HG1       259

 BOND    =      134.4761  ANGLE   =      616.3660  DIHED      =     3476.4708
 VDWAALS =    -1894.9443  EEL     =   -14696.7723  HBOND      =        0.0000
 1-4 VDW =     1063.7005  1-4 EEL =    14100.3533  RESTRAINT  =      284.6047
 EAMBER  =     2799.6501


  Maximum number of minimization cycles reached.


                    FINAL RESULTS



   NSTEP       ENERGY          RMS            GMAX         NAME    NUMBER
    500       3.0843E+03     1.6469E-01     6.5556E+00     HG1       259

 BOND    =      134.4761  ANGLE   =      616.3660  DIHED      =     3476.4708
 VDWAALS =    -1894.9443  EEL     =   -14696.7723  HBOND      =        0.0000
 1-4 VDW =     1063.7005  1-4 EEL =    14100.3533  RESTRAINT  =      284.6047
 EAMBER  =     2799.6501

--------------------------------------------------------------------------------
   5.  TIMINGS
--------------------------------------------------------------------------------

|                Build the list             0.51 (99.81% of List )
|                Other                      0.00 ( 0.19% of List )
|             List time                  0.52 ( 0.12% of Nonbo)
|                   Short_ene time           435.01 (100.0% of Direc)
|                   Other                      0.04 ( 0.01% of Direc)
|                Direct Ewald time        435.05 (99.90% of Ewald)
|                Other                      0.45 ( 0.10% of Ewald)
|             Ewald time               435.50 (99.88% of Nonbo)
|          Nonbond force            436.02 (98.89% of Force)
|          Bond/Angle/Dihedral        4.88 ( 1.11% of Force)
|          Other                      0.02 ( 0.01% of Force)
|       Force time               440.92 (100.0% of Runmd)
|    Runmd Time               440.92 (98.53% of Total)
|    Other                      6.58 ( 1.47% of Total)
| Total time               447.51 (100.0% of ALL  )

| Number of list builds   :          1

| Highest rstack allocated:      23375
| Highest istack allocated:       4675
|           Job began  at 21:58:02.887  on 12/21/2025
|           Setup done at 21:58:03.243  on 12/21/2025
|           Run   done at 22:05:30.398  on 12/21/2025
|     wallclock() was called   11535 times

|3D-RISM memory allocation summary
|Type          Maximum        Current   
|Integer       0.00000 GB     0.00000 GB
|Real          0.00000 GB     0.00000 GB
|Logical       0.00000 GB     0.00000 GB
|Character     0.00000 GB     0.00000 GB
|---------------------------------------
|Total         0.00000 GB     0.00000 GB
