
          -------------------------------------------------------
          Amber 22 SANDER                              2022
          -------------------------------------------------------

| Run on 12/21/2025 at 22:06:31

|   Executable path: /home/kiran/miniforge3/envs/amber_mmgbsa/bin/sander
| Working directory: /storage/kiran-stuff/aaRS/phase2/energy_scoring/mmgbsa_amber/jobs/deep_thrrs_pro
|          Hostname: boron

  [-O]verwriting output

File Assignments:
|  MDIN: min.in                                                                
| MDOUT: min.out                                                               
|INPCRD: complex.inpcrd                                                        
|  PARM: complex.prmtop                                                        
|RESTRT: min.rst                                                               
|  REFC: complex.inpcrd                                                        
| MDVEL: mdvel                                                                 
| MDFRC: mdfrc                                                                 
|  MDEN: mden                                                                  
| MDCRD: mdcrd                                                                 
|MDINFO: mdinfo                                                                
|  MTMD: mtmd                                                                  
|INPDIP: inpdip                                                                
|RSTDIP: rstdip                                                                
|INPTRA: inptraj                                                               


 Here is the input file:

Minimize                                                                       
 &cntrl                                                                        
  imin=1,                                                                      
  maxcyc=500,                                                                  
  ncyc=250,                                                                    
  ntb=0,                                                                       
  cut=999.0,                                                                   
  ntr=1,                                                                       
  restraint_wt=10.0,                                                           
  restraintmask='!:LIG & !@H=',                                                
 /                                                                             

--------------------------------------------------------------------------------
   1.  RESOURCE   USE: 
--------------------------------------------------------------------------------

| Flags:                                                                        
|    NONPERIODIC   ntb=0 and igb=0: Setting up nonperiodic simulation
|  *** cutoff > system size, list only builds once
|Largest sphere to fit in unit cell has radius =    59.768
| New format PARM file being parsed.
| Version =    1.000 Date = 12/21/25 Time = 22:06:31
 NATOM  =    4419 NTYPES =      21 NBONH =    2161 MBONA  =    2309
 NTHETH =    4913 MTHETA =    3126 NPHIH =   10148 MPHIA  =    9731
 NHPARM =       0 NPARM  =       0 NNB   =   24348 NRES   =     279
 NBONA  =    2309 NTHETA =    3126 NPHIA =    9731 NUMBND =      74
 NUMANG =     168 NPTRA  =     194 NATYP =      42 NPHB   =       0
 IFBOX  =       0 NMXRS  =      24 IFCAP =       0 NEXTRA =       0
 NCOPY  =       0


|     Memory Use     Allocated
|     Real             1117476
|     Hollerith          13538
|     Integer          1076408
|     Max Pairs        9761571
|     nblistReal         53028
|     nblist Int       6410271
|       Total            76573 kbytes

| Note: 1-4 EEL scale factors are being read from the topology file.

| Note: 1-4 VDW scale factors are being read from the topology file.
| Duplicated    0 dihedrals
| Duplicated    0 dihedrals

--------------------------------------------------------------------------------
   2.  CONTROL  DATA  FOR  THE  RUN
--------------------------------------------------------------------------------

default_name                                                                    

General flags:
     imin    =       1, nmropt  =       0

Nature and format of input:
     ntx     =       1, irest   =       0, ntrx    =       1

Nature and format of output:
     ntxo    =       2, ntpr    =      50, ntrx    =       1, ntwr    =       1
     iwrap   =       0, ntwx    =       0, ntwv    =       0, ntwe    =       0
     ioutfm  =       1, ntwprt  =       0, idecomp =       0, rbornstat=      0

Potential function:
     ntf     =       1, ntb     =       0, igb     =       0, nsnb    =      25
     ipol    =       0, gbsa    =       0, iesp    =       0
     dielc   =   1.00000, cut     = 999.00000, intdiel =   1.00000

Frozen or restrained atoms:
     ibelly  =       0, ntr     =       1
     restraint_wt =  10.00000

Energy minimization:
     maxcyc  =     500, ncyc    =     250, ntmin   =       1
     dx0     =   0.01000, drms    =   0.00010
|  INFO: Old style inpcrd file read


    LOADING THE CONSTRAINED ATOMS AS GROUPS


   5.  REFERENCE ATOM COORDINATES

  defa
     Mask !:LIG & !@H=; matches  2250 atoms

--------------------------------------------------------------------------------
   3.  ATOMIC COORDINATES AND VELOCITIES
--------------------------------------------------------------------------------

default_name                                                                    
 begin time read from input coords =     0.000 ps

 Number of triangulated 3-point waters found:        0

     Sum of charges from parm topology file = -15.00000007

--------------------------------------------------------------------------------
   4.  RESULTS
--------------------------------------------------------------------------------

 ---------------------------------------------------

     eedmeth=4: Setting switch to one everywhere

 ---------------------------------------------------
| Local SIZE OF NONBOND LIST =    9737454
| TOTAL SIZE OF NONBOND LIST =    9737454


   NSTEP       ENERGY          RMS            GMAX         NAME    NUMBER
      1      -2.9564E+03     2.4070E+02     1.3972E+04     HG3      2821

 BOND    =      160.8290  ANGLE   =      600.3457  DIHED      =     3207.9061
 VDWAALS =      704.0260  EEL     =   -18088.4850  HBOND      =        0.0000
 1-4 VDW =     1050.9545  1-4 EEL =     9408.0720  RESTRAINT  =        0.0000


   NSTEP       ENERGY          RMS            GMAX         NAME    NUMBER
     50      -6.2070E+03     7.0436E-01     1.7047E+01     HG1      3326

 BOND    =      138.1144  ANGLE   =      570.7166  DIHED      =     3218.4809
 VDWAALS =    -2068.1805  EEL     =   -18442.3829  HBOND      =        0.0000
 1-4 VDW =      989.3714  1-4 EEL =     9338.0808  RESTRAINT  =       48.7711
 EAMBER  =    -6255.7994


   NSTEP       ENERGY          RMS            GMAX         NAME    NUMBER
    100      -6.3288E+03     1.4383E+00     4.8281E+01     CG       3527

 BOND    =      145.1822  ANGLE   =      574.9119  DIHED      =     3225.1618
 VDWAALS =    -2092.7825  EEL     =   -18584.7693  HBOND      =        0.0000
 1-4 VDW =      975.9885  1-4 EEL =     9348.0452  RESTRAINT  =       79.4936
 EAMBER  =    -6408.2623


   NSTEP       ENERGY          RMS            GMAX         NAME    NUMBER
    150      -6.3837E+03     8.2925E-01     1.8308E+01     CE1       225

 BOND    =      143.5678  ANGLE   =      580.7216  DIHED      =     3228.8830
 VDWAALS =    -2103.2639  EEL     =   -18653.5548  HBOND      =        0.0000
 1-4 VDW =      971.5984  1-4 EEL =     9349.7935  RESTRAINT  =       98.5322
 EAMBER  =    -6482.2544


   NSTEP       ENERGY          RMS            GMAX         NAME    NUMBER
    200      -6.4116E+03     4.9634E-01     1.1022E+01     CE1       225

 BOND    =      144.0852  ANGLE   =      581.1188  DIHED      =     3231.9342
 VDWAALS =    -2108.6869  EEL     =   -18691.9679  HBOND      =        0.0000
 1-4 VDW =      970.4050  1-4 EEL =     9350.2613  RESTRAINT  =      111.2322
 EAMBER  =    -6522.8503


   NSTEP       ENERGY          RMS            GMAX         NAME    NUMBER
    250      -6.4294E+03     1.8372E-01     6.9144E+00     HG       4185

 BOND    =      143.8625  ANGLE   =      583.5022  DIHED      =     3234.2137
 VDWAALS =    -2112.6195  EEL     =   -18718.2912  HBOND      =        0.0000
 1-4 VDW =      969.8254  1-4 EEL =     9349.3677  RESTRAINT  =      120.7781
 EAMBER  =    -6550.1391


   NSTEP       ENERGY          RMS            GMAX         NAME    NUMBER
    300      -6.4746E+03     3.3259E-01     7.6452E+00     CD       4217

 BOND    =      144.8092  ANGLE   =      589.3991  DIHED      =     3244.7965
 VDWAALS =    -2125.1071  EEL     =   -18793.1579  HBOND      =        0.0000
 1-4 VDW =      969.9702  1-4 EEL =     9341.0372  RESTRAINT  =      153.6497
 EAMBER  =    -6628.2529


   NSTEP       ENERGY          RMS            GMAX         NAME    NUMBER
    350      -6.4973E+03     3.0688E-01     1.2711E+01     CG       3527

 BOND    =      145.7639  ANGLE   =      589.2695  DIHED      =     3241.9259
 VDWAALS =    -2123.6975  EEL     =   -18818.9017  HBOND      =        0.0000
 1-4 VDW =      968.7847  1-4 EEL =     9342.9816  RESTRAINT  =      156.5644
 EAMBER  =    -6653.8736


   NSTEP       ENERGY          RMS            GMAX         NAME    NUMBER
    400      -6.5046E+03     1.8843E-01     3.7491E+00     OH       3005

 BOND    =      145.3973  ANGLE   =      589.3501  DIHED      =     3241.0617
 VDWAALS =    -2122.2889  EEL     =   -18825.9351  HBOND      =        0.0000
 1-4 VDW =      968.2775  1-4 EEL =     9342.4028  RESTRAINT  =      157.0857
 EAMBER  =    -6661.7347


   NSTEP       ENERGY          RMS            GMAX         NAME    NUMBER
    450      -6.5091E+03     1.0341E-01     1.9458E+00     HB       1501

 BOND    =      145.4865  ANGLE   =      588.7635  DIHED      =     3239.3461
 VDWAALS =    -2121.6884  EEL     =   -18828.2632  HBOND      =        0.0000
 1-4 VDW =      968.2954  1-4 EEL =     9341.2535  RESTRAINT  =      157.7089
 EAMBER  =    -6666.8067


   NSTEP       ENERGY          RMS            GMAX         NAME    NUMBER
    500      -6.5109E+03     8.1141E-02     1.6117E+00     CD       4217

 BOND    =      145.4809  ANGLE   =      588.5859  DIHED      =     3239.2444
 VDWAALS =    -2121.7895  EEL     =   -18829.5778  HBOND      =        0.0000
 1-4 VDW =      968.3012  1-4 EEL =     9340.8039  RESTRAINT  =      158.0595
 EAMBER  =    -6668.9509


  Maximum number of minimization cycles reached.


                    FINAL RESULTS



   NSTEP       ENERGY          RMS            GMAX         NAME    NUMBER
    500      -6.5109E+03     8.1141E-02     1.6117E+00     CD       4217

 BOND    =      145.4809  ANGLE   =      588.5859  DIHED      =     3239.2444
 VDWAALS =    -2121.7895  EEL     =   -18829.5778  HBOND      =        0.0000
 1-4 VDW =      968.3012  1-4 EEL =     9340.8039  RESTRAINT  =      158.0595
 EAMBER  =    -6668.9509

--------------------------------------------------------------------------------
   5.  TIMINGS
--------------------------------------------------------------------------------

|                Build the list             0.28 (99.57% of List )
|                Other                      0.00 ( 0.43% of List )
|             List time                  0.28 ( 0.07% of Nonbo)
|                   Short_ene time           402.85 (100.0% of Direc)
|                   Other                      0.04 ( 0.01% of Direc)
|                Direct Ewald time        402.89 (99.86% of Ewald)
|                Other                      0.57 ( 0.14% of Ewald)
|             Ewald time               403.47 (100.0% of Nonbo)
|          Nonbond force            403.75 (98.84% of Force)
|          Bond/Angle/Dihedral        4.72 ( 1.16% of Force)
|          Other                      0.02 ( 0.01% of Force)
|       Force time               408.49 (100.0% of Runmd)
|    Runmd Time               408.49 (98.60% of Total)
|    Other                      5.77 ( 1.39% of Total)
| Total time               414.27 (100.0% of ALL  )

| Number of list builds   :          1

| Highest rstack allocated:      22055
| Highest istack allocated:       4411
|           Job began  at 22:06:31.626  on 12/21/2025
|           Setup done at 22:06:31.917  on 12/21/2025
|           Run   done at 22:13:25.897  on 12/21/2025
|     wallclock() was called   11535 times

|3D-RISM memory allocation summary
|Type          Maximum        Current   
|Integer       0.00000 GB     0.00000 GB
|Real          0.00000 GB     0.00000 GB
|Logical       0.00000 GB     0.00000 GB
|Character     0.00000 GB     0.00000 GB
|---------------------------------------
|Total         0.00000 GB     0.00000 GB
