
          -------------------------------------------------------
          Amber 22 SANDER                              2022
          -------------------------------------------------------

| Run on 12/21/2025 at 22:12:29

|   Executable path: /home/kiran/miniforge3/envs/amber_mmgbsa/bin/sander
| Working directory: /storage/kiran-stuff/aaRS/phase2/energy_scoring/mmgbsa_amber/jobs/modern_ecoli_full_pro
|          Hostname: boron

  [-O]verwriting output

File Assignments:
|  MDIN: min.in                                                                
| MDOUT: min.out                                                               
|INPCRD: complex.inpcrd                                                        
|  PARM: complex.prmtop                                                        
|RESTRT: min.rst                                                               
|  REFC: complex.inpcrd                                                        
| MDVEL: mdvel                                                                 
| MDFRC: mdfrc                                                                 
|  MDEN: mden                                                                  
| MDCRD: mdcrd                                                                 
|MDINFO: mdinfo                                                                
|  MTMD: mtmd                                                                  
|INPDIP: inpdip                                                                
|RSTDIP: rstdip                                                                
|INPTRA: inptraj                                                               


 Here is the input file:

Minimize                                                                       
 &cntrl                                                                        
  imin=1,                                                                      
  maxcyc=500,                                                                  
  ncyc=250,                                                                    
  ntb=0,                                                                       
  cut=999.0,                                                                   
  ntr=1,                                                                       
  restraint_wt=10.0,                                                           
  restraintmask='!:LIG & !@H=',                                                
 /                                                                             

--------------------------------------------------------------------------------
   1.  RESOURCE   USE: 
--------------------------------------------------------------------------------

| Flags:                                                                        
|    NONPERIODIC   ntb=0 and igb=0: Setting up nonperiodic simulation
|  *** cutoff > system size, list only builds once
|Largest sphere to fit in unit cell has radius =    65.180
| New format PARM file being parsed.
| Version =    1.000 Date = 12/21/25 Time = 22:12:29
 NATOM  =    8976 NTYPES =      21 NBONH =    4486 MBONA  =    4574
 NTHETH =   10222 MTHETA =    6195 NPHIH =   20544 MPHIA  =   19718
 NHPARM =       0 NPARM  =       0 NNB   =   49585 NRES   =     573
 NBONA  =    4574 NTHETA =    6195 NPHIA =   19718 NUMBND =      74
 NUMANG =     168 NPTRA  =     194 NATYP =      42 NPHB   =       0
 IFBOX  =       0 NMXRS  =      24 IFCAP =       0 NEXTRA =       0
 NCOPY  =       0


|     Memory Use     Allocated
|     Real             1491571
|     Hollerith          27503
|     Integer          2161596
|     Max Pairs       40279800
|     nblistReal        107712
|     nblist Int       9193987
|       Total           214302 kbytes

| Note: 1-4 EEL scale factors are being read from the topology file.

| Note: 1-4 VDW scale factors are being read from the topology file.
| Duplicated    0 dihedrals
| Duplicated    0 dihedrals

--------------------------------------------------------------------------------
   2.  CONTROL  DATA  FOR  THE  RUN
--------------------------------------------------------------------------------

default_name                                                                    

General flags:
     imin    =       1, nmropt  =       0

Nature and format of input:
     ntx     =       1, irest   =       0, ntrx    =       1

Nature and format of output:
     ntxo    =       2, ntpr    =      50, ntrx    =       1, ntwr    =       1
     iwrap   =       0, ntwx    =       0, ntwv    =       0, ntwe    =       0
     ioutfm  =       1, ntwprt  =       0, idecomp =       0, rbornstat=      0

Potential function:
     ntf     =       1, ntb     =       0, igb     =       0, nsnb    =      25
     ipol    =       0, gbsa    =       0, iesp    =       0
     dielc   =   1.00000, cut     = 999.00000, intdiel =   1.00000

Frozen or restrained atoms:
     ibelly  =       0, ntr     =       1
     restraint_wt =  10.00000

Energy minimization:
     maxcyc  =     500, ncyc    =     250, ntmin   =       1
     dx0     =   0.01000, drms    =   0.00010
|  INFO: Old style inpcrd file read


    LOADING THE CONSTRAINED ATOMS AS GROUPS


   5.  REFERENCE ATOM COORDINATES

  defa
     Mask !:LIG & !@H=; matches  4482 atoms

--------------------------------------------------------------------------------
   3.  ATOMIC COORDINATES AND VELOCITIES
--------------------------------------------------------------------------------

default_name                                                                    
 begin time read from input coords =     0.000 ps

 Number of triangulated 3-point waters found:        0

     Sum of charges from parm topology file = -19.00000026

--------------------------------------------------------------------------------
   4.  RESULTS
--------------------------------------------------------------------------------

 ---------------------------------------------------

     eedmeth=4: Setting switch to one everywhere

 ---------------------------------------------------
| Local SIZE OF NONBOND LIST =   40230670
| TOTAL SIZE OF NONBOND LIST =   40230670


   NSTEP       ENERGY          RMS            GMAX         NAME    NUMBER
      1      -1.0854E+04     8.5167E+00     3.0063E+02     HD12     7417

 BOND    =      202.6563  ANGLE   =      929.1911  DIHED      =     6394.1762
 VDWAALS =    -4029.2402  EEL     =   -38738.6275  HBOND      =        0.0000
 1-4 VDW =     2125.6504  1-4 EEL =    22262.5380  RESTRAINT  =        0.0000


   NSTEP       ENERGY          RMS            GMAX         NAME    NUMBER
     50      -1.2425E+04     1.5378E+00     6.7336E+01     CD       8158

 BOND    =      271.5840  ANGLE   =      916.5649  DIHED      =     6411.9779
 VDWAALS =    -4748.2870  EEL     =   -39287.8948  HBOND      =        0.0000
 1-4 VDW =     1957.0522  1-4 EEL =    21976.2376  RESTRAINT  =       78.0406
 EAMBER  =   -12502.7653


   NSTEP       ENERGY          RMS            GMAX         NAME    NUMBER
    100      -1.2607E+04     9.5803E-01     3.1995E+01     CD       8158

 BOND    =      269.0654  ANGLE   =      935.2758  DIHED      =     6423.9969
 VDWAALS =    -4784.6357  EEL     =   -39475.0332  HBOND      =        0.0000
 1-4 VDW =     1934.2136  1-4 EEL =    21966.2388  RESTRAINT  =      123.4670
 EAMBER  =   -12730.8783


   NSTEP       ENERGY          RMS            GMAX         NAME    NUMBER
    150      -1.2724E+04     3.1363E-01     1.3670E+01     HG1      3927

 BOND    =      273.3728  ANGLE   =      949.1109  DIHED      =     6428.5910
 VDWAALS =    -4799.9753  EEL     =   -39614.9493  HBOND      =        0.0000
 1-4 VDW =     1925.4884  1-4 EEL =    21962.6809  RESTRAINT  =      151.5609
 EAMBER  =   -12875.6807


   NSTEP       ENERGY          RMS            GMAX         NAME    NUMBER
    200      -1.2792E+04     8.8745E-01     2.9713E+01     CD       1796

 BOND    =      278.8009  ANGLE   =      955.4362  DIHED      =     6432.5875
 VDWAALS =    -4807.2116  EEL     =   -39706.5220  HBOND      =        0.0000
 1-4 VDW =     1921.9788  1-4 EEL =    21962.7736  RESTRAINT  =      169.8841
 EAMBER  =   -12962.1568


   NSTEP       ENERGY          RMS            GMAX         NAME    NUMBER
    250      -1.2836E+04     5.4944E-01     1.6674E+01     CD       1796

 BOND    =      275.7535  ANGLE   =      955.7227  DIHED      =     6434.1324
 VDWAALS =    -4810.5010  EEL     =   -39758.5144  HBOND      =        0.0000
 1-4 VDW =     1921.0997  1-4 EEL =    21963.0422  RESTRAINT  =      183.1659
 EAMBER  =   -13019.2649


   NSTEP       ENERGY          RMS            GMAX         NAME    NUMBER
    300      -1.2929E+04     4.9246E-01     1.6479E+01     CD       1796

 BOND    =      280.7228  ANGLE   =      966.1316  DIHED      =     6434.4468
 VDWAALS =    -4824.4688  EEL     =   -39894.8654  HBOND      =        0.0000
 1-4 VDW =     1919.9220  1-4 EEL =    21964.4731  RESTRAINT  =      225.0944
 EAMBER  =   -13153.6381


   NSTEP       ENERGY          RMS            GMAX         NAME    NUMBER
    350      -1.2959E+04     2.3529E-01     9.6572E+00     OG       2766

 BOND    =      278.4611  ANGLE   =      963.9024  DIHED      =     6431.6086
 VDWAALS =    -4824.1607  EEL     =   -39924.2015  HBOND      =        0.0000
 1-4 VDW =     1920.7166  1-4 EEL =    21964.9745  RESTRAINT  =      229.9748
 EAMBER  =   -13188.6990


   NSTEP       ENERGY          RMS            GMAX         NAME    NUMBER
    400      -1.2966E+04     1.1191E-01     4.3467E+00     CB       6649

 BOND    =      278.2925  ANGLE   =      963.4248  DIHED      =     6432.3344
 VDWAALS =    -4825.8788  EEL     =   -39933.7653  HBOND      =        0.0000
 1-4 VDW =     1920.8705  1-4 EEL =    21966.1601  RESTRAINT  =      232.7490
 EAMBER  =   -13198.5618


   NSTEP       ENERGY          RMS            GMAX         NAME    NUMBER
    450      -1.2969E+04     1.2847E-01     4.7420E+00     CB       6649

 BOND    =      278.2436  ANGLE   =      963.5630  DIHED      =     6434.0863
 VDWAALS =    -4827.1944  EEL     =   -39940.3144  HBOND      =        0.0000
 1-4 VDW =     1920.8230  1-4 EEL =    21966.2561  RESTRAINT  =      235.1496
 EAMBER  =   -13204.5368


   NSTEP       ENERGY          RMS            GMAX         NAME    NUMBER
    500      -1.2977E+04     2.0985E-01     1.0177E+01     CD       8158

 BOND    =      278.3768  ANGLE   =      963.4496  DIHED      =     6432.4480
 VDWAALS =    -4827.2507  EEL     =   -39946.8564  HBOND      =        0.0000
 1-4 VDW =     1921.0051  1-4 EEL =    21964.7292  RESTRAINT  =      236.9724
 EAMBER  =   -13214.0984


  Maximum number of minimization cycles reached.


                    FINAL RESULTS



   NSTEP       ENERGY          RMS            GMAX         NAME    NUMBER
    500      -1.2977E+04     2.0985E-01     1.0177E+01     CD       8158

 BOND    =      278.3768  ANGLE   =      963.4496  DIHED      =     6432.4480
 VDWAALS =    -4827.2507  EEL     =   -39946.8564  HBOND      =        0.0000
 1-4 VDW =     1921.0051  1-4 EEL =    21964.7292  RESTRAINT  =      236.9724
 EAMBER  =   -13214.0984

--------------------------------------------------------------------------------
   5.  TIMINGS
--------------------------------------------------------------------------------

|                Build the list             1.82 (99.88% of List )
|                Other                      0.00 ( 0.12% of List )
|             List time                  1.83 ( 0.12% of Nonbo)
|                   Short_ene time          1469.51 (100.0% of Direc)
|                Direct Ewald time       1469.57 (100.0% of Ewald)
|                Other                      0.84 ( 0.06% of Ewald)
|             Ewald time              1470.42 (99.88% of Nonbo)
|          Nonbond force           1472.24 (99.42% of Force)
|          Bond/Angle/Dihedral        8.48 ( 0.57% of Force)
|       Force time              1480.78 (100.0% of Runmd)
|    Runmd Time              1480.78 (99.48% of Total)
|    Other                      7.65 ( 0.51% of Total)
| Total time              1488.44 (100.0% of ALL  )

| Number of list builds   :          1

| Highest rstack allocated:      44850
| Highest istack allocated:       8970
|           Job began  at 22:12:29.887  on 12/21/2025
|           Setup done at 22:12:30.322  on 12/21/2025
|           Run   done at 22:37:18.329  on 12/21/2025
|     wallclock() was called   11535 times

|3D-RISM memory allocation summary
|Type          Maximum        Current   
|Integer       0.00000 GB     0.00000 GB
|Real          0.00000 GB     0.00000 GB
|Logical       0.00000 GB     0.00000 GB
|Character     0.00000 GB     0.00000 GB
|---------------------------------------
|Total         0.00000 GB     0.00000 GB
