
          -------------------------------------------------------
          Amber 22 SANDER                              2022
          -------------------------------------------------------

| Run on 12/21/2025 at 22:05:58

|   Executable path: /home/kiran/miniforge3/envs/amber_mmgbsa/bin/sander
| Working directory: /storage/kiran-stuff/aaRS/phase2/energy_scoring/mmgbsa_amber/jobs/anc_thrrs_cat_zn_LYS
|          Hostname: boron

  [-O]verwriting output

File Assignments:
|  MDIN: min.in                                                                
| MDOUT: min.out                                                               
|INPCRD: complex.inpcrd                                                        
|  PARM: complex.prmtop                                                        
|RESTRT: min.rst                                                               
|  REFC: complex.inpcrd                                                        
| MDVEL: mdvel                                                                 
| MDFRC: mdfrc                                                                 
|  MDEN: mden                                                                  
| MDCRD: mdcrd                                                                 
|MDINFO: mdinfo                                                                
|  MTMD: mtmd                                                                  
|INPDIP: inpdip                                                                
|RSTDIP: rstdip                                                                
|INPTRA: inptraj                                                               


 Here is the input file:

Minimize                                                                       
 &cntrl                                                                        
  imin=1,                                                                      
  maxcyc=500,                                                                  
  ncyc=250,                                                                    
  ntb=0,                                                                       
  cut=999.0,                                                                   
  ntr=1,                                                                       
  restraint_wt=10.0,                                                           
  restraintmask='!:LIG & !@H=',                                                
 /                                                                             

--------------------------------------------------------------------------------
   1.  RESOURCE   USE: 
--------------------------------------------------------------------------------

| Flags:                                                                        
|    NONPERIODIC   ntb=0 and igb=0: Setting up nonperiodic simulation
|  *** cutoff > system size, list only builds once
|Largest sphere to fit in unit cell has radius =    51.472
| New format PARM file being parsed.
| Version =    1.000 Date = 12/21/25 Time = 22:05:58
 NATOM  =    4427 NTYPES =      22 NBONH =    2166 MBONA  =    2310
 NTHETH =    4922 MTHETA =    3126 NPHIH =   10158 MPHIA  =    9722
 NHPARM =       0 NPARM  =       0 NNB   =   24378 NRES   =     280
 NBONA  =    2310 NTHETA =    3126 NPHIA =    9722 NUMBND =      73
 NUMANG =     165 NPTRA  =     198 NATYP =      42 NPHB   =       0
 IFBOX  =       0 NMXRS  =      24 IFCAP =       0 NEXTRA =       0
 NCOPY  =       0


|     Memory Use     Allocated
|     Real             1118154
|     Hollerith          13563
|     Integer          1076812
|     Max Pairs        9796951
|     nblistReal         53124
|     nblist Int       5474989
|       Total            73065 kbytes

| Note: 1-4 EEL scale factors are being read from the topology file.

| Note: 1-4 VDW scale factors are being read from the topology file.
| Duplicated    0 dihedrals
| Duplicated    0 dihedrals

--------------------------------------------------------------------------------
   2.  CONTROL  DATA  FOR  THE  RUN
--------------------------------------------------------------------------------

default_name                                                                    

General flags:
     imin    =       1, nmropt  =       0

Nature and format of input:
     ntx     =       1, irest   =       0, ntrx    =       1

Nature and format of output:
     ntxo    =       2, ntpr    =      50, ntrx    =       1, ntwr    =       1
     iwrap   =       0, ntwx    =       0, ntwv    =       0, ntwe    =       0
     ioutfm  =       1, ntwprt  =       0, idecomp =       0, rbornstat=      0

Potential function:
     ntf     =       1, ntb     =       0, igb     =       0, nsnb    =      25
     ipol    =       0, gbsa    =       0, iesp    =       0
     dielc   =   1.00000, cut     = 999.00000, intdiel =   1.00000

Frozen or restrained atoms:
     ibelly  =       0, ntr     =       1
     restraint_wt =  10.00000

Energy minimization:
     maxcyc  =     500, ncyc    =     250, ntmin   =       1
     dx0     =   0.01000, drms    =   0.00010
|  INFO: Old style inpcrd file read


    LOADING THE CONSTRAINED ATOMS AS GROUPS


   5.  REFERENCE ATOM COORDINATES

  defa
     Mask !:LIG & !@H=; matches  2251 atoms

--------------------------------------------------------------------------------
   3.  ATOMIC COORDINATES AND VELOCITIES
--------------------------------------------------------------------------------

default_name                                                                    
 begin time read from input coords =     0.000 ps

 Number of triangulated 3-point waters found:        0

     Sum of charges from parm topology file = -13.00000507

--------------------------------------------------------------------------------
   4.  RESULTS
--------------------------------------------------------------------------------

 ---------------------------------------------------

     eedmeth=4: Setting switch to one everywhere

 ---------------------------------------------------
| Local SIZE OF NONBOND LIST =    9772805
| TOTAL SIZE OF NONBOND LIST =    9772805


   NSTEP       ENERGY          RMS            GMAX         NAME    NUMBER
      1      -3.6188E+03     8.7109E+01     4.1641E+03     OD1      1818

 BOND    =      146.0883  ANGLE   =      615.8989  DIHED      =     3201.7351
 VDWAALS =      337.4276  EEL     =   -18393.9963  HBOND      =        0.0000
 1-4 VDW =     1043.6299  1-4 EEL =     9430.3862  RESTRAINT  =        0.0000


   NSTEP       ENERGY          RMS            GMAX         NAME    NUMBER
     50      -6.5166E+03     2.4469E+00     8.6081E+01     CG       1341

 BOND    =      149.3204  ANGLE   =      590.8530  DIHED      =     3212.2501
 VDWAALS =    -2029.9607  EEL     =   -18847.4852  HBOND      =        0.0000
 1-4 VDW =      992.7390  1-4 EEL =     9355.0755  RESTRAINT  =       60.6218
 EAMBER  =    -6577.2079


   NSTEP       ENERGY          RMS            GMAX         NAME    NUMBER
    100      -6.6794E+03     1.3038E+00     1.7891E+01     CE1       225

 BOND    =      145.5662  ANGLE   =      596.6006  DIHED      =     3215.4433
 VDWAALS =    -2062.6268  EEL     =   -19013.9334  HBOND      =        0.0000
 1-4 VDW =      979.6561  1-4 EEL =     9363.8471  RESTRAINT  =       96.0457
 EAMBER  =    -6775.4469


   NSTEP       ENERGY          RMS            GMAX         NAME    NUMBER
    150      -6.7402E+03     9.0402E-01     2.5935E+01     CG       2410

 BOND    =      144.4124  ANGLE   =      594.3956  DIHED      =     3218.9497
 VDWAALS =    -2076.9683  EEL     =   -19082.2999  HBOND      =        0.0000
 1-4 VDW =      976.0717  1-4 EEL =     9366.5576  RESTRAINT  =      118.6925
 EAMBER  =    -6858.8811


   NSTEP       ENERGY          RMS            GMAX         NAME    NUMBER
    200      -6.7701E+03     3.4422E-01     4.9674E+00     CE1      2314

 BOND    =      143.1860  ANGLE   =      596.4186  DIHED      =     3222.8813
 VDWAALS =    -2086.1909  EEL     =   -19121.6200  HBOND      =        0.0000
 1-4 VDW =      974.7060  1-4 EEL =     9367.1055  RESTRAINT  =      133.4449
 EAMBER  =    -6903.5135


   NSTEP       ENERGY          RMS            GMAX         NAME    NUMBER
    250      -6.7870E+03     1.8338E-01     5.7399E+00     HG       4185

 BOND    =      143.2326  ANGLE   =      596.3390  DIHED      =     3226.3631
 VDWAALS =    -2091.8205  EEL     =   -19146.1991  HBOND      =        0.0000
 1-4 VDW =      974.2014  1-4 EEL =     9367.1854  RESTRAINT  =      143.7297
 EAMBER  =    -6930.6982


   NSTEP       ENERGY          RMS            GMAX         NAME    NUMBER
    300      -6.8444E+03     2.6974E-01     1.1280E+01     OG        333

 BOND    =      143.2244  ANGLE   =      597.2360  DIHED      =     3235.4851
 VDWAALS =    -2107.7603  EEL     =   -19224.9856  HBOND      =        0.0000
 1-4 VDW =      973.3169  1-4 EEL =     9363.9369  RESTRAINT  =      175.1309
 EAMBER  =    -7019.5465


   NSTEP       ENERGY          RMS            GMAX         NAME    NUMBER
    350      -6.8557E+03     2.2423E-01     5.7199E+00     CD       4217

 BOND    =      143.0160  ANGLE   =      596.2006  DIHED      =     3233.6488
 VDWAALS =    -2107.9999  EEL     =   -19231.2061  HBOND      =        0.0000
 1-4 VDW =      973.5886  1-4 EEL =     9360.4271  RESTRAINT  =      176.6659
 EAMBER  =    -7032.3249


   NSTEP       ENERGY          RMS            GMAX         NAME    NUMBER
    400      -6.8690E+03     1.9899E-01     5.2785E+00     CD       4217

 BOND    =      143.1930  ANGLE   =      595.1261  DIHED      =     3227.2417
 VDWAALS =    -2108.3586  EEL     =   -19239.5094  HBOND      =        0.0000
 1-4 VDW =      973.1294  1-4 EEL =     9362.0531  RESTRAINT  =      178.1072
 EAMBER  =    -7047.1246


   NSTEP       ENERGY          RMS            GMAX         NAME    NUMBER
    450      -6.8732E+03     1.2320E-01     3.1657E+00     HH       3006

 BOND    =      143.1039  ANGLE   =      594.3378  DIHED      =     3226.2042
 VDWAALS =    -2108.5775  EEL     =   -19242.3322  HBOND      =        0.0000
 1-4 VDW =      973.0848  1-4 EEL =     9362.5332  RESTRAINT  =      178.4313
 EAMBER  =    -7051.6458


   NSTEP       ENERGY          RMS            GMAX         NAME    NUMBER
    500      -6.8749E+03     1.0329E-01     2.0813E+00     CB       3569

 BOND    =      143.1862  ANGLE   =      594.2423  DIHED      =     3226.8858
 VDWAALS =    -2108.3382  EEL     =   -19245.3006  HBOND      =        0.0000
 1-4 VDW =      972.9274  1-4 EEL =     9362.3528  RESTRAINT  =      179.1296
 EAMBER  =    -7054.0443


  Maximum number of minimization cycles reached.


                    FINAL RESULTS



   NSTEP       ENERGY          RMS            GMAX         NAME    NUMBER
    500      -6.8749E+03     1.0329E-01     2.0813E+00     CB       3569

 BOND    =      143.1862  ANGLE   =      594.2423  DIHED      =     3226.8858
 VDWAALS =    -2108.3382  EEL     =   -19245.3006  HBOND      =        0.0000
 1-4 VDW =      972.9274  1-4 EEL =     9362.3528  RESTRAINT  =      179.1296
 EAMBER  =    -7054.0443

--------------------------------------------------------------------------------
   5.  TIMINGS
--------------------------------------------------------------------------------

|                Build the list             0.26 (99.54% of List )
|                Other                      0.00 ( 0.46% of List )
|             List time                  0.26 ( 0.06% of Nonbo)
|                   Short_ene time           409.96 (100.0% of Direc)
|                   Other                      0.03 ( 0.01% of Direc)
|                Direct Ewald time        409.98 (99.88% of Ewald)
|                Other                      0.50 ( 0.12% of Ewald)
|             Ewald time               410.49 (100.0% of Nonbo)
|          Nonbond force            410.75 (98.86% of Force)
|          Bond/Angle/Dihedral        4.71 ( 1.13% of Force)
|          Other                      0.03 ( 0.01% of Force)
|       Force time               415.49 (100.0% of Runmd)
|    Runmd Time               415.49 (98.31% of Total)
|    Other                      7.14 ( 1.69% of Total)
| Total time               422.63 (100.0% of ALL  )

| Number of list builds   :          1

| Highest rstack allocated:      22100
| Highest istack allocated:       4420
|           Job began  at 22:05:58.572  on 12/21/2025
|           Setup done at 22:05:59.011  on 12/21/2025
|           Run   done at 22:13:01.206  on 12/21/2025
|     wallclock() was called   11535 times

|3D-RISM memory allocation summary
|Type          Maximum        Current   
|Integer       0.00000 GB     0.00000 GB
|Real          0.00000 GB     0.00000 GB
|Logical       0.00000 GB     0.00000 GB
|Character     0.00000 GB     0.00000 GB
|---------------------------------------
|Total         0.00000 GB     0.00000 GB
