
          -------------------------------------------------------
          Amber 22 SANDER                              2022
          -------------------------------------------------------

| Run on 12/21/2025 at 22:42:05

|   Executable path: /home/kiran/miniforge3/envs/amber_mmgbsa/bin/sander
| Working directory: /storage/kiran-stuff/aaRS/phase2/energy_scoring/mmgbsa_amber/jobs/shallow_domain_thr
|          Hostname: boron

  [-O]verwriting output

File Assignments:
|  MDIN: min.in                                                                
| MDOUT: min.out                                                               
|INPCRD: complex.inpcrd                                                        
|  PARM: complex.prmtop                                                        
|RESTRT: min.rst                                                               
|  REFC: complex.inpcrd                                                        
| MDVEL: mdvel                                                                 
| MDFRC: mdfrc                                                                 
|  MDEN: mden                                                                  
| MDCRD: mdcrd                                                                 
|MDINFO: mdinfo                                                                
|  MTMD: mtmd                                                                  
|INPDIP: inpdip                                                                
|RSTDIP: rstdip                                                                
|INPTRA: inptraj                                                               


 Here is the input file:

Minimize                                                                       
 &cntrl                                                                        
  imin=1,                                                                      
  maxcyc=500,                                                                  
  ncyc=250,                                                                    
  ntb=0,                                                                       
  cut=999.0,                                                                   
  ntr=1,                                                                       
  restraint_wt=10.0,                                                           
  restraintmask='!:LIG & !@H=',                                                
 /                                                                             

--------------------------------------------------------------------------------
   1.  RESOURCE   USE: 
--------------------------------------------------------------------------------

| Flags:                                                                        
|    NONPERIODIC   ntb=0 and igb=0: Setting up nonperiodic simulation
|  *** cutoff > system size, list only builds once
|Largest sphere to fit in unit cell has radius =    55.370
| New format PARM file being parsed.
| Version =    1.000 Date = 12/21/25 Time = 22:42:05
 NATOM  =    8128 NTYPES =      21 NBONH =    4054 MBONA  =    4171
 NTHETH =    9278 MTHETA =    5636 NPHIH =   18555 MPHIA  =   17748
 NHPARM =       0 NPARM  =       0 NNB   =   45068 NRES   =     501
 NBONA  =    4171 NTHETA =    5636 NPHIA =   17748 NUMBND =      73
 NUMANG =     165 NPTRA  =     198 NATYP =      41 NPHB   =       0
 IFBOX  =       0 NMXRS  =      24 IFCAP =       0 NEXTRA =       0
 NCOPY  =       0


|     Memory Use     Allocated
|     Real             1422544
|     Hollerith          24887
|     Integer          1954212
|     Max Pairs       33028128
|     nblistReal         97536
|     nblist Int       8277206
|       Total           180955 kbytes

| Note: 1-4 EEL scale factors are being read from the topology file.

| Note: 1-4 VDW scale factors are being read from the topology file.
| Duplicated    0 dihedrals
| Duplicated    0 dihedrals

--------------------------------------------------------------------------------
   2.  CONTROL  DATA  FOR  THE  RUN
--------------------------------------------------------------------------------

default_name                                                                    

General flags:
     imin    =       1, nmropt  =       0

Nature and format of input:
     ntx     =       1, irest   =       0, ntrx    =       1

Nature and format of output:
     ntxo    =       2, ntpr    =      50, ntrx    =       1, ntwr    =       1
     iwrap   =       0, ntwx    =       0, ntwv    =       0, ntwe    =       0
     ioutfm  =       1, ntwprt  =       0, idecomp =       0, rbornstat=      0

Potential function:
     ntf     =       1, ntb     =       0, igb     =       0, nsnb    =      25
     ipol    =       0, gbsa    =       0, iesp    =       0
     dielc   =   1.00000, cut     = 999.00000, intdiel =   1.00000

Frozen or restrained atoms:
     ibelly  =       0, ntr     =       1
     restraint_wt =  10.00000

Energy minimization:
     maxcyc  =     500, ncyc    =     250, ntmin   =       1
     dx0     =   0.01000, drms    =   0.00010
|  INFO: Old style inpcrd file read


    LOADING THE CONSTRAINED ATOMS AS GROUPS


   5.  REFERENCE ATOM COORDINATES

  defa
     Mask !:LIG & !@H=; matches  4066 atoms

--------------------------------------------------------------------------------
   3.  ATOMIC COORDINATES AND VELOCITIES
--------------------------------------------------------------------------------

default_name                                                                    
 begin time read from input coords =     0.000 ps

 Number of triangulated 3-point waters found:        0

     Sum of charges from parm topology file =  -0.00000118
     Forcing neutrality...

--------------------------------------------------------------------------------
   4.  RESULTS
--------------------------------------------------------------------------------

 ---------------------------------------------------

     eedmeth=4: Setting switch to one everywhere

 ---------------------------------------------------
| Local SIZE OF NONBOND LIST =   32983483
| TOTAL SIZE OF NONBOND LIST =   32983483


   NSTEP       ENERGY          RMS            GMAX         NAME    NUMBER
      1      -8.7115E+03     9.0373E+00     2.9461E+02     HG3       445

 BOND    =      178.7769  ANGLE   =      901.2033  DIHED      =     5613.9987
 VDWAALS =    -3487.2793  EEL     =   -37552.5969  HBOND      =        0.0000
 1-4 VDW =     2141.1675  1-4 EEL =    23493.2362  RESTRAINT  =        0.0000


   NSTEP       ENERGY          RMS            GMAX         NAME    NUMBER
     50      -1.0445E+04     2.0784E+00     3.5172E+01     CZ       7946

 BOND    =      212.9172  ANGLE   =      873.7247  DIHED      =     5672.6742
 VDWAALS =    -4221.4225  EEL     =   -37967.2317  HBOND      =        0.0000
 1-4 VDW =     1855.1748  1-4 EEL =    23029.5124  RESTRAINT  =       99.7582
 EAMBER  =   -10544.6508


   NSTEP       ENERGY          RMS            GMAX         NAME    NUMBER
    100      -1.0644E+04     1.2061E+00     1.6469E+01     CD2      5642

 BOND    =      201.9910  ANGLE   =      902.2600  DIHED      =     5693.1921
 VDWAALS =    -4263.7962  EEL     =   -38123.5876  HBOND      =        0.0000
 1-4 VDW =     1807.9136  1-4 EEL =    22971.6348  RESTRAINT  =      166.6985
 EAMBER  =   -10810.3922


   NSTEP       ENERGY          RMS            GMAX         NAME    NUMBER
    150      -1.0747E+04     5.6156E-01     1.2731E+01     CD2      3088

 BOND    =      208.0987  ANGLE   =      922.7772  DIHED      =     5703.9632
 VDWAALS =    -4282.0267  EEL     =   -38246.6453  HBOND      =        0.0000
 1-4 VDW =     1790.5551  1-4 EEL =    22948.1451  RESTRAINT  =      208.5210
 EAMBER  =   -10955.1327


   NSTEP       ENERGY          RMS            GMAX         NAME    NUMBER
    200      -1.0815E+04     9.1985E-01     3.0701E+01     CG        809

 BOND    =      211.9413  ANGLE   =      932.2862  DIHED      =     5709.2221
 VDWAALS =    -4289.6304  EEL     =   -38336.5117  HBOND      =        0.0000
 1-4 VDW =     1782.9968  1-4 EEL =    22939.9594  RESTRAINT  =      234.8553
 EAMBER  =   -11049.7362


   NSTEP       ENERGY          RMS            GMAX         NAME    NUMBER
    250      -1.0873E+04     4.0277E-01     1.0223E+01     HG1      6158

 BOND    =      212.4494  ANGLE   =      934.7472  DIHED      =     5711.0324
 VDWAALS =    -4293.0647  EEL     =   -38409.3596  HBOND      =        0.0000
 1-4 VDW =     1779.5696  1-4 EEL =    22938.9451  RESTRAINT  =      252.4922
 EAMBER  =   -11125.6805


   NSTEP       ENERGY          RMS            GMAX         NAME    NUMBER
    300      -1.0983E+04     2.7721E-01     1.1683E+01     OH       1317

 BOND    =      215.7060  ANGLE   =      944.4026  DIHED      =     5721.7497
 VDWAALS =    -4296.9010  EEL     =   -38585.5847  HBOND      =        0.0000
 1-4 VDW =     1776.7769  1-4 EEL =    22935.8948  RESTRAINT  =      305.0031
 EAMBER  =   -11287.9557


   NSTEP       ENERGY          RMS            GMAX         NAME    NUMBER
    350      -1.1009E+04     2.3960E-01     8.5636E+00     HH       1318

 BOND    =      216.2865  ANGLE   =      944.4075  DIHED      =     5721.4481
 VDWAALS =    -4299.9352  EEL     =   -38622.1101  HBOND      =        0.0000
 1-4 VDW =     1777.6169  1-4 EEL =    22935.6242  RESTRAINT  =      317.4328
 EAMBER  =   -11326.6621


   NSTEP       ENERGY          RMS            GMAX         NAME    NUMBER
    400      -1.1020E+04     1.8970E-01     6.4804E+00     HH       1318

 BOND    =      216.1590  ANGLE   =      944.7892  DIHED      =     5720.9975
 VDWAALS =    -4301.3404  EEL     =   -38639.1257  HBOND      =        0.0000
 1-4 VDW =     1777.7770  1-4 EEL =    22936.5232  RESTRAINT  =      324.0230
 EAMBER  =   -11344.2203


   NSTEP       ENERGY          RMS            GMAX         NAME    NUMBER
    450      -1.1027E+04     1.8650E-01     5.4793E+00     HD22     6256

 BOND    =      216.1717  ANGLE   =      944.6216  DIHED      =     5721.6040
 VDWAALS =    -4302.3028  EEL     =   -38650.0262  HBOND      =        0.0000
 1-4 VDW =     1777.8728  1-4 EEL =    22937.1713  RESTRAINT  =      327.9544
 EAMBER  =   -11354.8877


   NSTEP       ENERGY          RMS            GMAX         NAME    NUMBER
    500      -1.1033E+04     2.7579E-01     1.2533E+01     OG1      6499

 BOND    =      217.0075  ANGLE   =      943.4621  DIHED      =     5721.9006
 VDWAALS =    -4302.3256  EEL     =   -38659.0151  HBOND      =        0.0000
 1-4 VDW =     1777.3062  1-4 EEL =    22938.0456  RESTRAINT  =      331.1186
 EAMBER  =   -11363.6187


  Maximum number of minimization cycles reached.


                    FINAL RESULTS



   NSTEP       ENERGY          RMS            GMAX         NAME    NUMBER
    500      -1.1033E+04     2.7579E-01     1.2533E+01     OG1      6499

 BOND    =      217.0075  ANGLE   =      943.4621  DIHED      =     5721.9006
 VDWAALS =    -4302.3256  EEL     =   -38659.0151  HBOND      =        0.0000
 1-4 VDW =     1777.3062  1-4 EEL =    22938.0456  RESTRAINT  =      331.1186
 EAMBER  =   -11363.6187

--------------------------------------------------------------------------------
   5.  TIMINGS
--------------------------------------------------------------------------------

|                Build the list             1.12 (99.82% of List )
|                Other                      0.00 ( 0.18% of List )
|             List time                  1.12 ( 0.14% of Nonbo)
|                   Short_ene time           820.05 (100.0% of Direc)
|                   Other                      0.05 ( 0.01% of Direc)
|                Direct Ewald time        820.10 (100.0% of Ewald)
|                Other                      0.57 ( 0.07% of Ewald)
|             Ewald time               820.67 (99.86% of Nonbo)
|          Nonbond force            821.79 (99.33% of Force)
|          Bond/Angle/Dihedral        5.50 ( 0.67% of Force)
|          Other                      0.05 ( 0.01% of Force)
|       Force time               827.35 (100.0% of Runmd)
|    Runmd Time               827.35 (99.52% of Total)
|    Other                      3.97 ( 0.48% of Total)
| Total time               831.34 (100.0% of ALL  )

| Number of list builds   :          1

| Highest rstack allocated:      40600
| Highest istack allocated:       8120
|           Job began  at 22:42:05.912  on 12/21/2025
|           Setup done at 22:42:06.465  on 12/21/2025
|           Run   done at 22:55:57.249  on 12/21/2025
|     wallclock() was called   11535 times

|3D-RISM memory allocation summary
|Type          Maximum        Current   
|Integer       0.00000 GB     0.00000 GB
|Real          0.00000 GB     0.00000 GB
|Logical       0.00000 GB     0.00000 GB
|Character     0.00000 GB     0.00000 GB
|---------------------------------------
|Total         0.00000 GB     0.00000 GB
