            --------------------------------------------------------
                             AMBER SQM VERSION 19
 
                                     By
              Ross C. Walker, Michael F. Crowley, Scott Brozell,
                         Tim Giese, Andreas W. Goetz,
                        Tai-Sung Lee and David A. Case
 
            --------------------------------------------------------
 

--------------------------------------------------------------------------------
  QM CALCULATION INFO
--------------------------------------------------------------------------------

| QMMM: Citation for AMBER QMMM Run:
| QMMM: R.C. Walker, M.F. Crowley and D.A. Case, J. COMP. CHEM. 29:1019, 2008

QMMM: SINGLET STATE CALCULATION
QMMM: RHF CALCULATION, NO. OF DOUBLY OCCUPIED LEVELS = 21

| QMMM: *** Selected Hamiltonian *** 
| QMMM: AM1         

| QMMM: *** Parameter sets in use ***
| QMMM: N : M.J.S.DEWAR et al. JACS, 107, 3902, (1985)
| QMMM: C : M.J.S.DEWAR et al. JACS, 107, 3902, (1985)
| QMMM: O : M.J.S.DEWAR et al. JACS, 107, 3902, (1985)
| QMMM: H : M.J.S.DEWAR et al. JACS, 107, 3902, (1985)

| QMMM: *** SCF convergence criteria ***
| QMMM: Energy change                :  0.1D-09 kcal/mol
| QMMM: Error matrix |FP-PF|         :  0.1D+00 au
| QMMM: Density matrix change        :  0.5D-06
| QMMM: Maximum number of SCF cycles :     1000

| QMMM: *** Diagonalization Routine Information ***
| QMMM: Pseudo diagonalizations are allowed.
| QMMM: Auto diagonalization routine selection is in use.
| QMMM:
| QMMM: Timing diagonalization routines:
| QMMM:                              norbs =       35
| QMMM:    diag iterations used for timing =       20
| QMMM:
| QMMM:              Internal diag routine = 0.004329 seconds
| QMMM:                 Dspev diag routine = 0.216599 seconds
| QMMM:                Dspevd diag routine = 0.289088 seconds
| QMMM:                Dspevx diag routine = 0.174700 seconds
| QMMM:                 Dsyev diag routine = 0.020130 seconds
| QMMM:                Dsyevd diag routine = 0.248455 seconds
| QMMM:                Dsyevr diag routine = 0.025267 seconds
| QMMM:
| QMMM:                Pseudo diag routine = 0.001850 seconds
| QMMM:
| QMMM: Using internal diagonalization routine (diag_routine=1).

  QMMM: QM Region Cartesian Coordinates (*=link atom) 
  QMMM: QM_NO.   MM_NO.  ATOM         X         Y         Z
  QMMM:     1        1      N        0.2600    0.4480   23.7280
  QMMM:     2        2      C        1.5230   -0.2850   23.5830
  QMMM:     3        3      C        1.6220   -0.9230   22.2140
  QMMM:     4        4      O        0.6690   -0.8780   21.4360
  QMMM:     5        5      C        1.5940   -1.3530   24.6600
  QMMM:     6        6      O        0.6050   -2.3480   24.4570
  QMMM:     7        7      O        2.6720   -1.5060   21.8890
  QMMM:     8        8      H        0.2010    1.1690   23.0090
  QMMM:     9        9      H        0.2230    0.8830   24.6500
  QMMM:    10       10      H        2.3400    0.3980   23.6880
  QMMM:    11       11      H        1.4400   -0.8970   25.6150
  QMMM:    12       12      H        2.5570   -1.8170   24.6160
  QMMM:    13       13      H       -0.2750   -1.9420   24.4940
  QMMM:    14       14      H        3.3940   -1.5370   22.4850

--------------------------------------------------------------------------------
  RESULTS
--------------------------------------------------------------------------------

      iter         sqm energy              rms gradient
      ----    -------------------    -----------------------
xmin    10     -141.9678 kcal/mol        1.9443 kcal/(mol*A)
xmin    20     -143.7494 kcal/mol        0.8290 kcal/(mol*A)
xmin    30     -144.6713 kcal/mol        1.6272 kcal/(mol*A)
xmin    40     -144.8165 kcal/mol        0.2590 kcal/(mol*A)
xmin    50     -144.8722 kcal/mol        0.0543 kcal/(mol*A)
xmin    60     -144.8817 kcal/mol        0.0207 kcal/(mol*A)
xmin    70     -144.8820 kcal/mol        0.0139 kcal/(mol*A)
  ... geometry converged !
 
 Final MO eigenvalues (eV):
 -41.0507  -38.7968  -37.1353  -35.6498  -29.7364  -25.2663  -22.2489  -19.8653
 -18.4985  -18.0739  -17.5096  -16.2564  -15.8693  -15.4292  -15.0151  -13.9843
 -12.9626  -12.4876  -12.0150  -11.8149  -10.4532    0.9073    1.9314    2.7140
   2.8625    2.9928    3.1813    3.2798    3.6303    3.8854    5.2342    5.5156
   5.5525    5.7655    6.4559

 Heat of formation   =       -144.88202689 kcal/mol  (       -6.28255613 eV)

 Total SCF energy    =     -38048.47117801 kcal/mol  (    -1649.90551919 eV)
 Electronic energy   =    -138914.30367144 kcal/mol  (    -6023.77623136 eV)
 Core-core repulsion =     100865.83249343 kcal/mol  (     4373.87071217 eV)
 
    Atomic Charges for Step       1 :
  Atom    Element       Mulliken Charge
     1      N                 -0.321
     2      C                 -0.102
     3      C                  0.258
     4      O                 -0.301
     5      C                 -0.013
     6      O                 -0.313
     7      O                 -0.280
     8      H                  0.161
     9      H                  0.165
    10      H                  0.120
    11      H                  0.091
    12      H                  0.102
    13      H                  0.211
    14      H                  0.222
 Total Mulliken Charge =      -0.000
 
                  X        Y        Z     TOTAL  
  QM DIPOLE     1.401    1.014    3.646    4.036
 
 Final Structure

  QMMM: QM Region Cartesian Coordinates (*=link atom) 
  QMMM: QM_NO.   MM_NO.  ATOM         X         Y         Z
  QMMM:     1        1      N        0.3241    0.5572   23.9092
  QMMM:     2        2      C        1.5099   -0.2441   23.7106
  QMMM:     3        3      C        1.7704   -0.6188   22.2541
  QMMM:     4        4      O        1.0162   -0.4175   21.3029
  QMMM:     5        5      C        1.5013   -1.5214   24.5835
  QMMM:     6        6      O        0.3753   -2.3347   24.3535
  QMMM:     7        7      O        2.9575   -1.1961   21.9070
  QMMM:     8        8      H       -0.4887    0.0588   23.5967
  QMMM:     9        9      H        0.3935    1.4131   23.3925
  QMMM:    10       10      H        2.3971    0.3771   24.0451
  QMMM:    11       11      H        1.5712   -1.2248   25.6636
  QMMM:    12       12      H        2.3800   -2.1669   24.3107
  QMMM:    13       13      H       -0.3792   -1.9282   24.7983
  QMMM:    14       14      H        3.4965   -1.3416   22.6964

           --------- Calculation Completed ----------

