
          -------------------------------------------------------
          Amber 22 SANDER                              2022
          -------------------------------------------------------

| Run on 12/21/2025 at 22:28:03

|   Executable path: /home/kiran/miniforge3/envs/amber_mmgbsa/bin/sander
| Working directory: /storage/kiran-stuff/aaRS/phase2/energy_scoring/mmgbsa_amber/jobs/modern_thrrs_TRP
|          Hostname: boron

  [-O]verwriting output

File Assignments:
|  MDIN: min.in                                                                
| MDOUT: min.out                                                               
|INPCRD: complex.inpcrd                                                        
|  PARM: complex.prmtop                                                        
|RESTRT: min.rst                                                               
|  REFC: complex.inpcrd                                                        
| MDVEL: mdvel                                                                 
| MDFRC: mdfrc                                                                 
|  MDEN: mden                                                                  
| MDCRD: mdcrd                                                                 
|MDINFO: mdinfo                                                                
|  MTMD: mtmd                                                                  
|INPDIP: inpdip                                                                
|RSTDIP: rstdip                                                                
|INPTRA: inptraj                                                               


 Here is the input file:

Minimize                                                                       
 &cntrl                                                                        
  imin=1,                                                                      
  maxcyc=500,                                                                  
  ncyc=250,                                                                    
  ntb=0,                                                                       
  cut=999.0,                                                                   
  ntr=1,                                                                       
  restraint_wt=10.0,                                                           
  restraintmask='!:LIG & !@H=',                                                
 /                                                                             

--------------------------------------------------------------------------------
   1.  RESOURCE   USE: 
--------------------------------------------------------------------------------

| Flags:                                                                        
|    NONPERIODIC   ntb=0 and igb=0: Setting up nonperiodic simulation
|  *** cutoff > system size, list only builds once
|Largest sphere to fit in unit cell has radius =    74.890
| New format PARM file being parsed.
| Version =    1.000 Date = 12/21/25 Time = 22:28:02
 NATOM  =   10335 NTYPES =      22 NBONH =    5199 MBONA  =    5227
 NTHETH =   11897 MTHETA =    7072 NPHIH =   23578 MPHIA  =   22365
 NHPARM =       0 NPARM  =       0 NNB   =   57222 NRES   =     664
 NBONA  =    5227 NTHETA =    7072 NPHIA =   22365 NUMBND =      74
 NUMANG =     168 NPTRA  =     202 NATYP =      42 NPHB   =       0
 IFBOX  =       0 NMXRS  =      27 IFCAP =       0 NEXTRA =       0
 NCOPY  =       0


|     Memory Use     Allocated
|     Real             1604046
|     Hollerith          31671
|     Integer          2469833
|     Max Pairs       53400945
|     nblistReal        124020
|     nblist Int      16731783
|       Total           297227 kbytes

| Note: 1-4 EEL scale factors are being read from the topology file.

| Note: 1-4 VDW scale factors are being read from the topology file.
| Duplicated    0 dihedrals
| Duplicated    0 dihedrals

--------------------------------------------------------------------------------
   2.  CONTROL  DATA  FOR  THE  RUN
--------------------------------------------------------------------------------

default_name                                                                    

General flags:
     imin    =       1, nmropt  =       0

Nature and format of input:
     ntx     =       1, irest   =       0, ntrx    =       1

Nature and format of output:
     ntxo    =       2, ntpr    =      50, ntrx    =       1, ntwr    =       1
     iwrap   =       0, ntwx    =       0, ntwv    =       0, ntwe    =       0
     ioutfm  =       1, ntwprt  =       0, idecomp =       0, rbornstat=      0

Potential function:
     ntf     =       1, ntb     =       0, igb     =       0, nsnb    =      25
     ipol    =       0, gbsa    =       0, iesp    =       0
     dielc   =   1.00000, cut     = 999.00000, intdiel =   1.00000

Frozen or restrained atoms:
     ibelly  =       0, ntr     =       1
     restraint_wt =  10.00000

Energy minimization:
     maxcyc  =     500, ncyc    =     250, ntmin   =       1
     dx0     =   0.01000, drms    =   0.00010
|  INFO: Old style inpcrd file read


    LOADING THE CONSTRAINED ATOMS AS GROUPS


   5.  REFERENCE ATOM COORDINATES

  defa
     Mask !:LIG & !@H=; matches  5121 atoms

--------------------------------------------------------------------------------
   3.  ATOMIC COORDINATES AND VELOCITIES
--------------------------------------------------------------------------------

default_name                                                                    
 begin time read from input coords =     0.000 ps

 Number of triangulated 3-point waters found:        0

     Sum of charges from parm topology file = -17.00000228

--------------------------------------------------------------------------------
   4.  RESULTS
--------------------------------------------------------------------------------

 ---------------------------------------------------

     eedmeth=4: Setting switch to one everywhere

 ---------------------------------------------------
| Local SIZE OF NONBOND LIST =   53344226
| TOTAL SIZE OF NONBOND LIST =   53344226


   NSTEP       ENERGY          RMS            GMAX         NAME    NUMBER
      1       2.5346E+10     7.0793E+09     6.5201E+11     H2      10326

 BOND    =      366.0227  ANGLE   =     1200.4642  DIHED      =     7744.6840
 VDWAALS = *************  EEL     =   -44865.7570  HBOND      =        0.0000
 1-4 VDW =     2522.4455  1-4 EEL =    26940.5797  RESTRAINT  =        0.0000


   NSTEP       ENERGY          RMS            GMAX         NAME    NUMBER
     50      -4.2843E+03     7.9865E+00     9.0333E+02     CA      10310

 BOND    =     3108.3395  ANGLE   =     1797.8625  DIHED      =     7779.1902
 VDWAALS =    -1532.9254  EEL     =   -44952.1020  HBOND      =        0.0000
 1-4 VDW =     2603.1724  1-4 EEL =    26820.9858  RESTRAINT  =       91.1843
 EAMBER  =    -4375.4770


   NSTEP       ENERGY          RMS            GMAX         NAME    NUMBER
    100      -6.0391E+03     2.5873E+00     1.9886E+02     N       10309

 BOND    =     2506.6178  ANGLE   =     1796.1874  DIHED      =     7777.1946
 VDWAALS =    -2534.6800  EEL     =   -45081.6438  HBOND      =        0.0000
 1-4 VDW =     2573.4446  1-4 EEL =    26744.7792  RESTRAINT  =      179.0466
 EAMBER  =    -6218.1002


   NSTEP       ENERGY          RMS            GMAX         NAME    NUMBER
    150      -6.5206E+03     9.9126E-01     4.4597E+01     CA      10310

 BOND    =     2534.4703  ANGLE   =     1698.8250  DIHED      =     7779.2572
 VDWAALS =    -2857.4404  EEL     =   -45199.0832  HBOND      =        0.0000
 1-4 VDW =     2534.2468  1-4 EEL =    26739.9336  RESTRAINT  =      249.2092
 EAMBER  =    -6769.7907


   NSTEP       ENERGY          RMS            GMAX         NAME    NUMBER
    200      -6.7488E+03     2.7314E+00     2.2439E+02     CA      10310

 BOND    =     2622.1125  ANGLE   =     1654.6591  DIHED      =     7780.7243
 VDWAALS =    -3079.8866  EEL     =   -45289.4723  HBOND      =        0.0000
 1-4 VDW =     2510.7778  1-4 EEL =    26746.6892  RESTRAINT  =      305.6343
 EAMBER  =    -7054.3959


   NSTEP       ENERGY          RMS            GMAX         NAME    NUMBER
    250      -6.9007E+03     1.5241E+00     1.6608E+02     CA      10310

 BOND    =     2526.2659  ANGLE   =     1632.6843  DIHED      =     7781.4325
 VDWAALS =    -3070.4823  EEL     =   -45357.7103  HBOND      =        0.0000
 1-4 VDW =     2484.4679  1-4 EEL =    26752.8964  RESTRAINT  =      349.7742
 EAMBER  =    -7250.4457


   NSTEP       ENERGY          RMS            GMAX         NAME    NUMBER
    300      -7.3167E+03     1.5797E+00     1.0144E+02     NE2      6296

 BOND    =     2530.6073  ANGLE   =     1583.9677  DIHED      =     7788.9107
 VDWAALS =    -3340.7243  EEL     =   -45654.8990  HBOND      =        0.0000
 1-4 VDW =     2434.8269  1-4 EEL =    26753.3864  RESTRAINT  =      587.2520
 EAMBER  =    -7903.9243


   NSTEP       ENERGY          RMS            GMAX         NAME    NUMBER
    350      -7.4110E+03     7.9207E-01     3.9769E+01     N       10309

 BOND    =     2501.3888  ANGLE   =     1574.8727  DIHED      =     7790.0535
 VDWAALS =    -3345.1627  EEL     =   -45723.7248  HBOND      =        0.0000
 1-4 VDW =     2421.1544  1-4 EEL =    26751.2728  RESTRAINT  =      619.1078
 EAMBER  =    -8030.1454


   NSTEP       ENERGY          RMS            GMAX         NAME    NUMBER
    400      -7.4538E+03     5.9439E-01     2.2156E+01     CB      10313

 BOND    =     2516.7024  ANGLE   =     1567.4293  DIHED      =     7790.9301
 VDWAALS =    -3378.0014  EEL     =   -45761.3996  HBOND      =        0.0000
 1-4 VDW =     2422.5410  1-4 EEL =    26751.3066  RESTRAINT  =      636.7167
 EAMBER  =    -8090.4916


   NSTEP       ENERGY          RMS            GMAX         NAME    NUMBER
    450      -7.4824E+03     4.0372E-01     2.0418E+01     N       10309

 BOND    =     2505.1989  ANGLE   =     1564.1972  DIHED      =     7792.4929
 VDWAALS =    -3378.1809  EEL     =   -45788.6650  HBOND      =        0.0000
 1-4 VDW =     2421.3974  1-4 EEL =    26750.7708  RESTRAINT  =      650.3698
 EAMBER  =    -8132.7888


   NSTEP       ENERGY          RMS            GMAX         NAME    NUMBER
    500      -7.5062E+03     4.6498E-01     1.9152E+01     CA      10310

 BOND    =     2502.6534  ANGLE   =     1563.3286  DIHED      =     7794.2222
 VDWAALS =    -3383.1321  EEL     =   -45812.9539  HBOND      =        0.0000
 1-4 VDW =     2418.4944  1-4 EEL =    26749.0353  RESTRAINT  =      662.1357
 EAMBER  =    -8168.3521


  Maximum number of minimization cycles reached.


                    FINAL RESULTS



   NSTEP       ENERGY          RMS            GMAX         NAME    NUMBER
    500      -7.5062E+03     4.6498E-01     1.9152E+01     CA      10310

 BOND    =     2502.6534  ANGLE   =     1563.3286  DIHED      =     7794.2222
 VDWAALS =    -3383.1321  EEL     =   -45812.9539  HBOND      =        0.0000
 1-4 VDW =     2418.4944  1-4 EEL =    26749.0353  RESTRAINT  =      662.1357
 EAMBER  =    -8168.3521

--------------------------------------------------------------------------------
   5.  TIMINGS
--------------------------------------------------------------------------------

|                Build the list             1.94 (99.88% of List )
|                Other                      0.00 ( 0.12% of List )
|             List time                  1.94 ( 0.12% of Nonbo)
|                   Short_ene time          1610.49 (100.0% of Direc)
|                Direct Ewald time       1610.55 (100.0% of Ewald)
|                Other                      0.73 ( 0.05% of Ewald)
|             Ewald time              1611.28 (99.88% of Nonbo)
|          Nonbond force           1613.22 (99.49% of Force)
|          Bond/Angle/Dihedral        8.24 ( 0.51% of Force)
|          Other                      0.09 ( 0.01% of Force)
|       Force time              1621.55 (100.0% of Runmd)
|    Runmd Time              1621.55 (99.59% of Total)
|    Other                      6.62 ( 0.41% of Total)
| Total time              1628.20 (100.0% of ALL  )

| Number of list builds   :          1

| Highest rstack allocated:      51625
| Highest istack allocated:      10325
|           Job began  at 22:28:03.039  on 12/21/2025
|           Setup done at 22:28:03.926  on 12/21/2025
|           Run   done at 22:55:11.235  on 12/21/2025
|     wallclock() was called   11535 times

|3D-RISM memory allocation summary
|Type          Maximum        Current   
|Integer       0.00000 GB     0.00000 GB
|Real          0.00000 GB     0.00000 GB
|Logical       0.00000 GB     0.00000 GB
|Character     0.00000 GB     0.00000 GB
|---------------------------------------
|Total         0.00000 GB     0.00000 GB
