
          -------------------------------------------------------
          Amber 22 SANDER                              2022
          -------------------------------------------------------

| Run on 12/21/2025 at 22:13:03

|   Executable path: /home/kiran/miniforge3/envs/amber_mmgbsa/bin/sander
| Working directory: /storage/kiran-stuff/aaRS/phase2/energy_scoring/mmgbsa_amber/jobs/modern_human_full_pro
|          Hostname: boron

  [-O]verwriting output

File Assignments:
|  MDIN: min.in                                                                
| MDOUT: min.out                                                               
|INPCRD: complex.inpcrd                                                        
|  PARM: complex.prmtop                                                        
|RESTRT: min.rst                                                               
|  REFC: complex.inpcrd                                                        
| MDVEL: mdvel                                                                 
| MDFRC: mdfrc                                                                 
|  MDEN: mden                                                                  
| MDCRD: mdcrd                                                                 
|MDINFO: mdinfo                                                                
|  MTMD: mtmd                                                                  
|INPDIP: inpdip                                                                
|RSTDIP: rstdip                                                                
|INPTRA: inptraj                                                               


 Here is the input file:

Minimize                                                                       
 &cntrl                                                                        
  imin=1,                                                                      
  maxcyc=500,                                                                  
  ncyc=250,                                                                    
  ntb=0,                                                                       
  cut=999.0,                                                                   
  ntr=1,                                                                       
  restraint_wt=10.0,                                                           
  restraintmask='!:LIG & !@H=',                                                
 /                                                                             

--------------------------------------------------------------------------------
   1.  RESOURCE   USE: 
--------------------------------------------------------------------------------

| Flags:                                                                        
|    NONPERIODIC   ntb=0 and igb=0: Setting up nonperiodic simulation
|  *** cutoff > system size, list only builds once
|Largest sphere to fit in unit cell has radius =    71.896
| New format PARM file being parsed.
| Version =    1.000 Date = 12/21/25 Time = 22:13:02
 NATOM  =   11664 NTYPES =      21 NBONH =    5781 MBONA  =    6022
 NTHETH =   13218 MTHETA =    8110 NPHIH =   26686 MPHIA  =   25362
 NHPARM =       0 NPARM  =       0 NNB   =   64504 NRES   =     724
 NBONA  =    6022 NTHETA =    8110 NPHIA =   25362 NUMBND =      74
 NUMANG =     168 NPTRA  =     194 NATYP =      42 NPHB   =       0
 IFBOX  =       0 NMXRS  =      24 IFCAP =       0 NEXTRA =       0
 NCOPY  =       0


|     Memory Use     Allocated
|     Real             1712902
|     Hollerith          35718
|     Integer          2792189
|     Max Pairs       68018616
|     nblistReal        139968
|     nblist Int      14104142
|       Total           346314 kbytes

| Note: 1-4 EEL scale factors are being read from the topology file.

| Note: 1-4 VDW scale factors are being read from the topology file.
| Duplicated    0 dihedrals
| Duplicated    0 dihedrals

--------------------------------------------------------------------------------
   2.  CONTROL  DATA  FOR  THE  RUN
--------------------------------------------------------------------------------

default_name                                                                    

General flags:
     imin    =       1, nmropt  =       0

Nature and format of input:
     ntx     =       1, irest   =       0, ntrx    =       1

Nature and format of output:
     ntxo    =       2, ntpr    =      50, ntrx    =       1, ntwr    =       1
     iwrap   =       0, ntwx    =       0, ntwv    =       0, ntwe    =       0
     ioutfm  =       1, ntwprt  =       0, idecomp =       0, rbornstat=      0

Potential function:
     ntf     =       1, ntb     =       0, igb     =       0, nsnb    =      25
     ipol    =       0, gbsa    =       0, iesp    =       0
     dielc   =   1.00000, cut     = 999.00000, intdiel =   1.00000

Frozen or restrained atoms:
     ibelly  =       0, ntr     =       1
     restraint_wt =  10.00000

Energy minimization:
     maxcyc  =     500, ncyc    =     250, ntmin   =       1
     dx0     =   0.01000, drms    =   0.00010
|  INFO: Old style inpcrd file read


    LOADING THE CONSTRAINED ATOMS AS GROUPS


   5.  REFERENCE ATOM COORDINATES

  defa
     Mask !:LIG & !@H=; matches  5875 atoms

--------------------------------------------------------------------------------
   3.  ATOMIC COORDINATES AND VELOCITIES
--------------------------------------------------------------------------------

default_name                                                                    
 begin time read from input coords =     0.000 ps

 Number of triangulated 3-point waters found:        0

     Sum of charges from parm topology file =  -8.00000030

--------------------------------------------------------------------------------
   4.  RESULTS
--------------------------------------------------------------------------------

 ---------------------------------------------------

     eedmeth=4: Setting switch to one everywhere

 ---------------------------------------------------
| Local SIZE OF NONBOND LIST =   67954716
| TOTAL SIZE OF NONBOND LIST =   67954716


   NSTEP       ENERGY          RMS            GMAX         NAME    NUMBER
      1      -5.5939E+03     6.3564E+02     6.3021E+04     OXT     11655

 BOND    =      328.3806  ANGLE   =     1498.5669  DIHED      =     8331.0459
 VDWAALS =     2987.6454  EEL     =   -53047.2012  HBOND      =        0.0000
 1-4 VDW =     2698.8597  1-4 EEL =    31608.8518  RESTRAINT  =        0.0000


   NSTEP       ENERGY          RMS            GMAX         NAME    NUMBER
     50      -1.5625E+04     1.5237E+00     4.3293E+01     CD      10736

 BOND    =      327.0078  ANGLE   =     1332.2817  DIHED      =     8283.8018
 VDWAALS =    -6011.1648  EEL     =   -53704.1583  HBOND      =        0.0000
 1-4 VDW =     2555.5636  1-4 EEL =    31515.8172  RESTRAINT  =       75.4813
 EAMBER  =   -15700.8510


   NSTEP       ENERGY          RMS            GMAX         NAME    NUMBER
    100      -1.5867E+04     9.0470E-01     3.0109E+01     CD      10736

 BOND    =      336.7314  ANGLE   =     1356.0039  DIHED      =     8287.8388
 VDWAALS =    -6064.7384  EEL     =   -53972.9340  HBOND      =        0.0000
 1-4 VDW =     2531.5548  1-4 EEL =    31524.6104  RESTRAINT  =      133.6965
 EAMBER  =   -16000.9331


   NSTEP       ENERGY          RMS            GMAX         NAME    NUMBER
    150      -1.5992E+04     2.7056E-01     1.0147E+01     HG       2406

 BOND    =      335.2898  ANGLE   =     1361.7400  DIHED      =     8292.8852
 VDWAALS =    -6084.5556  EEL     =   -54124.8320  HBOND      =        0.0000
 1-4 VDW =     2521.8286  1-4 EEL =    31531.4687  RESTRAINT  =      173.7255
 EAMBER  =   -16166.1753


   NSTEP       ENERGY          RMS            GMAX         NAME    NUMBER
    200      -1.6073E+04     7.9070E-01     5.9978E+01     CD       9733

 BOND    =      340.2977  ANGLE   =     1365.2191  DIHED      =     8296.4137
 VDWAALS =    -6096.5933  EEL     =   -54231.8275  HBOND      =        0.0000
 1-4 VDW =     2517.3873  1-4 EEL =    31533.9379  RESTRAINT  =      202.2154
 EAMBER  =   -16275.1650


   NSTEP       ENERGY          RMS            GMAX         NAME    NUMBER
    250      -1.6133E+04     3.4614E-01     1.1442E+01     CD       9733

 BOND    =      338.4834  ANGLE   =     1368.2112  DIHED      =     8297.9489
 VDWAALS =    -6105.3741  EEL     =   -54303.9554  HBOND      =        0.0000
 1-4 VDW =     2514.9568  1-4 EEL =    31534.7295  RESTRAINT  =      221.7024
 EAMBER  =   -16354.9998


   NSTEP       ENERGY          RMS            GMAX         NAME    NUMBER
    300      -1.6252E+04     2.3848E-01     1.0849E+01     CD1      2823

 BOND    =      341.7620  ANGLE   =     1374.2375  DIHED      =     8299.5802
 VDWAALS =    -6119.1288  EEL     =   -54467.1910  HBOND      =        0.0000
 1-4 VDW =     2511.7897  1-4 EEL =    31529.6645  RESTRAINT  =      277.1175
 EAMBER  =   -16529.2858


   NSTEP       ENERGY          RMS            GMAX         NAME    NUMBER
    350      -1.6277E+04     1.6171E-01     5.2020E+00     HH       2829

 BOND    =      341.6761  ANGLE   =     1374.2785  DIHED      =     8303.0020
 VDWAALS =    -6124.2874  EEL     =   -54503.5279  HBOND      =        0.0000
 1-4 VDW =     2512.3128  1-4 EEL =    31526.1694  RESTRAINT  =      293.4351
 EAMBER  =   -16570.3765


   NSTEP       ENERGY          RMS            GMAX         NAME    NUMBER
    400      -1.6297E+04     1.3503E-01     6.6431E+00     OD2      4049

 BOND    =      341.8164  ANGLE   =     1374.8743  DIHED      =     8298.1206
 VDWAALS =    -6126.2291  EEL     =   -54525.7917  HBOND      =        0.0000
 1-4 VDW =     2512.3639  1-4 EEL =    31524.5006  RESTRAINT  =      303.3463
 EAMBER  =   -16600.3449


   NSTEP       ENERGY          RMS            GMAX         NAME    NUMBER
    450      -1.6308E+04     1.6170E-01     6.1977E+00     OD2      4049

 BOND    =      342.0209  ANGLE   =     1374.6211  DIHED      =     8296.3906
 VDWAALS =    -6126.6007  EEL     =   -54541.0200  HBOND      =        0.0000
 1-4 VDW =     2512.3604  1-4 EEL =    31525.0811  RESTRAINT  =      308.7723
 EAMBER  =   -16617.1466


   NSTEP       ENERGY          RMS            GMAX         NAME    NUMBER
    500      -1.6319E+04     1.7858E-01     5.4400E+00     HG       1645

 BOND    =      342.3415  ANGLE   =     1374.3264  DIHED      =     8296.0587
 VDWAALS =    -6126.9607  EEL     =   -54555.0923  HBOND      =        0.0000
 1-4 VDW =     2512.5753  1-4 EEL =    31525.4269  RESTRAINT  =      312.4164
 EAMBER  =   -16631.3242


  Maximum number of minimization cycles reached.


                    FINAL RESULTS



   NSTEP       ENERGY          RMS            GMAX         NAME    NUMBER
    500      -1.6319E+04     1.7858E-01     5.4400E+00     HG       1645

 BOND    =      342.3415  ANGLE   =     1374.3264  DIHED      =     8296.0587
 VDWAALS =    -6126.9607  EEL     =   -54555.0923  HBOND      =        0.0000
 1-4 VDW =     2512.5753  1-4 EEL =    31525.4269  RESTRAINT  =      312.4164
 EAMBER  =   -16631.3242

--------------------------------------------------------------------------------
   5.  TIMINGS
--------------------------------------------------------------------------------

|                Build the list             3.02 (100.0% of List )
|                Other                      0.00 ( 0.09% of List )
|             List time                  3.02 ( 0.13% of Nonbo)
|                   Short_ene time          2364.35 (100.0% of Direc)
|                Direct Ewald time       2364.44 (100.0% of Ewald)
|                Other                      1.03 ( 0.04% of Ewald)
|             Ewald time              2365.47 (99.87% of Nonbo)
|          Nonbond force           2368.50 (99.55% of Force)
|          Bond/Angle/Dihedral       10.50 ( 0.44% of Force)
|       Force time              2379.10 (100.0% of Runmd)
|    Runmd Time              2379.10 (99.60% of Total)
|    Other                      9.58 ( 0.40% of Total)
| Total time              2388.71 (100.0% of ALL  )

| Number of list builds   :          1

| Highest rstack allocated:      58285
| Highest istack allocated:      11657
|           Job began  at 22:13:03.157  on 12/21/2025
|           Setup done at 22:13:04.418  on 12/21/2025
|           Run   done at 22:52:51.869  on 12/21/2025
|     wallclock() was called   11535 times

|3D-RISM memory allocation summary
|Type          Maximum        Current   
|Integer       0.00000 GB     0.00000 GB
|Real          0.00000 GB     0.00000 GB
|Logical       0.00000 GB     0.00000 GB
|Character     0.00000 GB     0.00000 GB
|---------------------------------------
|Total         0.00000 GB     0.00000 GB
