
          -------------------------------------------------------
          Amber 22 SANDER                              2022
          -------------------------------------------------------

| Run on 12/21/2025 at 22:13:51

|   Executable path: /home/kiran/miniforge3/envs/amber_mmgbsa/bin/sander
| Working directory: /storage/kiran-stuff/aaRS/phase2/energy_scoring/mmgbsa_amber/jobs/modern_prors_THR
|          Hostname: boron

  [-O]verwriting output

File Assignments:
|  MDIN: min.in                                                                
| MDOUT: min.out                                                               
|INPCRD: complex.inpcrd                                                        
|  PARM: complex.prmtop                                                        
|RESTRT: min.rst                                                               
|  REFC: complex.inpcrd                                                        
| MDVEL: mdvel                                                                 
| MDFRC: mdfrc                                                                 
|  MDEN: mden                                                                  
| MDCRD: mdcrd                                                                 
|MDINFO: mdinfo                                                                
|  MTMD: mtmd                                                                  
|INPDIP: inpdip                                                                
|RSTDIP: rstdip                                                                
|INPTRA: inptraj                                                               


 Here is the input file:

Minimize                                                                       
 &cntrl                                                                        
  imin=1,                                                                      
  maxcyc=500,                                                                  
  ncyc=250,                                                                    
  ntb=0,                                                                       
  cut=999.0,                                                                   
  ntr=1,                                                                       
  restraint_wt=10.0,                                                           
  restraintmask='!:LIG & !@H=',                                                
 /                                                                             

--------------------------------------------------------------------------------
   1.  RESOURCE   USE: 
--------------------------------------------------------------------------------

| Flags:                                                                        
|    NONPERIODIC   ntb=0 and igb=0: Setting up nonperiodic simulation
|  *** cutoff > system size, list only builds once
|Largest sphere to fit in unit cell has radius =    67.247
| New format PARM file being parsed.
| Version =    1.000 Date = 12/21/25 Time = 22:13:51
 NATOM  =    8976 NTYPES =      21 NBONH =    4486 MBONA  =    4573
 NTHETH =   10218 MTHETA =    6194 NPHIH =   20535 MPHIA  =   19708
 NHPARM =       0 NPARM  =       0 NNB   =   49573 NRES   =     573
 NBONA  =    4573 NTHETA =    6194 NPHIA =   19708 NUMBND =      73
 NUMANG =     165 NPTRA  =     198 NATYP =      41 NPHB   =       0
 IFBOX  =       0 NMXRS  =      24 IFCAP =       0 NEXTRA =       0
 NCOPY  =       0


|     Memory Use     Allocated
|     Real             1491635
|     Hollerith          27503
|     Integer          2160720
|     Max Pairs       40279800
|     nblistReal        107712
|     nblist Int       9567118
|       Total           215757 kbytes

| Note: 1-4 EEL scale factors are being read from the topology file.

| Note: 1-4 VDW scale factors are being read from the topology file.
| Duplicated    0 dihedrals
| Duplicated    0 dihedrals

--------------------------------------------------------------------------------
   2.  CONTROL  DATA  FOR  THE  RUN
--------------------------------------------------------------------------------

default_name                                                                    

General flags:
     imin    =       1, nmropt  =       0

Nature and format of input:
     ntx     =       1, irest   =       0, ntrx    =       1

Nature and format of output:
     ntxo    =       2, ntpr    =      50, ntrx    =       1, ntwr    =       1
     iwrap   =       0, ntwx    =       0, ntwv    =       0, ntwe    =       0
     ioutfm  =       1, ntwprt  =       0, idecomp =       0, rbornstat=      0

Potential function:
     ntf     =       1, ntb     =       0, igb     =       0, nsnb    =      25
     ipol    =       0, gbsa    =       0, iesp    =       0
     dielc   =   1.00000, cut     = 999.00000, intdiel =   1.00000

Frozen or restrained atoms:
     ibelly  =       0, ntr     =       1
     restraint_wt =  10.00000

Energy minimization:
     maxcyc  =     500, ncyc    =     250, ntmin   =       1
     dx0     =   0.01000, drms    =   0.00010
|  INFO: Old style inpcrd file read


    LOADING THE CONSTRAINED ATOMS AS GROUPS


   5.  REFERENCE ATOM COORDINATES

  defa
     Mask !:LIG & !@H=; matches  4482 atoms

--------------------------------------------------------------------------------
   3.  ATOMIC COORDINATES AND VELOCITIES
--------------------------------------------------------------------------------

default_name                                                                    
 begin time read from input coords =     0.000 ps

 Number of triangulated 3-point waters found:        0

     Sum of charges from parm topology file = -19.00000126

--------------------------------------------------------------------------------
   4.  RESULTS
--------------------------------------------------------------------------------

 ---------------------------------------------------

     eedmeth=4: Setting switch to one everywhere

 ---------------------------------------------------
| Local SIZE OF NONBOND LIST =   40230683
| TOTAL SIZE OF NONBOND LIST =   40230683


   NSTEP       ENERGY          RMS            GMAX         NAME    NUMBER
      1      -9.8075E+03     1.0595E+01     5.0094E+02     HD12     7417

 BOND    =      173.8135  ANGLE   =      914.2550  DIHED      =     6197.7587
 VDWAALS =    -3717.1254  EEL     =   -38765.3980  HBOND      =        0.0000
 1-4 VDW =     2545.9145  1-4 EEL =    22843.3049  RESTRAINT  =        0.0000


   NSTEP       ENERGY          RMS            GMAX         NAME    NUMBER
     50      -1.2023E+04     1.6717E+00     3.9919E+01     CG       4035

 BOND    =      223.5105  ANGLE   =      844.7542  DIHED      =     6325.8126
 VDWAALS =    -4687.1467  EEL     =   -39198.6281  HBOND      =        0.0000
 1-4 VDW =     2120.8668  1-4 EEL =    22215.1643  RESTRAINT  =      132.7042
 EAMBER  =   -12155.6665


   NSTEP       ENERGY          RMS            GMAX         NAME    NUMBER
    100      -1.2279E+04     9.3562E-01     1.1119E+01     NE2      3389

 BOND    =      238.1148  ANGLE   =      891.2212  DIHED      =     6360.7569
 VDWAALS =    -4758.8260  EEL     =   -39394.0925  HBOND      =        0.0000
 1-4 VDW =     2049.1085  1-4 EEL =    22121.6459  RESTRAINT  =      213.2598
 EAMBER  =   -12492.0712


   NSTEP       ENERGY          RMS            GMAX         NAME    NUMBER
    150      -1.2408E+04     4.5920E-01     1.5370E+01     HG1      3599

 BOND    =      240.6498  ANGLE   =      901.5448  DIHED      =     6377.2687
 VDWAALS =    -4782.9651  EEL     =   -39519.6075  HBOND      =        0.0000
 1-4 VDW =     2025.6252  1-4 EEL =    22089.6367  RESTRAINT  =      259.5385
 EAMBER  =   -12667.8473


   NSTEP       ENERGY          RMS            GMAX         NAME    NUMBER
    200      -1.2488E+04     2.5539E-01     8.4906E+00     HH       2950

 BOND    =      245.0722  ANGLE   =      907.3622  DIHED      =     6386.7054
 VDWAALS =    -4795.5774  EEL     =   -39612.5433  HBOND      =        0.0000
 1-4 VDW =     2015.4474  1-4 EEL =    22077.0736  RESTRAINT  =      288.2650
 EAMBER  =   -12776.4600


   NSTEP       ENERGY          RMS            GMAX         NAME    NUMBER
    250      -1.2533E+04     4.8071E-01     7.9208E+00     HG       2767

 BOND    =      247.9428  ANGLE   =      910.7983  DIHED      =     6392.9220
 VDWAALS =    -4803.8530  EEL     =   -39670.7913  HBOND      =        0.0000
 1-4 VDW =     2010.9309  1-4 EEL =    22070.3364  RESTRAINT  =      308.9581
 EAMBER  =   -12841.7140


   NSTEP       ENERGY          RMS            GMAX         NAME    NUMBER
    300      -1.2634E+04     5.2368E-01     1.7607E+01     CG       4035

 BOND    =      251.9896  ANGLE   =      916.1003  DIHED      =     6401.9915
 VDWAALS =    -4823.3300  EEL     =   -39818.1195  HBOND      =        0.0000
 1-4 VDW =     2005.5165  1-4 EEL =    22066.4250  RESTRAINT  =      365.5825
 EAMBER  =   -12999.4267


   NSTEP       ENERGY          RMS            GMAX         NAME    NUMBER
    350      -1.2660E+04     2.5446E-01     7.2717E+00     CG       7721

 BOND    =      249.8755  ANGLE   =      916.5574  DIHED      =     6401.2313
 VDWAALS =    -4826.4223  EEL     =   -39845.8869  HBOND      =        0.0000
 1-4 VDW =     2006.0631  1-4 EEL =    22062.5051  RESTRAINT  =      375.8842
 EAMBER  =   -13036.0769


   NSTEP       ENERGY          RMS            GMAX         NAME    NUMBER
    400      -1.2671E+04     1.6985E-01     4.1849E+00     HH       1427

 BOND    =      249.7290  ANGLE   =      916.6940  DIHED      =     6401.2881
 VDWAALS =    -4828.7395  EEL     =   -39860.6649  HBOND      =        0.0000
 1-4 VDW =     2006.0129  1-4 EEL =    22063.1854  RESTRAINT  =      381.6513
 EAMBER  =   -13052.4949


   NSTEP       ENERGY          RMS            GMAX         NAME    NUMBER
    450      -1.2679E+04     2.8494E-01     1.4116E+01     OH         99

 BOND    =      250.1248  ANGLE   =      917.5490  DIHED      =     6400.8672
 VDWAALS =    -4829.7739  EEL     =   -39875.2639  HBOND      =        0.0000
 1-4 VDW =     2006.1104  1-4 EEL =    22064.4154  RESTRAINT  =      386.5220
 EAMBER  =   -13065.9710


   NSTEP       ENERGY          RMS            GMAX         NAME    NUMBER
    500      -1.2693E+04     1.2752E-01     4.8741E+00     CG         93

 BOND    =      249.9979  ANGLE   =      916.7732  DIHED      =     6397.4235
 VDWAALS =    -4828.6970  EEL     =   -39886.3820  HBOND      =        0.0000
 1-4 VDW =     2006.1413  1-4 EEL =    22063.9530  RESTRAINT  =      387.3225
 EAMBER  =   -13080.7902


  Maximum number of minimization cycles reached.


                    FINAL RESULTS



   NSTEP       ENERGY          RMS            GMAX         NAME    NUMBER
    500      -1.2693E+04     1.2752E-01     4.8741E+00     CG         93

 BOND    =      249.9979  ANGLE   =      916.7732  DIHED      =     6397.4235
 VDWAALS =    -4828.6970  EEL     =   -39886.3820  HBOND      =        0.0000
 1-4 VDW =     2006.1413  1-4 EEL =    22063.9530  RESTRAINT  =      387.3225
 EAMBER  =   -13080.7902

--------------------------------------------------------------------------------
   5.  TIMINGS
--------------------------------------------------------------------------------

|                Build the list             1.43 (99.85% of List )
|                Other                      0.00 ( 0.15% of List )
|             List time                  1.43 ( 0.10% of Nonbo)
|                   Short_ene time          1443.76 (100.0% of Direc)
|                   Other                      0.08 ( 0.01% of Direc)
|                Direct Ewald time       1443.84 (100.0% of Ewald)
|                Other                      0.82 ( 0.06% of Ewald)
|             Ewald time              1444.67 (100.0% of Nonbo)
|          Nonbond force           1446.10 (99.43% of Force)
|          Bond/Angle/Dihedral        8.21 ( 0.56% of Force)
|          Other                      0.09 ( 0.01% of Force)
|       Force time              1454.40 (100.0% of Runmd)
|    Runmd Time              1454.40 (99.44% of Total)
|    Other                      8.12 ( 0.56% of Total)
| Total time              1462.54 (100.0% of ALL  )

| Number of list builds   :          1

| Highest rstack allocated:      44840
| Highest istack allocated:       8968
|           Job began  at 22:13:51.375  on 12/21/2025
|           Setup done at 22:13:51.879  on 12/21/2025
|           Run   done at 22:38:13.918  on 12/21/2025
|     wallclock() was called   11535 times

|3D-RISM memory allocation summary
|Type          Maximum        Current   
|Integer       0.00000 GB     0.00000 GB
|Real          0.00000 GB     0.00000 GB
|Logical       0.00000 GB     0.00000 GB
|Character     0.00000 GB     0.00000 GB
|---------------------------------------
|Total         0.00000 GB     0.00000 GB
