
          -------------------------------------------------------
          Amber 22 SANDER                              2022
          -------------------------------------------------------

| Run on 12/21/2025 at 22:05:37

|   Executable path: /home/kiran/miniforge3/envs/amber_mmgbsa/bin/sander
| Working directory: /storage/kiran-stuff/aaRS/phase2/energy_scoring/mmgbsa_amber/jobs/anc_thrrs_cat_zn_GLU
|          Hostname: boron

  [-O]verwriting output

File Assignments:
|  MDIN: min.in                                                                
| MDOUT: min.out                                                               
|INPCRD: complex.inpcrd                                                        
|  PARM: complex.prmtop                                                        
|RESTRT: min.rst                                                               
|  REFC: complex.inpcrd                                                        
| MDVEL: mdvel                                                                 
| MDFRC: mdfrc                                                                 
|  MDEN: mden                                                                  
| MDCRD: mdcrd                                                                 
|MDINFO: mdinfo                                                                
|  MTMD: mtmd                                                                  
|INPDIP: inpdip                                                                
|RSTDIP: rstdip                                                                
|INPTRA: inptraj                                                               


 Here is the input file:

Minimize                                                                       
 &cntrl                                                                        
  imin=1,                                                                      
  maxcyc=500,                                                                  
  ncyc=250,                                                                    
  ntb=0,                                                                       
  cut=999.0,                                                                   
  ntr=1,                                                                       
  restraint_wt=10.0,                                                           
  restraintmask='!:LIG & !@H=',                                                
 /                                                                             

--------------------------------------------------------------------------------
   1.  RESOURCE   USE: 
--------------------------------------------------------------------------------

| Flags:                                                                        
|    NONPERIODIC   ntb=0 and igb=0: Setting up nonperiodic simulation
|  *** cutoff > system size, list only builds once
|Largest sphere to fit in unit cell has radius =    51.945
| New format PARM file being parsed.
| Version =    1.000 Date = 12/21/25 Time = 22:05:36
 NATOM  =    4422 NTYPES =      22 NBONH =    2161 MBONA  =    2310
 NTHETH =    4910 MTHETA =    3127 NPHIH =   10144 MPHIA  =    9722
 NHPARM =       0 NPARM  =       0 NNB   =   24347 NRES   =     280
 NBONA  =    2310 NTHETA =    3127 NPHIA =    9722 NUMBND =      73
 NUMANG =     164 NPTRA  =     199 NATYP =      42 NPHB   =       0
 IFBOX  =       0 NMXRS  =      24 IFCAP =       0 NEXTRA =       0
 NCOPY  =       0


|     Memory Use     Allocated
|     Real             1117744
|     Hollerith          13548
|     Integer          1075938
|     Max Pairs        9774831
|     nblistReal         53064
|     nblist Int       5474780
|       Total            72971 kbytes

| Note: 1-4 EEL scale factors are being read from the topology file.

| Note: 1-4 VDW scale factors are being read from the topology file.
| Duplicated    0 dihedrals
| Duplicated    0 dihedrals

--------------------------------------------------------------------------------
   2.  CONTROL  DATA  FOR  THE  RUN
--------------------------------------------------------------------------------

default_name                                                                    

General flags:
     imin    =       1, nmropt  =       0

Nature and format of input:
     ntx     =       1, irest   =       0, ntrx    =       1

Nature and format of output:
     ntxo    =       2, ntpr    =      50, ntrx    =       1, ntwr    =       1
     iwrap   =       0, ntwx    =       0, ntwv    =       0, ntwe    =       0
     ioutfm  =       1, ntwprt  =       0, idecomp =       0, rbornstat=      0

Potential function:
     ntf     =       1, ntb     =       0, igb     =       0, nsnb    =      25
     ipol    =       0, gbsa    =       0, iesp    =       0
     dielc   =   1.00000, cut     = 999.00000, intdiel =   1.00000

Frozen or restrained atoms:
     ibelly  =       0, ntr     =       1
     restraint_wt =  10.00000

Energy minimization:
     maxcyc  =     500, ncyc    =     250, ntmin   =       1
     dx0     =   0.01000, drms    =   0.00010
|  INFO: Old style inpcrd file read


    LOADING THE CONSTRAINED ATOMS AS GROUPS


   5.  REFERENCE ATOM COORDINATES

  defa
     Mask !:LIG & !@H=; matches  2251 atoms

--------------------------------------------------------------------------------
   3.  ATOMIC COORDINATES AND VELOCITIES
--------------------------------------------------------------------------------

default_name                                                                    
 begin time read from input coords =     0.000 ps

 Number of triangulated 3-point waters found:        0

     Sum of charges from parm topology file = -12.99999907

--------------------------------------------------------------------------------
   4.  RESULTS
--------------------------------------------------------------------------------

 ---------------------------------------------------

     eedmeth=4: Setting switch to one everywhere

 ---------------------------------------------------
| Local SIZE OF NONBOND LIST =    9750717
| TOTAL SIZE OF NONBOND LIST =    9750717


   NSTEP       ENERGY          RMS            GMAX         NAME    NUMBER
      1      -3.5695E+03     1.0650E+02     4.4712E+03     HE1      2983

 BOND    =      166.9750  ANGLE   =      629.2426  DIHED      =     3207.4741
 VDWAALS =      327.9778  EEL     =   -18397.8341  HBOND      =        0.0000
 1-4 VDW =     1050.2542  1-4 EEL =     9446.4059  RESTRAINT  =        0.0000


   NSTEP       ENERGY          RMS            GMAX         NAME    NUMBER
     50      -6.4648E+03     2.7973E+00     1.0418E+02     C        2950

 BOND    =      157.1937  ANGLE   =      595.7450  DIHED      =     3220.1805
 VDWAALS =    -2018.3820  EEL     =   -18843.4372  HBOND      =        0.0000
 1-4 VDW =     1000.7425  1-4 EEL =     9366.8970  RESTRAINT  =       56.2342
 EAMBER  =    -6521.0604


   NSTEP       ENERGY          RMS            GMAX         NAME    NUMBER
    100      -6.6551E+03     1.5219E+00     5.5563E+01     C        2794

 BOND    =      143.2099  ANGLE   =      596.0782  DIHED      =     3224.9073
 VDWAALS =    -2050.4834  EEL     =   -19030.2820  HBOND      =        0.0000
 1-4 VDW =      985.6926  1-4 EEL =     9380.0117  RESTRAINT  =       95.7354
 EAMBER  =    -6750.8657


   NSTEP       ENERGY          RMS            GMAX         NAME    NUMBER
    150      -6.7258E+03     9.3247E-01     3.1547E+01     C        2794

 BOND    =      144.6157  ANGLE   =      595.9594  DIHED      =     3228.7508
 VDWAALS =    -2067.9279  EEL     =   -19113.2555  HBOND      =        0.0000
 1-4 VDW =      981.7141  1-4 EEL =     9382.6056  RESTRAINT  =      121.7366
 EAMBER  =    -6847.5378


   NSTEP       ENERGY          RMS            GMAX         NAME    NUMBER
    200      -6.7601E+03     3.0673E-01     4.7459E+00     HG1       983

 BOND    =      142.6954  ANGLE   =      596.7137  DIHED      =     3232.8110
 VDWAALS =    -2076.8866  EEL     =   -19157.7839  HBOND      =        0.0000
 1-4 VDW =      980.0120  1-4 EEL =     9383.8837  RESTRAINT  =      138.4806
 EAMBER  =    -6898.5548


   NSTEP       ENERGY          RMS            GMAX         NAME    NUMBER
    250      -6.7788E+03     7.8144E-01     2.6517E+01     CD       3800

 BOND    =      143.6596  ANGLE   =      597.9752  DIHED      =     3236.8657
 VDWAALS =    -2082.8119  EEL     =   -19188.9183  HBOND      =        0.0000
 1-4 VDW =      979.3262  1-4 EEL =     9384.1203  RESTRAINT  =      150.9640
 EAMBER  =    -6929.7831


   NSTEP       ENERGY          RMS            GMAX         NAME    NUMBER
    300      -6.8420E+03     2.5263E-01     6.7741E+00     HB2      4182

 BOND    =      143.7274  ANGLE   =      598.9744  DIHED      =     3246.5913
 VDWAALS =    -2095.8202  EEL     =   -19287.1632  HBOND      =        0.0000
 1-4 VDW =      978.5741  1-4 EEL =     9381.7869  RESTRAINT  =      191.3487
 EAMBER  =    -7033.3293


   NSTEP       ENERGY          RMS            GMAX         NAME    NUMBER
    350      -6.8538E+03     2.9492E-01     7.1801E+00     OG        333

 BOND    =      144.1125  ANGLE   =      598.6066  DIHED      =     3243.5978
 VDWAALS =    -2093.8021  EEL     =   -19296.1313  HBOND      =        0.0000
 1-4 VDW =      978.1946  1-4 EEL =     9381.0503  RESTRAINT  =      190.5586
 EAMBER  =    -7044.3715


   NSTEP       ENERGY          RMS            GMAX         NAME    NUMBER
    400      -6.8622E+03     1.4005E-01     3.1495E+00     HH       3006

 BOND    =      143.9981  ANGLE   =      597.0606  DIHED      =     3240.0117
 VDWAALS =    -2094.1329  EEL     =   -19299.7126  HBOND      =        0.0000
 1-4 VDW =      978.2136  1-4 EEL =     9381.2721  RESTRAINT  =      191.1090
 EAMBER  =    -7053.2894


   NSTEP       ENERGY          RMS            GMAX         NAME    NUMBER
    450      -6.8670E+03     1.2147E-01     2.9200E+00     HH       3006

 BOND    =      143.9797  ANGLE   =      596.4516  DIHED      =     3239.6951
 VDWAALS =    -2093.8803  EEL     =   -19304.5482  HBOND      =        0.0000
 1-4 VDW =      977.7846  1-4 EEL =     9382.1939  RESTRAINT  =      191.3171
 EAMBER  =    -7058.3236


   NSTEP       ENERGY          RMS            GMAX         NAME    NUMBER
    500      -6.8697E+03     7.3133E-02     1.3944E+00     HG1      2204

 BOND    =      144.0551  ANGLE   =      596.1949  DIHED      =     3239.6090
 VDWAALS =    -2094.1124  EEL     =   -19307.2816  HBOND      =        0.0000
 1-4 VDW =      977.4954  1-4 EEL =     9382.2537  RESTRAINT  =      192.0736
 EAMBER  =    -7061.7860


  Maximum number of minimization cycles reached.


                    FINAL RESULTS



   NSTEP       ENERGY          RMS            GMAX         NAME    NUMBER
    500      -6.8697E+03     7.3133E-02     1.3944E+00     HG1      2204

 BOND    =      144.0551  ANGLE   =      596.1949  DIHED      =     3239.6090
 VDWAALS =    -2094.1124  EEL     =   -19307.2816  HBOND      =        0.0000
 1-4 VDW =      977.4954  1-4 EEL =     9382.2537  RESTRAINT  =      192.0736
 EAMBER  =    -7061.7860

--------------------------------------------------------------------------------
   5.  TIMINGS
--------------------------------------------------------------------------------

|                Build the list             0.38 (99.68% of List )
|                Other                      0.00 ( 0.32% of List )
|             List time                  0.38 ( 0.10% of Nonbo)
|                   Short_ene time           397.74 (100.0% of Direc)
|                   Other                      0.04 ( 0.01% of Direc)
|                Direct Ewald time        397.78 (99.89% of Ewald)
|                Other                      0.43 ( 0.11% of Ewald)
|             Ewald time               398.21 (100.0% of Nonbo)
|          Nonbond force            398.59 (98.85% of Force)
|          Bond/Angle/Dihedral        4.61 ( 1.14% of Force)
|          Other                      0.03 ( 0.01% of Force)
|       Force time               403.23 (100.0% of Runmd)
|    Runmd Time               403.23 (98.28% of Total)
|    Other                      7.06 ( 1.72% of Total)
| Total time               410.30 (100.0% of ALL  )

| Number of list builds   :          1

| Highest rstack allocated:      22075
| Highest istack allocated:       4415
|           Job began  at 22:05:37.231  on 12/21/2025
|           Setup done at 22:05:37.653  on 12/21/2025
|           Run   done at 22:12:27.534  on 12/21/2025
|     wallclock() was called   11535 times

|3D-RISM memory allocation summary
|Type          Maximum        Current   
|Integer       0.00000 GB     0.00000 GB
|Real          0.00000 GB     0.00000 GB
|Logical       0.00000 GB     0.00000 GB
|Character     0.00000 GB     0.00000 GB
|---------------------------------------
|Total         0.00000 GB     0.00000 GB
