
          -------------------------------------------------------
          Amber 22 SANDER                              2022
          -------------------------------------------------------

| Run on 12/21/2025 at 21:58:03

|   Executable path: /home/kiran/miniforge3/envs/amber_mmgbsa/bin/sander
| Working directory: /storage/kiran-stuff/aaRS/phase2/energy_scoring/mmgbsa_amber/jobs/anc_prors_edit_ILE
|          Hostname: boron

  [-O]verwriting output

File Assignments:
|  MDIN: min.in                                                                
| MDOUT: min.out                                                               
|INPCRD: complex.inpcrd                                                        
|  PARM: complex.prmtop                                                        
|RESTRT: min.rst                                                               
|  REFC: complex.inpcrd                                                        
| MDVEL: mdvel                                                                 
| MDFRC: mdfrc                                                                 
|  MDEN: mden                                                                  
| MDCRD: mdcrd                                                                 
|MDINFO: mdinfo                                                                
|  MTMD: mtmd                                                                  
|INPDIP: inpdip                                                                
|RSTDIP: rstdip                                                                
|INPTRA: inptraj                                                               


 Here is the input file:

Minimize                                                                       
 &cntrl                                                                        
  imin=1,                                                                      
  maxcyc=500,                                                                  
  ncyc=250,                                                                    
  ntb=0,                                                                       
  cut=999.0,                                                                   
  ntr=1,                                                                       
  restraint_wt=10.0,                                                           
  restraintmask='!:LIG & !@H=',                                                
 /                                                                             

--------------------------------------------------------------------------------
   1.  RESOURCE   USE: 
--------------------------------------------------------------------------------

| Flags:                                                                        
|    NONPERIODIC   ntb=0 and igb=0: Setting up nonperiodic simulation
|  *** cutoff > system size, list only builds once
|Largest sphere to fit in unit cell has radius =    61.861
| New format PARM file being parsed.
| Version =    1.000 Date = 12/21/25 Time = 21:58:02
 NATOM  =    4684 NTYPES =      21 NBONH =    2331 MBONA  =    2392
 NTHETH =    5366 MTHETA =    3234 NPHIH =   10623 MPHIA  =   10080
 NHPARM =       0 NPARM  =       0 NNB   =   25966 NRES   =     301
 NBONA  =    2392 NTHETA =    3234 NPHIA =   10080 NUMBND =      73
 NUMANG =     164 NPTRA  =     198 NATYP =      41 NPHB   =       0
 IFBOX  =       0 NMXRS  =      26 IFCAP =       0 NEXTRA =       0
 NCOPY  =       0


|     Memory Use     Allocated
|     Real             1139585
|     Hollerith          14355
|     Integer          1125838
|     Max Pairs       10967586
|     nblistReal         56208
|     nblist Int       9141342
|       Total            92346 kbytes

| Note: 1-4 EEL scale factors are being read from the topology file.

| Note: 1-4 VDW scale factors are being read from the topology file.
| Duplicated    0 dihedrals
| Duplicated    0 dihedrals

--------------------------------------------------------------------------------
   2.  CONTROL  DATA  FOR  THE  RUN
--------------------------------------------------------------------------------

default_name                                                                    

General flags:
     imin    =       1, nmropt  =       0

Nature and format of input:
     ntx     =       1, irest   =       0, ntrx    =       1

Nature and format of output:
     ntxo    =       2, ntpr    =      50, ntrx    =       1, ntwr    =       1
     iwrap   =       0, ntwx    =       0, ntwv    =       0, ntwe    =       0
     ioutfm  =       1, ntwprt  =       0, idecomp =       0, rbornstat=      0

Potential function:
     ntf     =       1, ntb     =       0, igb     =       0, nsnb    =      25
     ipol    =       0, gbsa    =       0, iesp    =       0
     dielc   =   1.00000, cut     = 999.00000, intdiel =   1.00000

Frozen or restrained atoms:
     ibelly  =       0, ntr     =       1
     restraint_wt =  10.00000

Energy minimization:
     maxcyc  =     500, ncyc    =     250, ntmin   =       1
     dx0     =   0.01000, drms    =   0.00010
|  INFO: Old style inpcrd file read


    LOADING THE CONSTRAINED ATOMS AS GROUPS


   5.  REFERENCE ATOM COORDINATES

  defa
     Mask !:LIG & !@H=; matches  2344 atoms

--------------------------------------------------------------------------------
   3.  ATOMIC COORDINATES AND VELOCITIES
--------------------------------------------------------------------------------

default_name                                                                    
 begin time read from input coords =     0.000 ps

 Number of triangulated 3-point waters found:        0

     Sum of charges from parm topology file = -34.00000206

--------------------------------------------------------------------------------
   4.  RESULTS
--------------------------------------------------------------------------------

 ---------------------------------------------------

     eedmeth=4: Setting switch to one everywhere

 ---------------------------------------------------
| Local SIZE OF NONBOND LIST =   10941854
| TOTAL SIZE OF NONBOND LIST =   10941854


   NSTEP       ENERGY          RMS            GMAX         NAME    NUMBER
      1       1.2919E+05     1.4412E+04     7.3701E+05     HD23     3567

 BOND    =      137.6477  ANGLE   =      607.4740  DIHED      =     3469.6487
 VDWAALS =   124071.2834  EEL     =   -14466.8648  HBOND      =        0.0000
 1-4 VDW =     1137.2982  1-4 EEL =    14229.6705  RESTRAINT  =        0.0000


   NSTEP       ENERGY          RMS            GMAX         NAME    NUMBER
     50       3.2815E+03     1.5500E+00     3.8162E+01     C        3354

 BOND    =      151.2478  ANGLE   =      642.4286  DIHED      =     3468.4824
 VDWAALS =    -1681.2388  EEL     =   -14666.3106  HBOND      =        0.0000
 1-4 VDW =     1125.9771  1-4 EEL =    14160.4913  RESTRAINT  =       80.4038
 EAMBER  =     3201.0778


   NSTEP       ENERGY          RMS            GMAX         NAME    NUMBER
    100       3.0436E+03     1.3655E+00     2.7601E+01     CZ       2053

 BOND    =      137.4696  ANGLE   =      615.2550  DIHED      =     3470.3972
 VDWAALS =    -1809.4171  EEL     =   -14778.7886  HBOND      =        0.0000
 1-4 VDW =     1096.4797  1-4 EEL =    14160.3876  RESTRAINT  =      151.8241
 EAMBER  =     2891.7834


   NSTEP       ENERGY          RMS            GMAX         NAME    NUMBER
    150       2.9650E+03     7.6956E-01     1.4872E+01     NE2      3786

 BOND    =      134.2430  ANGLE   =      612.4596  DIHED      =     3471.5331
 VDWAALS =    -1848.6599  EEL     =   -14842.1268  HBOND      =        0.0000
 1-4 VDW =     1084.9254  1-4 EEL =    14158.2219  RESTRAINT  =      194.4400
 EAMBER  =     2770.5962


   NSTEP       ENERGY          RMS            GMAX         NAME    NUMBER
    200       2.9237E+03     2.5801E-01     6.0457E+00     HG        973

 BOND    =      132.5448  ANGLE   =      611.9795  DIHED      =     3471.6161
 VDWAALS =    -1867.5248  EEL     =   -14881.4786  HBOND      =        0.0000
 1-4 VDW =     1079.0810  1-4 EEL =    14156.5595  RESTRAINT  =      220.8815
 EAMBER  =     2702.7776


   NSTEP       ENERGY          RMS            GMAX         NAME    NUMBER
    250       2.9005E+03     7.4215E-01     3.8083E+01     CD       1498

 BOND    =      133.0955  ANGLE   =      611.8470  DIHED      =     3471.9508
 VDWAALS =    -1878.6068  EEL     =   -14907.0868  HBOND      =        0.0000
 1-4 VDW =     1075.6551  1-4 EEL =    14154.9918  RESTRAINT  =      238.6766
 EAMBER  =     2661.8466


   NSTEP       ENERGY          RMS            GMAX         NAME    NUMBER
    300       2.8391E+03     5.1084E-01     1.9514E+01     CD        351

 BOND    =      131.7925  ANGLE   =      613.5057  DIHED      =     3468.9617
 VDWAALS =    -1902.3235  EEL     =   -14976.7792  HBOND      =        0.0000
 1-4 VDW =     1068.3839  1-4 EEL =    14150.9883  RESTRAINT  =      284.5839
 EAMBER  =     2554.5295


   NSTEP       ENERGY          RMS            GMAX         NAME    NUMBER
    350       2.8248E+03     2.8272E-01     5.2136E+00     CG2       842

 BOND    =      131.7148  ANGLE   =      612.1931  DIHED      =     3468.1335
 VDWAALS =    -1907.1555  EEL     =   -14988.0221  HBOND      =        0.0000
 1-4 VDW =     1067.3252  1-4 EEL =    14150.6252  RESTRAINT  =      289.9798
 EAMBER  =     2534.8142


   NSTEP       ENERGY          RMS            GMAX         NAME    NUMBER
    400       2.8124E+03     1.8094E-01     3.4801E+00     O        3240

 BOND    =      131.6077  ANGLE   =      612.1855  DIHED      =     3465.9314
 VDWAALS =    -1909.2827  EEL     =   -14995.2488  HBOND      =        0.0000
 1-4 VDW =     1066.5452  1-4 EEL =    14149.2006  RESTRAINT  =      291.4517
 EAMBER  =     2520.9388


   NSTEP       ENERGY          RMS            GMAX         NAME    NUMBER
    450       2.8081E+03     1.1877E-01     2.2831E+00     O        3240

 BOND    =      131.6035  ANGLE   =      612.0783  DIHED      =     3466.2146
 VDWAALS =    -1911.8491  EEL     =   -14997.2055  HBOND      =        0.0000
 1-4 VDW =     1066.0119  1-4 EEL =    14148.1396  RESTRAINT  =      293.0682
 EAMBER  =     2514.9933


   NSTEP       ENERGY          RMS            GMAX         NAME    NUMBER
    500       2.8046E+03     2.5651E-01     6.6682E+00     HG1      1977

 BOND    =      131.5887  ANGLE   =      611.9701  DIHED      =     3468.4736
 VDWAALS =    -1913.0509  EEL     =   -15003.7358  HBOND      =        0.0000
 1-4 VDW =     1065.8111  1-4 EEL =    14148.6924  RESTRAINT  =      294.8396
 EAMBER  =     2509.7491


  Maximum number of minimization cycles reached.


                    FINAL RESULTS



   NSTEP       ENERGY          RMS            GMAX         NAME    NUMBER
    500       2.8046E+03     2.5651E-01     6.6682E+00     HG1      1977

 BOND    =      131.5887  ANGLE   =      611.9701  DIHED      =     3468.4736
 VDWAALS =    -1913.0509  EEL     =   -15003.7358  HBOND      =        0.0000
 1-4 VDW =     1065.8111  1-4 EEL =    14148.6924  RESTRAINT  =      294.8396
 EAMBER  =     2509.7491

--------------------------------------------------------------------------------
   5.  TIMINGS
--------------------------------------------------------------------------------

|    Read coords time           0.02 ( 0.01% of Total)
|                Build the list             0.34 (99.69% of List )
|                Other                      0.00 ( 0.31% of List )
|             List time                  0.35 ( 0.08% of Nonbo)
|                   Short_ene time           443.64 (100.0% of Direc)
|                   Other                      0.04 ( 0.01% of Direc)
|                Direct Ewald time        443.68 (99.89% of Ewald)
|                Other                      0.48 ( 0.11% of Ewald)
|             Ewald time               444.16 (100.0% of Nonbo)
|          Nonbond force            444.51 (98.90% of Force)
|          Bond/Angle/Dihedral        4.88 ( 1.08% of Force)
|          Other                      0.05 ( 0.01% of Force)
|       Force time               449.44 (100.0% of Runmd)
|    Runmd Time               449.44 (98.48% of Total)
|    Other                      6.92 ( 1.52% of Total)
| Total time               456.38 (100.0% of ALL  )

| Number of list builds   :          1

| Highest rstack allocated:      23385
| Highest istack allocated:       4677
|           Job began  at 21:58:03.067  on 12/21/2025
|           Setup done at 21:58:03.600  on 12/21/2025
|           Run   done at 22:05:39.451  on 12/21/2025
|     wallclock() was called   11535 times

|3D-RISM memory allocation summary
|Type          Maximum        Current   
|Integer       0.00000 GB     0.00000 GB
|Real          0.00000 GB     0.00000 GB
|Logical       0.00000 GB     0.00000 GB
|Character     0.00000 GB     0.00000 GB
|---------------------------------------
|Total         0.00000 GB     0.00000 GB
