
          -------------------------------------------------------
          Amber 22 SANDER                              2022
          -------------------------------------------------------

| Run on 12/21/2025 at 21:58:03

|   Executable path: /home/kiran/miniforge3/envs/amber_mmgbsa/bin/sander
| Working directory: /storage/kiran-stuff/aaRS/phase2/energy_scoring/mmgbsa_amber/jobs/anc_prors_edit_HIS
|          Hostname: boron

  [-O]verwriting output

File Assignments:
|  MDIN: min.in                                                                
| MDOUT: min.out                                                               
|INPCRD: complex.inpcrd                                                        
|  PARM: complex.prmtop                                                        
|RESTRT: min.rst                                                               
|  REFC: complex.inpcrd                                                        
| MDVEL: mdvel                                                                 
| MDFRC: mdfrc                                                                 
|  MDEN: mden                                                                  
| MDCRD: mdcrd                                                                 
|MDINFO: mdinfo                                                                
|  MTMD: mtmd                                                                  
|INPDIP: inpdip                                                                
|RSTDIP: rstdip                                                                
|INPTRA: inptraj                                                               


 Here is the input file:

Minimize                                                                       
 &cntrl                                                                        
  imin=1,                                                                      
  maxcyc=500,                                                                  
  ncyc=250,                                                                    
  ntb=0,                                                                       
  cut=999.0,                                                                   
  ntr=1,                                                                       
  restraint_wt=10.0,                                                           
  restraintmask='!:LIG & !@H=',                                                
 /                                                                             

--------------------------------------------------------------------------------
   1.  RESOURCE   USE: 
--------------------------------------------------------------------------------

| Flags:                                                                        
|    NONPERIODIC   ntb=0 and igb=0: Setting up nonperiodic simulation
|  *** cutoff > system size, list only builds once
|Largest sphere to fit in unit cell has radius =    64.707
| New format PARM file being parsed.
| Version =    1.000 Date = 12/21/25 Time = 21:58:03
 NATOM  =    4682 NTYPES =      23 NBONH =    2327 MBONA  =    2395
 NTHETH =    5358 MTHETA =    3238 NPHIH =   10612 MPHIA  =   10085
 NHPARM =       0 NPARM  =       0 NNB   =   25951 NRES   =     301
 NBONA  =    2395 NTHETA =    3238 NPHIA =   10085 NUMBND =      75
 NUMANG =     170 NPTRA  =     201 NATYP =      43 NPHB   =       0
 IFBOX  =       0 NMXRS  =      26 IFCAP =       0 NEXTRA =       0
 NCOPY  =       0


|     Memory Use     Allocated
|     Real             1139411
|     Hollerith          14349
|     Integer          1125551
|     Max Pairs       10958221
|     nblistReal         56184
|     nblist Int       9615034
|       Total            94157 kbytes

| Note: 1-4 EEL scale factors are being read from the topology file.

| Note: 1-4 VDW scale factors are being read from the topology file.
| Duplicated    0 dihedrals
| Duplicated    0 dihedrals

--------------------------------------------------------------------------------
   2.  CONTROL  DATA  FOR  THE  RUN
--------------------------------------------------------------------------------

default_name                                                                    

General flags:
     imin    =       1, nmropt  =       0

Nature and format of input:
     ntx     =       1, irest   =       0, ntrx    =       1

Nature and format of output:
     ntxo    =       2, ntpr    =      50, ntrx    =       1, ntwr    =       1
     iwrap   =       0, ntwx    =       0, ntwv    =       0, ntwe    =       0
     ioutfm  =       1, ntwprt  =       0, idecomp =       0, rbornstat=      0

Potential function:
     ntf     =       1, ntb     =       0, igb     =       0, nsnb    =      25
     ipol    =       0, gbsa    =       0, iesp    =       0
     dielc   =   1.00000, cut     = 999.00000, intdiel =   1.00000

Frozen or restrained atoms:
     ibelly  =       0, ntr     =       1
     restraint_wt =  10.00000

Energy minimization:
     maxcyc  =     500, ncyc    =     250, ntmin   =       1
     dx0     =   0.01000, drms    =   0.00010
|  INFO: Old style inpcrd file read


    LOADING THE CONSTRAINED ATOMS AS GROUPS


   5.  REFERENCE ATOM COORDINATES

  defa
     Mask !:LIG & !@H=; matches  2344 atoms

--------------------------------------------------------------------------------
   3.  ATOMIC COORDINATES AND VELOCITIES
--------------------------------------------------------------------------------

default_name                                                                    
 begin time read from input coords =     0.000 ps

 Number of triangulated 3-point waters found:        0

     Sum of charges from parm topology file = -34.00000006

--------------------------------------------------------------------------------
   4.  RESULTS
--------------------------------------------------------------------------------

 ---------------------------------------------------

     eedmeth=4: Setting switch to one everywhere

 ---------------------------------------------------
| Local SIZE OF NONBOND LIST =   10932505
| TOTAL SIZE OF NONBOND LIST =   10932505


   NSTEP       ENERGY          RMS            GMAX         NAME    NUMBER
      1       2.6355E+04     2.6629E+03     2.1020E+05     HD23     3567

 BOND    =      158.1365  ANGLE   =      639.3168  DIHED      =     3452.8633
 VDWAALS =    20635.8147  EEL     =   -13887.4010  HBOND      =        0.0000
 1-4 VDW =     1117.8519  1-4 EEL =    14238.5429  RESTRAINT  =        0.0000


   NSTEP       ENERGY          RMS            GMAX         NAME    NUMBER
     50       3.6965E+03     2.5663E+00     8.6475E+01     CD1      3640

 BOND    =      156.5728  ANGLE   =      630.3463  DIHED      =     3434.7807
 VDWAALS =    -1725.2000  EEL     =   -14110.7940  HBOND      =        0.0000
 1-4 VDW =     1080.8037  1-4 EEL =    14168.1068  RESTRAINT  =       61.8840
 EAMBER  =     3634.6162


   NSTEP       ENERGY          RMS            GMAX         NAME    NUMBER
    100       3.5141E+03     1.3512E+00     5.0220E+01     CD1      3640

 BOND    =      138.9609  ANGLE   =      620.3791  DIHED      =     3437.7362
 VDWAALS =    -1805.0043  EEL     =   -14233.3839  HBOND      =        0.0000
 1-4 VDW =     1061.2280  1-4 EEL =    14175.2326  RESTRAINT  =      118.9765
 EAMBER  =     3395.1486


   NSTEP       ENERGY          RMS            GMAX         NAME    NUMBER
    150       3.4474E+03     8.9609E-01     2.7218E+01     CG       1153

 BOND    =      135.5611  ANGLE   =      620.4868  DIHED      =     3441.4910
 VDWAALS =    -1832.6262  EEL     =   -14300.2096  HBOND      =        0.0000
 1-4 VDW =     1054.5311  1-4 EEL =    14174.0385  RESTRAINT  =      154.1196
 EAMBER  =     3293.2727


   NSTEP       ENERGY          RMS            GMAX         NAME    NUMBER
    200       3.4090E+03     4.4639E-01     1.4691E+01     CZ       3644

 BOND    =      134.3615  ANGLE   =      620.0406  DIHED      =     3443.2179
 VDWAALS =    -1846.1916  EEL     =   -14342.3764  HBOND      =        0.0000
 1-4 VDW =     1051.3823  1-4 EEL =    14172.9560  RESTRAINT  =      175.6270
 EAMBER  =     3233.3904


   NSTEP       ENERGY          RMS            GMAX         NAME    NUMBER
    250       3.3835E+03     2.1575E-01     6.3125E+00     HG1      4489

 BOND    =      133.7834  ANGLE   =      620.0038  DIHED      =     3444.2049
 VDWAALS =    -1854.5394  EEL     =   -14371.7050  HBOND      =        0.0000
 1-4 VDW =     1049.5976  1-4 EEL =    14172.0397  RESTRAINT  =      190.1170
 EAMBER  =     3193.3850


   NSTEP       ENERGY          RMS            GMAX         NAME    NUMBER
    300       3.3244E+03     2.7213E-01     7.0429E+00     HG1      4489

 BOND    =      133.0898  ANGLE   =      621.1256  DIHED      =     3446.4932
 VDWAALS =    -1872.5047  EEL     =   -14454.9469  HBOND      =        0.0000
 1-4 VDW =     1047.0041  1-4 EEL =    14168.8856  RESTRAINT  =      235.2652
 EAMBER  =     3089.1468


   NSTEP       ENERGY          RMS            GMAX         NAME    NUMBER
    350       3.3070E+03     1.9844E-01     4.0671E+00     CB        939

 BOND    =      133.7310  ANGLE   =      619.6261  DIHED      =     3442.2968
 VDWAALS =    -1872.6019  EEL     =   -14472.5501  HBOND      =        0.0000
 1-4 VDW =     1046.2076  1-4 EEL =    14169.8869  RESTRAINT  =      240.3592
 EAMBER  =     3066.5964


   NSTEP       ENERGY          RMS            GMAX         NAME    NUMBER
    400       3.3002E+03     2.2865E-01     5.5693E+00     CD       1498

 BOND    =      134.1499  ANGLE   =      619.5515  DIHED      =     3440.9361
 VDWAALS =    -1873.3554  EEL     =   -14482.8575  HBOND      =        0.0000
 1-4 VDW =     1045.6034  1-4 EEL =    14170.2367  RESTRAINT  =      245.9786
 EAMBER  =     3054.2647


   NSTEP       ENERGY          RMS            GMAX         NAME    NUMBER
    450       3.2931E+03     1.7631E-01     5.1172E+00     CD       1498

 BOND    =      134.3871  ANGLE   =      619.1089  DIHED      =     3438.9342
 VDWAALS =    -1873.9246  EEL     =   -14492.5670  HBOND      =        0.0000
 1-4 VDW =     1045.0919  1-4 EEL =    14170.5300  RESTRAINT  =      251.4919
 EAMBER  =     3041.5605


   NSTEP       ENERGY          RMS            GMAX         NAME    NUMBER
    500       3.2884E+03     1.0164E-01     2.4969E+00     HG1      4489

 BOND    =      134.6122  ANGLE   =      618.8383  DIHED      =     3438.4205
 VDWAALS =    -1873.9390  EEL     =   -14503.0210  HBOND      =        0.0000
 1-4 VDW =     1044.8703  1-4 EEL =    14170.9657  RESTRAINT  =      257.6768
 EAMBER  =     3030.7471


  Maximum number of minimization cycles reached.


                    FINAL RESULTS



   NSTEP       ENERGY          RMS            GMAX         NAME    NUMBER
    500       3.2884E+03     1.0164E-01     2.4969E+00     HG1      4489

 BOND    =      134.6122  ANGLE   =      618.8383  DIHED      =     3438.4205
 VDWAALS =    -1873.9390  EEL     =   -14503.0210  HBOND      =        0.0000
 1-4 VDW =     1044.8703  1-4 EEL =    14170.9657  RESTRAINT  =      257.6768
 EAMBER  =     3030.7471

--------------------------------------------------------------------------------
   5.  TIMINGS
--------------------------------------------------------------------------------

|                Build the list             0.35 (99.67% of List )
|                Other                      0.00 ( 0.33% of List )
|             List time                  0.35 ( 0.08% of Nonbo)
|                   Short_ene time           460.32 (100.0% of Direc)
|                   Other                      0.04 ( 0.01% of Direc)
|                Direct Ewald time        460.35 (99.89% of Ewald)
|                Other                      0.52 ( 0.11% of Ewald)
|             Ewald time               460.88 (100.0% of Nonbo)
|          Nonbond force            461.24 (98.94% of Force)
|          Bond/Angle/Dihedral        4.90 ( 1.05% of Force)
|          Other                      0.03 ( 0.01% of Force)
|       Force time               466.16 (100.0% of Runmd)
|    Runmd Time               466.16 (98.52% of Total)
|    Other                      6.98 ( 1.48% of Total)
| Total time               473.16 (100.0% of ALL  )

| Number of list builds   :          1

| Highest rstack allocated:      23370
| Highest istack allocated:       4674
|           Job began  at 21:58:03.421  on 12/21/2025
|           Setup done at 21:58:03.589  on 12/21/2025
|           Run   done at 22:05:56.580  on 12/21/2025
|     wallclock() was called   11535 times

|3D-RISM memory allocation summary
|Type          Maximum        Current   
|Integer       0.00000 GB     0.00000 GB
|Real          0.00000 GB     0.00000 GB
|Logical       0.00000 GB     0.00000 GB
|Character     0.00000 GB     0.00000 GB
|---------------------------------------
|Total         0.00000 GB     0.00000 GB
