
          -------------------------------------------------------
          Amber 22 SANDER                              2022
          -------------------------------------------------------

| Run on 12/21/2025 at 21:58:02

|   Executable path: /home/kiran/miniforge3/envs/amber_mmgbsa/bin/sander
| Working directory: /storage/kiran-stuff/aaRS/phase2/energy_scoring/mmgbsa_amber/jobs/anc_thrrs_cat_ASN
|          Hostname: boron

  [-O]verwriting output

File Assignments:
|  MDIN: min.in                                                                
| MDOUT: min.out                                                               
|INPCRD: complex.inpcrd                                                        
|  PARM: complex.prmtop                                                        
|RESTRT: min.rst                                                               
|  REFC: complex.inpcrd                                                        
| MDVEL: mdvel                                                                 
| MDFRC: mdfrc                                                                 
|  MDEN: mden                                                                  
| MDCRD: mdcrd                                                                 
|MDINFO: mdinfo                                                                
|  MTMD: mtmd                                                                  
|INPDIP: inpdip                                                                
|RSTDIP: rstdip                                                                
|INPTRA: inptraj                                                               


 Here is the input file:

Minimize                                                                       
 &cntrl                                                                        
  imin=1,                                                                      
  maxcyc=500,                                                                  
  ncyc=250,                                                                    
  ntb=0,                                                                       
  cut=999.0,                                                                   
  ntr=1,                                                                       
  restraint_wt=10.0,                                                           
  restraintmask='!:LIG & !@H=',                                                
 /                                                                             

--------------------------------------------------------------------------------
   1.  RESOURCE   USE: 
--------------------------------------------------------------------------------

| Flags:                                                                        
|    NONPERIODIC   ntb=0 and igb=0: Setting up nonperiodic simulation
|  *** cutoff > system size, list only builds once
|Largest sphere to fit in unit cell has radius =    52.299
| New format PARM file being parsed.
| Version =    1.000 Date = 12/21/25 Time = 21:58:02
 NATOM  =    4419 NTYPES =      21 NBONH =    2160 MBONA  =    2309
 NTHETH =    4907 MTHETA =    3126 NPHIH =   10138 MPHIA  =    9721
 NHPARM =       0 NPARM  =       0 NNB   =   24333 NRES   =     279
 NBONA  =    2309 NTHETA =    3126 NPHIA =    9721 NUMBND =      73
 NUMANG =     165 NPTRA  =     197 NATYP =      41 NPHB   =       0
 IFBOX  =       0 NMXRS  =      24 IFCAP =       0 NEXTRA =       0
 NCOPY  =       0


|     Memory Use     Allocated
|     Real             1117459
|     Hollerith          13538
|     Integer          1075469
|     Max Pairs        9761571
|     nblistReal         53028
|     nblist Int       5474670
|       Total            72914 kbytes

| Note: 1-4 EEL scale factors are being read from the topology file.

| Note: 1-4 VDW scale factors are being read from the topology file.
| Duplicated    0 dihedrals
| Duplicated    0 dihedrals

--------------------------------------------------------------------------------
   2.  CONTROL  DATA  FOR  THE  RUN
--------------------------------------------------------------------------------

default_name                                                                    

General flags:
     imin    =       1, nmropt  =       0

Nature and format of input:
     ntx     =       1, irest   =       0, ntrx    =       1

Nature and format of output:
     ntxo    =       2, ntpr    =      50, ntrx    =       1, ntwr    =       1
     iwrap   =       0, ntwx    =       0, ntwv    =       0, ntwe    =       0
     ioutfm  =       1, ntwprt  =       0, idecomp =       0, rbornstat=      0

Potential function:
     ntf     =       1, ntb     =       0, igb     =       0, nsnb    =      25
     ipol    =       0, gbsa    =       0, iesp    =       0
     dielc   =   1.00000, cut     = 999.00000, intdiel =   1.00000

Frozen or restrained atoms:
     ibelly  =       0, ntr     =       1
     restraint_wt =  10.00000

Energy minimization:
     maxcyc  =     500, ncyc    =     250, ntmin   =       1
     dx0     =   0.01000, drms    =   0.00010
|  INFO: Old style inpcrd file read


    LOADING THE CONSTRAINED ATOMS AS GROUPS


   5.  REFERENCE ATOM COORDINATES

  defa
     Mask !:LIG & !@H=; matches  2250 atoms

--------------------------------------------------------------------------------
   3.  ATOMIC COORDINATES AND VELOCITIES
--------------------------------------------------------------------------------

default_name                                                                    
 begin time read from input coords =     0.000 ps

 Number of triangulated 3-point waters found:        0

     Sum of charges from parm topology file = -15.00000007

--------------------------------------------------------------------------------
   4.  RESULTS
--------------------------------------------------------------------------------

 ---------------------------------------------------

     eedmeth=4: Setting switch to one everywhere

 ---------------------------------------------------
| Local SIZE OF NONBOND LIST =    9737470
| TOTAL SIZE OF NONBOND LIST =    9737470


   NSTEP       ENERGY          RMS            GMAX         NAME    NUMBER
      1      -3.6419E+03     8.2458E+01     4.4421E+03     OD1      1818

 BOND    =      163.7128  ANGLE   =      628.9326  DIHED      =     3201.5363
 VDWAALS =       54.8841  EEL     =   -18157.2519  HBOND      =        0.0000
 1-4 VDW =     1045.2102  1-4 EEL =     9421.0654  RESTRAINT  =        0.0000


   NSTEP       ENERGY          RMS            GMAX         NAME    NUMBER
     50      -6.1399E+03     7.4508E-01     1.7198E+01     HG1      3326

 BOND    =      141.9946  ANGLE   =      590.3974  DIHED      =     3205.1447
 VDWAALS =    -2035.7769  EEL     =   -18436.5618  HBOND      =        0.0000
 1-4 VDW =      995.2513  1-4 EEL =     9347.0039  RESTRAINT  =       52.6965
 EAMBER  =    -6192.5468


   NSTEP       ENERGY          RMS            GMAX         NAME    NUMBER
    100      -6.2561E+03     1.5279E+00     2.7725E+01     CZ       4010

 BOND    =      144.1291  ANGLE   =      586.3656  DIHED      =     3209.7598
 VDWAALS =    -2073.7196  EEL     =   -18551.9163  HBOND      =        0.0000
 1-4 VDW =      981.3396  1-4 EEL =     9359.2595  RESTRAINT  =       88.7172
 EAMBER  =    -6344.7824


   NSTEP       ENERGY          RMS            GMAX         NAME    NUMBER
    150      -6.3071E+03     8.3571E-01     2.3474E+01     CE1      2314

 BOND    =      143.0497  ANGLE   =      589.7333  DIHED      =     3213.6670
 VDWAALS =    -2090.3223  EEL     =   -18612.4860  HBOND      =        0.0000
 1-4 VDW =      976.9307  1-4 EEL =     9361.0059  RESTRAINT  =      111.3061
 EAMBER  =    -6418.4216


   NSTEP       ENERGY          RMS            GMAX         NAME    NUMBER
    200      -6.3346E+03     3.0745E-01     6.7475E+00     CE1      2314

 BOND    =      142.5963  ANGLE   =      588.2457  DIHED      =     3217.8065
 VDWAALS =    -2098.9516  EEL     =   -18648.1221  HBOND      =        0.0000
 1-4 VDW =      975.1533  1-4 EEL =     9362.7211  RESTRAINT  =      125.9351
 EAMBER  =    -6460.5506


   NSTEP       ENERGY          RMS            GMAX         NAME    NUMBER
    250      -6.3506E+03     1.7127E-01     6.3906E+00     HG       4185

 BOND    =      142.3130  ANGLE   =      588.6895  DIHED      =     3221.4707
 VDWAALS =    -2104.3208  EEL     =   -18672.1092  HBOND      =        0.0000
 1-4 VDW =      974.4247  1-4 EEL =     9363.1849  RESTRAINT  =      135.7546
 EAMBER  =    -6486.3473


   NSTEP       ENERGY          RMS            GMAX         NAME    NUMBER
    300      -6.4076E+03     2.4137E-01     6.2644E+00     OG        333

 BOND    =      142.5366  ANGLE   =      588.6053  DIHED      =     3233.4670
 VDWAALS =    -2119.5569  EEL     =   -18756.3135  HBOND      =        0.0000
 1-4 VDW =      974.1128  1-4 EEL =     9361.4573  RESTRAINT  =      168.0831
 EAMBER  =    -6575.6914


   NSTEP       ENERGY          RMS            GMAX         NAME    NUMBER
    350      -6.4208E+03     3.1308E-01     8.7350E+00     HG1       644

 BOND    =      142.2994  ANGLE   =      588.1146  DIHED      =     3229.2100
 VDWAALS =    -2118.1891  EEL     =   -18763.0412  HBOND      =        0.0000
 1-4 VDW =      973.7672  1-4 EEL =     9359.8873  RESTRAINT  =      167.1737
 EAMBER  =    -6587.9518


   NSTEP       ENERGY          RMS            GMAX         NAME    NUMBER
    400      -6.4315E+03     1.6955E-01     4.1504E+00     HB        638

 BOND    =      142.4136  ANGLE   =      586.2965  DIHED      =     3225.8819
 VDWAALS =    -2118.1036  EEL     =   -18769.8420  HBOND      =        0.0000
 1-4 VDW =      973.6127  1-4 EEL =     9360.8126  RESTRAINT  =      167.4405
 EAMBER  =    -6598.9284


   NSTEP       ENERGY          RMS            GMAX         NAME    NUMBER
    450      -6.4350E+03     1.0082E-01     1.9278E+00     CB       4181

 BOND    =      142.4529  ANGLE   =      585.8311  DIHED      =     3226.4813
 VDWAALS =    -2117.4125  EEL     =   -18773.4092  HBOND      =        0.0000
 1-4 VDW =      973.4709  1-4 EEL =     9360.3945  RESTRAINT  =      167.1947
 EAMBER  =    -6602.1910


   NSTEP       ENERGY          RMS            GMAX         NAME    NUMBER
    500      -6.4366E+03     1.0510E-01     2.9229E+00     CD       2391

 BOND    =      142.5210  ANGLE   =      585.6320  DIHED      =     3227.5482
 VDWAALS =    -2117.2211  EEL     =   -18776.2780  HBOND      =        0.0000
 1-4 VDW =      973.4034  1-4 EEL =     9360.2031  RESTRAINT  =      167.5773
 EAMBER  =    -6604.1913


  Maximum number of minimization cycles reached.


                    FINAL RESULTS



   NSTEP       ENERGY          RMS            GMAX         NAME    NUMBER
    500      -6.4366E+03     1.0510E-01     2.9229E+00     CD       2391

 BOND    =      142.5210  ANGLE   =      585.6320  DIHED      =     3227.5482
 VDWAALS =    -2117.2211  EEL     =   -18776.2780  HBOND      =        0.0000
 1-4 VDW =      973.4034  1-4 EEL =     9360.2031  RESTRAINT  =      167.5773
 EAMBER  =    -6604.1913

--------------------------------------------------------------------------------
   5.  TIMINGS
--------------------------------------------------------------------------------

|    Read coords time           0.03 ( 0.01% of Total)
|                Build the list             0.76 (99.86% of List )
|                Other                      0.00 ( 0.14% of List )
|             List time                  0.76 ( 0.20% of Nonbo)
|                   Short_ene time           386.83 (100.0% of Direc)
|                   Other                      0.03 ( 0.01% of Direc)
|                Direct Ewald time        386.86 (99.87% of Ewald)
|                Other                      0.50 ( 0.13% of Ewald)
|             Ewald time               387.36 (99.80% of Nonbo)
|          Nonbond force            388.13 (98.84% of Force)
|          Bond/Angle/Dihedral        4.51 ( 1.15% of Force)
|          Other                      0.05 ( 0.01% of Force)
|       Force time               392.68 (100.0% of Runmd)
|    Runmd Time               392.68 (98.27% of Total)
|    Other                      6.88 ( 1.72% of Total)
| Total time               399.59 (100.0% of ALL  )

| Number of list builds   :          1

| Highest rstack allocated:      22060
| Highest istack allocated:       4412
|           Job began  at 21:58:02.335  on 12/21/2025
|           Setup done at 21:58:02.744  on 12/21/2025
|           Run   done at 22:04:41.928  on 12/21/2025
|     wallclock() was called   11535 times

|3D-RISM memory allocation summary
|Type          Maximum        Current   
|Integer       0.00000 GB     0.00000 GB
|Real          0.00000 GB     0.00000 GB
|Logical       0.00000 GB     0.00000 GB
|Character     0.00000 GB     0.00000 GB
|---------------------------------------
|Total         0.00000 GB     0.00000 GB
