
          -------------------------------------------------------
          Amber 22 SANDER                              2022
          -------------------------------------------------------

| Run on 12/21/2025 at 21:58:04

|   Executable path: /home/kiran/miniforge3/envs/amber_mmgbsa/bin/sander
| Working directory: /storage/kiran-stuff/aaRS/phase2/energy_scoring/mmgbsa_amber/jobs/anc_prors_cat_THR
|          Hostname: boron

  [-O]verwriting output

File Assignments:
|  MDIN: min.in                                                                
| MDOUT: min.out                                                               
|INPCRD: complex.inpcrd                                                        
|  PARM: complex.prmtop                                                        
|RESTRT: min.rst                                                               
|  REFC: complex.inpcrd                                                        
| MDVEL: mdvel                                                                 
| MDFRC: mdfrc                                                                 
|  MDEN: mden                                                                  
| MDCRD: mdcrd                                                                 
|MDINFO: mdinfo                                                                
|  MTMD: mtmd                                                                  
|INPDIP: inpdip                                                                
|RSTDIP: rstdip                                                                
|INPTRA: inptraj                                                               


 Here is the input file:

Minimize                                                                       
 &cntrl                                                                        
  imin=1,                                                                      
  maxcyc=500,                                                                  
  ncyc=250,                                                                    
  ntb=0,                                                                       
  cut=999.0,                                                                   
  ntr=1,                                                                       
  restraint_wt=10.0,                                                           
  restraintmask='!:LIG & !@H=',                                                
 /                                                                             

--------------------------------------------------------------------------------
   1.  RESOURCE   USE: 
--------------------------------------------------------------------------------

| Flags:                                                                        
|    NONPERIODIC   ntb=0 and igb=0: Setting up nonperiodic simulation
|  *** cutoff > system size, list only builds once
|Largest sphere to fit in unit cell has radius =    59.418
| New format PARM file being parsed.
| Version =    1.000 Date = 12/21/25 Time = 21:58:03
 NATOM  =    8177 NTYPES =      21 NBONH =    4112 MBONA  =    4162
 NTHETH =    9419 MTHETA =    5627 NPHIH =   18726 MPHIA  =   17571
 NHPARM =       0 NPARM  =       0 NNB   =   45459 NRES   =     501
 NBONA  =    4162 NTHETA =    5627 NPHIA =   17571 NUMBND =      73
 NUMANG =     165 NPTRA  =     198 NATYP =      41 NPHB   =       0
 IFBOX  =       0 NMXRS  =      24 IFCAP =       0 NEXTRA =       0
 NCOPY  =       0


|     Memory Use     Allocated
|     Real             1426302
|     Hollerith          25034
|     Integer          1957526
|     Max Pairs       33427576
|     nblistReal         98124
|     nblist Int       9009555
|       Total           185424 kbytes

| Note: 1-4 EEL scale factors are being read from the topology file.

| Note: 1-4 VDW scale factors are being read from the topology file.
| Duplicated    0 dihedrals
| Duplicated    0 dihedrals

--------------------------------------------------------------------------------
   2.  CONTROL  DATA  FOR  THE  RUN
--------------------------------------------------------------------------------

default_name                                                                    

General flags:
     imin    =       1, nmropt  =       0

Nature and format of input:
     ntx     =       1, irest   =       0, ntrx    =       1

Nature and format of output:
     ntxo    =       2, ntpr    =      50, ntrx    =       1, ntwr    =       1
     iwrap   =       0, ntwx    =       0, ntwv    =       0, ntwe    =       0
     ioutfm  =       1, ntwprt  =       0, idecomp =       0, rbornstat=      0

Potential function:
     ntf     =       1, ntb     =       0, igb     =       0, nsnb    =      25
     ipol    =       0, gbsa    =       0, iesp    =       0
     dielc   =   1.00000, cut     = 999.00000, intdiel =   1.00000

Frozen or restrained atoms:
     ibelly  =       0, ntr     =       1
     restraint_wt =  10.00000

Energy minimization:
     maxcyc  =     500, ncyc    =     250, ntmin   =       1
     dx0     =   0.01000, drms    =   0.00010
|  INFO: Old style inpcrd file read


    LOADING THE CONSTRAINED ATOMS AS GROUPS


   5.  REFERENCE ATOM COORDINATES

  defa
     Mask !:LIG & !@H=; matches  4057 atoms

--------------------------------------------------------------------------------
   3.  ATOMIC COORDINATES AND VELOCITIES
--------------------------------------------------------------------------------

default_name                                                                    
 begin time read from input coords =     0.000 ps

 Number of triangulated 3-point waters found:        0

     Sum of charges from parm topology file =   4.99999883

--------------------------------------------------------------------------------
   4.  RESULTS
--------------------------------------------------------------------------------

 ---------------------------------------------------

     eedmeth=4: Setting switch to one everywhere

 ---------------------------------------------------
| Local SIZE OF NONBOND LIST =   33382531
| TOTAL SIZE OF NONBOND LIST =   33382531


   NSTEP       ENERGY          RMS            GMAX         NAME    NUMBER
      1      -7.7600E+03     3.6569E+01     3.4343E+03     O         391

 BOND    =      224.6882  ANGLE   =      976.9178  DIHED      =     5588.9170
 VDWAALS =    -2588.2566  EEL     =   -37095.6313  HBOND      =        0.0000
 1-4 VDW =     1909.5991  1-4 EEL =    23223.7382  RESTRAINT  =        0.0000


   NSTEP       ENERGY          RMS            GMAX         NAME    NUMBER
     50      -9.8818E+03     1.8227E+00     4.8331E+01     CG       4010

 BOND    =      228.7436  ANGLE   =      893.1223  DIHED      =     5590.2450
 VDWAALS =    -4095.3253  EEL     =   -37523.3055  HBOND      =        0.0000
 1-4 VDW =     1810.3807  1-4 EEL =    23148.0500  RESTRAINT  =       66.3303
 EAMBER  =    -9948.0891


   NSTEP       ENERGY          RMS            GMAX         NAME    NUMBER
    100      -1.0053E+04     1.1074E+00     3.0740E+01     CG       4010

 BOND    =      222.3315  ANGLE   =      906.9532  DIHED      =     5601.1241
 VDWAALS =    -4137.4228  EEL     =   -37710.0503  HBOND      =        0.0000
 1-4 VDW =     1789.0314  1-4 EEL =    23162.4715  RESTRAINT  =      112.2124
 EAMBER  =   -10165.5614


   NSTEP       ENERGY          RMS            GMAX         NAME    NUMBER
    150      -1.0137E+04     4.0149E-01     1.3129E+01     HG1      6273

 BOND    =      222.5576  ANGLE   =      915.1622  DIHED      =     5609.2757
 VDWAALS =    -4159.1215  EEL     =   -37814.0255  HBOND      =        0.0000
 1-4 VDW =     1783.2051  1-4 EEL =    23162.1691  RESTRAINT  =      143.9583
 EAMBER  =   -10280.7772


   NSTEP       ENERGY          RMS            GMAX         NAME    NUMBER
    200      -1.0195E+04     2.7784E-01     1.1920E+01     HG       2667

 BOND    =      223.2909  ANGLE   =      919.7882  DIHED      =     5614.1789
 VDWAALS =    -4168.6965  EEL     =   -37891.8462  HBOND      =        0.0000
 1-4 VDW =     1779.2885  1-4 EEL =    23163.6899  RESTRAINT  =      164.8495
 EAMBER  =   -10360.3064


   NSTEP       ENERGY          RMS            GMAX         NAME    NUMBER
    250      -1.0232E+04     5.3022E-01     1.8109E+01     CD1      7124

 BOND    =      225.1718  ANGLE   =      922.0601  DIHED      =     5617.2541
 VDWAALS =    -4172.9998  EEL     =   -37944.1816  HBOND      =        0.0000
 1-4 VDW =     1777.6777  1-4 EEL =    23165.2431  RESTRAINT  =      178.1421
 EAMBER  =   -10409.7747


   NSTEP       ENERGY          RMS            GMAX         NAME    NUMBER
    300      -1.0305E+04     2.9443E-01     8.7988E+00     CE2      7131

 BOND    =      226.4164  ANGLE   =      928.8008  DIHED      =     5627.3598
 VDWAALS =    -4188.9356  EEL     =   -38068.2553  HBOND      =        0.0000
 1-4 VDW =     1776.6404  1-4 EEL =    23169.9778  RESTRAINT  =      223.2572
 EAMBER  =   -10527.9955


   NSTEP       ENERGY          RMS            GMAX         NAME    NUMBER
    350      -1.0324E+04     2.5735E-01     9.1945E+00     HG1      4075

 BOND    =      226.5972  ANGLE   =      929.9142  DIHED      =     5628.9297
 VDWAALS =    -4191.4003  EEL     =   -38096.8846  HBOND      =        0.0000
 1-4 VDW =     1777.1068  1-4 EEL =    23170.9550  RESTRAINT  =      230.5701
 EAMBER  =   -10554.7820


   NSTEP       ENERGY          RMS            GMAX         NAME    NUMBER
    400      -1.0346E+04     3.9824E-01     1.7953E+01     OG1      4074

 BOND    =      228.2369  ANGLE   =      928.1976  DIHED      =     5623.4755
 VDWAALS =    -4193.3873  EEL     =   -38115.5560  HBOND      =        0.0000
 1-4 VDW =     1776.8994  1-4 EEL =    23171.4917  RESTRAINT  =      234.3508
 EAMBER  =   -10580.6422


   NSTEP       ENERGY          RMS            GMAX         NAME    NUMBER
    450      -1.0360E+04     3.3692E-01     1.2355E+01     CD       7469

 BOND    =      227.3610  ANGLE   =      928.3418  DIHED      =     5622.3165
 VDWAALS =    -4191.7046  EEL     =   -38130.8898  HBOND      =        0.0000
 1-4 VDW =     1776.5168  1-4 EEL =    23172.9863  RESTRAINT  =      234.8779
 EAMBER  =   -10595.0719


   NSTEP       ENERGY          RMS            GMAX         NAME    NUMBER
    500      -1.0375E+04     3.0230E-01     1.6272E+01     OH       1455

 BOND    =      227.1157  ANGLE   =      928.2451  DIHED      =     5619.0358
 VDWAALS =    -4190.9596  EEL     =   -38143.2147  HBOND      =        0.0000
 1-4 VDW =     1776.7472  1-4 EEL =    23172.1877  RESTRAINT  =      235.9568
 EAMBER  =   -10610.8428


  Maximum number of minimization cycles reached.


                    FINAL RESULTS



   NSTEP       ENERGY          RMS            GMAX         NAME    NUMBER
    500      -1.0375E+04     3.0230E-01     1.6272E+01     OH       1455

 BOND    =      227.1157  ANGLE   =      928.2451  DIHED      =     5619.0358
 VDWAALS =    -4190.9596  EEL     =   -38143.2147  HBOND      =        0.0000
 1-4 VDW =     1776.7472  1-4 EEL =    23172.1877  RESTRAINT  =      235.9568
 EAMBER  =   -10610.8428

--------------------------------------------------------------------------------
   5.  TIMINGS
--------------------------------------------------------------------------------

|                Build the list             1.34 (99.87% of List )
|                Other                      0.00 ( 0.13% of List )
|             List time                  1.34 ( 0.10% of Nonbo)
|                   Short_ene time          1272.78 (100.0% of Direc)
|                Direct Ewald time       1272.84 (100.0% of Ewald)
|                Other                      0.72 ( 0.06% of Ewald)
|             Ewald time              1273.56 (99.89% of Nonbo)
|          Nonbond force           1274.90 (99.34% of Force)
|          Bond/Angle/Dihedral        8.42 ( 0.66% of Force)
|          Other                      0.09 ( 0.01% of Force)
|       Force time              1283.41 (100.0% of Runmd)
|    Runmd Time              1283.41 (99.38% of Total)
|    Other                      8.00 ( 0.62% of Total)
| Total time              1291.47 (100.0% of ALL  )

| Number of list builds   :          1

| Highest rstack allocated:      40845
| Highest istack allocated:       8169
|           Job began  at 21:58:04.102  on 12/21/2025
|           Setup done at 21:58:04.602  on 12/21/2025
|           Run   done at 22:19:35.569  on 12/21/2025
|     wallclock() was called   11535 times

|3D-RISM memory allocation summary
|Type          Maximum        Current   
|Integer       0.00000 GB     0.00000 GB
|Real          0.00000 GB     0.00000 GB
|Logical       0.00000 GB     0.00000 GB
|Character     0.00000 GB     0.00000 GB
|---------------------------------------
|Total         0.00000 GB     0.00000 GB
