
          -------------------------------------------------------
          Amber 22 SANDER                              2022
          -------------------------------------------------------

| Run on 12/21/2025 at 21:58:01

|   Executable path: /home/kiran/miniforge3/envs/amber_mmgbsa/bin/sander
| Working directory: /storage/kiran-stuff/aaRS/phase2/energy_scoring/mmgbsa_amber/jobs/anc_thrrs_cat_GLY
|          Hostname: boron

  [-O]verwriting output

File Assignments:
|  MDIN: min.in                                                                
| MDOUT: min.out                                                               
|INPCRD: complex.inpcrd                                                        
|  PARM: complex.prmtop                                                        
|RESTRT: min.rst                                                               
|  REFC: complex.inpcrd                                                        
| MDVEL: mdvel                                                                 
| MDFRC: mdfrc                                                                 
|  MDEN: mden                                                                  
| MDCRD: mdcrd                                                                 
|MDINFO: mdinfo                                                                
|  MTMD: mtmd                                                                  
|INPDIP: inpdip                                                                
|RSTDIP: rstdip                                                                
|INPTRA: inptraj                                                               


 Here is the input file:

Minimize                                                                       
 &cntrl                                                                        
  imin=1,                                                                      
  maxcyc=500,                                                                  
  ncyc=250,                                                                    
  ntb=0,                                                                       
  cut=999.0,                                                                   
  ntr=1,                                                                       
  restraint_wt=10.0,                                                           
  restraintmask='!:LIG & !@H=',                                                
 /                                                                             

--------------------------------------------------------------------------------
   1.  RESOURCE   USE: 
--------------------------------------------------------------------------------

| Flags:                                                                        
|    NONPERIODIC   ntb=0 and igb=0: Setting up nonperiodic simulation
|  *** cutoff > system size, list only builds once
|Largest sphere to fit in unit cell has radius =    57.754
| New format PARM file being parsed.
| Version =    1.000 Date = 12/21/25 Time = 21:58:01
 NATOM  =    4412 NTYPES =      20 NBONH =    2157 MBONA  =    2305
 NTHETH =    4901 MTHETA =    3120 NPHIH =   10125 MPHIA  =    9715
 NHPARM =       0 NPARM  =       0 NNB   =   24294 NRES   =     279
 NBONA  =    2305 NTHETA =    3120 NPHIA =    9715 NUMBND =      72
 NUMANG =     162 NPTRA  =     194 NATYP =      40 NPHB   =       0
 IFBOX  =       0 NMXRS  =      24 IFCAP =       0 NEXTRA =       0
 NCOPY  =       0


|     Memory Use     Allocated
|     Real             1116751
|     Hollerith          13517
|     Integer          1074269
|     Max Pairs        9730666
|     nblistReal         52944
|     nblist Int       5671272
|       Total            73551 kbytes

| Note: 1-4 EEL scale factors are being read from the topology file.

| Note: 1-4 VDW scale factors are being read from the topology file.
| Duplicated    0 dihedrals
| Duplicated    0 dihedrals

--------------------------------------------------------------------------------
   2.  CONTROL  DATA  FOR  THE  RUN
--------------------------------------------------------------------------------

default_name                                                                    

General flags:
     imin    =       1, nmropt  =       0

Nature and format of input:
     ntx     =       1, irest   =       0, ntrx    =       1

Nature and format of output:
     ntxo    =       2, ntpr    =      50, ntrx    =       1, ntwr    =       1
     iwrap   =       0, ntwx    =       0, ntwv    =       0, ntwe    =       0
     ioutfm  =       1, ntwprt  =       0, idecomp =       0, rbornstat=      0

Potential function:
     ntf     =       1, ntb     =       0, igb     =       0, nsnb    =      25
     ipol    =       0, gbsa    =       0, iesp    =       0
     dielc   =   1.00000, cut     = 999.00000, intdiel =   1.00000

Frozen or restrained atoms:
     ibelly  =       0, ntr     =       1
     restraint_wt =  10.00000

Energy minimization:
     maxcyc  =     500, ncyc    =     250, ntmin   =       1
     dx0     =   0.01000, drms    =   0.00010
|  INFO: Old style inpcrd file read


    LOADING THE CONSTRAINED ATOMS AS GROUPS


   5.  REFERENCE ATOM COORDINATES

  defa
     Mask !:LIG & !@H=; matches  2250 atoms

--------------------------------------------------------------------------------
   3.  ATOMIC COORDINATES AND VELOCITIES
--------------------------------------------------------------------------------

default_name                                                                    
 begin time read from input coords =     0.000 ps

 Number of triangulated 3-point waters found:        0

     Sum of charges from parm topology file = -14.99999907

--------------------------------------------------------------------------------
   4.  RESULTS
--------------------------------------------------------------------------------

 ---------------------------------------------------

     eedmeth=4: Setting switch to one everywhere

 ---------------------------------------------------
| Local SIZE OF NONBOND LIST =    9706603
| TOTAL SIZE OF NONBOND LIST =    9706603


   NSTEP       ENERGY          RMS            GMAX         NAME    NUMBER
      1       1.3857E+04     3.0027E+03     1.8932E+05     HA        650

 BOND    =      147.3671  ANGLE   =      620.2938  DIHED      =     3216.0850
 VDWAALS =    17390.7574  EEL     =   -17974.6683  HBOND      =        0.0000
 1-4 VDW =     1034.3508  1-4 EEL =     9422.6470  RESTRAINT  =        0.0000


   NSTEP       ENERGY          RMS            GMAX         NAME    NUMBER
     50      -5.9241E+03     2.6928E+00     1.0675E+02     CD       2425

 BOND    =      161.0476  ANGLE   =      594.2341  DIHED      =     3219.4313
 VDWAALS =    -2055.4459  EEL     =   -18228.9006  HBOND      =        0.0000
 1-4 VDW =      995.4818  1-4 EEL =     9340.6267  RESTRAINT  =       49.4657
 EAMBER  =    -5973.5250


   NSTEP       ENERGY          RMS            GMAX         NAME    NUMBER
    100      -6.0916E+03     1.4749E+00     6.2608E+01     C        2813

 BOND    =      147.9482  ANGLE   =      595.5591  DIHED      =     3229.2015
 VDWAALS =    -2107.2077  EEL     =   -18378.0775  HBOND      =        0.0000
 1-4 VDW =      980.6008  1-4 EEL =     9352.5289  RESTRAINT  =       87.8674
 EAMBER  =    -6179.4467


   NSTEP       ENERGY          RMS            GMAX         NAME    NUMBER
    150      -6.1686E+03     8.8170E-01     3.8569E+01     C        2813

 BOND    =      147.9451  ANGLE   =      592.3056  DIHED      =     3235.9687
 VDWAALS =    -2129.3625  EEL     =   -18461.5477  HBOND      =        0.0000
 1-4 VDW =      975.3538  1-4 EEL =     9359.2602  RESTRAINT  =      111.4771
 EAMBER  =    -6280.0768


   NSTEP       ENERGY          RMS            GMAX         NAME    NUMBER
    200      -6.2090E+03     4.6653E-01     1.0587E+01     NE2      1048

 BOND    =      146.4391  ANGLE   =      594.1635  DIHED      =     3242.1132
 VDWAALS =    -2140.1269  EEL     =   -18514.8507  HBOND      =        0.0000
 1-4 VDW =      972.8712  1-4 EEL =     9362.6014  RESTRAINT  =      127.7931
 EAMBER  =    -6336.7890


   NSTEP       ENERGY          RMS            GMAX         NAME    NUMBER
    250      -6.2325E+03     7.3093E-01     1.9893E+01     NE2      1048

 BOND    =      147.3014  ANGLE   =      594.9103  DIHED      =     3247.3628
 VDWAALS =    -2146.5889  EEL     =   -18551.9894  HBOND      =        0.0000
 1-4 VDW =      971.7143  1-4 EEL =     9364.7015  RESTRAINT  =      140.1081
 EAMBER  =    -6372.5880


   NSTEP       ENERGY          RMS            GMAX         NAME    NUMBER
    300      -6.2984E+03     2.6142E-01     5.6620E+00     HG1      3326

 BOND    =      147.6610  ANGLE   =      597.3396  DIHED      =     3261.1352
 VDWAALS =    -2168.1642  EEL     =   -18650.9935  HBOND      =        0.0000
 1-4 VDW =      969.4065  1-4 EEL =     9362.5940  RESTRAINT  =      182.5997
 EAMBER  =    -6481.0213


   NSTEP       ENERGY          RMS            GMAX         NAME    NUMBER
    350      -6.3165E+03     3.2899E-01     7.6546E+00     CG       2947

 BOND    =      148.2659  ANGLE   =      597.0877  DIHED      =     3259.0495
 VDWAALS =    -2170.2775  EEL     =   -18662.6399  HBOND      =        0.0000
 1-4 VDW =      969.4963  1-4 EEL =     9360.3856  RESTRAINT  =      182.1125
 EAMBER  =    -6498.6325


   NSTEP       ENERGY          RMS            GMAX         NAME    NUMBER
    400      -6.3293E+03     2.6177E-01     4.9787E+00     CG2      3321

 BOND    =      148.0454  ANGLE   =      596.3127  DIHED      =     3255.7141
 VDWAALS =    -2171.0255  EEL     =   -18670.5627  HBOND      =        0.0000
 1-4 VDW =      969.3051  1-4 EEL =     9359.7774  RESTRAINT  =      183.1764
 EAMBER  =    -6512.4336


   NSTEP       ENERGY          RMS            GMAX         NAME    NUMBER
    450      -6.3334E+03     1.3970E-01     3.0034E+00     OG1      2203

 BOND    =      147.9225  ANGLE   =      595.9618  DIHED      =     3256.3428
 VDWAALS =    -2171.0224  EEL     =   -18676.6821  HBOND      =        0.0000
 1-4 VDW =      969.1214  1-4 EEL =     9361.3742  RESTRAINT  =      183.6182
 EAMBER  =    -6516.9816


   NSTEP       ENERGY          RMS            GMAX         NAME    NUMBER
    500      -6.3367E+03     4.8314E-01     2.9271E+01     HH       2704

 BOND    =      148.6250  ANGLE   =      597.5104  DIHED      =     3259.2019
 VDWAALS =    -2171.0614  EEL     =   -18685.9240  HBOND      =        0.0000
 1-4 VDW =      969.6603  1-4 EEL =     9359.9970  RESTRAINT  =      185.2785
 EAMBER  =    -6521.9908


  Maximum number of minimization cycles reached.


                    FINAL RESULTS



   NSTEP       ENERGY          RMS            GMAX         NAME    NUMBER
    500      -6.3367E+03     4.8314E-01     2.9271E+01     HH       2704

 BOND    =      148.6250  ANGLE   =      597.5104  DIHED      =     3259.2019
 VDWAALS =    -2171.0614  EEL     =   -18685.9240  HBOND      =        0.0000
 1-4 VDW =      969.6603  1-4 EEL =     9359.9970  RESTRAINT  =      185.2785
 EAMBER  =    -6521.9908

--------------------------------------------------------------------------------
   5.  TIMINGS
--------------------------------------------------------------------------------

|                Build the list             0.37 (99.73% of List )
|                Other                      0.00 ( 0.27% of List )
|             List time                  0.37 ( 0.10% of Nonbo)
|                   Short_ene time           366.49 (100.0% of Direc)
|                   Other                      0.03 ( 0.01% of Direc)
|                Direct Ewald time        366.52 (99.89% of Ewald)
|                Other                      0.38 ( 0.10% of Ewald)
|             Ewald time               366.90 (99.90% of Nonbo)
|          Nonbond force            367.27 (98.85% of Force)
|          Bond/Angle/Dihedral        4.24 ( 1.14% of Force)
|          Other                      0.03 ( 0.01% of Force)
|       Force time               371.54 (100.0% of Runmd)
|    Runmd Time               371.54 (98.33% of Total)
|    Other                      6.29 ( 1.66% of Total)
| Total time               377.84 (100.0% of ALL  )

| Number of list builds   :          1

| Highest rstack allocated:      22020
| Highest istack allocated:       4404
|           Job began  at 21:58:01.684  on 12/21/2025
|           Setup done at 21:58:02.067  on 12/21/2025
|           Run   done at 22:04:19.522  on 12/21/2025
|     wallclock() was called   11535 times

|3D-RISM memory allocation summary
|Type          Maximum        Current   
|Integer       0.00000 GB     0.00000 GB
|Real          0.00000 GB     0.00000 GB
|Logical       0.00000 GB     0.00000 GB
|Character     0.00000 GB     0.00000 GB
|---------------------------------------
|Total         0.00000 GB     0.00000 GB
