
          -------------------------------------------------------
          Amber 22 SANDER                              2022
          -------------------------------------------------------

| Run on 12/21/2025 at 22:38:36

|   Executable path: /home/kiran/miniforge3/envs/amber_mmgbsa/bin/sander
| Working directory: /storage/kiran-stuff/aaRS/phase2/energy_scoring/mmgbsa_amber/jobs/modern_thrrs_ecoli_zn_PHE
|          Hostname: boron

  [-O]verwriting output

File Assignments:
|  MDIN: min.in                                                                
| MDOUT: min.out                                                               
|INPCRD: complex.inpcrd                                                        
|  PARM: complex.prmtop                                                        
|RESTRT: min.rst                                                               
|  REFC: complex.inpcrd                                                        
| MDVEL: mdvel                                                                 
| MDFRC: mdfrc                                                                 
|  MDEN: mden                                                                  
| MDCRD: mdcrd                                                                 
|MDINFO: mdinfo                                                                
|  MTMD: mtmd                                                                  
|INPDIP: inpdip                                                                
|RSTDIP: rstdip                                                                
|INPTRA: inptraj                                                               


 Here is the input file:

Minimize                                                                       
 &cntrl                                                                        
  imin=1,                                                                      
  maxcyc=500,                                                                  
  ncyc=250,                                                                    
  ntb=0,                                                                       
  cut=999.0,                                                                   
  ntr=1,                                                                       
  restraint_wt=10.0,                                                           
  restraintmask='!:LIG & !@H=',                                                
 /                                                                             

--------------------------------------------------------------------------------
   1.  RESOURCE   USE: 
--------------------------------------------------------------------------------

| Flags:                                                                        
|    NONPERIODIC   ntb=0 and igb=0: Setting up nonperiodic simulation
|  *** cutoff > system size, list only builds once
|Largest sphere to fit in unit cell has radius =    59.979
| New format PARM file being parsed.
| Version =    1.000 Date = 12/21/25 Time = 22:38:36
 NATOM  =    6514 NTYPES =      22 NBONH =    3223 MBONA  =    3361
 NTHETH =    7333 MTHETA =    4525 NPHIH =   14889 MPHIA  =   14169
 NHPARM =       0 NPARM  =       0 NNB   =   35868 NRES   =     403
 NBONA  =    3361 NTHETA =    4525 NPHIA =   14169 NUMBND =      73
 NUMANG =     164 NPTRA  =     198 NATYP =      42 NPHB   =       0
 IFBOX  =       0 NMXRS  =      26 IFCAP =       0 NEXTRA =       0
 NCOPY  =       0


|     Memory Use     Allocated
|     Real             1289628
|     Hollerith          19947
|     Integer          1566859
|     Max Pairs       21212841
|     nblistReal         78168
|     nblist Int       7598700
|       Total           129429 kbytes

| Note: 1-4 EEL scale factors are being read from the topology file.

| Note: 1-4 VDW scale factors are being read from the topology file.
| Duplicated    0 dihedrals
| Duplicated    0 dihedrals

--------------------------------------------------------------------------------
   2.  CONTROL  DATA  FOR  THE  RUN
--------------------------------------------------------------------------------

default_name                                                                    

General flags:
     imin    =       1, nmropt  =       0

Nature and format of input:
     ntx     =       1, irest   =       0, ntrx    =       1

Nature and format of output:
     ntxo    =       2, ntpr    =      50, ntrx    =       1, ntwr    =       1
     iwrap   =       0, ntwx    =       0, ntwv    =       0, ntwe    =       0
     ioutfm  =       1, ntwprt  =       0, idecomp =       0, rbornstat=      0

Potential function:
     ntf     =       1, ntb     =       0, igb     =       0, nsnb    =      25
     ipol    =       0, gbsa    =       0, iesp    =       0
     dielc   =   1.00000, cut     = 999.00000, intdiel =   1.00000

Frozen or restrained atoms:
     ibelly  =       0, ntr     =       1
     restraint_wt =  10.00000

Energy minimization:
     maxcyc  =     500, ncyc    =     250, ntmin   =       1
     dx0     =   0.01000, drms    =   0.00010
|  INFO: Old style inpcrd file read


    LOADING THE CONSTRAINED ATOMS AS GROUPS


   5.  REFERENCE ATOM COORDINATES

  defa
     Mask !:LIG & !@H=; matches  3279 atoms

--------------------------------------------------------------------------------
   3.  ATOMIC COORDINATES AND VELOCITIES
--------------------------------------------------------------------------------

default_name                                                                    
 begin time read from input coords =     0.000 ps

 Number of triangulated 3-point waters found:        0

     Sum of charges from parm topology file =  -5.99999918

--------------------------------------------------------------------------------
   4.  RESULTS
--------------------------------------------------------------------------------

 ---------------------------------------------------

     eedmeth=4: Setting switch to one everywhere

 ---------------------------------------------------
| Local SIZE OF NONBOND LIST =   21177320
| TOTAL SIZE OF NONBOND LIST =   21177320


   NSTEP       ENERGY          RMS            GMAX         NAME    NUMBER
      1      -8.9459E+03     1.3960E+01     6.5783E+02     ZN       6491

 BOND    =      183.0014  ANGLE   =      765.5903  DIHED      =     4384.9042
 VDWAALS =    -2865.3063  EEL     =   -28190.0495  HBOND      =        0.0000
 1-4 VDW =     1842.2052  1-4 EEL =    14933.7737  RESTRAINT  =        0.0000


   NSTEP       ENERGY          RMS            GMAX         NAME    NUMBER
     50      -1.0732E+04     2.1559E+00     4.0570E+01     CG       3169

 BOND    =      183.9966  ANGLE   =      686.9423  DIHED      =     4480.4446
 VDWAALS =    -3491.2748  EEL     =   -28666.0149  HBOND      =        0.0000
 1-4 VDW =     1514.6904  1-4 EEL =    14456.9348  RESTRAINT  =      102.3979
 EAMBER  =   -10834.2810


   NSTEP       ENERGY          RMS            GMAX         NAME    NUMBER
    100      -1.0919E+04     1.1135E+00     2.0282E+01     CE1        48

 BOND    =      183.7838  ANGLE   =      705.5981  DIHED      =     4504.8502
 VDWAALS =    -3534.9292  EEL     =   -28811.3418  HBOND      =        0.0000
 1-4 VDW =     1466.4529  1-4 EEL =    14395.4894  RESTRAINT  =      171.1119
 EAMBER  =   -11090.0968


   NSTEP       ENERGY          RMS            GMAX         NAME    NUMBER
    150      -1.1035E+04     6.4552E-01     1.2592E+01     HG1      2754

 BOND    =      185.5642  ANGLE   =      722.8589  DIHED      =     4513.1141
 VDWAALS =    -3545.2233  EEL     =   -28962.8073  HBOND      =        0.0000
 1-4 VDW =     1449.8345  1-4 EEL =    14373.1093  RESTRAINT  =      228.7560
 EAMBER  =   -11263.5497


   NSTEP       ENERGY          RMS            GMAX         NAME    NUMBER
    200      -1.1100E+04     1.1581E+00     6.1573E+01     CG       1003

 BOND    =      188.9229  ANGLE   =      728.2145  DIHED      =     4515.2987
 VDWAALS =    -3552.7959  EEL     =   -29045.5535  HBOND      =        0.0000
 1-4 VDW =     1442.6087  1-4 EEL =    14364.8686  RESTRAINT  =      258.5376
 EAMBER  =   -11358.4359


   NSTEP       ENERGY          RMS            GMAX         NAME    NUMBER
    250      -1.1140E+04     6.3866E-01     1.4752E+01     NE2      2348

 BOND    =      189.1215  ANGLE   =      729.9301  DIHED      =     4519.6982
 VDWAALS =    -3555.1931  EEL     =   -29106.0506  HBOND      =        0.0000
 1-4 VDW =     1439.7722  1-4 EEL =    14362.5021  RESTRAINT  =      280.3780
 EAMBER  =   -11420.2196


   NSTEP       ENERGY          RMS            GMAX         NAME    NUMBER
    300      -1.1225E+04     5.2849E-01     2.9898E+01     CE2      5678

 BOND    =      191.0020  ANGLE   =      736.1043  DIHED      =     4527.9491
 VDWAALS =    -3565.7022  EEL     =   -29254.7149  HBOND      =        0.0000
 1-4 VDW =     1437.2352  1-4 EEL =    14354.4787  RESTRAINT  =      349.1156
 EAMBER  =   -11573.6478


   NSTEP       ENERGY          RMS            GMAX         NAME    NUMBER
    350      -1.1243E+04     2.6726E-01     8.4857E+00     HH       5677

 BOND    =      190.8454  ANGLE   =      736.6319  DIHED      =     4526.1355
 VDWAALS =    -3566.1318  EEL     =   -29282.0250  HBOND      =        0.0000
 1-4 VDW =     1437.0171  1-4 EEL =    14354.1977  RESTRAINT  =      360.0447
 EAMBER  =   -11603.3291


   NSTEP       ENERGY          RMS            GMAX         NAME    NUMBER
    400      -1.1255E+04     1.7185E-01     4.6458E+00     CG       5670

 BOND    =      190.7063  ANGLE   =      735.7498  DIHED      =     4523.9397
 VDWAALS =    -3566.8782  EEL     =   -29294.1119  HBOND      =        0.0000
 1-4 VDW =     1437.4055  1-4 EEL =    14355.6657  RESTRAINT  =      362.9987
 EAMBER  =   -11617.5231


   NSTEP       ENERGY          RMS            GMAX         NAME    NUMBER
    450      -1.1258E+04     1.5342E-01     4.6707E+00     CD       6289

 BOND    =      190.7093  ANGLE   =      735.5523  DIHED      =     4523.9124
 VDWAALS =    -3567.2470  EEL     =   -29299.8065  HBOND      =        0.0000
 1-4 VDW =     1437.6373  1-4 EEL =    14355.5445  RESTRAINT  =      365.2370
 EAMBER  =   -11623.6977


   NSTEP       ENERGY          RMS            GMAX         NAME    NUMBER
    500      -1.1262E+04     1.7509E-01     4.1564E+00     HG       1986

 BOND    =      190.7928  ANGLE   =      735.9459  DIHED      =     4524.2668
 VDWAALS =    -3567.5524  EEL     =   -29304.4901  HBOND      =        0.0000
 1-4 VDW =     1437.6033  1-4 EEL =    14355.0714  RESTRAINT  =      366.8298
 EAMBER  =   -11628.3624


  Maximum number of minimization cycles reached.


                    FINAL RESULTS



   NSTEP       ENERGY          RMS            GMAX         NAME    NUMBER
    500      -1.1262E+04     1.7509E-01     4.1564E+00     HG       1986

 BOND    =      190.7928  ANGLE   =      735.9459  DIHED      =     4524.2668
 VDWAALS =    -3567.5524  EEL     =   -29304.4901  HBOND      =        0.0000
 1-4 VDW =     1437.6033  1-4 EEL =    14355.0714  RESTRAINT  =      366.8298
 EAMBER  =   -11628.3624

--------------------------------------------------------------------------------
   5.  TIMINGS
--------------------------------------------------------------------------------

|                Build the list             0.59 (99.72% of List )
|                Other                      0.00 ( 0.28% of List )
|             List time                  0.59 ( 0.08% of Nonbo)
|                   Short_ene time           713.99 (100.0% of Direc)
|                   Other                      0.06 ( 0.01% of Direc)
|                Direct Ewald time        714.06 (100.0% of Ewald)
|                Other                      0.59 ( 0.08% of Ewald)
|             Ewald time               714.64 (100.0% of Nonbo)
|          Nonbond force            715.23 (99.23% of Force)
|          Bond/Angle/Dihedral        5.50 ( 0.76% of Force)
|          Other                      0.06 ( 0.01% of Force)
|       Force time               720.79 (100.0% of Runmd)
|    Runmd Time               720.79 (99.28% of Total)
|    Other                      5.23 ( 0.72% of Total)
| Total time               726.03 (100.0% of ALL  )

| Number of list builds   :          1

| Highest rstack allocated:      32530
| Highest istack allocated:       6506
|           Job began  at 22:38:36.820  on 12/21/2025
|           Setup done at 22:38:37.154  on 12/21/2025
|           Run   done at 22:50:42.855  on 12/21/2025
|     wallclock() was called   11535 times

|3D-RISM memory allocation summary
|Type          Maximum        Current   
|Integer       0.00000 GB     0.00000 GB
|Real          0.00000 GB     0.00000 GB
|Logical       0.00000 GB     0.00000 GB
|Character     0.00000 GB     0.00000 GB
|---------------------------------------
|Total         0.00000 GB     0.00000 GB
