
          -------------------------------------------------------
          Amber 22 SANDER                              2022
          -------------------------------------------------------

| Run on 12/21/2025 at 21:58:04

|   Executable path: /home/kiran/miniforge3/envs/amber_mmgbsa/bin/sander
| Working directory: /storage/kiran-stuff/aaRS/phase2/energy_scoring/mmgbsa_amber/jobs/anc_prors_cat_GLU
|          Hostname: boron

  [-O]verwriting output

File Assignments:
|  MDIN: min.in                                                                
| MDOUT: min.out                                                               
|INPCRD: complex.inpcrd                                                        
|  PARM: complex.prmtop                                                        
|RESTRT: min.rst                                                               
|  REFC: complex.inpcrd                                                        
| MDVEL: mdvel                                                                 
| MDFRC: mdfrc                                                                 
|  MDEN: mden                                                                  
| MDCRD: mdcrd                                                                 
|MDINFO: mdinfo                                                                
|  MTMD: mtmd                                                                  
|INPDIP: inpdip                                                                
|RSTDIP: rstdip                                                                
|INPTRA: inptraj                                                               


 Here is the input file:

Minimize                                                                       
 &cntrl                                                                        
  imin=1,                                                                      
  maxcyc=500,                                                                  
  ncyc=250,                                                                    
  ntb=0,                                                                       
  cut=999.0,                                                                   
  ntr=1,                                                                       
  restraint_wt=10.0,                                                           
  restraintmask='!:LIG & !@H=',                                                
 /                                                                             

--------------------------------------------------------------------------------
   1.  RESOURCE   USE: 
--------------------------------------------------------------------------------

| Flags:                                                                        
|    NONPERIODIC   ntb=0 and igb=0: Setting up nonperiodic simulation
|  *** cutoff > system size, list only builds once
|Largest sphere to fit in unit cell has radius =    65.588
| New format PARM file being parsed.
| Version =    1.000 Date = 12/21/25 Time = 21:58:04
 NATOM  =    8179 NTYPES =      21 NBONH =    4112 MBONA  =    4164
 NTHETH =    9420 MTHETA =    5629 NPHIH =   18731 MPHIA  =   17572
 NHPARM =       0 NPARM  =       0 NNB   =   45469 NRES   =     501
 NBONA  =    4164 NTHETA =    5629 NPHIA =   17572 NUMBND =      73
 NUMANG =     164 NPTRA  =     199 NATYP =      41 NPHB   =       0
 IFBOX  =       0 NMXRS  =      24 IFCAP =       0 NEXTRA =       0
 NCOPY  =       0


|     Memory Use     Allocated
|     Real             1426472
|     Hollerith          25040
|     Integer          1957872
|     Max Pairs       33443931
|     nblistReal         98148
|     nblist Int       9507638
|       Total           187436 kbytes

| Note: 1-4 EEL scale factors are being read from the topology file.

| Note: 1-4 VDW scale factors are being read from the topology file.
| Duplicated    0 dihedrals
| Duplicated    0 dihedrals

--------------------------------------------------------------------------------
   2.  CONTROL  DATA  FOR  THE  RUN
--------------------------------------------------------------------------------

default_name                                                                    

General flags:
     imin    =       1, nmropt  =       0

Nature and format of input:
     ntx     =       1, irest   =       0, ntrx    =       1

Nature and format of output:
     ntxo    =       2, ntpr    =      50, ntrx    =       1, ntwr    =       1
     iwrap   =       0, ntwx    =       0, ntwv    =       0, ntwe    =       0
     ioutfm  =       1, ntwprt  =       0, idecomp =       0, rbornstat=      0

Potential function:
     ntf     =       1, ntb     =       0, igb     =       0, nsnb    =      25
     ipol    =       0, gbsa    =       0, iesp    =       0
     dielc   =   1.00000, cut     = 999.00000, intdiel =   1.00000

Frozen or restrained atoms:
     ibelly  =       0, ntr     =       1
     restraint_wt =  10.00000

Energy minimization:
     maxcyc  =     500, ncyc    =     250, ntmin   =       1
     dx0     =   0.01000, drms    =   0.00010
|  INFO: Old style inpcrd file read


    LOADING THE CONSTRAINED ATOMS AS GROUPS


   5.  REFERENCE ATOM COORDINATES

  defa
     Mask !:LIG & !@H=; matches  4057 atoms

--------------------------------------------------------------------------------
   3.  ATOMIC COORDINATES AND VELOCITIES
--------------------------------------------------------------------------------

default_name                                                                    
 begin time read from input coords =     0.000 ps

 Number of triangulated 3-point waters found:        0

     Sum of charges from parm topology file =   5.00000083

--------------------------------------------------------------------------------
   4.  RESULTS
--------------------------------------------------------------------------------

 ---------------------------------------------------

     eedmeth=4: Setting switch to one everywhere

 ---------------------------------------------------
| Local SIZE OF NONBOND LIST =   33398876
| TOTAL SIZE OF NONBOND LIST =   33398876


   NSTEP       ENERGY          RMS            GMAX         NAME    NUMBER
      1      -7.7750E+03     1.9701E+01     1.5213E+03     O         391

 BOND    =      243.8991  ANGLE   =      974.7568  DIHED      =     5579.5972
 VDWAALS =    -2774.2236  EEL     =   -36974.2671  HBOND      =        0.0000
 1-4 VDW =     1922.9612  1-4 EEL =    23252.2853  RESTRAINT  =        0.0000


   NSTEP       ENERGY          RMS            GMAX         NAME    NUMBER
     50      -9.8414E+03     1.9218E+00     1.2354E+02     CG       7780

 BOND    =      225.7358  ANGLE   =      875.2574  DIHED      =     5584.3157
 VDWAALS =    -4128.4286  EEL     =   -37476.5981  HBOND      =        0.0000
 1-4 VDW =     1816.8316  1-4 EEL =    23186.9063  RESTRAINT  =       74.5499
 EAMBER  =    -9915.9798


   NSTEP       ENERGY          RMS            GMAX         NAME    NUMBER
    100      -1.0022E+04     9.7519E-01     2.8398E+01     CZ       3181

 BOND    =      219.8283  ANGLE   =      897.3874  DIHED      =     5594.2349
 VDWAALS =    -4175.0767  EEL     =   -37679.1231  HBOND      =        0.0000
 1-4 VDW =     1799.0002  1-4 EEL =    23198.6280  RESTRAINT  =      123.0245
 EAMBER  =   -10145.1210


   NSTEP       ENERGY          RMS            GMAX         NAME    NUMBER
    150      -1.0103E+04     4.5849E-01     1.3639E+01     CG       7780

 BOND    =      219.5672  ANGLE   =      902.3389  DIHED      =     5604.2459
 VDWAALS =    -4194.5852  EEL     =   -37783.5022  HBOND      =        0.0000
 1-4 VDW =     1792.8137  1-4 EEL =    23200.2208  RESTRAINT  =      155.6658
 EAMBER  =   -10258.9010


   NSTEP       ENERGY          RMS            GMAX         NAME    NUMBER
    200      -1.0156E+04     2.3452E-01     1.0703E+01     HG       2667

 BOND    =      220.4840  ANGLE   =      908.8798  DIHED      =     5611.0677
 VDWAALS =    -4204.7327  EEL     =   -37859.6890  HBOND      =        0.0000
 1-4 VDW =     1789.3915  1-4 EEL =    23200.1417  RESTRAINT  =      178.2211
 EAMBER  =   -10334.4570


   NSTEP       ENERGY          RMS            GMAX         NAME    NUMBER
    250      -1.0194E+04     5.4671E-01     2.0752E+01     CG         27

 BOND    =      222.1978  ANGLE   =      912.9866  DIHED      =     5615.5941
 VDWAALS =    -4210.2929  EEL     =   -37917.3290  HBOND      =        0.0000
 1-4 VDW =     1787.8175  1-4 EEL =    23200.6694  RESTRAINT  =      194.6667
 EAMBER  =   -10388.3565


   NSTEP       ENERGY          RMS            GMAX         NAME    NUMBER
    300      -1.0297E+04     2.7934E-01     8.0624E+00     CG         27

 BOND    =      222.5243  ANGLE   =      917.0527  DIHED      =     5623.2390
 VDWAALS =    -4223.5312  EEL     =   -38074.5719  HBOND      =        0.0000
 1-4 VDW =     1786.9202  1-4 EEL =    23211.3503  RESTRAINT  =      239.9251
 EAMBER  =   -10537.0166


   NSTEP       ENERGY          RMS            GMAX         NAME    NUMBER
    350      -1.0316E+04     2.7099E-01     7.9065E+00     CB       6266

 BOND    =      223.1931  ANGLE   =      916.9091  DIHED      =     5625.8214
 VDWAALS =    -4223.8539  EEL     =   -38104.2371  HBOND      =        0.0000
 1-4 VDW =     1786.9333  1-4 EEL =    23213.3391  RESTRAINT  =      245.8195
 EAMBER  =   -10561.8949


   NSTEP       ENERGY          RMS            GMAX         NAME    NUMBER
    400      -1.0338E+04     2.2754E-01     6.8646E+00     OG1      6885

 BOND    =      222.9954  ANGLE   =      916.7334  DIHED      =     5620.8705
 VDWAALS =    -4225.4791  EEL     =   -38123.0435  HBOND      =        0.0000
 1-4 VDW =     1787.1530  1-4 EEL =    23213.1636  RESTRAINT  =      249.5807
 EAMBER  =   -10587.6067


   NSTEP       ENERGY          RMS            GMAX         NAME    NUMBER
    450      -1.0357E+04     2.4422E-01     9.8453E+00     CZ       7557

 BOND    =      223.5075  ANGLE   =      916.3144  DIHED      =     5615.1584
 VDWAALS =    -4226.1672  EEL     =   -38136.8829  HBOND      =        0.0000
 1-4 VDW =     1787.1086  1-4 EEL =    23212.8834  RESTRAINT  =      251.2564
 EAMBER  =   -10608.0778


   NSTEP       ENERGY          RMS            GMAX         NAME    NUMBER
    500      -1.0365E+04     1.4253E-01     3.7143E+00     CD1      7553

 BOND    =      223.5697  ANGLE   =      916.0705  DIHED      =     5614.1626
 VDWAALS =    -4225.5111  EEL     =   -38144.9418  HBOND      =        0.0000
 1-4 VDW =     1787.1848  1-4 EEL =    23212.1951  RESTRAINT  =      251.9806
 EAMBER  =   -10617.2702


  Maximum number of minimization cycles reached.


                    FINAL RESULTS



   NSTEP       ENERGY          RMS            GMAX         NAME    NUMBER
    500      -1.0365E+04     1.4253E-01     3.7143E+00     CD1      7553

 BOND    =      223.5697  ANGLE   =      916.0705  DIHED      =     5614.1626
 VDWAALS =    -4225.5111  EEL     =   -38144.9418  HBOND      =        0.0000
 1-4 VDW =     1787.1848  1-4 EEL =    23212.1951  RESTRAINT  =      251.9806
 EAMBER  =   -10617.2702

--------------------------------------------------------------------------------
   5.  TIMINGS
--------------------------------------------------------------------------------

|                Build the list             1.55 (98.62% of List )
|                Other                      0.02 ( 1.38% of List )
|             List time                  1.57 ( 0.12% of Nonbo)
|                   Short_ene time          1290.53 (100.0% of Direc)
|                Direct Ewald time       1290.58 (100.0% of Ewald)
|                Other                      0.83 ( 0.06% of Ewald)
|             Ewald time              1291.41 (99.88% of Nonbo)
|          Nonbond force           1292.98 (99.36% of Force)
|          Bond/Angle/Dihedral        8.20 ( 0.63% of Force)
|          Other                      0.13 ( 0.01% of Force)
|       Force time              1301.32 (100.0% of Runmd)
|    Runmd Time              1301.32 (99.33% of Total)
|    Other                      8.75 ( 0.67% of Total)
| Total time              1310.13 (100.0% of ALL  )

| Number of list builds   :          1

| Highest rstack allocated:      40860
| Highest istack allocated:       8172
|           Job began  at 21:58:04.881  on 12/21/2025
|           Setup done at 21:58:05.586  on 12/21/2025
|           Run   done at 22:19:55.008  on 12/21/2025
|     wallclock() was called   11535 times

|3D-RISM memory allocation summary
|Type          Maximum        Current   
|Integer       0.00000 GB     0.00000 GB
|Real          0.00000 GB     0.00000 GB
|Logical       0.00000 GB     0.00000 GB
|Character     0.00000 GB     0.00000 GB
|---------------------------------------
|Total         0.00000 GB     0.00000 GB
