
          -------------------------------------------------------
          Amber 22 SANDER                              2022
          -------------------------------------------------------

| Run on 12/21/2025 at 22:12:53

|   Executable path: /home/kiran/miniforge3/envs/amber_mmgbsa/bin/sander
| Working directory: /storage/kiran-stuff/aaRS/phase2/energy_scoring/mmgbsa_amber/jobs/modern_ecoli_thrrs_bHNV
|          Hostname: boron

  [-O]verwriting output

File Assignments:
|  MDIN: min.in                                                                
| MDOUT: min.out                                                               
|INPCRD: complex.inpcrd                                                        
|  PARM: complex.prmtop                                                        
|RESTRT: min.rst                                                               
|  REFC: complex.inpcrd                                                        
| MDVEL: mdvel                                                                 
| MDFRC: mdfrc                                                                 
|  MDEN: mden                                                                  
| MDCRD: mdcrd                                                                 
|MDINFO: mdinfo                                                                
|  MTMD: mtmd                                                                  
|INPDIP: inpdip                                                                
|RSTDIP: rstdip                                                                
|INPTRA: inptraj                                                               


 Here is the input file:

Minimize                                                                       
 &cntrl                                                                        
  imin=1,                                                                      
  maxcyc=500,                                                                  
  ncyc=250,                                                                    
  ntb=0,                                                                       
  cut=999.0,                                                                   
  ntr=1,                                                                       
  restraint_wt=10.0,                                                           
  restraintmask='!:LIG & !@H=',                                                
 /                                                                             

--------------------------------------------------------------------------------
   1.  RESOURCE   USE: 
--------------------------------------------------------------------------------

| Flags:                                                                        
|    NONPERIODIC   ntb=0 and igb=0: Setting up nonperiodic simulation
|  *** cutoff > system size, list only builds once
|Largest sphere to fit in unit cell has radius =    73.305
| New format PARM file being parsed.
| Version =    1.000 Date = 12/21/25 Time = 22:12:52
 NATOM  =   10328 NTYPES =      21 NBONH =    5198 MBONA  =    5219
 NTHETH =   11894 MTHETA =    7060 NPHIH =   23573 MPHIA  =   22347
 NHPARM =       0 NPARM  =       0 NNB   =   57181 NRES   =     664
 NBONA  =    5219 NTHETA =    7060 NPHIA =   22347 NUMBND =      73
 NUMANG =     165 NPTRA  =     199 NATYP =      41 NPHB   =       0
 IFBOX  =       0 NMXRS  =      24 IFCAP =       0 NEXTRA =       0
 NCOPY  =       0


|     Memory Use     Allocated
|     Real             1603418
|     Hollerith          31650
|     Integer          2468433
|     Max Pairs       53328628
|     nblistReal        123936
|     nblist Int      16718159
|       Total           296881 kbytes

| Note: 1-4 EEL scale factors are being read from the topology file.

| Note: 1-4 VDW scale factors are being read from the topology file.
| Duplicated    0 dihedrals
| Duplicated    0 dihedrals

--------------------------------------------------------------------------------
   2.  CONTROL  DATA  FOR  THE  RUN
--------------------------------------------------------------------------------

default_name                                                                    

General flags:
     imin    =       1, nmropt  =       0

Nature and format of input:
     ntx     =       1, irest   =       0, ntrx    =       1

Nature and format of output:
     ntxo    =       2, ntpr    =      50, ntrx    =       1, ntwr    =       1
     iwrap   =       0, ntwx    =       0, ntwv    =       0, ntwe    =       0
     ioutfm  =       1, ntwprt  =       0, idecomp =       0, rbornstat=      0

Potential function:
     ntf     =       1, ntb     =       0, igb     =       0, nsnb    =      25
     ipol    =       0, gbsa    =       0, iesp    =       0
     dielc   =   1.00000, cut     = 999.00000, intdiel =   1.00000

Frozen or restrained atoms:
     ibelly  =       0, ntr     =       1
     restraint_wt =  10.00000

Energy minimization:
     maxcyc  =     500, ncyc    =     250, ntmin   =       1
     dx0     =   0.01000, drms    =   0.00010
|  INFO: Old style inpcrd file read


    LOADING THE CONSTRAINED ATOMS AS GROUPS


   5.  REFERENCE ATOM COORDINATES

  defa
     Mask !:LIG & !@H=; matches  5121 atoms

--------------------------------------------------------------------------------
   3.  ATOMIC COORDINATES AND VELOCITIES
--------------------------------------------------------------------------------

default_name                                                                    
 begin time read from input coords =     0.000 ps

 Number of triangulated 3-point waters found:        0

     Sum of charges from parm topology file = -16.99999828

--------------------------------------------------------------------------------
   4.  RESULTS
--------------------------------------------------------------------------------

 ---------------------------------------------------

     eedmeth=4: Setting switch to one everywhere

 ---------------------------------------------------
| Local SIZE OF NONBOND LIST =   53271949
| TOTAL SIZE OF NONBOND LIST =   53271949


   NSTEP       ENERGY          RMS            GMAX         NAME    NUMBER
      1       3.7436E+04     2.0176E+03     1.6738E+05     O        8554

 BOND    =      323.7524  ANGLE   =     1149.5779  DIHED      =     7600.8901
 VDWAALS =    44130.3567  EEL     =   -45159.4031  HBOND      =        0.0000
 1-4 VDW =     2511.8351  1-4 EEL =    26878.7772  RESTRAINT  =        0.0000


   NSTEP       ENERGY          RMS            GMAX         NAME    NUMBER
     50      -1.1083E+04     1.1928E+00     3.5496E+01     C        7226

 BOND    =      326.1651  ANGLE   =     1247.7291  DIHED      =     7638.0891
 VDWAALS =    -4081.5995  EEL     =   -45525.5587  HBOND      =        0.0000
 1-4 VDW =     2435.5923  1-4 EEL =    26721.1016  RESTRAINT  =      155.8817
 EAMBER  =   -11238.4810


   NSTEP       ENERGY          RMS            GMAX         NAME    NUMBER
    100      -1.1488E+04     8.3735E-01     1.9833E+01     C         608

 BOND    =      303.1487  ANGLE   =     1221.4646  DIHED      =     7650.9846
 VDWAALS =    -4297.7109  EEL     =   -45740.2218  HBOND      =        0.0000
 1-4 VDW =     2373.6246  1-4 EEL =    26725.1274  RESTRAINT  =      275.3368
 EAMBER  =   -11763.5829


   NSTEP       ENERGY          RMS            GMAX         NAME    NUMBER
    150      -1.1627E+04     3.2312E-01     8.4032E+00     CG        871

 BOND    =      301.1670  ANGLE   =     1211.0354  DIHED      =     7658.8642
 VDWAALS =    -4373.5065  EEL     =   -45840.6246  HBOND      =        0.0000
 1-4 VDW =     2353.5487  1-4 EEL =    26723.6978  RESTRAINT  =      338.5630
 EAMBER  =   -11965.8181


   NSTEP       ENERGY          RMS            GMAX         NAME    NUMBER
    200      -1.1706E+04     8.1197E-01     4.3135E+01     CG        871

 BOND    =      303.3888  ANGLE   =     1209.5780  DIHED      =     7665.1398
 VDWAALS =    -4414.9506  EEL     =   -45915.0763  HBOND      =        0.0000
 1-4 VDW =     2343.0724  1-4 EEL =    26721.0355  RESTRAINT  =      381.3692
 EAMBER  =   -12087.8123


   NSTEP       ENERGY          RMS            GMAX         NAME    NUMBER
    250      -1.1762E+04     4.5402E-01     9.0523E+00     CG        871

 BOND    =      300.5075  ANGLE   =     1212.2132  DIHED      =     7670.2180
 VDWAALS =    -4438.9691  EEL     =   -45971.1756  HBOND      =        0.0000
 1-4 VDW =     2336.9222  1-4 EEL =    26719.1282  RESTRAINT  =      409.4969
 EAMBER  =   -12171.1557


   NSTEP       ENERGY          RMS            GMAX         NAME    NUMBER
    300      -1.1875E+04     3.0116E-01     1.4693E+01     CG        871

 BOND    =      301.1181  ANGLE   =     1217.2799  DIHED      =     7690.2569
 VDWAALS =    -4500.5582  EEL     =   -46121.5526  HBOND      =        0.0000
 1-4 VDW =     2327.8088  1-4 EEL =    26708.8650  RESTRAINT  =      502.1477
 EAMBER  =   -12376.7820


   NSTEP       ENERGY          RMS            GMAX         NAME    NUMBER
    350      -1.1900E+04     1.8631E-01     5.1333E+00     CZ       1861

 BOND    =      299.6435  ANGLE   =     1216.7759  DIHED      =     7690.3607
 VDWAALS =    -4505.3088  EEL     =   -46146.9337  HBOND      =        0.0000
 1-4 VDW =     2327.8731  1-4 EEL =    26708.4080  RESTRAINT  =      508.7037
 EAMBER  =   -12409.1813


   NSTEP       ENERGY          RMS            GMAX         NAME    NUMBER
    400      -1.1915E+04     1.5128E-01     4.3801E+00     OG1      9890

 BOND    =      299.6555  ANGLE   =     1216.0278  DIHED      =     7689.1064
 VDWAALS =    -4509.3709  EEL     =   -46159.2838  HBOND      =        0.0000
 1-4 VDW =     2327.4430  1-4 EEL =    26706.1173  RESTRAINT  =      515.7460
 EAMBER  =   -12430.3046


   NSTEP       ENERGY          RMS            GMAX         NAME    NUMBER
    450      -1.1922E+04     1.2327E-01     4.2872E+00     OG       5378

 BOND    =      299.4305  ANGLE   =     1214.9595  DIHED      =     7689.7413
 VDWAALS =    -4512.6196  EEL     =   -46166.1319  HBOND      =        0.0000
 1-4 VDW =     2327.2738  1-4 EEL =    26705.1250  RESTRAINT  =      520.1961
 EAMBER  =   -12442.2213


   NSTEP       ENERGY          RMS            GMAX         NAME    NUMBER
    500      -1.1926E+04     1.1731E-01     3.9292E+00     OG       5378

 BOND    =      299.3542  ANGLE   =     1214.3895  DIHED      =     7690.0690
 VDWAALS =    -4514.5446  EEL     =   -46171.7434  HBOND      =        0.0000
 1-4 VDW =     2327.2923  1-4 EEL =    26705.9049  RESTRAINT  =      522.8567
 EAMBER  =   -12449.2780


  Maximum number of minimization cycles reached.


                    FINAL RESULTS



   NSTEP       ENERGY          RMS            GMAX         NAME    NUMBER
    500      -1.1926E+04     1.1731E-01     3.9292E+00     OG       5378

 BOND    =      299.3542  ANGLE   =     1214.3895  DIHED      =     7690.0690
 VDWAALS =    -4514.5446  EEL     =   -46171.7434  HBOND      =        0.0000
 1-4 VDW =     2327.2923  1-4 EEL =    26705.9049  RESTRAINT  =      522.8567
 EAMBER  =   -12449.2780

--------------------------------------------------------------------------------
   5.  TIMINGS
--------------------------------------------------------------------------------

|                Build the list             2.34 (99.89% of List )
|                Other                      0.00 ( 0.11% of List )
|             List time                  2.34 ( 0.12% of Nonbo)
|                   Short_ene time          1922.52 (100.0% of Direc)
|                Direct Ewald time       1922.60 (100.0% of Ewald)
|                Other                      0.92 ( 0.05% of Ewald)
|             Ewald time              1923.52 (99.88% of Nonbo)
|          Nonbond force           1925.86 (99.50% of Force)
|          Bond/Angle/Dihedral        9.63 ( 0.50% of Force)
|          Other                      0.12 ( 0.01% of Force)
|       Force time              1935.62 (100.0% of Runmd)
|    Runmd Time              1935.62 (99.53% of Total)
|    Other                      9.06 ( 0.47% of Total)
| Total time              1944.70 (100.0% of ALL  )

| Number of list builds   :          1

| Highest rstack allocated:      51600
| Highest istack allocated:      10320
|           Job began  at 22:12:53.073  on 12/21/2025
|           Setup done at 22:12:53.710  on 12/21/2025
|           Run   done at 22:45:17.773  on 12/21/2025
|     wallclock() was called   11535 times

|3D-RISM memory allocation summary
|Type          Maximum        Current   
|Integer       0.00000 GB     0.00000 GB
|Real          0.00000 GB     0.00000 GB
|Logical       0.00000 GB     0.00000 GB
|Character     0.00000 GB     0.00000 GB
|---------------------------------------
|Total         0.00000 GB     0.00000 GB
