
          -------------------------------------------------------
          Amber 22 SANDER                              2022
          -------------------------------------------------------

| Run on 12/21/2025 at 21:58:03

|   Executable path: /home/kiran/miniforge3/envs/amber_mmgbsa/bin/sander
| Working directory: /storage/kiran-stuff/aaRS/phase2/energy_scoring/mmgbsa_amber/jobs/anc_thrrs_cat_HIS
|          Hostname: boron

  [-O]verwriting output

File Assignments:
|  MDIN: min.in                                                                
| MDOUT: min.out                                                               
|INPCRD: complex.inpcrd                                                        
|  PARM: complex.prmtop                                                        
|RESTRT: min.rst                                                               
|  REFC: complex.inpcrd                                                        
| MDVEL: mdvel                                                                 
| MDFRC: mdfrc                                                                 
|  MDEN: mden                                                                  
| MDCRD: mdcrd                                                                 
|MDINFO: mdinfo                                                                
|  MTMD: mtmd                                                                  
|INPDIP: inpdip                                                                
|RSTDIP: rstdip                                                                
|INPTRA: inptraj                                                               


 Here is the input file:

Minimize                                                                       
 &cntrl                                                                        
  imin=1,                                                                      
  maxcyc=500,                                                                  
  ncyc=250,                                                                    
  ntb=0,                                                                       
  cut=999.0,                                                                   
  ntr=1,                                                                       
  restraint_wt=10.0,                                                           
  restraintmask='!:LIG & !@H=',                                                
 /                                                                             

--------------------------------------------------------------------------------
   1.  RESOURCE   USE: 
--------------------------------------------------------------------------------

| Flags:                                                                        
|    NONPERIODIC   ntb=0 and igb=0: Setting up nonperiodic simulation
|  *** cutoff > system size, list only builds once
|Largest sphere to fit in unit cell has radius =    52.465
| New format PARM file being parsed.
| Version =    1.000 Date = 12/21/25 Time = 21:58:02
 NATOM  =    4422 NTYPES =      23 NBONH =    2161 MBONA  =    2312
 NTHETH =    4911 MTHETA =    3130 NPHIH =   10140 MPHIA  =    9728
 NHPARM =       0 NPARM  =       0 NNB   =   24352 NRES   =     279
 NBONA  =    2312 NTHETA =    3130 NPHIA =    9728 NUMBND =      75
 NUMANG =     170 NPTRA  =     201 NATYP =      43 NPHB   =       0
 IFBOX  =       0 NMXRS  =      24 IFCAP =       0 NEXTRA =       0
 NCOPY  =       0


|     Memory Use     Allocated
|     Real             1117800
|     Hollerith          13547
|     Integer          1076119
|     Max Pairs        9774831
|     nblistReal         53064
|     nblist Int       5474801
|       Total            72972 kbytes

| Note: 1-4 EEL scale factors are being read from the topology file.

| Note: 1-4 VDW scale factors are being read from the topology file.
| Duplicated    0 dihedrals
| Duplicated    0 dihedrals

--------------------------------------------------------------------------------
   2.  CONTROL  DATA  FOR  THE  RUN
--------------------------------------------------------------------------------

default_name                                                                    

General flags:
     imin    =       1, nmropt  =       0

Nature and format of input:
     ntx     =       1, irest   =       0, ntrx    =       1

Nature and format of output:
     ntxo    =       2, ntpr    =      50, ntrx    =       1, ntwr    =       1
     iwrap   =       0, ntwx    =       0, ntwv    =       0, ntwe    =       0
     ioutfm  =       1, ntwprt  =       0, idecomp =       0, rbornstat=      0

Potential function:
     ntf     =       1, ntb     =       0, igb     =       0, nsnb    =      25
     ipol    =       0, gbsa    =       0, iesp    =       0
     dielc   =   1.00000, cut     = 999.00000, intdiel =   1.00000

Frozen or restrained atoms:
     ibelly  =       0, ntr     =       1
     restraint_wt =  10.00000

Energy minimization:
     maxcyc  =     500, ncyc    =     250, ntmin   =       1
     dx0     =   0.01000, drms    =   0.00010
|  INFO: Old style inpcrd file read


    LOADING THE CONSTRAINED ATOMS AS GROUPS


   5.  REFERENCE ATOM COORDINATES

  defa
     Mask !:LIG & !@H=; matches  2250 atoms

--------------------------------------------------------------------------------
   3.  ATOMIC COORDINATES AND VELOCITIES
--------------------------------------------------------------------------------

default_name                                                                    
 begin time read from input coords =     0.000 ps

 Number of triangulated 3-point waters found:        0

     Sum of charges from parm topology file = -15.00000007

--------------------------------------------------------------------------------
   4.  RESULTS
--------------------------------------------------------------------------------

 ---------------------------------------------------

     eedmeth=4: Setting switch to one everywhere

 ---------------------------------------------------
| Local SIZE OF NONBOND LIST =    9750712
| TOTAL SIZE OF NONBOND LIST =    9750712


   NSTEP       ENERGY          RMS            GMAX         NAME    NUMBER
      1      -3.1796E+03     8.9214E+01     3.9650E+03     HB3      1864

 BOND    =      173.3343  ANGLE   =      628.7616  DIHED      =     3212.1649
 VDWAALS =      482.7815  EEL     =   -18154.8336  HBOND      =        0.0000
 1-4 VDW =     1049.3662  1-4 EEL =     9428.8655  RESTRAINT  =        0.0000


   NSTEP       ENERGY          RMS            GMAX         NAME    NUMBER
     50      -6.0927E+03     7.3066E-01     1.7739E+01     HG1      3326

 BOND    =      142.9754  ANGLE   =      608.1150  DIHED      =     3214.5211
 VDWAALS =    -2027.8949  EEL     =   -18438.3849  HBOND      =        0.0000
 1-4 VDW =      998.1793  1-4 EEL =     9353.0816  RESTRAINT  =       56.6762
 EAMBER  =    -6149.4073


   NSTEP       ENERGY          RMS            GMAX         NAME    NUMBER
    100      -6.2244E+03     4.1224E-01     9.1986E+00     HG1       983

 BOND    =      143.2406  ANGLE   =      599.3745  DIHED      =     3218.7897
 VDWAALS =    -2070.6813  EEL     =   -18558.6371  HBOND      =        0.0000
 1-4 VDW =      984.1179  1-4 EEL =     9365.0210  RESTRAINT  =       94.3360
 EAMBER  =    -6318.7748


   NSTEP       ENERGY          RMS            GMAX         NAME    NUMBER
    150      -6.2739E+03     9.3843E-01     2.4484E+01     CD       3800

 BOND    =      144.5551  ANGLE   =      597.6961  DIHED      =     3222.2941
 VDWAALS =    -2088.4774  EEL     =   -18614.7144  HBOND      =        0.0000
 1-4 VDW =      979.2983  1-4 EEL =     9368.4468  RESTRAINT  =      117.0260
 EAMBER  =    -6390.9014


   NSTEP       ENERGY          RMS            GMAX         NAME    NUMBER
    200      -6.3002E+03     5.3155E-01     1.7446E+01     CG       2410

 BOND    =      143.2090  ANGLE   =      598.9035  DIHED      =     3225.7537
 VDWAALS =    -2097.7162  EEL     =   -18648.1855  HBOND      =        0.0000
 1-4 VDW =      977.4177  1-4 EEL =     9369.7284  RESTRAINT  =      130.6669
 EAMBER  =    -6430.8896


   NSTEP       ENERGY          RMS            GMAX         NAME    NUMBER
    250      -6.3162E+03     1.7998E-01     6.0523E+00     HG       4185

 BOND    =      142.9576  ANGLE   =      597.7252  DIHED      =     3228.7351
 VDWAALS =    -2103.4390  EEL     =   -18669.0543  HBOND      =        0.0000
 1-4 VDW =      976.6397  1-4 EEL =     9370.1720  RESTRAINT  =      140.0719
 EAMBER  =    -6456.2638


   NSTEP       ENERGY          RMS            GMAX         NAME    NUMBER
    300      -6.3724E+03     4.6607E-01     1.8076E+01     CD       4217

 BOND    =      143.4334  ANGLE   =      595.9374  DIHED      =     3241.0023
 VDWAALS =    -2119.6625  EEL     =   -18749.3838  HBOND      =        0.0000
 1-4 VDW =      974.5144  1-4 EEL =     9372.0704  RESTRAINT  =      169.7246
 EAMBER  =    -6542.0884


   NSTEP       ENERGY          RMS            GMAX         NAME    NUMBER
    350      -6.3933E+03     2.6081E-01     5.1658E+00     OG        333

 BOND    =      143.3599  ANGLE   =      594.0771  DIHED      =     3240.1135
 VDWAALS =    -2120.8880  EEL     =   -18767.2960  HBOND      =        0.0000
 1-4 VDW =      974.2096  1-4 EEL =     9369.6825  RESTRAINT  =      173.4566
 EAMBER  =    -6566.7414


   NSTEP       ENERGY          RMS            GMAX         NAME    NUMBER
    400      -6.4041E+03     2.9293E-01     6.0230E+00     CG       2410

 BOND    =      143.3129  ANGLE   =      592.3698  DIHED      =     3235.6393
 VDWAALS =    -2121.6831  EEL     =   -18771.2697  HBOND      =        0.0000
 1-4 VDW =      974.1810  1-4 EEL =     9370.1304  RESTRAINT  =      173.1766
 EAMBER  =    -6577.3194


   NSTEP       ENERGY          RMS            GMAX         NAME    NUMBER
    450      -6.4090E+03     2.0379E-01     4.5146E+00     CD1      3000

 BOND    =      143.1104  ANGLE   =      591.1881  DIHED      =     3235.0362
 VDWAALS =    -2121.7449  EEL     =   -18773.5679  HBOND      =        0.0000
 1-4 VDW =      973.9334  1-4 EEL =     9370.1210  RESTRAINT  =      172.9026
 EAMBER  =    -6581.9237


   NSTEP       ENERGY          RMS            GMAX         NAME    NUMBER
    500      -6.4126E+03     1.1063E-01     2.0838E+00     CA       4172

 BOND    =      143.1203  ANGLE   =      590.4305  DIHED      =     3235.7594
 VDWAALS =    -2121.4333  EEL     =   -18777.0223  HBOND      =        0.0000
 1-4 VDW =      973.6813  1-4 EEL =     9369.8527  RESTRAINT  =      172.9938
 EAMBER  =    -6585.6114


  Maximum number of minimization cycles reached.


                    FINAL RESULTS



   NSTEP       ENERGY          RMS            GMAX         NAME    NUMBER
    500      -6.4126E+03     1.1063E-01     2.0838E+00     CA       4172

 BOND    =      143.1203  ANGLE   =      590.4305  DIHED      =     3235.7594
 VDWAALS =    -2121.4333  EEL     =   -18777.0223  HBOND      =        0.0000
 1-4 VDW =      973.6813  1-4 EEL =     9369.8527  RESTRAINT  =      172.9938
 EAMBER  =    -6585.6114

--------------------------------------------------------------------------------
   5.  TIMINGS
--------------------------------------------------------------------------------

|    Read coords time           0.03 ( 0.01% of Total)
|                Build the list             0.40 (99.75% of List )
|                Other                      0.00 ( 0.25% of List )
|             List time                  0.40 ( 0.10% of Nonbo)
|                   Short_ene time           409.13 (100.0% of Direc)
|                   Other                      0.03 ( 0.01% of Direc)
|                Direct Ewald time        409.16 (100.0% of Ewald)
|                Other                      0.39 ( 0.09% of Ewald)
|             Ewald time               409.55 (100.0% of Nonbo)
|          Nonbond force            409.95 (98.86% of Force)
|          Bond/Angle/Dihedral        4.70 ( 1.13% of Force)
|          Other                      0.03 ( 0.01% of Force)
|       Force time               414.68 (100.0% of Runmd)
|    Runmd Time               414.68 (98.34% of Total)
|    Other                      6.98 ( 1.65% of Total)
| Total time               421.68 (100.0% of ALL  )

| Number of list builds   :          1

| Highest rstack allocated:      22075
| Highest istack allocated:       4415
|           Job began  at 21:58:03.033  on 12/21/2025
|           Setup done at 21:58:03.491  on 12/21/2025
|           Run   done at 22:05:04.717  on 12/21/2025
|     wallclock() was called   11535 times

|3D-RISM memory allocation summary
|Type          Maximum        Current   
|Integer       0.00000 GB     0.00000 GB
|Real          0.00000 GB     0.00000 GB
|Logical       0.00000 GB     0.00000 GB
|Character     0.00000 GB     0.00000 GB
|---------------------------------------
|Total         0.00000 GB     0.00000 GB
