
          -------------------------------------------------------
          Amber 22 SANDER                              2022
          -------------------------------------------------------

| Run on 12/21/2025 at 21:58:02

|   Executable path: /home/kiran/miniforge3/envs/amber_mmgbsa/bin/sander
| Working directory: /storage/kiran-stuff/aaRS/phase2/energy_scoring/mmgbsa_amber/jobs/MsrA_with_THR_Ligand
|          Hostname: boron

  [-O]verwriting output

File Assignments:
|  MDIN: min.in                                                                
| MDOUT: min.out                                                               
|INPCRD: complex.inpcrd                                                        
|  PARM: complex.prmtop                                                        
|RESTRT: min.rst                                                               
|  REFC: complex.inpcrd                                                        
| MDVEL: mdvel                                                                 
| MDFRC: mdfrc                                                                 
|  MDEN: mden                                                                  
| MDCRD: mdcrd                                                                 
|MDINFO: mdinfo                                                                
|  MTMD: mtmd                                                                  
|INPDIP: inpdip                                                                
|RSTDIP: rstdip                                                                
|INPTRA: inptraj                                                               


 Here is the input file:

Minimize                                                                       
 &cntrl                                                                        
  imin=1,                                                                      
  maxcyc=500,                                                                  
  ncyc=250,                                                                    
  ntb=0,                                                                       
  cut=999.0,                                                                   
  ntr=1,                                                                       
  restraint_wt=10.0,                                                           
  restraintmask='!:LIG & !@H=',                                                
 /                                                                             

--------------------------------------------------------------------------------
   1.  RESOURCE   USE: 
--------------------------------------------------------------------------------

| Flags:                                                                        
|    NONPERIODIC   ntb=0 and igb=0: Setting up nonperiodic simulation
|  *** cutoff > system size, list only builds once
|Largest sphere to fit in unit cell has radius =    67.236
| New format PARM file being parsed.
| Version =    1.000 Date = 12/21/25 Time = 21:58:01
 NATOM  =    4679 NTYPES =      21 NBONH =    2327 MBONA  =    2391
 NTHETH =    5356 MTHETA =    3233 NPHIH =   10611 MPHIA  =   10078
 NHPARM =       0 NPARM  =       0 NNB   =   25935 NRES   =     301
 NBONA  =    2391 NTHETA =    3233 NPHIA =   10078 NUMBND =      73
 NUMANG =     165 NPTRA  =     198 NATYP =      41 NPHB   =       0
 IFBOX  =       0 NMXRS  =      26 IFCAP =       0 NEXTRA =       0
 NCOPY  =       0


|     Memory Use     Allocated
|     Real             1139070
|     Hollerith          14340
|     Integer          1124964
|     Max Pairs       10944181
|     nblistReal         56148
|     nblist Int       9830033
|       Total            94937 kbytes

| Note: 1-4 EEL scale factors are being read from the topology file.

| Note: 1-4 VDW scale factors are being read from the topology file.
| Duplicated    0 dihedrals
| Duplicated    0 dihedrals

--------------------------------------------------------------------------------
   2.  CONTROL  DATA  FOR  THE  RUN
--------------------------------------------------------------------------------

default_name                                                                    

General flags:
     imin    =       1, nmropt  =       0

Nature and format of input:
     ntx     =       1, irest   =       0, ntrx    =       1

Nature and format of output:
     ntxo    =       2, ntpr    =      50, ntrx    =       1, ntwr    =       1
     iwrap   =       0, ntwx    =       0, ntwv    =       0, ntwe    =       0
     ioutfm  =       1, ntwprt  =       0, idecomp =       0, rbornstat=      0

Potential function:
     ntf     =       1, ntb     =       0, igb     =       0, nsnb    =      25
     ipol    =       0, gbsa    =       0, iesp    =       0
     dielc   =   1.00000, cut     = 999.00000, intdiel =   1.00000

Frozen or restrained atoms:
     ibelly  =       0, ntr     =       1
     restraint_wt =  10.00000

Energy minimization:
     maxcyc  =     500, ncyc    =     250, ntmin   =       1
     dx0     =   0.01000, drms    =   0.00010
|  INFO: Old style inpcrd file read


    LOADING THE CONSTRAINED ATOMS AS GROUPS


   5.  REFERENCE ATOM COORDINATES

  defa
     Mask !:LIG & !@H=; matches  2344 atoms

--------------------------------------------------------------------------------
   3.  ATOMIC COORDINATES AND VELOCITIES
--------------------------------------------------------------------------------

default_name                                                                    
 begin time read from input coords =     0.000 ps

 Number of triangulated 3-point waters found:        0

     Sum of charges from parm topology file = -34.00000106

--------------------------------------------------------------------------------
   4.  RESULTS
--------------------------------------------------------------------------------

 ---------------------------------------------------

     eedmeth=4: Setting switch to one everywhere

 ---------------------------------------------------
| Local SIZE OF NONBOND LIST =   10918480
| TOTAL SIZE OF NONBOND LIST =   10918480


   NSTEP       ENERGY          RMS            GMAX         NAME    NUMBER
      1       7.6524E+04     1.1899E+04     8.2562E+05     HD23     3567

 BOND    =      132.5024  ANGLE   =      617.6364  DIHED      =     3466.7272
 VDWAALS =    71199.1943  EEL     =   -14261.7400  HBOND      =        0.0000
 1-4 VDW =     1125.7962  1-4 EEL =    14244.2323  RESTRAINT  =        0.0000


   NSTEP       ENERGY          RMS            GMAX         NAME    NUMBER
     50       3.4009E+03     2.2533E+00     5.2277E+01     CZ       2053

 BOND    =      152.6089  ANGLE   =      612.2813  DIHED      =     3453.7572
 VDWAALS =    -1700.5399  EEL     =   -14441.7495  HBOND      =        0.0000
 1-4 VDW =     1088.5347  1-4 EEL =    14179.4858  RESTRAINT  =       56.5113
 EAMBER  =     3344.3786


   NSTEP       ENERGY          RMS            GMAX         NAME    NUMBER
    100       3.2272E+03     4.3340E-01     7.7091E+00     CZ       2053

 BOND    =      133.7375  ANGLE   =      601.5809  DIHED      =     3454.6580
 VDWAALS =    -1781.5472  EEL     =   -14544.2499  HBOND      =        0.0000
 1-4 VDW =     1069.1092  1-4 EEL =    14185.7728  RESTRAINT  =      108.1588
 EAMBER  =     3119.0613


   NSTEP       ENERGY          RMS            GMAX         NAME    NUMBER
    150       3.1685E+03     8.6556E-01     3.1832E+01     CD       1498

 BOND    =      133.9574  ANGLE   =      601.7938  DIHED      =     3457.9113
 VDWAALS =    -1812.6959  EEL     =   -14600.3993  HBOND      =        0.0000
 1-4 VDW =     1061.5472  1-4 EEL =    14185.3783  RESTRAINT  =      140.9745
 EAMBER  =     3027.4927


   NSTEP       ENERGY          RMS            GMAX         NAME    NUMBER
    200       3.1330E+03     2.4221E-01     7.3941E+00     HG1      3302

 BOND    =      131.6259  ANGLE   =      602.0525  DIHED      =     3459.7424
 VDWAALS =    -1827.8050  EEL     =   -14635.9973  HBOND      =        0.0000
 1-4 VDW =     1057.8589  1-4 EEL =    14183.7601  RESTRAINT  =      161.7386
 EAMBER  =     2971.2375


   NSTEP       ENERGY          RMS            GMAX         NAME    NUMBER
    250       3.1094E+03     8.0478E-01     4.2879E+01     CG       1153

 BOND    =      132.6929  ANGLE   =      602.3765  DIHED      =     3460.3903
 VDWAALS =    -1837.3980  EEL     =   -14663.1424  HBOND      =        0.0000
 1-4 VDW =     1055.6405  1-4 EEL =    14182.3983  RESTRAINT  =      176.4529
 EAMBER  =     2932.9582


   NSTEP       ENERGY          RMS            GMAX         NAME    NUMBER
    300       3.0526E+03     5.0489E-01     1.6430E+01     CD       1498

 BOND    =      132.3844  ANGLE   =      604.4852  DIHED      =     3464.4944
 VDWAALS =    -1856.3046  EEL     =   -14737.8980  HBOND      =        0.0000
 1-4 VDW =     1050.8298  1-4 EEL =    14176.4381  RESTRAINT  =      218.2143
 EAMBER  =     2834.4293


   NSTEP       ENERGY          RMS            GMAX         NAME    NUMBER
    350       3.0218E+03     2.4802E-01     5.4426E+00     CA        937

 BOND    =      132.1772  ANGLE   =      602.1728  DIHED      =     3459.9476
 VDWAALS =    -1857.2262  EEL     =   -14763.4442  HBOND      =        0.0000
 1-4 VDW =     1050.2509  1-4 EEL =    14176.6024  RESTRAINT  =      221.2921
 EAMBER  =     2800.4805


   NSTEP       ENERGY          RMS            GMAX         NAME    NUMBER
    400       3.0147E+03     1.6935E-01     4.6888E+00     HG1      1977

 BOND    =      132.0497  ANGLE   =      602.0424  DIHED      =     3457.5633
 VDWAALS =    -1857.8754  EEL     =   -14769.2186  HBOND      =        0.0000
 1-4 VDW =     1050.2881  1-4 EEL =    14176.7742  RESTRAINT  =      223.1127
 EAMBER  =     2791.6238


   NSTEP       ENERGY          RMS            GMAX         NAME    NUMBER
    450       3.0101E+03     1.4780E-01     4.9712E+00     HG1      1977

 BOND    =      132.0603  ANGLE   =      602.0413  DIHED      =     3455.9786
 VDWAALS =    -1858.3207  EEL     =   -14773.6427  HBOND      =        0.0000
 1-4 VDW =     1049.9021  1-4 EEL =    14177.2866  RESTRAINT  =      224.7760
 EAMBER  =     2785.3056


   NSTEP       ENERGY          RMS            GMAX         NAME    NUMBER
    500       3.0077E+03     7.8138E-02     1.9906E+00     HG1      1977

 BOND    =      131.7801  ANGLE   =      601.8983  DIHED      =     3456.1279
 VDWAALS =    -1858.7017  EEL     =   -14776.0322  HBOND      =        0.0000
 1-4 VDW =     1049.8457  1-4 EEL =    14177.2768  RESTRAINT  =      225.5289
 EAMBER  =     2782.1949


  Maximum number of minimization cycles reached.


                    FINAL RESULTS



   NSTEP       ENERGY          RMS            GMAX         NAME    NUMBER
    500       3.0077E+03     7.8138E-02     1.9906E+00     HG1      1977

 BOND    =      131.7801  ANGLE   =      601.8983  DIHED      =     3456.1279
 VDWAALS =    -1858.7017  EEL     =   -14776.0322  HBOND      =        0.0000
 1-4 VDW =     1049.8457  1-4 EEL =    14177.2768  RESTRAINT  =      225.5289
 EAMBER  =     2782.1949

--------------------------------------------------------------------------------
   5.  TIMINGS
--------------------------------------------------------------------------------

|                Build the list             0.99 (99.90% of List )
|                Other                      0.00 ( 0.10% of List )
|             List time                  0.99 ( 0.22% of Nonbo)
|                   Short_ene time           457.99 (100.0% of Direc)
|                   Other                      0.03 ( 0.01% of Direc)
|                Direct Ewald time        458.01 (99.90% of Ewald)
|                Other                      0.47 ( 0.10% of Ewald)
|             Ewald time               458.48 (99.78% of Nonbo)
|          Nonbond force            459.47 (98.90% of Force)
|          Bond/Angle/Dihedral        5.06 ( 1.09% of Force)
|          Other                      0.06 ( 0.01% of Force)
|       Force time               464.59 (100.0% of Runmd)
|    Runmd Time               464.59 (98.51% of Total)
|    Other                      7.01 ( 1.49% of Total)
| Total time               471.61 (100.0% of ALL  )

| Number of list builds   :          1

| Highest rstack allocated:      23360
| Highest istack allocated:       4672
|           Job began  at 21:58:02.204  on 12/21/2025
|           Setup done at 21:58:02.660  on 12/21/2025
|           Run   done at 22:05:53.813  on 12/21/2025
|     wallclock() was called   11535 times

|3D-RISM memory allocation summary
|Type          Maximum        Current   
|Integer       0.00000 GB     0.00000 GB
|Real          0.00000 GB     0.00000 GB
|Logical       0.00000 GB     0.00000 GB
|Character     0.00000 GB     0.00000 GB
|---------------------------------------
|Total         0.00000 GB     0.00000 GB
