
          -------------------------------------------------------
          Amber 22 SANDER                              2022
          -------------------------------------------------------

| Run on 12/21/2025 at 21:58:03

|   Executable path: /home/kiran/miniforge3/envs/amber_mmgbsa/bin/sander
| Working directory: /storage/kiran-stuff/aaRS/phase2/energy_scoring/mmgbsa_amber/jobs/anc_prors_cat_ARG
|          Hostname: boron

  [-O]verwriting output

File Assignments:
|  MDIN: min.in                                                                
| MDOUT: min.out                                                               
|INPCRD: complex.inpcrd                                                        
|  PARM: complex.prmtop                                                        
|RESTRT: min.rst                                                               
|  REFC: complex.inpcrd                                                        
| MDVEL: mdvel                                                                 
| MDFRC: mdfrc                                                                 
|  MDEN: mden                                                                  
| MDCRD: mdcrd                                                                 
|MDINFO: mdinfo                                                                
|  MTMD: mtmd                                                                  
|INPDIP: inpdip                                                                
|RSTDIP: rstdip                                                                
|INPTRA: inptraj                                                               


 Here is the input file:

Minimize                                                                       
 &cntrl                                                                        
  imin=1,                                                                      
  maxcyc=500,                                                                  
  ncyc=250,                                                                    
  ntb=0,                                                                       
  cut=999.0,                                                                   
  ntr=1,                                                                       
  restraint_wt=10.0,                                                           
  restraintmask='!:LIG & !@H=',                                                
 /                                                                             

--------------------------------------------------------------------------------
   1.  RESOURCE   USE: 
--------------------------------------------------------------------------------

| Flags:                                                                        
|    NONPERIODIC   ntb=0 and igb=0: Setting up nonperiodic simulation
|  *** cutoff > system size, list only builds once
|Largest sphere to fit in unit cell has radius =    65.179
| New format PARM file being parsed.
| Version =    1.000 Date = 12/21/25 Time = 21:58:03
 NATOM  =    8186 NTYPES =      22 NBONH =    4117 MBONA  =    4166
 NTHETH =    9430 MTHETA =    5631 NPHIH =   18741 MPHIA  =   17574
 NHPARM =       0 NPARM  =       0 NNB   =   45503 NRES   =     501
 NBONA  =    4166 NTHETA =    5631 NPHIA =   17574 NUMBND =      74
 NUMANG =     170 NPTRA  =     202 NATYP =      42 NPHB   =       0
 IFBOX  =       0 NMXRS  =      26 IFCAP =       0 NEXTRA =       0
 NCOPY  =       0


|     Memory Use     Allocated
|     Real             1426969
|     Hollerith          25061
|     Integer          1958757
|     Max Pairs       33501205
|     nblistReal         98232
|     nblist Int       9557030
|       Total           187861 kbytes

| Note: 1-4 EEL scale factors are being read from the topology file.

| Note: 1-4 VDW scale factors are being read from the topology file.
| Duplicated    0 dihedrals
| Duplicated    0 dihedrals

--------------------------------------------------------------------------------
   2.  CONTROL  DATA  FOR  THE  RUN
--------------------------------------------------------------------------------

default_name                                                                    

General flags:
     imin    =       1, nmropt  =       0

Nature and format of input:
     ntx     =       1, irest   =       0, ntrx    =       1

Nature and format of output:
     ntxo    =       2, ntpr    =      50, ntrx    =       1, ntwr    =       1
     iwrap   =       0, ntwx    =       0, ntwv    =       0, ntwe    =       0
     ioutfm  =       1, ntwprt  =       0, idecomp =       0, rbornstat=      0

Potential function:
     ntf     =       1, ntb     =       0, igb     =       0, nsnb    =      25
     ipol    =       0, gbsa    =       0, iesp    =       0
     dielc   =   1.00000, cut     = 999.00000, intdiel =   1.00000

Frozen or restrained atoms:
     ibelly  =       0, ntr     =       1
     restraint_wt =  10.00000

Energy minimization:
     maxcyc  =     500, ncyc    =     250, ntmin   =       1
     dx0     =   0.01000, drms    =   0.00010
|  INFO: Old style inpcrd file read


    LOADING THE CONSTRAINED ATOMS AS GROUPS


   5.  REFERENCE ATOM COORDINATES

  defa
     Mask !:LIG & !@H=; matches  4057 atoms

--------------------------------------------------------------------------------
   3.  ATOMIC COORDINATES AND VELOCITIES
--------------------------------------------------------------------------------

default_name                                                                    
 begin time read from input coords =     0.000 ps

 Number of triangulated 3-point waters found:        0

     Sum of charges from parm topology file =   4.99999983

--------------------------------------------------------------------------------
   4.  RESULTS
--------------------------------------------------------------------------------

 ---------------------------------------------------

     eedmeth=4: Setting switch to one everywhere

 ---------------------------------------------------
| Local SIZE OF NONBOND LIST =   33456117
| TOTAL SIZE OF NONBOND LIST =   33456117


   NSTEP       ENERGY          RMS            GMAX         NAME    NUMBER
      1      -7.1427E+03     8.3794E+01     8.5150E+03     HA        897

 BOND    =      246.5437  ANGLE   =      987.1520  DIHED      =     5580.8687
 VDWAALS =    -2060.1866  EEL     =   -37037.1430  HBOND      =        0.0000
 1-4 VDW =     1925.0780  1-4 EEL =    23214.9957  RESTRAINT  =        0.0000


   NSTEP       ENERGY          RMS            GMAX         NAME    NUMBER
     50      -9.8988E+03     1.7735E+00     1.3226E+02     CD       4838

 BOND    =      225.7061  ANGLE   =      876.8528  DIHED      =     5585.4666
 VDWAALS =    -4104.8512  EEL     =   -37513.4998  HBOND      =        0.0000
 1-4 VDW =     1819.3769  1-4 EEL =    23141.3298  RESTRAINT  =       70.7978
 EAMBER  =    -9969.6187


   NSTEP       ENERGY          RMS            GMAX         NAME    NUMBER
    100      -1.0078E+04     1.0352E+00     4.4907E+01     CD        990

 BOND    =      221.3872  ANGLE   =      897.5370  DIHED      =     5596.5159
 VDWAALS =    -4149.7778  EEL     =   -37714.3743  HBOND      =        0.0000
 1-4 VDW =     1798.6392  1-4 EEL =    23151.9174  RESTRAINT  =      119.9248
 EAMBER  =   -10198.1553


   NSTEP       ENERGY          RMS            GMAX         NAME    NUMBER
    150      -1.0155E+04     4.2723E-01     1.1252E+01     HG       2667

 BOND    =      220.9300  ANGLE   =      902.1968  DIHED      =     5606.0649
 VDWAALS =    -4168.4143  EEL     =   -37813.9929  HBOND      =        0.0000
 1-4 VDW =     1792.2500  1-4 EEL =    23153.7274  RESTRAINT  =      151.8197
 EAMBER  =   -10307.2379


   NSTEP       ENERGY          RMS            GMAX         NAME    NUMBER
    200      -1.0203E+04     2.2454E-01     1.2004E+01     HG       2667

 BOND    =      221.7528  ANGLE   =      908.4336  DIHED      =     5612.2484
 VDWAALS =    -4178.7100  EEL     =   -37881.4199  HBOND      =        0.0000
 1-4 VDW =     1788.8332  1-4 EEL =    23153.0630  RESTRAINT  =      172.9276
 EAMBER  =   -10375.7990


   NSTEP       ENERGY          RMS            GMAX         NAME    NUMBER
    250      -1.0237E+04     5.2847E-01     1.6819E+01     CD        990

 BOND    =      223.3070  ANGLE   =      912.6362  DIHED      =     5616.9899
 VDWAALS =    -4184.9577  EEL     =   -37934.0724  HBOND      =        0.0000
 1-4 VDW =     1787.2704  1-4 EEL =    23152.8462  RESTRAINT  =      188.6932
 EAMBER  =   -10425.9804


   NSTEP       ENERGY          RMS            GMAX         NAME    NUMBER
    300      -1.0333E+04     2.8330E-01     1.1624E+01     HG1      6273

 BOND    =      225.2112  ANGLE   =      918.3122  DIHED      =     5630.5076
 VDWAALS =    -4198.7485  EEL     =   -38096.8905  HBOND      =        0.0000
 1-4 VDW =     1786.0408  1-4 EEL =    23160.9958  RESTRAINT  =      241.1796
 EAMBER  =   -10574.5715


   NSTEP       ENERGY          RMS            GMAX         NAME    NUMBER
    350      -1.0356E+04     4.0854E-01     1.9833E+01     CG       2637

 BOND    =      225.4916  ANGLE   =      919.3137  DIHED      =     5631.3062
 VDWAALS =    -4199.6656  EEL     =   -38128.8278  HBOND      =        0.0000
 1-4 VDW =     1786.5491  1-4 EEL =    23161.7141  RESTRAINT  =      248.0659
 EAMBER  =   -10604.1187


   NSTEP       ENERGY          RMS            GMAX         NAME    NUMBER
    400      -1.0387E+04     2.4155E-01     6.5670E+00     HG1      4075

 BOND    =      225.8368  ANGLE   =      918.3096  DIHED      =     5622.0836
 VDWAALS =    -4199.9251  EEL     =   -38157.9292  HBOND      =        0.0000
 1-4 VDW =     1786.1027  1-4 EEL =    23164.9593  RESTRAINT  =      253.9482
 EAMBER  =   -10640.5624


   NSTEP       ENERGY          RMS            GMAX         NAME    NUMBER
    450      -1.0403E+04     1.2258E-01     3.0210E+00     HH       3183

 BOND    =      225.8284  ANGLE   =      916.2243  DIHED      =     5620.7081
 VDWAALS =    -4197.1561  EEL     =   -38175.2019  HBOND      =        0.0000
 1-4 VDW =     1786.4773  1-4 EEL =    23165.4029  RESTRAINT  =      254.9865
 EAMBER  =   -10657.7171


   NSTEP       ENERGY          RMS            GMAX         NAME    NUMBER
    500      -1.0411E+04     1.2192E-01     3.8775E+00     CZ       7557

 BOND    =      225.6780  ANGLE   =      916.1734  DIHED      =     5619.1266
 VDWAALS =    -4197.5789  EEL     =   -38182.9217  HBOND      =        0.0000
 1-4 VDW =     1786.6622  1-4 EEL =    23164.6974  RESTRAINT  =      257.4346
 EAMBER  =   -10668.1631


  Maximum number of minimization cycles reached.


                    FINAL RESULTS



   NSTEP       ENERGY          RMS            GMAX         NAME    NUMBER
    500      -1.0411E+04     1.2192E-01     3.8775E+00     CZ       7557

 BOND    =      225.6780  ANGLE   =      916.1734  DIHED      =     5619.1266
 VDWAALS =    -4197.5789  EEL     =   -38182.9217  HBOND      =        0.0000
 1-4 VDW =     1786.6622  1-4 EEL =    23164.6974  RESTRAINT  =      257.4346
 EAMBER  =   -10668.1631

--------------------------------------------------------------------------------
   5.  TIMINGS
--------------------------------------------------------------------------------

|                Build the list             1.51 (99.90% of List )
|                Other                      0.00 ( 0.10% of List )
|             List time                  1.51 ( 0.12% of Nonbo)
|                   Short_ene time          1289.64 (100.0% of Direc)
|                Direct Ewald time       1289.69 (100.0% of Ewald)
|                Other                      0.73 ( 0.06% of Ewald)
|             Ewald time              1290.41 (99.88% of Nonbo)
|          Nonbond force           1291.93 (99.38% of Force)
|          Bond/Angle/Dihedral        8.05 ( 0.62% of Force)
|       Force time              1300.03 (100.0% of Runmd)
|    Runmd Time              1300.03 (99.35% of Total)
|    Other                      8.50 ( 0.65% of Total)
| Total time              1308.55 (100.0% of ALL  )

| Number of list builds   :          1

| Highest rstack allocated:      40900
| Highest istack allocated:       8180
|           Job began  at 21:58:03.932  on 12/21/2025
|           Setup done at 21:58:04.472  on 12/21/2025
|           Run   done at 22:19:52.481  on 12/21/2025
|     wallclock() was called   11535 times

|3D-RISM memory allocation summary
|Type          Maximum        Current   
|Integer       0.00000 GB     0.00000 GB
|Real          0.00000 GB     0.00000 GB
|Logical       0.00000 GB     0.00000 GB
|Character     0.00000 GB     0.00000 GB
|---------------------------------------
|Total         0.00000 GB     0.00000 GB
