
          -------------------------------------------------------
          Amber 22 SANDER                              2022
          -------------------------------------------------------

| Run on 12/21/2025 at 21:58:04

|   Executable path: /home/kiran/miniforge3/envs/amber_mmgbsa/bin/sander
| Working directory: /storage/kiran-stuff/aaRS/phase2/energy_scoring/mmgbsa_amber/jobs/anc_prors_cat_LYS
|          Hostname: boron

  [-O]verwriting output

File Assignments:
|  MDIN: min.in                                                                
| MDOUT: min.out                                                               
|INPCRD: complex.inpcrd                                                        
|  PARM: complex.prmtop                                                        
|RESTRT: min.rst                                                               
|  REFC: complex.inpcrd                                                        
| MDVEL: mdvel                                                                 
| MDFRC: mdfrc                                                                 
|  MDEN: mden                                                                  
| MDCRD: mdcrd                                                                 
|MDINFO: mdinfo                                                                
|  MTMD: mtmd                                                                  
|INPDIP: inpdip                                                                
|RSTDIP: rstdip                                                                
|INPTRA: inptraj                                                               


 Here is the input file:

Minimize                                                                       
 &cntrl                                                                        
  imin=1,                                                                      
  maxcyc=500,                                                                  
  ncyc=250,                                                                    
  ntb=0,                                                                       
  cut=999.0,                                                                   
  ntr=1,                                                                       
  restraint_wt=10.0,                                                           
  restraintmask='!:LIG & !@H=',                                                
 /                                                                             

--------------------------------------------------------------------------------
   1.  RESOURCE   USE: 
--------------------------------------------------------------------------------

| Flags:                                                                        
|    NONPERIODIC   ntb=0 and igb=0: Setting up nonperiodic simulation
|  *** cutoff > system size, list only builds once
|Largest sphere to fit in unit cell has radius =    59.404
| New format PARM file being parsed.
| Version =    1.000 Date = 12/21/25 Time = 21:58:04
 NATOM  =    8184 NTYPES =      21 NBONH =    4117 MBONA  =    4164
 NTHETH =    9432 MTHETA =    5628 NPHIH =   18745 MPHIA  =   17572
 NHPARM =       0 NPARM  =       0 NNB   =   45500 NRES   =     501
 NBONA  =    4164 NTHETA =    5628 NPHIA =   17572 NUMBND =      73
 NUMANG =     165 NPTRA  =     198 NATYP =      41 NPHB   =       0
 IFBOX  =       0 NMXRS  =      24 IFCAP =       0 NEXTRA =       0
 NCOPY  =       0


|     Memory Use     Allocated
|     Real             1426876
|     Hollerith          25055
|     Integer          1958746
|     Max Pairs       33484836
|     nblistReal         98208
|     nblist Int       8842773
|       Total           185006 kbytes

| Note: 1-4 EEL scale factors are being read from the topology file.

| Note: 1-4 VDW scale factors are being read from the topology file.
| Duplicated    0 dihedrals
| Duplicated    0 dihedrals

--------------------------------------------------------------------------------
   2.  CONTROL  DATA  FOR  THE  RUN
--------------------------------------------------------------------------------

default_name                                                                    

General flags:
     imin    =       1, nmropt  =       0

Nature and format of input:
     ntx     =       1, irest   =       0, ntrx    =       1

Nature and format of output:
     ntxo    =       2, ntpr    =      50, ntrx    =       1, ntwr    =       1
     iwrap   =       0, ntwx    =       0, ntwv    =       0, ntwe    =       0
     ioutfm  =       1, ntwprt  =       0, idecomp =       0, rbornstat=      0

Potential function:
     ntf     =       1, ntb     =       0, igb     =       0, nsnb    =      25
     ipol    =       0, gbsa    =       0, iesp    =       0
     dielc   =   1.00000, cut     = 999.00000, intdiel =   1.00000

Frozen or restrained atoms:
     ibelly  =       0, ntr     =       1
     restraint_wt =  10.00000

Energy minimization:
     maxcyc  =     500, ncyc    =     250, ntmin   =       1
     dx0     =   0.01000, drms    =   0.00010
|  INFO: Old style inpcrd file read


    LOADING THE CONSTRAINED ATOMS AS GROUPS


   5.  REFERENCE ATOM COORDINATES

  defa
     Mask !:LIG & !@H=; matches  4057 atoms

--------------------------------------------------------------------------------
   3.  ATOMIC COORDINATES AND VELOCITIES
--------------------------------------------------------------------------------

default_name                                                                    
 begin time read from input coords =     0.000 ps

 Number of triangulated 3-point waters found:        0

     Sum of charges from parm topology file =   4.99999483

--------------------------------------------------------------------------------
   4.  RESULTS
--------------------------------------------------------------------------------

 ---------------------------------------------------

     eedmeth=4: Setting switch to one everywhere

 ---------------------------------------------------
| Local SIZE OF NONBOND LIST =   33439749
| TOTAL SIZE OF NONBOND LIST =   33439749


   NSTEP       ENERGY          RMS            GMAX         NAME    NUMBER
      1      -7.6744E+03     3.4310E+01     3.1136E+03     O         391

 BOND    =      229.1250  ANGLE   =      977.6040  DIHED      =     5585.1252
 VDWAALS =    -2494.4538  EEL     =   -37104.2495  HBOND      =        0.0000
 1-4 VDW =     1903.5740  1-4 EEL =    23228.8428  RESTRAINT  =        0.0000


   NSTEP       ENERGY          RMS            GMAX         NAME    NUMBER
     50      -9.9089E+03     1.8483E+00     8.6745E+01     C         390

 BOND    =      228.9222  ANGLE   =      889.7806  DIHED      =     5590.2937
 VDWAALS =    -4100.6465  EEL     =   -37549.4084  HBOND      =        0.0000
 1-4 VDW =     1806.7972  1-4 EEL =    23155.6886  RESTRAINT  =       69.7215
 EAMBER  =    -9978.5726


   NSTEP       ENERGY          RMS            GMAX         NAME    NUMBER
    100      -1.0090E+04     1.0465E+00     3.8764E+01     CE1      3508

 BOND    =      223.3274  ANGLE   =      906.8655  DIHED      =     5599.7879
 VDWAALS =    -4145.3811  EEL     =   -37744.9081  HBOND      =        0.0000
 1-4 VDW =     1786.0780  1-4 EEL =    23169.8820  RESTRAINT  =      114.6062
 EAMBER  =   -10204.3484


   NSTEP       ENERGY          RMS            GMAX         NAME    NUMBER
    150      -1.0177E+04     3.9019E-01     1.3077E+01     HG1      6273

 BOND    =      222.7444  ANGLE   =      912.3171  DIHED      =     5607.7803
 VDWAALS =    -4168.0563  EEL     =   -37848.1577  HBOND      =        0.0000
 1-4 VDW =     1779.4907  1-4 EEL =    23172.0508  RESTRAINT  =      145.0794
 EAMBER  =   -10321.8307


   NSTEP       ENERGY          RMS            GMAX         NAME    NUMBER
    200      -1.0229E+04     9.3466E-01     3.0350E+01     CE1      3508

 BOND    =      226.4128  ANGLE   =      916.3790  DIHED      =     5612.3153
 VDWAALS =    -4178.4661  EEL     =   -37918.4981  HBOND      =        0.0000
 1-4 VDW =     1775.7433  1-4 EEL =    23173.2316  RESTRAINT  =      163.4650
 EAMBER  =   -10392.8821


   NSTEP       ENERGY          RMS            GMAX         NAME    NUMBER
    250      -1.0270E+04     5.8221E-01     2.0251E+01     CE1      3508

 BOND    =      225.7991  ANGLE   =      919.6064  DIHED      =     5615.2490
 VDWAALS =    -4182.8705  EEL     =   -37971.8154  HBOND      =        0.0000
 1-4 VDW =     1773.8280  1-4 EEL =    23174.3985  RESTRAINT  =      175.8269
 EAMBER  =   -10445.8049


   NSTEP       ENERGY          RMS            GMAX         NAME    NUMBER
    300      -1.0345E+04     3.5736E-01     9.1507E+00     HG1      4075

 BOND    =      228.3875  ANGLE   =      924.6470  DIHED      =     5623.5218
 VDWAALS =    -4194.0197  EEL     =   -38093.5197  HBOND      =        0.0000
 1-4 VDW =     1772.8176  1-4 EEL =    23180.8983  RESTRAINT  =      212.5198
 EAMBER  =   -10557.2672


   NSTEP       ENERGY          RMS            GMAX         NAME    NUMBER
    350      -1.0366E+04     2.6645E-01     5.7095E+00     CG2      4070

 BOND    =      228.2728  ANGLE   =      923.7846  DIHED      =     5624.7410
 VDWAALS =    -4197.8999  EEL     =   -38119.0191  HBOND      =        0.0000
 1-4 VDW =     1773.0588  1-4 EEL =    23181.1425  RESTRAINT  =      220.1972
 EAMBER  =   -10585.9193


   NSTEP       ENERGY          RMS            GMAX         NAME    NUMBER
    400      -1.0385E+04     3.1710E-01     9.4088E+00     CG2      4070

 BOND    =      228.4217  ANGLE   =      924.1996  DIHED      =     5622.1053
 VDWAALS =    -4201.4352  EEL     =   -38139.7234  HBOND      =        0.0000
 1-4 VDW =     1772.9926  1-4 EEL =    23182.6312  RESTRAINT  =      225.5628
 EAMBER  =   -10610.8082


   NSTEP       ENERGY          RMS            GMAX         NAME    NUMBER
    450      -1.0403E+04     2.1932E-01     6.1929E+00     HH       7559

 BOND    =      228.1394  ANGLE   =      923.1628  DIHED      =     5618.8902
 VDWAALS =    -4202.8875  EEL     =   -38154.7745  HBOND      =        0.0000
 1-4 VDW =     1772.8810  1-4 EEL =    23184.6067  RESTRAINT  =      227.2343
 EAMBER  =   -10629.9818


   NSTEP       ENERGY          RMS            GMAX         NAME    NUMBER
    500      -1.0414E+04     1.7072E-01     4.1485E+00     CD1      7553

 BOND    =      227.9190  ANGLE   =      922.9296  DIHED      =     5617.9370
 VDWAALS =    -4202.3859  EEL     =   -38167.8560  HBOND      =        0.0000
 1-4 VDW =     1772.9082  1-4 EEL =    23185.7330  RESTRAINT  =      228.5755
 EAMBER  =   -10642.8152


  Maximum number of minimization cycles reached.


                    FINAL RESULTS



   NSTEP       ENERGY          RMS            GMAX         NAME    NUMBER
    500      -1.0414E+04     1.7072E-01     4.1485E+00     CD1      7553

 BOND    =      227.9190  ANGLE   =      922.9296  DIHED      =     5617.9370
 VDWAALS =    -4202.3859  EEL     =   -38167.8560  HBOND      =        0.0000
 1-4 VDW =     1772.9082  1-4 EEL =    23185.7330  RESTRAINT  =      228.5755
 EAMBER  =   -10642.8152

--------------------------------------------------------------------------------
   5.  TIMINGS
--------------------------------------------------------------------------------

|                Build the list             0.93 (99.82% of List )
|                Other                      0.00 ( 0.18% of List )
|             List time                  0.93 ( 0.07% of Nonbo)
|                   Short_ene time          1325.66 (100.0% of Direc)
|                Direct Ewald time       1325.72 (100.0% of Ewald)
|                Other                      0.83 ( 0.06% of Ewald)
|             Ewald time              1326.55 (100.0% of Nonbo)
|          Nonbond force           1327.48 (99.39% of Force)
|          Bond/Angle/Dihedral        8.04 ( 0.60% of Force)
|          Other                      0.08 ( 0.01% of Force)
|       Force time              1335.61 (100.0% of Runmd)
|    Runmd Time              1335.61 (99.32% of Total)
|    Other                      9.05 ( 0.67% of Total)
| Total time              1344.71 (100.0% of ALL  )

| Number of list builds   :          1

| Highest rstack allocated:      40880
| Highest istack allocated:       8176
|           Job began  at 21:58:04.769  on 12/21/2025
|           Setup done at 21:58:05.463  on 12/21/2025
|           Run   done at 22:20:29.476  on 12/21/2025
|     wallclock() was called   11535 times

|3D-RISM memory allocation summary
|Type          Maximum        Current   
|Integer       0.00000 GB     0.00000 GB
|Real          0.00000 GB     0.00000 GB
|Logical       0.00000 GB     0.00000 GB
|Character     0.00000 GB     0.00000 GB
|---------------------------------------
|Total         0.00000 GB     0.00000 GB
