
          -------------------------------------------------------
          Amber 22 SANDER                              2022
          -------------------------------------------------------

| Run on 12/21/2025 at 21:58:03

|   Executable path: /home/kiran/miniforge3/envs/amber_mmgbsa/bin/sander
| Working directory: /storage/kiran-stuff/aaRS/phase2/energy_scoring/mmgbsa_amber/jobs/anc_prors_edit_LEU
|          Hostname: boron

  [-O]verwriting output

File Assignments:
|  MDIN: min.in                                                                
| MDOUT: min.out                                                               
|INPCRD: complex.inpcrd                                                        
|  PARM: complex.prmtop                                                        
|RESTRT: min.rst                                                               
|  REFC: complex.inpcrd                                                        
| MDVEL: mdvel                                                                 
| MDFRC: mdfrc                                                                 
|  MDEN: mden                                                                  
| MDCRD: mdcrd                                                                 
|MDINFO: mdinfo                                                                
|  MTMD: mtmd                                                                  
|INPDIP: inpdip                                                                
|RSTDIP: rstdip                                                                
|INPTRA: inptraj                                                               


 Here is the input file:

Minimize                                                                       
 &cntrl                                                                        
  imin=1,                                                                      
  maxcyc=500,                                                                  
  ncyc=250,                                                                    
  ntb=0,                                                                       
  cut=999.0,                                                                   
  ntr=1,                                                                       
  restraint_wt=10.0,                                                           
  restraintmask='!:LIG & !@H=',                                                
 /                                                                             

--------------------------------------------------------------------------------
   1.  RESOURCE   USE: 
--------------------------------------------------------------------------------

| Flags:                                                                        
|    NONPERIODIC   ntb=0 and igb=0: Setting up nonperiodic simulation
|  *** cutoff > system size, list only builds once
|Largest sphere to fit in unit cell has radius =    61.911
| New format PARM file being parsed.
| Version =    1.000 Date = 12/21/25 Time = 21:58:03
 NATOM  =    4684 NTYPES =      21 NBONH =    2331 MBONA  =    2392
 NTHETH =    5366 MTHETA =    3234 NPHIH =   10625 MPHIA  =   10078
 NHPARM =       0 NPARM  =       0 NNB   =   25966 NRES   =     301
 NBONA  =    2392 NTHETA =    3234 NPHIA =   10078 NUMBND =      73
 NUMANG =     164 NPTRA  =     198 NATYP =      41 NPHB   =       0
 IFBOX  =       0 NMXRS  =      26 IFCAP =       0 NEXTRA =       0
 NCOPY  =       0


|     Memory Use     Allocated
|     Real             1139594
|     Hollerith          14355
|     Integer          1125838
|     Max Pairs       10967586
|     nblistReal         56208
|     nblist Int       9539430
|       Total            93901 kbytes

| Note: 1-4 EEL scale factors are being read from the topology file.

| Note: 1-4 VDW scale factors are being read from the topology file.
| Duplicated    0 dihedrals
| Duplicated    0 dihedrals

--------------------------------------------------------------------------------
   2.  CONTROL  DATA  FOR  THE  RUN
--------------------------------------------------------------------------------

default_name                                                                    

General flags:
     imin    =       1, nmropt  =       0

Nature and format of input:
     ntx     =       1, irest   =       0, ntrx    =       1

Nature and format of output:
     ntxo    =       2, ntpr    =      50, ntrx    =       1, ntwr    =       1
     iwrap   =       0, ntwx    =       0, ntwv    =       0, ntwe    =       0
     ioutfm  =       1, ntwprt  =       0, idecomp =       0, rbornstat=      0

Potential function:
     ntf     =       1, ntb     =       0, igb     =       0, nsnb    =      25
     ipol    =       0, gbsa    =       0, iesp    =       0
     dielc   =   1.00000, cut     = 999.00000, intdiel =   1.00000

Frozen or restrained atoms:
     ibelly  =       0, ntr     =       1
     restraint_wt =  10.00000

Energy minimization:
     maxcyc  =     500, ncyc    =     250, ntmin   =       1
     dx0     =   0.01000, drms    =   0.00010
|  INFO: Old style inpcrd file read


    LOADING THE CONSTRAINED ATOMS AS GROUPS


   5.  REFERENCE ATOM COORDINATES

  defa
     Mask !:LIG & !@H=; matches  2344 atoms

--------------------------------------------------------------------------------
   3.  ATOMIC COORDINATES AND VELOCITIES
--------------------------------------------------------------------------------

default_name                                                                    
 begin time read from input coords =     0.000 ps

 Number of triangulated 3-point waters found:        0

     Sum of charges from parm topology file = -33.99999706

--------------------------------------------------------------------------------
   4.  RESULTS
--------------------------------------------------------------------------------

 ---------------------------------------------------

     eedmeth=4: Setting switch to one everywhere

 ---------------------------------------------------
| Local SIZE OF NONBOND LIST =   10941854
| TOTAL SIZE OF NONBOND LIST =   10941854


   NSTEP       ENERGY          RMS            GMAX         NAME    NUMBER
      1       1.3145E+04     4.6738E+02     3.3955E+04     HD1      3641

 BOND    =      135.0493  ANGLE   =      608.2427  DIHED      =     3462.6822
 VDWAALS =     7742.9190  EEL     =   -14198.2780  HBOND      =        0.0000
 1-4 VDW =     1140.6355  1-4 EEL =    14253.8722  RESTRAINT  =        0.0000


   NSTEP       ENERGY          RMS            GMAX         NAME    NUMBER
     50       3.4565E+03     1.8406E+00     4.3330E+01     C        3063

 BOND    =      150.8576  ANGLE   =      630.1778  DIHED      =     3451.3882
 VDWAALS =    -1707.1408  EEL     =   -14427.1146  HBOND      =        0.0000
 1-4 VDW =     1106.4637  1-4 EEL =    14177.6432  RESTRAINT  =       74.2662
 EAMBER  =     3382.2752


   NSTEP       ENERGY          RMS            GMAX         NAME    NUMBER
    100       3.2635E+03     1.4531E+00     3.9671E+01     C        3063

 BOND    =      136.2253  ANGLE   =      627.0302  DIHED      =     3452.3559
 VDWAALS =    -1794.3782  EEL     =   -14561.0001  HBOND      =        0.0000
 1-4 VDW =     1082.2476  1-4 EEL =    14183.0764  RESTRAINT  =      137.9812
 EAMBER  =     3125.5571


   NSTEP       ENERGY          RMS            GMAX         NAME    NUMBER
    150       3.1881E+03     7.9756E-01     2.0307E+01     C        3063

 BOND    =      135.4920  ANGLE   =      622.3073  DIHED      =     3455.9346
 VDWAALS =    -1830.1654  EEL     =   -14628.1811  HBOND      =        0.0000
 1-4 VDW =     1073.3046  1-4 EEL =    14181.0371  RESTRAINT  =      178.3714
 EAMBER  =     3009.7291


   NSTEP       ENERGY          RMS            GMAX         NAME    NUMBER
    200       3.1457E+03     2.7187E-01     7.6662E+00     HG        973

 BOND    =      133.1956  ANGLE   =      622.4315  DIHED      =     3458.4751
 VDWAALS =    -1848.2692  EEL     =   -14672.7184  HBOND      =        0.0000
 1-4 VDW =     1068.9196  1-4 EEL =    14178.9989  RESTRAINT  =      204.6857
 EAMBER  =     2941.0331


   NSTEP       ENERGY          RMS            GMAX         NAME    NUMBER
    250       3.1199E+03     7.2962E-01     2.9062E+01     CD       3536

 BOND    =      133.9744  ANGLE   =      622.4397  DIHED      =     3460.4093
 VDWAALS =    -1859.5741  EEL     =   -14703.1424  HBOND      =        0.0000
 1-4 VDW =     1066.3278  1-4 EEL =    14176.9437  RESTRAINT  =      222.5557
 EAMBER  =     2897.3783


   NSTEP       ENERGY          RMS            GMAX         NAME    NUMBER
    300       3.0479E+03     4.0457E-01     1.0925E+01     CB       4496

 BOND    =      133.0176  ANGLE   =      623.7749  DIHED      =     3466.4891
 VDWAALS =    -1881.6487  EEL     =   -14798.2038  HBOND      =        0.0000
 1-4 VDW =     1061.8803  1-4 EEL =    14169.9300  RESTRAINT  =      272.6712
 EAMBER  =     2775.2392


   NSTEP       ENERGY          RMS            GMAX         NAME    NUMBER
    350       3.0327E+03     2.2452E-01     7.0758E+00     CD       2277

 BOND    =      133.0782  ANGLE   =      621.5425  DIHED      =     3468.8016
 VDWAALS =    -1886.0636  EEL     =   -14814.6977  HBOND      =        0.0000
 1-4 VDW =     1060.6971  1-4 EEL =    14168.8168  RESTRAINT  =      280.5516
 EAMBER  =     2752.1749


   NSTEP       ENERGY          RMS            GMAX         NAME    NUMBER
    400       3.0255E+03     3.0945E-01     8.6385E+00     HG1       259

 BOND    =      133.2603  ANGLE   =      622.4105  DIHED      =     3471.6877
 VDWAALS =    -1888.3793  EEL     =   -14826.9605  HBOND      =        0.0000
 1-4 VDW =     1060.2051  1-4 EEL =    14167.5067  RESTRAINT  =      285.7473
 EAMBER  =     2739.7305


   NSTEP       ENERGY          RMS            GMAX         NAME    NUMBER
    450       3.0147E+03     1.2309E-01     2.8051E+00     CB       4496

 BOND    =      133.2114  ANGLE   =      620.4239  DIHED      =     3469.8480
 VDWAALS =    -1888.8833  EEL     =   -14834.6662  HBOND      =        0.0000
 1-4 VDW =     1059.6774  1-4 EEL =    14168.9629  RESTRAINT  =      286.1726
 EAMBER  =     2728.5741


   NSTEP       ENERGY          RMS            GMAX         NAME    NUMBER
    500       3.0120E+03     9.2704E-02     2.0752E+00     CB       4496

 BOND    =      133.1954  ANGLE   =      619.9849  DIHED      =     3470.2251
 VDWAALS =    -1889.9742  EEL     =   -14836.8764  HBOND      =        0.0000
 1-4 VDW =     1059.2781  1-4 EEL =    14168.8148  RESTRAINT  =      287.3130
 EAMBER  =     2724.6479


  Maximum number of minimization cycles reached.


                    FINAL RESULTS



   NSTEP       ENERGY          RMS            GMAX         NAME    NUMBER
    500       3.0120E+03     9.2704E-02     2.0752E+00     CB       4496

 BOND    =      133.1954  ANGLE   =      619.9849  DIHED      =     3470.2251
 VDWAALS =    -1889.9742  EEL     =   -14836.8764  HBOND      =        0.0000
 1-4 VDW =     1059.2781  1-4 EEL =    14168.8148  RESTRAINT  =      287.3130
 EAMBER  =     2724.6479

--------------------------------------------------------------------------------
   5.  TIMINGS
--------------------------------------------------------------------------------

|                Build the list             0.57 (99.79% of List )
|                Other                      0.00 ( 0.21% of List )
|             List time                  0.57 ( 0.12% of Nonbo)
|                   Short_ene time           463.53 (100.0% of Direc)
|                   Other                      0.05 ( 0.01% of Direc)
|                Direct Ewald time        463.58 (99.88% of Ewald)
|                Other                      0.58 ( 0.12% of Ewald)
|             Ewald time               464.16 (99.88% of Nonbo)
|          Nonbond force            464.73 (98.87% of Force)
|          Bond/Angle/Dihedral        5.23 ( 1.11% of Force)
|          Other                      0.09 ( 0.02% of Force)
|       Force time               470.04 (100.0% of Runmd)
|    Runmd Time               470.04 (98.46% of Total)
|    Other                      7.34 ( 1.54% of Total)
| Total time               477.39 (100.0% of ALL  )

| Number of list builds   :          1

| Highest rstack allocated:      23385
| Highest istack allocated:       4677
|           Job began  at 21:58:03.630  on 12/21/2025
|           Setup done at 21:58:03.811  on 12/21/2025
|           Run   done at 22:06:01.024  on 12/21/2025
|     wallclock() was called   11535 times

|3D-RISM memory allocation summary
|Type          Maximum        Current   
|Integer       0.00000 GB     0.00000 GB
|Real          0.00000 GB     0.00000 GB
|Logical       0.00000 GB     0.00000 GB
|Character     0.00000 GB     0.00000 GB
|---------------------------------------
|Total         0.00000 GB     0.00000 GB
