
          -------------------------------------------------------
          Amber 22 SANDER                              2022
          -------------------------------------------------------

| Run on 12/21/2025 at 21:58:05

|   Executable path: /home/kiran/miniforge3/envs/amber_mmgbsa/bin/sander
| Working directory: /storage/kiran-stuff/aaRS/phase2/energy_scoring/mmgbsa_amber/jobs/anc_prors_cat_ILE
|          Hostname: boron

  [-O]verwriting output

File Assignments:
|  MDIN: min.in                                                                
| MDOUT: min.out                                                               
|INPCRD: complex.inpcrd                                                        
|  PARM: complex.prmtop                                                        
|RESTRT: min.rst                                                               
|  REFC: complex.inpcrd                                                        
| MDVEL: mdvel                                                                 
| MDFRC: mdfrc                                                                 
|  MDEN: mden                                                                  
| MDCRD: mdcrd                                                                 
|MDINFO: mdinfo                                                                
|  MTMD: mtmd                                                                  
|INPDIP: inpdip                                                                
|RSTDIP: rstdip                                                                
|INPTRA: inptraj                                                               


 Here is the input file:

Minimize                                                                       
 &cntrl                                                                        
  imin=1,                                                                      
  maxcyc=500,                                                                  
  ncyc=250,                                                                    
  ntb=0,                                                                       
  cut=999.0,                                                                   
  ntr=1,                                                                       
  restraint_wt=10.0,                                                           
  restraintmask='!:LIG & !@H=',                                                
 /                                                                             

--------------------------------------------------------------------------------
   1.  RESOURCE   USE: 
--------------------------------------------------------------------------------

| Flags:                                                                        
|    NONPERIODIC   ntb=0 and igb=0: Setting up nonperiodic simulation
|  *** cutoff > system size, list only builds once
|Largest sphere to fit in unit cell has radius =    66.197
| New format PARM file being parsed.
| Version =    1.000 Date = 12/21/25 Time = 21:58:05
 NATOM  =    8182 NTYPES =      21 NBONH =    4116 MBONA  =    4163
 NTHETH =    9429 MTHETA =    5628 NPHIH =   18738 MPHIA  =   17573
 NHPARM =       0 NPARM  =       0 NNB   =   45490 NRES   =     501
 NBONA  =    4163 NTHETA =    5628 NPHIA =   17573 NUMBND =      73
 NUMANG =     164 NPTRA  =     198 NATYP =      41 NPHB   =       0
 IFBOX  =       0 NMXRS  =      24 IFCAP =       0 NEXTRA =       0
 NCOPY  =       0


|     Memory Use     Allocated
|     Real             1426727
|     Hollerith          25049
|     Integer          1958400
|     Max Pairs       33468471
|     nblistReal         98184
|     nblist Int       9955966
|       Total           189287 kbytes

| Note: 1-4 EEL scale factors are being read from the topology file.

| Note: 1-4 VDW scale factors are being read from the topology file.
| Duplicated    0 dihedrals
| Duplicated    0 dihedrals

--------------------------------------------------------------------------------
   2.  CONTROL  DATA  FOR  THE  RUN
--------------------------------------------------------------------------------

default_name                                                                    

General flags:
     imin    =       1, nmropt  =       0

Nature and format of input:
     ntx     =       1, irest   =       0, ntrx    =       1

Nature and format of output:
     ntxo    =       2, ntpr    =      50, ntrx    =       1, ntwr    =       1
     iwrap   =       0, ntwx    =       0, ntwv    =       0, ntwe    =       0
     ioutfm  =       1, ntwprt  =       0, idecomp =       0, rbornstat=      0

Potential function:
     ntf     =       1, ntb     =       0, igb     =       0, nsnb    =      25
     ipol    =       0, gbsa    =       0, iesp    =       0
     dielc   =   1.00000, cut     = 999.00000, intdiel =   1.00000

Frozen or restrained atoms:
     ibelly  =       0, ntr     =       1
     restraint_wt =  10.00000

Energy minimization:
     maxcyc  =     500, ncyc    =     250, ntmin   =       1
     dx0     =   0.01000, drms    =   0.00010
|  INFO: Old style inpcrd file read


    LOADING THE CONSTRAINED ATOMS AS GROUPS


   5.  REFERENCE ATOM COORDINATES

  defa
     Mask !:LIG & !@H=; matches  4057 atoms

--------------------------------------------------------------------------------
   3.  ATOMIC COORDINATES AND VELOCITIES
--------------------------------------------------------------------------------

default_name                                                                    
 begin time read from input coords =     0.000 ps

 Number of triangulated 3-point waters found:        0

     Sum of charges from parm topology file =   4.99999783

--------------------------------------------------------------------------------
   4.  RESULTS
--------------------------------------------------------------------------------

 ---------------------------------------------------

     eedmeth=4: Setting switch to one everywhere

 ---------------------------------------------------
| Local SIZE OF NONBOND LIST =   33423395
| TOTAL SIZE OF NONBOND LIST =   33423395


   NSTEP       ENERGY          RMS            GMAX         NAME    NUMBER
      1      -8.1287E+03     3.5509E+01     3.0574E+03     O         391

 BOND    =      224.7073  ANGLE   =      990.1118  DIHED      =     5579.5525
 VDWAALS =    -2936.7417  EEL     =   -37033.7970  HBOND      =        0.0000
 1-4 VDW =     1877.1633  1-4 EEL =    23170.3027  RESTRAINT  =        0.0000


   NSTEP       ENERGY          RMS            GMAX         NAME    NUMBER
     50      -9.9912E+03     1.8173E+00     6.0607E+01     C         390

 BOND    =      234.3917  ANGLE   =      903.5356  DIHED      =     5573.9999
 VDWAALS =    -4129.4971  EEL     =   -37531.9592  HBOND      =        0.0000
 1-4 VDW =     1782.8939  1-4 EEL =    23113.2275  RESTRAINT  =       62.2443
 EAMBER  =   -10053.4076


   NSTEP       ENERGY          RMS            GMAX         NAME    NUMBER
    100      -1.0163E+04     1.0110E+00     2.0134E+01     NE2      3396

 BOND    =      228.6064  ANGLE   =      913.5247  DIHED      =     5584.8303
 VDWAALS =    -4167.0705  EEL     =   -37728.0932  HBOND      =        0.0000
 1-4 VDW =     1768.1968  1-4 EEL =    23131.6266  RESTRAINT  =      105.3501
 EAMBER  =   -10268.3789


   NSTEP       ENERGY          RMS            GMAX         NAME    NUMBER
    150      -1.0241E+04     6.0034E-01     1.3350E+01     HG       2667

 BOND    =      229.6122  ANGLE   =      923.8427  DIHED      =     5594.2380
 VDWAALS =    -4182.9234  EEL     =   -37839.1188  HBOND      =        0.0000
 1-4 VDW =     1763.0896  1-4 EEL =    23135.5163  RESTRAINT  =      134.5930
 EAMBER  =   -10375.7433


   NSTEP       ENERGY          RMS            GMAX         NAME    NUMBER
    200      -1.0289E+04     2.2126E-01     9.7522E+00     HG       2667

 BOND    =      229.2093  ANGLE   =      928.6582  DIHED      =     5600.7578
 VDWAALS =    -4189.8172  EEL     =   -37907.6840  HBOND      =        0.0000
 1-4 VDW =     1760.9649  1-4 EEL =    23136.1284  RESTRAINT  =      152.8897
 EAMBER  =   -10441.7826


   NSTEP       ENERGY          RMS            GMAX         NAME    NUMBER
    250      -1.0325E+04     5.7856E-01     2.2707E+01     CD       3923

 BOND    =      230.7116  ANGLE   =      932.0312  DIHED      =     5604.5810
 VDWAALS =    -4193.6488  EEL     =   -37962.9620  HBOND      =        0.0000
 1-4 VDW =     1760.0188  1-4 EEL =    23137.3075  RESTRAINT  =      166.7719
 EAMBER  =   -10491.9606


   NSTEP       ENERGY          RMS            GMAX         NAME    NUMBER
    300      -1.0405E+04     1.8505E-01     5.7638E+00     CB       6266

 BOND    =      231.8028  ANGLE   =      936.0389  DIHED      =     5612.2183
 VDWAALS =    -4202.3863  EEL     =   -38090.8544  HBOND      =        0.0000
 1-4 VDW =     1759.4087  1-4 EEL =    23145.3938  RESTRAINT  =      202.9792
 EAMBER  =   -10608.3783


   NSTEP       ENERGY          RMS            GMAX         NAME    NUMBER
    350      -1.0423E+04     2.4277E-01     9.5090E+00     CG2      4070

 BOND    =      232.0019  ANGLE   =      935.7407  DIHED      =     5612.4636
 VDWAALS =    -4204.3810  EEL     =   -38115.0295  HBOND      =        0.0000
 1-4 VDW =     1760.0479  1-4 EEL =    23147.0009  RESTRAINT  =      208.9900
 EAMBER  =   -10632.1555


   NSTEP       ENERGY          RMS            GMAX         NAME    NUMBER
    400      -1.0443E+04     2.9763E-01     1.3291E+01     HH       7559

 BOND    =      232.6666  ANGLE   =      935.7243  DIHED      =     5607.7265
 VDWAALS =    -4206.3247  EEL     =   -38131.9953  HBOND      =        0.0000
 1-4 VDW =     1759.8510  1-4 EEL =    23146.7305  RESTRAINT  =      212.5531
 EAMBER  =   -10655.6211


   NSTEP       ENERGY          RMS            GMAX         NAME    NUMBER
    450      -1.0456E+04     1.8278E-01     4.9782E+00     CE2      7560

 BOND    =      232.5177  ANGLE   =      935.6000  DIHED      =     5605.5246
 VDWAALS =    -4204.6099  EEL     =   -38147.2557  HBOND      =        0.0000
 1-4 VDW =     1759.8673  1-4 EEL =    23148.2428  RESTRAINT  =      214.1219
 EAMBER  =   -10670.1132


   NSTEP       ENERGY          RMS            GMAX         NAME    NUMBER
    500      -1.0463E+04     1.4976E-01     4.2373E+00     CE2      7560

 BOND    =      232.5739  ANGLE   =      935.4138  DIHED      =     5603.5442
 VDWAALS =    -4204.9932  EEL     =   -38155.5267  HBOND      =        0.0000
 1-4 VDW =     1759.8693  1-4 EEL =    23149.9407  RESTRAINT  =      216.1331
 EAMBER  =   -10679.1780


  Maximum number of minimization cycles reached.


                    FINAL RESULTS



   NSTEP       ENERGY          RMS            GMAX         NAME    NUMBER
    500      -1.0463E+04     1.4976E-01     4.2373E+00     CE2      7560

 BOND    =      232.5739  ANGLE   =      935.4138  DIHED      =     5603.5442
 VDWAALS =    -4204.9932  EEL     =   -38155.5267  HBOND      =        0.0000
 1-4 VDW =     1759.8693  1-4 EEL =    23149.9407  RESTRAINT  =      216.1331
 EAMBER  =   -10679.1780

--------------------------------------------------------------------------------
   5.  TIMINGS
--------------------------------------------------------------------------------

|                Build the list             1.07 (99.82% of List )
|                Other                      0.00 ( 0.18% of List )
|             List time                  1.07 ( 0.08% of Nonbo)
|                   Short_ene time          1319.64 (100.0% of Direc)
|                   Other                      0.11 ( 0.01% of Direc)
|                Direct Ewald time       1319.74 (100.0% of Ewald)
|                Other                      0.88 ( 0.07% of Ewald)
|             Ewald time              1320.63 (100.0% of Nonbo)
|          Nonbond force           1321.70 (99.38% of Force)
|          Bond/Angle/Dihedral        8.23 ( 0.62% of Force)
|          Other                      0.07 ( 0.01% of Force)
|       Force time              1330.00 (100.0% of Runmd)
|    Runmd Time              1330.00 (99.43% of Total)
|    Other                      7.65 ( 0.57% of Total)
| Total time              1337.66 (100.0% of ALL  )

| Number of list builds   :          1

| Highest rstack allocated:      40870
| Highest istack allocated:       8174
|           Job began  at 21:58:05.441  on 12/21/2025
|           Setup done at 21:58:05.856  on 12/21/2025
|           Run   done at 22:20:23.105  on 12/21/2025
|     wallclock() was called   11535 times

|3D-RISM memory allocation summary
|Type          Maximum        Current   
|Integer       0.00000 GB     0.00000 GB
|Real          0.00000 GB     0.00000 GB
|Logical       0.00000 GB     0.00000 GB
|Character     0.00000 GB     0.00000 GB
|---------------------------------------
|Total         0.00000 GB     0.00000 GB
