            --------------------------------------------------------
                             AMBER SQM VERSION 19
 
                                     By
              Ross C. Walker, Michael F. Crowley, Scott Brozell,
                         Tim Giese, Andreas W. Goetz,
                        Tai-Sung Lee and David A. Case
 
            --------------------------------------------------------
 

--------------------------------------------------------------------------------
  QM CALCULATION INFO
--------------------------------------------------------------------------------

| QMMM: Citation for AMBER QMMM Run:
| QMMM: R.C. Walker, M.F. Crowley and D.A. Case, J. COMP. CHEM. 29:1019, 2008

QMMM: SINGLET STATE CALCULATION
QMMM: RHF CALCULATION, NO. OF DOUBLY OCCUPIED LEVELS = 24

| QMMM: *** Selected Hamiltonian *** 
| QMMM: AM1         

| QMMM: *** Parameter sets in use ***
| QMMM: N : M.J.S.DEWAR et al. JACS, 107, 3902, (1985)
| QMMM: C : M.J.S.DEWAR et al. JACS, 107, 3902, (1985)
| QMMM: O : M.J.S.DEWAR et al. JACS, 107, 3902, (1985)
| QMMM: H : M.J.S.DEWAR et al. JACS, 107, 3902, (1985)

| QMMM: *** SCF convergence criteria ***
| QMMM: Energy change                :  0.1D-09 kcal/mol
| QMMM: Error matrix |FP-PF|         :  0.1D+00 au
| QMMM: Density matrix change        :  0.5D-06
| QMMM: Maximum number of SCF cycles :     1000

| QMMM: *** Diagonalization Routine Information ***
| QMMM: Pseudo diagonalizations are allowed.
| QMMM: Auto diagonalization routine selection is in use.
| QMMM:
| QMMM: Timing diagonalization routines:
| QMMM:                              norbs =       41
| QMMM:    diag iterations used for timing =       20
| QMMM:
| QMMM:              Internal diag routine = 0.006741 seconds
| QMMM:                 Dspev diag routine = 0.279061 seconds
| QMMM:                Dspevd diag routine = 0.418524 seconds
| QMMM:                Dspevx diag routine = 0.057836 seconds
| QMMM:                 Dsyev diag routine = 0.014958 seconds
| QMMM:                Dsyevd diag routine = 0.310361 seconds
| QMMM:                Dsyevr diag routine = 0.044737 seconds
| QMMM:
| QMMM:                Pseudo diag routine = 0.003023 seconds
| QMMM:
| QMMM: Using internal diagonalization routine (diag_routine=1).

  QMMM: QM Region Cartesian Coordinates (*=link atom) 
  QMMM: QM_NO.   MM_NO.  ATOM         X         Y         Z
  QMMM:     1        1      N       -2.4430    7.9310   -3.1570
  QMMM:     2        2      C       -3.2100    7.0290   -2.2800
  QMMM:     3        3      C       -4.6850    7.0930   -2.7000
  QMMM:     4        4      O       -5.2830    8.1280   -2.4660
  QMMM:     5        5      C       -2.9870    7.4160   -0.8430
  QMMM:     6        6      O       -1.5740    7.3350   -0.5850
  QMMM:     7        7      C       -3.7440    6.5510    0.1170
  QMMM:     8        8      O       -5.1480    6.2220   -3.3910
  QMMM:     9        9      H       -2.5940    7.6680   -4.1310
  QMMM:    10       10      H       -1.4500    7.8570   -2.9350
  QMMM:    11       11      H       -2.8850    6.0140   -2.3760
  QMMM:    12       12      H       -4.8910    8.7830   -1.9230
  QMMM:    13       13      H       -3.3530    8.4100   -0.6930
  QMMM:    14       14      H       -1.2710    6.4250   -0.7290
  QMMM:    15       15      H       -3.4200    5.5360    0.0150
  QMMM:    16       16      H       -4.7910    6.6140   -0.0950
  QMMM:    17       17      H       -3.5620    6.8840    1.1170

--------------------------------------------------------------------------------
  RESULTS
--------------------------------------------------------------------------------

      iter         sqm energy              rms gradient
      ----    -------------------    -----------------------
xmin    10     -149.2429 kcal/mol        1.2244 kcal/(mol*A)
xmin    20     -149.7999 kcal/mol        0.2472 kcal/(mol*A)
xmin    30     -149.9910 kcal/mol        0.1933 kcal/(mol*A)
xmin    40     -150.0250 kcal/mol        0.0563 kcal/(mol*A)
xmin    50     -150.0346 kcal/mol        0.0246 kcal/(mol*A)
xmin    60     -150.0384 kcal/mol        0.0736 kcal/(mol*A)
xmin    70     -150.0388 kcal/mol        0.0128 kcal/(mol*A)
xmin    80     -150.0389 kcal/mol        0.0135 kcal/(mol*A)
xmin    90     -150.0390 kcal/mol        0.0090 kcal/(mol*A)
xmin   100     -150.0391 kcal/mol        0.0061 kcal/(mol*A)
  ... geometry converged !
 
 Final MO eigenvalues (eV):
 -40.9837  -39.1923  -36.8099  -35.6002  -32.1291  -27.3481  -24.0350  -22.1360
 -19.0972  -18.2344  -18.0156  -17.2545  -16.5434  -16.0967  -15.4337  -14.7749
 -14.2627  -13.8649  -13.3299  -12.6329  -12.2821  -11.8654  -11.4247  -10.4798
   1.0589    2.1612    2.5370    3.0051    3.0503    3.1934    3.5155    3.6125
   3.8187    4.1816    4.2849    4.5272    5.2206    5.5606    5.7003    5.9083
   6.6909

 Heat of formation   =       -150.03906247 kcal/mol  (       -6.50618197 eV)

 Total SCF energy    =     -41640.48124511 kcal/mol  (    -1805.66676402 eV)
 Electronic energy   =    -169124.97922385 kcal/mol  (    -7333.80942821 eV)
 Core-core repulsion =     127484.49797874 kcal/mol  (     5528.14266418 eV)
 
    Atomic Charges for Step       1 :
  Atom    Element       Mulliken Charge
     1      N                 -0.366
     2      C                 -0.100
     3      C                  0.302
     4      O                 -0.281
     5      C                  0.023
     6      O                 -0.323
     7      C                 -0.256
     8      O                 -0.315
     9      H                  0.165
    10      H                  0.180
    11      H                  0.102
    12      H                  0.245
    13      H                  0.128
    14      H                  0.203
    15      H                  0.083
    16      H                  0.113
    17      H                  0.097
 Total Mulliken Charge =      -0.000
 
                  X        Y        Z     TOTAL  
  QM DIPOLE     3.754   -0.247    0.692    3.825
 
 Final Structure

  QMMM: QM Region Cartesian Coordinates (*=link atom) 
  QMMM: QM_NO.   MM_NO.  ATOM         X         Y         Z
  QMMM:     1        1      N       -2.4881    8.0360   -3.1377
  QMMM:     2        2      C       -3.2402    7.1103   -2.3154
  QMMM:     3        3      C       -4.7401    7.2449   -2.5731
  QMMM:     4        4      O       -5.3192    8.4636   -2.7373
  QMMM:     5        5      C       -2.9982    7.3157   -0.7911
  QMMM:     6        6      O       -1.6063    7.3722   -0.5310
  QMMM:     7        7      C       -3.6753    6.2241    0.0117
  QMMM:     8        8      O       -5.5293    6.3004   -2.6192
  QMMM:     9        9      H       -2.1964    7.6015   -3.9885
  QMMM:    10       10      H       -1.6950    8.3936   -2.6411
  QMMM:    11       11      H       -2.9811    6.0327   -2.5542
  QMMM:    12       12      H       -4.6422    9.1561   -2.7720
  QMMM:    13       13      H       -3.3755    8.3336   -0.4856
  QMMM:    14       14      H       -1.2630    6.4711   -0.5739
  QMMM:    15       15      H       -3.2465    5.2240   -0.2404
  QMMM:    16       16      H       -4.7707    6.2045   -0.2080
  QMMM:    17       17      H       -3.5237    6.4119    1.1018

           --------- Calculation Completed ----------

