
          -------------------------------------------------------
          Amber 22 SANDER                              2022
          -------------------------------------------------------

| Run on 12/21/2025 at 22:13:06

|   Executable path: /home/kiran/miniforge3/envs/amber_mmgbsa/bin/sander
| Working directory: /storage/kiran-stuff/aaRS/phase2/energy_scoring/mmgbsa_amber/jobs/modern_prors_ASP
|          Hostname: boron

  [-O]verwriting output

File Assignments:
|  MDIN: min.in                                                                
| MDOUT: min.out                                                               
|INPCRD: complex.inpcrd                                                        
|  PARM: complex.prmtop                                                        
|RESTRT: min.rst                                                               
|  REFC: complex.inpcrd                                                        
| MDVEL: mdvel                                                                 
| MDFRC: mdfrc                                                                 
|  MDEN: mden                                                                  
| MDCRD: mdcrd                                                                 
|MDINFO: mdinfo                                                                
|  MTMD: mtmd                                                                  
|INPDIP: inpdip                                                                
|RSTDIP: rstdip                                                                
|INPTRA: inptraj                                                               


 Here is the input file:

Minimize                                                                       
 &cntrl                                                                        
  imin=1,                                                                      
  maxcyc=500,                                                                  
  ncyc=250,                                                                    
  ntb=0,                                                                       
  cut=999.0,                                                                   
  ntr=1,                                                                       
  restraint_wt=10.0,                                                           
  restraintmask='!:LIG & !@H=',                                                
 /                                                                             

--------------------------------------------------------------------------------
   1.  RESOURCE   USE: 
--------------------------------------------------------------------------------

| Flags:                                                                        
|    NONPERIODIC   ntb=0 and igb=0: Setting up nonperiodic simulation
|  *** cutoff > system size, list only builds once
|Largest sphere to fit in unit cell has radius =    63.839
| New format PARM file being parsed.
| Version =    1.000 Date = 12/21/25 Time = 22:13:05
 NATOM  =    8975 NTYPES =      21 NBONH =    4484 MBONA  =    4574
 NTHETH =   10214 MTHETA =    6195 NPHIH =   20532 MPHIA  =   19708
 NHPARM =       0 NPARM  =       0 NNB   =   49565 NRES   =     573
 NBONA  =    4574 NTHETA =    6195 NPHIA =   19708 NUMBND =      73
 NUMANG =     164 NPTRA  =     198 NATYP =      41 NPHB   =       0
 IFBOX  =       0 NMXRS  =      24 IFCAP =       0 NEXTRA =       0
 NCOPY  =       0


|     Memory Use     Allocated
|     Real             1491676
|     Hollerith          27500
|     Integer          2160523
|     Max Pairs       40270825
|     nblistReal        107700
|     nblist Int       9915795
|       Total           217083 kbytes

| Note: 1-4 EEL scale factors are being read from the topology file.

| Note: 1-4 VDW scale factors are being read from the topology file.
| Duplicated    0 dihedrals
| Duplicated    0 dihedrals

--------------------------------------------------------------------------------
   2.  CONTROL  DATA  FOR  THE  RUN
--------------------------------------------------------------------------------

default_name                                                                    

General flags:
     imin    =       1, nmropt  =       0

Nature and format of input:
     ntx     =       1, irest   =       0, ntrx    =       1

Nature and format of output:
     ntxo    =       2, ntpr    =      50, ntrx    =       1, ntwr    =       1
     iwrap   =       0, ntwx    =       0, ntwv    =       0, ntwe    =       0
     ioutfm  =       1, ntwprt  =       0, idecomp =       0, rbornstat=      0

Potential function:
     ntf     =       1, ntb     =       0, igb     =       0, nsnb    =      25
     ipol    =       0, gbsa    =       0, iesp    =       0
     dielc   =   1.00000, cut     = 999.00000, intdiel =   1.00000

Frozen or restrained atoms:
     ibelly  =       0, ntr     =       1
     restraint_wt =  10.00000

Energy minimization:
     maxcyc  =     500, ncyc    =     250, ntmin   =       1
     dx0     =   0.01000, drms    =   0.00010
|  INFO: Old style inpcrd file read


    LOADING THE CONSTRAINED ATOMS AS GROUPS


   5.  REFERENCE ATOM COORDINATES

  defa
     Mask !:LIG & !@H=; matches  4482 atoms

--------------------------------------------------------------------------------
   3.  ATOMIC COORDINATES AND VELOCITIES
--------------------------------------------------------------------------------

default_name                                                                    
 begin time read from input coords =     0.000 ps

 Number of triangulated 3-point waters found:        0

     Sum of charges from parm topology file = -19.00000126

--------------------------------------------------------------------------------
   4.  RESULTS
--------------------------------------------------------------------------------

 ---------------------------------------------------

     eedmeth=4: Setting switch to one everywhere

 ---------------------------------------------------
| Local SIZE OF NONBOND LIST =   40221716
| TOTAL SIZE OF NONBOND LIST =   40221716


   NSTEP       ENERGY          RMS            GMAX         NAME    NUMBER
      1      -1.0786E+04     1.4588E+01     1.2158E+03     HD12     3783

 BOND    =      276.3963  ANGLE   =     1060.7675  DIHED      =     6443.5286
 VDWAALS =    -3706.3930  EEL     =   -38807.3667  HBOND      =        0.0000
 1-4 VDW =     2024.9432  1-4 EEL =    21921.7897  RESTRAINT  =        0.0000


   NSTEP       ENERGY          RMS            GMAX         NAME    NUMBER
     50      -1.2543E+04     5.6110E-01     1.5458E+01     HG1      5941

 BOND    =      274.1408  ANGLE   =      957.7318  DIHED      =     6420.3331
 VDWAALS =    -4678.2693  EEL     =   -39379.6351  HBOND      =        0.0000
 1-4 VDW =     1938.6267  1-4 EEL =    21856.1145  RESTRAINT  =       68.2705
 EAMBER  =   -12610.9574


   NSTEP       ENERGY          RMS            GMAX         NAME    NUMBER
    100      -1.2719E+04     1.1353E+00     2.6818E+01     CZ         35

 BOND    =      286.7186  ANGLE   =      973.6162  DIHED      =     6425.1477
 VDWAALS =    -4725.0583  EEL     =   -39589.4772  HBOND      =        0.0000
 1-4 VDW =     1924.2178  1-4 EEL =    21878.0728  RESTRAINT  =      108.0545
 EAMBER  =   -12826.7624


   NSTEP       ENERGY          RMS            GMAX         NAME    NUMBER
    150      -1.2832E+04     3.0323E-01     1.3847E+01     HG1      3927

 BOND    =      282.2098  ANGLE   =      977.8268  DIHED      =     6426.8953
 VDWAALS =    -4741.4146  EEL     =   -39714.9641  HBOND      =        0.0000
 1-4 VDW =     1919.1618  1-4 EEL =    21885.0905  RESTRAINT  =      133.0860
 EAMBER  =   -12965.1947


   NSTEP       ENERGY          RMS            GMAX         NAME    NUMBER
    200      -1.2903E+04     8.4865E-01     2.5587E+01     NE2      2696

 BOND    =      286.2914  ANGLE   =      982.0465  DIHED      =     6427.0433
 VDWAALS =    -4750.2920  EEL     =   -39803.4477  HBOND      =        0.0000
 1-4 VDW =     1916.6744  1-4 EEL =    21889.4886  RESTRAINT  =      148.7661
 EAMBER  =   -13052.1955


   NSTEP       ENERGY          RMS            GMAX         NAME    NUMBER
    250      -1.2949E+04     5.4197E-01     1.5933E+01     NE2      2696

 BOND    =      285.5851  ANGLE   =      981.7944  DIHED      =     6427.4036
 VDWAALS =    -4754.4282  EEL     =   -39857.4639  HBOND      =        0.0000
 1-4 VDW =     1916.0546  1-4 EEL =    21892.2592  RESTRAINT  =      159.4061
 EAMBER  =   -13108.7952


   NSTEP       ENERGY          RMS            GMAX         NAME    NUMBER
    300      -1.3031E+04     2.8192E-01     1.2589E+01     OG       6652

 BOND    =      286.2113  ANGLE   =      988.2352  DIHED      =     6428.3341
 VDWAALS =    -4770.1811  EEL     =   -39961.5040  HBOND      =        0.0000
 1-4 VDW =     1916.4504  1-4 EEL =    21890.9915  RESTRAINT  =      190.0115
 EAMBER  =   -13221.4625


   NSTEP       ENERGY          RMS            GMAX         NAME    NUMBER
    350      -1.3058E+04     1.6239E-01     8.2212E+00     OG       6652

 BOND    =      286.1588  ANGLE   =      987.5433  DIHED      =     6426.6652
 VDWAALS =    -4773.6751  EEL     =   -39986.7985  HBOND      =        0.0000
 1-4 VDW =     1916.2782  1-4 EEL =    21892.4436  RESTRAINT  =      193.5243
 EAMBER  =   -13251.3845


   NSTEP       ENERGY          RMS            GMAX         NAME    NUMBER
    400      -1.3065E+04     1.2643E-01     6.3755E+00     OG       6652

 BOND    =      286.0249  ANGLE   =      987.5256  DIHED      =     6428.8437
 VDWAALS =    -4775.4443  EEL     =   -39996.7619  HBOND      =        0.0000
 1-4 VDW =     1916.4801  1-4 EEL =    21892.4029  RESTRAINT  =      195.8882
 EAMBER  =   -13260.9290


   NSTEP       ENERGY          RMS            GMAX         NAME    NUMBER
    450      -1.3074E+04     2.6593E-01     1.1549E+01     HH        639

 BOND    =      286.7161  ANGLE   =      989.1099  DIHED      =     6429.8850
 VDWAALS =    -4775.3230  EEL     =   -40011.9338  HBOND      =        0.0000
 1-4 VDW =     1916.3458  1-4 EEL =    21892.0034  RESTRAINT  =      199.2304
 EAMBER  =   -13273.1965


   NSTEP       ENERGY          RMS            GMAX         NAME    NUMBER
    500      -1.3082E+04     1.2666E-01     4.6246E+00     OG       6652

 BOND    =      286.4709  ANGLE   =      988.0729  DIHED      =     6428.0638
 VDWAALS =    -4774.7856  EEL     =   -40018.0263  HBOND      =        0.0000
 1-4 VDW =     1916.3697  1-4 EEL =    21891.8413  RESTRAINT  =      200.2142
 EAMBER  =   -13281.9933


  Maximum number of minimization cycles reached.


                    FINAL RESULTS



   NSTEP       ENERGY          RMS            GMAX         NAME    NUMBER
    500      -1.3082E+04     1.2666E-01     4.6246E+00     OG       6652

 BOND    =      286.4709  ANGLE   =      988.0729  DIHED      =     6428.0638
 VDWAALS =    -4774.7856  EEL     =   -40018.0263  HBOND      =        0.0000
 1-4 VDW =     1916.3697  1-4 EEL =    21891.8413  RESTRAINT  =      200.2142
 EAMBER  =   -13281.9933

--------------------------------------------------------------------------------
   5.  TIMINGS
--------------------------------------------------------------------------------

|                Build the list             1.92 (99.89% of List )
|                Other                      0.00 ( 0.11% of List )
|             List time                  1.92 ( 0.13% of Nonbo)
|                   Short_ene time          1433.22 (100.0% of Direc)
|                Direct Ewald time       1433.29 (100.0% of Ewald)
|                Other                      0.70 ( 0.05% of Ewald)
|             Ewald time              1433.99 (99.87% of Nonbo)
|          Nonbond force           1435.91 (99.43% of Force)
|          Bond/Angle/Dihedral        8.11 ( 0.56% of Force)
|       Force time              1444.10 (100.0% of Runmd)
|    Runmd Time              1444.10 (99.48% of Total)
|    Other                      7.50 ( 0.52% of Total)
| Total time              1451.63 (100.0% of ALL  )

| Number of list builds   :          1

| Highest rstack allocated:      44835
| Highest istack allocated:       8967
|           Job began  at 22:13:06.062  on 12/21/2025
|           Setup done at 22:13:06.681  on 12/21/2025
|           Run   done at 22:37:17.692  on 12/21/2025
|     wallclock() was called   11535 times

|3D-RISM memory allocation summary
|Type          Maximum        Current   
|Integer       0.00000 GB     0.00000 GB
|Real          0.00000 GB     0.00000 GB
|Logical       0.00000 GB     0.00000 GB
|Character     0.00000 GB     0.00000 GB
|---------------------------------------
|Total         0.00000 GB     0.00000 GB
