
          -------------------------------------------------------
          Amber 22 SANDER                              2022
          -------------------------------------------------------

| Run on 12/21/2025 at 22:20:37

|   Executable path: /home/kiran/miniforge3/envs/amber_mmgbsa/bin/sander
| Working directory: /storage/kiran-stuff/aaRS/phase2/energy_scoring/mmgbsa_amber/jobs/modern_prours_pro
|          Hostname: boron

  [-O]verwriting output

File Assignments:
|  MDIN: min.in                                                                
| MDOUT: min.out                                                               
|INPCRD: complex.inpcrd                                                        
|  PARM: complex.prmtop                                                        
|RESTRT: min.rst                                                               
|  REFC: complex.inpcrd                                                        
| MDVEL: mdvel                                                                 
| MDFRC: mdfrc                                                                 
|  MDEN: mden                                                                  
| MDCRD: mdcrd                                                                 
|MDINFO: mdinfo                                                                
|  MTMD: mtmd                                                                  
|INPDIP: inpdip                                                                
|RSTDIP: rstdip                                                                
|INPTRA: inptraj                                                               


 Here is the input file:

Minimize                                                                       
 &cntrl                                                                        
  imin=1,                                                                      
  maxcyc=500,                                                                  
  ncyc=250,                                                                    
  ntb=0,                                                                       
  cut=999.0,                                                                   
  ntr=1,                                                                       
  restraint_wt=10.0,                                                           
  restraintmask='!:LIG & !@H=',                                                
 /                                                                             

--------------------------------------------------------------------------------
   1.  RESOURCE   USE: 
--------------------------------------------------------------------------------

| Flags:                                                                        
|    NONPERIODIC   ntb=0 and igb=0: Setting up nonperiodic simulation
|  *** cutoff > system size, list only builds once
|Largest sphere to fit in unit cell has radius =    68.422
| New format PARM file being parsed.
| Version =    1.000 Date = 12/21/25 Time = 22:20:36
 NATOM  =    8151 NTYPES =      21 NBONH =    4069 MBONA  =    4184
 NTHETH =    9323 MTHETA =    5659 NPHIH =   18627 MPHIA  =   17826
 NHPARM =       0 NPARM  =       0 NNB   =   45271 NRES   =     501
 NBONA  =    4184 NTHETA =    5659 NPHIA =   17826 NUMBND =      74
 NUMANG =     168 NPTRA  =     194 NATYP =      42 NPHB   =       0
 IFBOX  =       0 NMXRS  =      26 IFCAP =       0 NEXTRA =       0
 NCOPY  =       0


|     Memory Use     Allocated
|     Real             1424089
|     Hollerith          24956
|     Integer          1962199
|     Max Pairs       33215325
|     nblistReal         97812
|     nblist Int      10186319
|       Total           189189 kbytes

| Note: 1-4 EEL scale factors are being read from the topology file.

| Note: 1-4 VDW scale factors are being read from the topology file.
| Duplicated    0 dihedrals
| Duplicated    0 dihedrals

--------------------------------------------------------------------------------
   2.  CONTROL  DATA  FOR  THE  RUN
--------------------------------------------------------------------------------

default_name                                                                    

General flags:
     imin    =       1, nmropt  =       0

Nature and format of input:
     ntx     =       1, irest   =       0, ntrx    =       1

Nature and format of output:
     ntxo    =       2, ntpr    =      50, ntrx    =       1, ntwr    =       1
     iwrap   =       0, ntwx    =       0, ntwv    =       0, ntwe    =       0
     ioutfm  =       1, ntwprt  =       0, idecomp =       0, rbornstat=      0

Potential function:
     ntf     =       1, ntb     =       0, igb     =       0, nsnb    =      25
     ipol    =       0, gbsa    =       0, iesp    =       0
     dielc   =   1.00000, cut     = 999.00000, intdiel =   1.00000

Frozen or restrained atoms:
     ibelly  =       0, ntr     =       1
     restraint_wt =  10.00000

Energy minimization:
     maxcyc  =     500, ncyc    =     250, ntmin   =       1
     dx0     =   0.01000, drms    =   0.00010
|  INFO: Old style inpcrd file read


    LOADING THE CONSTRAINED ATOMS AS GROUPS


   5.  REFERENCE ATOM COORDINATES

  defa
     Mask !:LIG & !@H=; matches  4074 atoms

--------------------------------------------------------------------------------
   3.  ATOMIC COORDINATES AND VELOCITIES
--------------------------------------------------------------------------------

default_name                                                                    
 begin time read from input coords =     0.000 ps

 Number of triangulated 3-point waters found:        0

     Sum of charges from parm topology file =   0.99999983

--------------------------------------------------------------------------------
   4.  RESULTS
--------------------------------------------------------------------------------

 ---------------------------------------------------

     eedmeth=4: Setting switch to one everywhere

 ---------------------------------------------------
| Local SIZE OF NONBOND LIST =   33170475
| TOTAL SIZE OF NONBOND LIST =   33170475


   NSTEP       ENERGY          RMS            GMAX         NAME    NUMBER
      1      -8.4270E+03     2.1926E+01     1.9459E+03     OD2       603

 BOND    =      224.4595  ANGLE   =      985.7992  DIHED      =     5692.9455
 VDWAALS =    -3250.7755  EEL     =   -37076.4324  HBOND      =        0.0000
 1-4 VDW =     1977.8538  1-4 EEL =    23019.1024  RESTRAINT  =        0.0000


   NSTEP       ENERGY          RMS            GMAX         NAME    NUMBER
     50      -1.0245E+04     1.8343E+00     3.1573E+01     CZ       3261

 BOND    =      217.7382  ANGLE   =      938.0014  DIHED      =     5717.9348
 VDWAALS =    -4238.4253  EEL     =   -37606.2540  HBOND      =        0.0000
 1-4 VDW =     1808.7997  1-4 EEL =    22845.3473  RESTRAINT  =       71.8914
 EAMBER  =   -10316.8577


   NSTEP       ENERGY          RMS            GMAX         NAME    NUMBER
    100      -1.0427E+04     1.1104E+00     2.9152E+01     NE2      1805

 BOND    =      217.8811  ANGLE   =      956.9662  DIHED      =     5731.5914
 VDWAALS =    -4276.8087  EEL     =   -37802.6079  HBOND      =        0.0000
 1-4 VDW =     1778.4566  1-4 EEL =    22844.6142  RESTRAINT  =      122.6715
 EAMBER  =   -10549.9072


   NSTEP       ENERGY          RMS            GMAX         NAME    NUMBER
    150      -1.0522E+04     4.0321E-01     1.5295E+01     CG        601

 BOND    =      217.9713  ANGLE   =      969.7082  DIHED      =     5737.7650
 VDWAALS =    -4292.3799  EEL     =   -37918.7745  HBOND      =        0.0000
 1-4 VDW =     1768.6342  1-4 EEL =    22840.8784  RESTRAINT  =      154.6511
 EAMBER  =   -10676.1973


   NSTEP       ENERGY          RMS            GMAX         NAME    NUMBER
    200      -1.0577E+04     9.3193E-01     3.9959E+01     CG        601

 BOND    =      221.9376  ANGLE   =      976.2000  DIHED      =     5741.8628
 VDWAALS =    -4300.0871  EEL     =   -37996.0087  HBOND      =        0.0000
 1-4 VDW =     1764.3498  1-4 EEL =    22839.9839  RESTRAINT  =      175.1651
 EAMBER  =   -10751.7618


   NSTEP       ENERGY          RMS            GMAX         NAME    NUMBER
    250      -1.0619E+04     5.9764E-01     3.2627E+01     CG        601

 BOND    =      221.7386  ANGLE   =      977.2401  DIHED      =     5744.0032
 VDWAALS =    -4304.3264  EEL     =   -38052.0532  HBOND      =        0.0000
 1-4 VDW =     1762.5358  1-4 EEL =    22841.2154  RESTRAINT  =      190.1826
 EAMBER  =   -10809.6464


   NSTEP       ENERGY          RMS            GMAX         NAME    NUMBER
    300      -1.0692E+04     3.7074E-01     9.8031E+00     CG2      5842

 BOND    =      223.1605  ANGLE   =      986.8860  DIHED      =     5757.9770
 VDWAALS =    -4316.0201  EEL     =   -38179.6530  HBOND      =        0.0000
 1-4 VDW =     1761.1270  1-4 EEL =    22838.2443  RESTRAINT  =      236.3994
 EAMBER  =   -10928.2783


   NSTEP       ENERGY          RMS            GMAX         NAME    NUMBER
    350      -1.0713E+04     3.4295E-01     1.2213E+01     HH       1110

 BOND    =      223.6608  ANGLE   =      987.1734  DIHED      =     5759.6226
 VDWAALS =    -4317.7324  EEL     =   -38210.3340  HBOND      =        0.0000
 1-4 VDW =     1761.3224  1-4 EEL =    22839.9110  RESTRAINT  =      243.8506
 EAMBER  =   -10956.3762


   NSTEP       ENERGY          RMS            GMAX         NAME    NUMBER
    400      -1.0745E+04     1.9650E-01     4.9757E+00     CD       4007

 BOND    =      223.3692  ANGLE   =      984.9219  DIHED      =     5755.5984
 VDWAALS =    -4315.8535  EEL     =   -38237.3762  HBOND      =        0.0000
 1-4 VDW =     1761.6732  1-4 EEL =    22839.2219  RESTRAINT  =      243.8211
 EAMBER  =   -10988.4452


   NSTEP       ENERGY          RMS            GMAX         NAME    NUMBER
    450      -1.0753E+04     1.4107E-01     3.6184E+00     HB       5841

 BOND    =      223.1775  ANGLE   =      984.5077  DIHED      =     5754.3242
 VDWAALS =    -4316.6942  EEL     =   -38246.1007  HBOND      =        0.0000
 1-4 VDW =     1761.8025  1-4 EEL =    22840.3150  RESTRAINT  =      245.5383
 EAMBER  =   -10998.6679


   NSTEP       ENERGY          RMS            GMAX         NAME    NUMBER
    500      -1.0761E+04     1.4457E-01     5.1264E+00     HG       2221

 BOND    =      223.1915  ANGLE   =      983.8884  DIHED      =     5753.1485
 VDWAALS =    -4317.7560  EEL     =   -38252.2407  HBOND      =        0.0000
 1-4 VDW =     1761.6611  1-4 EEL =    22840.2076  RESTRAINT  =      247.3320
 EAMBER  =   -11007.8996


  Maximum number of minimization cycles reached.


                    FINAL RESULTS



   NSTEP       ENERGY          RMS            GMAX         NAME    NUMBER
    500      -1.0761E+04     1.4457E-01     5.1264E+00     HG       2221

 BOND    =      223.1915  ANGLE   =      983.8884  DIHED      =     5753.1485
 VDWAALS =    -4317.7560  EEL     =   -38252.2407  HBOND      =        0.0000
 1-4 VDW =     1761.6611  1-4 EEL =    22840.2076  RESTRAINT  =      247.3320
 EAMBER  =   -11007.8996

--------------------------------------------------------------------------------
   5.  TIMINGS
--------------------------------------------------------------------------------

|                Build the list             1.21 (99.83% of List )
|                Other                      0.00 ( 0.17% of List )
|             List time                  1.21 ( 0.10% of Nonbo)
|                   Short_ene time          1158.60 (100.0% of Direc)
|                   Other                      0.06 ( 0.01% of Direc)
|                Direct Ewald time       1158.66 (100.0% of Ewald)
|                Other                      0.80 ( 0.07% of Ewald)
|             Ewald time              1159.46 (99.90% of Nonbo)
|          Nonbond force           1160.67 (99.35% of Force)
|          Bond/Angle/Dihedral        7.51 ( 0.64% of Force)
|       Force time              1168.24 (100.0% of Runmd)
|    Runmd Time              1168.24 (99.32% of Total)
|    Other                      7.94 ( 0.68% of Total)
| Total time              1176.20 (100.0% of ALL  )

| Number of list builds   :          1

| Highest rstack allocated:      40720
| Highest istack allocated:       8144
|           Job began  at 22:20:37.116  on 12/21/2025
|           Setup done at 22:20:37.631  on 12/21/2025
|           Run   done at 22:40:13.314  on 12/21/2025
|     wallclock() was called   11535 times

|3D-RISM memory allocation summary
|Type          Maximum        Current   
|Integer       0.00000 GB     0.00000 GB
|Real          0.00000 GB     0.00000 GB
|Logical       0.00000 GB     0.00000 GB
|Character     0.00000 GB     0.00000 GB
|---------------------------------------
|Total         0.00000 GB     0.00000 GB
