
          -------------------------------------------------------
          Amber 22 SANDER                              2022
          -------------------------------------------------------

| Run on 12/21/2025 at 21:58:02

|   Executable path: /home/kiran/miniforge3/envs/amber_mmgbsa/bin/sander
| Working directory: /storage/kiran-stuff/aaRS/phase2/energy_scoring/mmgbsa_amber/jobs/anc_prors_edit_SER
|          Hostname: boron

  [-O]verwriting output

File Assignments:
|  MDIN: min.in                                                                
| MDOUT: min.out                                                               
|INPCRD: complex.inpcrd                                                        
|  PARM: complex.prmtop                                                        
|RESTRT: min.rst                                                               
|  REFC: complex.inpcrd                                                        
| MDVEL: mdvel                                                                 
| MDFRC: mdfrc                                                                 
|  MDEN: mden                                                                  
| MDCRD: mdcrd                                                                 
|MDINFO: mdinfo                                                                
|  MTMD: mtmd                                                                  
|INPDIP: inpdip                                                                
|RSTDIP: rstdip                                                                
|INPTRA: inptraj                                                               


 Here is the input file:

Minimize                                                                       
 &cntrl                                                                        
  imin=1,                                                                      
  maxcyc=500,                                                                  
  ncyc=250,                                                                    
  ntb=0,                                                                       
  cut=999.0,                                                                   
  ntr=1,                                                                       
  restraint_wt=10.0,                                                           
  restraintmask='!:LIG & !@H=',                                                
 /                                                                             

--------------------------------------------------------------------------------
   1.  RESOURCE   USE: 
--------------------------------------------------------------------------------

| Flags:                                                                        
|    NONPERIODIC   ntb=0 and igb=0: Setting up nonperiodic simulation
|  *** cutoff > system size, list only builds once
|Largest sphere to fit in unit cell has radius =    62.157
| New format PARM file being parsed.
| Version =    1.000 Date = 12/21/25 Time = 21:58:02
 NATOM  =    4676 NTYPES =      20 NBONH =    2325 MBONA  =    2390
 NTHETH =    5352 MTHETA =    3231 NPHIH =   10604 MPHIA  =   10076
 NHPARM =       0 NPARM  =       0 NNB   =   25916 NRES   =     301
 NBONA  =    2390 NTHETA =    3231 NPHIA =   10076 NUMBND =      72
 NUMANG =     164 NPTRA  =     195 NATYP =      40 NPHB   =       0
 IFBOX  =       0 NMXRS  =      26 IFCAP =       0 NEXTRA =       0
 NCOPY  =       0


|     Memory Use     Allocated
|     Real             1138562
|     Hollerith          14331
|     Integer          1124374
|     Max Pairs       10930150
|     nblistReal         56112
|     nblist Int       7400394
|       Total            85385 kbytes

| Note: 1-4 EEL scale factors are being read from the topology file.

| Note: 1-4 VDW scale factors are being read from the topology file.
| Duplicated    0 dihedrals
| Duplicated    0 dihedrals

--------------------------------------------------------------------------------
   2.  CONTROL  DATA  FOR  THE  RUN
--------------------------------------------------------------------------------

default_name                                                                    

General flags:
     imin    =       1, nmropt  =       0

Nature and format of input:
     ntx     =       1, irest   =       0, ntrx    =       1

Nature and format of output:
     ntxo    =       2, ntpr    =      50, ntrx    =       1, ntwr    =       1
     iwrap   =       0, ntwx    =       0, ntwv    =       0, ntwe    =       0
     ioutfm  =       1, ntwprt  =       0, idecomp =       0, rbornstat=      0

Potential function:
     ntf     =       1, ntb     =       0, igb     =       0, nsnb    =      25
     ipol    =       0, gbsa    =       0, iesp    =       0
     dielc   =   1.00000, cut     = 999.00000, intdiel =   1.00000

Frozen or restrained atoms:
     ibelly  =       0, ntr     =       1
     restraint_wt =  10.00000

Energy minimization:
     maxcyc  =     500, ncyc    =     250, ntmin   =       1
     dx0     =   0.01000, drms    =   0.00010
|  INFO: Old style inpcrd file read


    LOADING THE CONSTRAINED ATOMS AS GROUPS


   5.  REFERENCE ATOM COORDINATES

  defa
     Mask !:LIG & !@H=; matches  2344 atoms

--------------------------------------------------------------------------------
   3.  ATOMIC COORDINATES AND VELOCITIES
--------------------------------------------------------------------------------

default_name                                                                    
 begin time read from input coords =     0.000 ps

 Number of triangulated 3-point waters found:        0

     Sum of charges from parm topology file = -34.00000106

--------------------------------------------------------------------------------
   4.  RESULTS
--------------------------------------------------------------------------------

 ---------------------------------------------------

     eedmeth=4: Setting switch to one everywhere

 ---------------------------------------------------
| Local SIZE OF NONBOND LIST =   10904467
| TOTAL SIZE OF NONBOND LIST =   10904467


   NSTEP       ENERGY          RMS            GMAX         NAME    NUMBER
      1       4.2361E+05     5.2100E+04     4.1351E+06     NH2       281

 BOND    =      133.4519  ANGLE   =      614.5717  DIHED      =     3463.5335
 VDWAALS =   417943.2219  EEL     =   -14006.9873  HBOND      =        0.0000
 1-4 VDW =     1141.4495  1-4 EEL =    14320.1808  RESTRAINT  =        0.0000


   NSTEP       ENERGY          RMS            GMAX         NAME    NUMBER
     50       3.8618E+03     2.0332E+00     4.4034E+01     C        1166

 BOND    =      155.3831  ANGLE   =      656.6859  DIHED      =     3479.0243
 VDWAALS =    -1701.7652  EEL     =   -14188.2181  HBOND      =        0.0000
 1-4 VDW =     1129.0995  1-4 EEL =    14227.2233  RESTRAINT  =      104.3511
 EAMBER  =     3757.4329


   NSTEP       ENERGY          RMS            GMAX         NAME    NUMBER
    100       3.6249E+03     1.5738E+00     6.0335E+01     CD       2105

 BOND    =      138.9165  ANGLE   =      630.6831  DIHED      =     3473.6039
 VDWAALS =    -1819.1817  EEL     =   -14325.4277  HBOND      =        0.0000
 1-4 VDW =     1100.5160  1-4 EEL =    14242.1099  RESTRAINT  =      183.6483
 EAMBER  =     3441.2200


   NSTEP       ENERGY          RMS            GMAX         NAME    NUMBER
    150       3.5393E+03     7.7006E-01     2.1624E+01     C        1166

 BOND    =      133.2805  ANGLE   =      624.7083  DIHED      =     3472.3818
 VDWAALS =    -1856.3394  EEL     =   -14396.5050  HBOND      =        0.0000
 1-4 VDW =     1089.3000  1-4 EEL =    14243.6870  RESTRAINT  =      228.7946
 EAMBER  =     3310.5131


   NSTEP       ENERGY          RMS            GMAX         NAME    NUMBER
    200       3.4869E+03     3.6646E-01     1.2015E+01     HG1      3302

 BOND    =      131.1544  ANGLE   =      625.4717  DIHED      =     3470.3176
 VDWAALS =    -1875.5313  EEL     =   -14446.7571  HBOND      =        0.0000
 1-4 VDW =     1083.3191  1-4 EEL =    14243.0404  RESTRAINT  =      255.8880
 EAMBER  =     3231.0148


   NSTEP       ENERGY          RMS            GMAX         NAME    NUMBER
    250       3.4498E+03     6.8174E-01     2.1580E+01     CG        478

 BOND    =      131.1203  ANGLE   =      625.2711  DIHED      =     3468.7612
 VDWAALS =    -1886.3983  EEL     =   -14484.0087  HBOND      =        0.0000
 1-4 VDW =     1080.0725  1-4 EEL =    14242.5976  RESTRAINT  =      272.4139
 EAMBER  =     3177.4157


   NSTEP       ENERGY          RMS            GMAX         NAME    NUMBER
    300       3.3735E+03     4.4949E-01     1.2538E+01     CD       1762

 BOND    =      129.9661  ANGLE   =      624.6621  DIHED      =     3469.4312
 VDWAALS =    -1910.0264  EEL     =   -14572.8497  HBOND      =        0.0000
 1-4 VDW =     1076.8998  1-4 EEL =    14241.1190  RESTRAINT  =      314.3400
 EAMBER  =     3059.2020


   NSTEP       ENERGY          RMS            GMAX         NAME    NUMBER
    350       3.3579E+03     2.7675E-01     5.5096E+00     CG2      3297

 BOND    =      130.2595  ANGLE   =      622.2920  DIHED      =     3470.0123
 VDWAALS =    -1912.9909  EEL     =   -14593.4952  HBOND      =        0.0000
 1-4 VDW =     1076.8104  1-4 EEL =    14242.2363  RESTRAINT  =      322.8060
 EAMBER  =     3035.1244


   NSTEP       ENERGY          RMS            GMAX         NAME    NUMBER
    400       3.3508E+03     2.1116E-01     4.4503E+00     CA       3293

 BOND    =      130.4493  ANGLE   =      620.7836  DIHED      =     3469.5742
 VDWAALS =    -1914.9877  EEL     =   -14602.6347  HBOND      =        0.0000
 1-4 VDW =     1076.6037  1-4 EEL =    14244.1349  RESTRAINT  =      326.8766
 EAMBER  =     3023.9232


   NSTEP       ENERGY          RMS            GMAX         NAME    NUMBER
    450       3.3460E+03     1.8059E-01     3.1714E+00     CA       3293

 BOND    =      130.5468  ANGLE   =      619.9904  DIHED      =     3468.5944
 VDWAALS =    -1916.2254  EEL     =   -14607.3657  HBOND      =        0.0000
 1-4 VDW =     1076.4562  1-4 EEL =    14245.0093  RESTRAINT  =      329.0299
 EAMBER  =     3017.0061


   NSTEP       ENERGY          RMS            GMAX         NAME    NUMBER
    500       3.3410E+03     2.1057E-01     4.9498E+00     C        3260

 BOND    =      130.8562  ANGLE   =      619.1845  DIHED      =     3466.6731
 VDWAALS =    -1916.9649  EEL     =   -14610.6037  HBOND      =        0.0000
 1-4 VDW =     1076.1011  1-4 EEL =    14245.3237  RESTRAINT  =      330.3897
 EAMBER  =     3010.5701


  Maximum number of minimization cycles reached.


                    FINAL RESULTS



   NSTEP       ENERGY          RMS            GMAX         NAME    NUMBER
    500       3.3410E+03     2.1057E-01     4.9498E+00     C        3260

 BOND    =      130.8562  ANGLE   =      619.1845  DIHED      =     3466.6731
 VDWAALS =    -1916.9649  EEL     =   -14610.6037  HBOND      =        0.0000
 1-4 VDW =     1076.1011  1-4 EEL =    14245.3237  RESTRAINT  =      330.3897
 EAMBER  =     3010.5701

--------------------------------------------------------------------------------
   5.  TIMINGS
--------------------------------------------------------------------------------

|                Build the list             0.55 (99.78% of List )
|                Other                      0.00 ( 0.22% of List )
|             List time                  0.55 ( 0.12% of Nonbo)
|                   Short_ene time           446.78 (100.0% of Direc)
|                   Other                      0.04 ( 0.01% of Direc)
|                Direct Ewald time        446.82 (99.88% of Ewald)
|                Other                      0.53 ( 0.12% of Ewald)
|             Ewald time               447.35 (99.88% of Nonbo)
|          Nonbond force            447.90 (98.96% of Force)
|          Bond/Angle/Dihedral        4.67 ( 1.03% of Force)
|          Other                      0.03 ( 0.01% of Force)
|       Force time               452.60 (100.0% of Runmd)
|    Runmd Time               452.60 (98.62% of Total)
|    Other                      6.31 ( 1.38% of Total)
| Total time               458.92 (100.0% of ALL  )

| Number of list builds   :          1

| Highest rstack allocated:      23345
| Highest istack allocated:       4669
|           Job began  at 21:58:02.891  on 12/21/2025
|           Setup done at 21:58:03.281  on 12/21/2025
|           Run   done at 22:05:41.815  on 12/21/2025
|     wallclock() was called   11535 times

|3D-RISM memory allocation summary
|Type          Maximum        Current   
|Integer       0.00000 GB     0.00000 GB
|Real          0.00000 GB     0.00000 GB
|Logical       0.00000 GB     0.00000 GB
|Character     0.00000 GB     0.00000 GB
|---------------------------------------
|Total         0.00000 GB     0.00000 GB
