
          -------------------------------------------------------
          Amber 22 SANDER                              2022
          -------------------------------------------------------

| Run on 12/21/2025 at 22:05:26

|   Executable path: /home/kiran/miniforge3/envs/amber_mmgbsa/bin/sander
| Working directory: /storage/kiran-stuff/aaRS/phase2/energy_scoring/mmgbsa_amber/jobs/anc_thrrs_cat_zn_ASN
|          Hostname: boron

  [-O]verwriting output

File Assignments:
|  MDIN: min.in                                                                
| MDOUT: min.out                                                               
|INPCRD: complex.inpcrd                                                        
|  PARM: complex.prmtop                                                        
|RESTRT: min.rst                                                               
|  REFC: complex.inpcrd                                                        
| MDVEL: mdvel                                                                 
| MDFRC: mdfrc                                                                 
|  MDEN: mden                                                                  
| MDCRD: mdcrd                                                                 
|MDINFO: mdinfo                                                                
|  MTMD: mtmd                                                                  
|INPDIP: inpdip                                                                
|RSTDIP: rstdip                                                                
|INPTRA: inptraj                                                               


 Here is the input file:

Minimize                                                                       
 &cntrl                                                                        
  imin=1,                                                                      
  maxcyc=500,                                                                  
  ncyc=250,                                                                    
  ntb=0,                                                                       
  cut=999.0,                                                                   
  ntr=1,                                                                       
  restraint_wt=10.0,                                                           
  restraintmask='!:LIG & !@H=',                                                
 /                                                                             

--------------------------------------------------------------------------------
   1.  RESOURCE   USE: 
--------------------------------------------------------------------------------

| Flags:                                                                        
|    NONPERIODIC   ntb=0 and igb=0: Setting up nonperiodic simulation
|  *** cutoff > system size, list only builds once
|Largest sphere to fit in unit cell has radius =    51.797
| New format PARM file being parsed.
| Version =    1.000 Date = 12/21/25 Time = 22:05:26
 NATOM  =    4420 NTYPES =      22 NBONH =    2160 MBONA  =    2309
 NTHETH =    4907 MTHETA =    3126 NPHIH =   10138 MPHIA  =    9721
 NHPARM =       0 NPARM  =       0 NNB   =   24334 NRES   =     280
 NBONA  =    2309 NTHETA =    3126 NPHIA =    9721 NUMBND =      73
 NUMANG =     165 NPTRA  =     197 NATYP =      42 NPHB   =       0
 IFBOX  =       0 NMXRS  =      24 IFCAP =       0 NEXTRA =       0
 NCOPY  =       0


|     Memory Use     Allocated
|     Real             1117580
|     Hollerith          13542
|     Integer          1075529
|     Max Pairs        9765990
|     nblistReal         53040
|     nblist Int       5474694
|       Total            72933 kbytes

| Note: 1-4 EEL scale factors are being read from the topology file.

| Note: 1-4 VDW scale factors are being read from the topology file.
| Duplicated    0 dihedrals
| Duplicated    0 dihedrals

--------------------------------------------------------------------------------
   2.  CONTROL  DATA  FOR  THE  RUN
--------------------------------------------------------------------------------

default_name                                                                    

General flags:
     imin    =       1, nmropt  =       0

Nature and format of input:
     ntx     =       1, irest   =       0, ntrx    =       1

Nature and format of output:
     ntxo    =       2, ntpr    =      50, ntrx    =       1, ntwr    =       1
     iwrap   =       0, ntwx    =       0, ntwv    =       0, ntwe    =       0
     ioutfm  =       1, ntwprt  =       0, idecomp =       0, rbornstat=      0

Potential function:
     ntf     =       1, ntb     =       0, igb     =       0, nsnb    =      25
     ipol    =       0, gbsa    =       0, iesp    =       0
     dielc   =   1.00000, cut     = 999.00000, intdiel =   1.00000

Frozen or restrained atoms:
     ibelly  =       0, ntr     =       1
     restraint_wt =  10.00000

Energy minimization:
     maxcyc  =     500, ncyc    =     250, ntmin   =       1
     dx0     =   0.01000, drms    =   0.00010
|  INFO: Old style inpcrd file read


    LOADING THE CONSTRAINED ATOMS AS GROUPS


   5.  REFERENCE ATOM COORDINATES

  defa
     Mask !:LIG & !@H=; matches  2251 atoms

--------------------------------------------------------------------------------
   3.  ATOMIC COORDINATES AND VELOCITIES
--------------------------------------------------------------------------------

default_name                                                                    
 begin time read from input coords =     0.000 ps

 Number of triangulated 3-point waters found:        0

     Sum of charges from parm topology file = -13.00000007

--------------------------------------------------------------------------------
   4.  RESULTS
--------------------------------------------------------------------------------

 ---------------------------------------------------

     eedmeth=4: Setting switch to one everywhere

 ---------------------------------------------------
| Local SIZE OF NONBOND LIST =    9741889
| TOTAL SIZE OF NONBOND LIST =    9741889


   NSTEP       ENERGY          RMS            GMAX         NAME    NUMBER
      1      -2.9634E+03     1.4303E+02     7.8665E+03     OD1      1818

 BOND    =      163.7307  ANGLE   =      630.1016  DIHED      =     3208.9630
 VDWAALS =      959.3367  EEL     =   -18405.2074  HBOND      =        0.0000
 1-4 VDW =     1048.2836  1-4 EEL =     9431.3939  RESTRAINT  =        0.0000


   NSTEP       ENERGY          RMS            GMAX         NAME    NUMBER
     50      -6.4923E+03     2.6765E+00     9.2050E+01     C        2794

 BOND    =      153.6214  ANGLE   =      593.4641  DIHED      =     3225.1312
 VDWAALS =    -2017.5685  EEL     =   -18863.2106  HBOND      =        0.0000
 1-4 VDW =      998.3288  1-4 EEL =     9356.8712  RESTRAINT  =       61.0234
 EAMBER  =    -6553.3624


   NSTEP       ENERGY          RMS            GMAX         NAME    NUMBER
    100      -6.6746E+03     4.4308E-01     1.1993E+01     HG       2261

 BOND    =      142.7272  ANGLE   =      596.5014  DIHED      =     3228.1430
 VDWAALS =    -2048.5163  EEL     =   -19044.6373  HBOND      =        0.0000
 1-4 VDW =      984.4831  1-4 EEL =     9366.7712  RESTRAINT  =       99.9153
 EAMBER  =    -6774.5277


   NSTEP       ENERGY          RMS            GMAX         NAME    NUMBER
    150      -6.7358E+03     9.5072E-01     4.3742E+01     CD       3800

 BOND    =      144.4802  ANGLE   =      596.7820  DIHED      =     3231.4059
 VDWAALS =    -2063.6898  EEL     =   -19120.4579  HBOND      =        0.0000
 1-4 VDW =      980.4498  1-4 EEL =     9369.3199  RESTRAINT  =      125.9374
 EAMBER  =    -6861.7097


   NSTEP       ENERGY          RMS            GMAX         NAME    NUMBER
    200      -6.7667E+03     5.0238E-01     9.9160E+00     CE1      2314

 BOND    =      143.3398  ANGLE   =      598.7291  DIHED      =     3235.3382
 VDWAALS =    -2073.0359  EEL     =   -19162.2864  HBOND      =        0.0000
 1-4 VDW =      978.8700  1-4 EEL =     9369.9385  RESTRAINT  =      142.3846
 EAMBER  =    -6909.1068


   NSTEP       ENERGY          RMS            GMAX         NAME    NUMBER
    250      -6.7857E+03     2.2728E-01     5.9146E+00     HG       4185

 BOND    =      143.3671  ANGLE   =      598.1020  DIHED      =     3239.0514
 VDWAALS =    -2078.1828  EEL     =   -19190.1495  HBOND      =        0.0000
 1-4 VDW =      978.1599  1-4 EEL =     9370.1674  RESTRAINT  =      153.8158
 EAMBER  =    -6939.4845


   NSTEP       ENERGY          RMS            GMAX         NAME    NUMBER
    300      -6.8439E+03     3.8577E-01     1.3713E+01     CD       3800

 BOND    =      143.8607  ANGLE   =      598.7770  DIHED      =     3246.6516
 VDWAALS =    -2090.9387  EEL     =   -19274.1030  HBOND      =        0.0000
 1-4 VDW =      977.0501  1-4 EEL =     9366.6921  RESTRAINT  =      188.0632
 EAMBER  =    -7032.0103


   NSTEP       ENERGY          RMS            GMAX         NAME    NUMBER
    350      -6.8590E+03     2.4904E-01     5.1936E+00     CB       1605

 BOND    =      143.7555  ANGLE   =      597.6103  DIHED      =     3244.4931
 VDWAALS =    -2090.7392  EEL     =   -19288.0543  HBOND      =        0.0000
 1-4 VDW =      976.5377  1-4 EEL =     9366.0158  RESTRAINT  =      191.3913
 EAMBER  =    -7050.3811


   NSTEP       ENERGY          RMS            GMAX         NAME    NUMBER
    400      -6.8700E+03     2.0466E-01     3.9090E+00     CB       1605

 BOND    =      143.6879  ANGLE   =      596.5825  DIHED      =     3240.0859
 VDWAALS =    -2091.1513  EEL     =   -19294.8139  HBOND      =        0.0000
 1-4 VDW =      976.2412  1-4 EEL =     9366.0059  RESTRAINT  =      193.3459
 EAMBER  =    -7063.3617


   NSTEP       ENERGY          RMS            GMAX         NAME    NUMBER
    450      -6.8746E+03     1.4354E-01     2.9874E+00     HH       3006

 BOND    =      143.6251  ANGLE   =      595.6737  DIHED      =     3238.1563
 VDWAALS =    -2091.6113  EEL     =   -19297.2519  HBOND      =        0.0000
 1-4 VDW =      976.2004  1-4 EEL =     9366.3917  RESTRAINT  =      194.2512
 EAMBER  =    -7068.8160


   NSTEP       ENERGY          RMS            GMAX         NAME    NUMBER
    500      -6.8775E+03     1.1879E-01     2.0838E+00     HH       3006

 BOND    =      143.6035  ANGLE   =      595.3132  DIHED      =     3238.9093
 VDWAALS =    -2091.2175  EEL     =   -19301.4069  HBOND      =        0.0000
 1-4 VDW =      976.0701  1-4 EEL =     9366.3259  RESTRAINT  =      194.8541
 EAMBER  =    -7072.4024


  Maximum number of minimization cycles reached.


                    FINAL RESULTS



   NSTEP       ENERGY          RMS            GMAX         NAME    NUMBER
    500      -6.8775E+03     1.1879E-01     2.0838E+00     HH       3006

 BOND    =      143.6035  ANGLE   =      595.3132  DIHED      =     3238.9093
 VDWAALS =    -2091.2175  EEL     =   -19301.4069  HBOND      =        0.0000
 1-4 VDW =      976.0701  1-4 EEL =     9366.3259  RESTRAINT  =      194.8541
 EAMBER  =    -7072.4024

--------------------------------------------------------------------------------
   5.  TIMINGS
--------------------------------------------------------------------------------

|                Build the list             0.32 (99.65% of List )
|                Other                      0.00 ( 0.35% of List )
|             List time                  0.33 ( 0.08% of Nonbo)
|                   Short_ene time           404.86 (100.0% of Direc)
|                   Other                      0.03 ( 0.01% of Direc)
|                Direct Ewald time        404.89 (99.88% of Ewald)
|                Other                      0.47 ( 0.12% of Ewald)
|             Ewald time               405.37 (100.0% of Nonbo)
|          Nonbond force            405.69 (98.89% of Force)
|          Bond/Angle/Dihedral        4.52 ( 1.10% of Force)
|          Other                      0.02 ( 0.01% of Force)
|       Force time               410.24 (100.0% of Runmd)
|    Runmd Time               410.24 (98.30% of Total)
|    Other                      7.06 ( 1.69% of Total)
| Total time               417.31 (100.0% of ALL  )

| Number of list builds   :          1

| Highest rstack allocated:      22065
| Highest istack allocated:       4413
|           Job began  at 22:05:26.976  on 12/21/2025
|           Setup done at 22:05:27.254  on 12/21/2025
|           Run   done at 22:12:24.289  on 12/21/2025
|     wallclock() was called   11535 times

|3D-RISM memory allocation summary
|Type          Maximum        Current   
|Integer       0.00000 GB     0.00000 GB
|Real          0.00000 GB     0.00000 GB
|Logical       0.00000 GB     0.00000 GB
|Character     0.00000 GB     0.00000 GB
|---------------------------------------
|Total         0.00000 GB     0.00000 GB
