
          -------------------------------------------------------
          Amber 22 SANDER                              2022
          -------------------------------------------------------

| Run on 12/21/2025 at 22:04:48

|   Executable path: /home/kiran/miniforge3/envs/amber_mmgbsa/bin/sander
| Working directory: /storage/kiran-stuff/aaRS/phase2/energy_scoring/mmgbsa_amber/jobs/anc_thrrs_cat_PRO
|          Hostname: boron

  [-O]verwriting output

File Assignments:
|  MDIN: min.in                                                                
| MDOUT: min.out                                                               
|INPCRD: complex.inpcrd                                                        
|  PARM: complex.prmtop                                                        
|RESTRT: min.rst                                                               
|  REFC: complex.inpcrd                                                        
| MDVEL: mdvel                                                                 
| MDFRC: mdfrc                                                                 
|  MDEN: mden                                                                  
| MDCRD: mdcrd                                                                 
|MDINFO: mdinfo                                                                
|  MTMD: mtmd                                                                  
|INPDIP: inpdip                                                                
|RSTDIP: rstdip                                                                
|INPTRA: inptraj                                                               


 Here is the input file:

Minimize                                                                       
 &cntrl                                                                        
  imin=1,                                                                      
  maxcyc=500,                                                                  
  ncyc=250,                                                                    
  ntb=0,                                                                       
  cut=999.0,                                                                   
  ntr=1,                                                                       
  restraint_wt=10.0,                                                           
  restraintmask='!:LIG & !@H=',                                                
 /                                                                             

--------------------------------------------------------------------------------
   1.  RESOURCE   USE: 
--------------------------------------------------------------------------------

| Flags:                                                                        
|    NONPERIODIC   ntb=0 and igb=0: Setting up nonperiodic simulation
|  *** cutoff > system size, list only builds once
|Largest sphere to fit in unit cell has radius =    52.029
| New format PARM file being parsed.
| Version =    1.000 Date = 12/21/25 Time = 22:04:47
 NATOM  =    4419 NTYPES =      21 NBONH =    2161 MBONA  =    2309
 NTHETH =    4913 MTHETA =    3126 NPHIH =   10148 MPHIA  =    9731
 NHPARM =       0 NPARM  =       0 NNB   =   24348 NRES   =     279
 NBONA  =    2309 NTHETA =    3126 NPHIA =    9731 NUMBND =      74
 NUMANG =     168 NPTRA  =     194 NATYP =      42 NPHB   =       0
 IFBOX  =       0 NMXRS  =      24 IFCAP =       0 NEXTRA =       0
 NCOPY  =       0


|     Memory Use     Allocated
|     Real             1117464
|     Hollerith          13538
|     Integer          1076408
|     Max Pairs        9761571
|     nblistReal         53028
|     nblist Int       5474730
|       Total            72918 kbytes

| Note: 1-4 EEL scale factors are being read from the topology file.

| Note: 1-4 VDW scale factors are being read from the topology file.
| Duplicated    0 dihedrals
| Duplicated    0 dihedrals

--------------------------------------------------------------------------------
   2.  CONTROL  DATA  FOR  THE  RUN
--------------------------------------------------------------------------------

default_name                                                                    

General flags:
     imin    =       1, nmropt  =       0

Nature and format of input:
     ntx     =       1, irest   =       0, ntrx    =       1

Nature and format of output:
     ntxo    =       2, ntpr    =      50, ntrx    =       1, ntwr    =       1
     iwrap   =       0, ntwx    =       0, ntwv    =       0, ntwe    =       0
     ioutfm  =       1, ntwprt  =       0, idecomp =       0, rbornstat=      0

Potential function:
     ntf     =       1, ntb     =       0, igb     =       0, nsnb    =      25
     ipol    =       0, gbsa    =       0, iesp    =       0
     dielc   =   1.00000, cut     = 999.00000, intdiel =   1.00000

Frozen or restrained atoms:
     ibelly  =       0, ntr     =       1
     restraint_wt =  10.00000

Energy minimization:
     maxcyc  =     500, ncyc    =     250, ntmin   =       1
     dx0     =   0.01000, drms    =   0.00010
|  INFO: Old style inpcrd file read


    LOADING THE CONSTRAINED ATOMS AS GROUPS


   5.  REFERENCE ATOM COORDINATES

  defa
     Mask !:LIG & !@H=; matches  2250 atoms

--------------------------------------------------------------------------------
   3.  ATOMIC COORDINATES AND VELOCITIES
--------------------------------------------------------------------------------

default_name                                                                    
 begin time read from input coords =     0.000 ps

 Number of triangulated 3-point waters found:        0

     Sum of charges from parm topology file = -15.00000007

--------------------------------------------------------------------------------
   4.  RESULTS
--------------------------------------------------------------------------------

 ---------------------------------------------------

     eedmeth=4: Setting switch to one everywhere

 ---------------------------------------------------
| Local SIZE OF NONBOND LIST =    9737454
| TOTAL SIZE OF NONBOND LIST =    9737454


   NSTEP       ENERGY          RMS            GMAX         NAME    NUMBER
      1       1.3179E+04     2.0432E+03     1.3719E+05     HE1      3098

 BOND    =      150.7458  ANGLE   =      622.1162  DIHED      =     3206.1418
 VDWAALS =    16933.2638  EEL     =   -18206.6071  HBOND      =        0.0000
 1-4 VDW =     1041.3202  1-4 EEL =     9431.5578  RESTRAINT  =        0.0000


   NSTEP       ENERGY          RMS            GMAX         NAME    NUMBER
     50      -6.1138E+03     2.5388E+00     5.1254E+01     CZ       4010

 BOND    =      150.7301  ANGLE   =      595.9187  DIHED      =     3209.5033
 VDWAALS =    -2028.8509  EEL     =   -18442.3523  HBOND      =        0.0000
 1-4 VDW =      996.8907  1-4 EEL =     9356.6130  RESTRAINT  =       47.7197
 EAMBER  =    -6161.5474


   NSTEP       ENERGY          RMS            GMAX         NAME    NUMBER
    100      -6.2693E+03     1.5026E+00     2.0975E+01     CZ       4010

 BOND    =      148.3478  ANGLE   =      598.9608  DIHED      =     3212.7500
 VDWAALS =    -2074.8404  EEL     =   -18591.4465  HBOND      =        0.0000
 1-4 VDW =      981.4275  1-4 EEL =     9369.5849  RESTRAINT  =       85.9594
 EAMBER  =    -6355.2159


   NSTEP       ENERGY          RMS            GMAX         NAME    NUMBER
    150      -6.3289E+03     8.2470E-01     2.1837E+01     CE1      2314

 BOND    =      145.0465  ANGLE   =      595.1385  DIHED      =     3214.9669
 VDWAALS =    -2089.8584  EEL     =   -18654.7946  HBOND      =        0.0000
 1-4 VDW =      976.4564  1-4 EEL =     9375.3321  RESTRAINT  =      108.7651
 EAMBER  =    -6437.7125


   NSTEP       ENERGY          RMS            GMAX         NAME    NUMBER
    200      -6.3623E+03     2.9183E-01     7.3713E+00     HG       2786

 BOND    =      143.4870  ANGLE   =      596.9612  DIHED      =     3217.6350
 VDWAALS =    -2098.6918  EEL     =   -18695.9579  HBOND      =        0.0000
 1-4 VDW =      974.5039  1-4 EEL =     9376.6706  RESTRAINT  =      123.0607
 EAMBER  =    -6485.3920


   NSTEP       ENERGY          RMS            GMAX         NAME    NUMBER
    250      -6.3818E+03     8.6063E-01     5.2773E+01     CG       2410

 BOND    =      144.2284  ANGLE   =      598.3452  DIHED      =     3220.1472
 VDWAALS =    -2103.9660  EEL     =   -18724.2347  HBOND      =        0.0000
 1-4 VDW =      973.6406  1-4 EEL =     9376.9942  RESTRAINT  =      133.0813
 EAMBER  =    -6514.8450


   NSTEP       ENERGY          RMS            GMAX         NAME    NUMBER
    300      -6.4466E+03     3.1152E-01     7.2643E+00     O        4406

 BOND    =      143.5344  ANGLE   =      600.5013  DIHED      =     3227.6705
 VDWAALS =    -2118.5558  EEL     =   -18815.9664  HBOND      =        0.0000
 1-4 VDW =      973.5596  1-4 EEL =     9374.7187  RESTRAINT  =      167.9697
 EAMBER  =    -6614.5377


   NSTEP       ENERGY          RMS            GMAX         NAME    NUMBER
    350      -6.4598E+03     3.0263E-01     7.0169E+00     CB       4181

 BOND    =      143.5238  ANGLE   =      599.4889  DIHED      =     3225.6163
 VDWAALS =    -2117.8245  EEL     =   -18824.2311  HBOND      =        0.0000
 1-4 VDW =      973.2164  1-4 EEL =     9372.8243  RESTRAINT  =      167.5963
 EAMBER  =    -6627.3861


   NSTEP       ENERGY          RMS            GMAX         NAME    NUMBER
    400      -6.4730E+03     2.7458E-01     7.2057E+00     CG       1022

 BOND    =      143.8404  ANGLE   =      598.2934  DIHED      =     3220.9444
 VDWAALS =    -2117.9384  EEL     =   -18833.4695  HBOND      =        0.0000
 1-4 VDW =      973.0128  1-4 EEL =     9373.7045  RESTRAINT  =      168.6275
 EAMBER  =    -6641.6123


   NSTEP       ENERGY          RMS            GMAX         NAME    NUMBER
    450      -6.4787E+03     1.3404E-01     2.6326E+00     CG       1022

 BOND    =      143.6163  ANGLE   =      597.3964  DIHED      =     3222.1055
 VDWAALS =    -2116.6853  EEL     =   -18841.9125  HBOND      =        0.0000
 1-4 VDW =      972.9342  1-4 EEL =     9374.5633  RESTRAINT  =      169.2869
 EAMBER  =    -6647.9820


   NSTEP       ENERGY          RMS            GMAX         NAME    NUMBER
    500      -6.4821E+03     2.1696E-01     5.6185E+00     CG       1022

 BOND    =      143.8072  ANGLE   =      597.4225  DIHED      =     3224.6776
 VDWAALS =    -2116.4043  EEL     =   -18850.1537  HBOND      =        0.0000
 1-4 VDW =      972.7029  1-4 EEL =     9374.3735  RESTRAINT  =      171.4800
 EAMBER  =    -6653.5743


  Maximum number of minimization cycles reached.


                    FINAL RESULTS



   NSTEP       ENERGY          RMS            GMAX         NAME    NUMBER
    500      -6.4821E+03     2.1696E-01     5.6185E+00     CG       1022

 BOND    =      143.8072  ANGLE   =      597.4225  DIHED      =     3224.6776
 VDWAALS =    -2116.4043  EEL     =   -18850.1537  HBOND      =        0.0000
 1-4 VDW =      972.7029  1-4 EEL =     9374.3735  RESTRAINT  =      171.4800
 EAMBER  =    -6653.5743

--------------------------------------------------------------------------------
   5.  TIMINGS
--------------------------------------------------------------------------------

|                Build the list             0.42 (99.69% of List )
|                Other                      0.00 ( 0.31% of List )
|             List time                  0.42 ( 0.11% of Nonbo)
|                   Short_ene time           379.63 (100.0% of Direc)
|                   Other                      0.03 ( 0.01% of Direc)
|                Direct Ewald time        379.66 (99.88% of Ewald)
|                Other                      0.44 ( 0.12% of Ewald)
|             Ewald time               380.10 (99.89% of Nonbo)
|          Nonbond force            380.52 (98.86% of Force)
|          Bond/Angle/Dihedral        4.37 ( 1.14% of Force)
|          Other                      0.04 ( 0.01% of Force)
|       Force time               384.93 (100.0% of Runmd)
|    Runmd Time               384.93 (98.34% of Total)
|    Other                      6.48 ( 1.65% of Total)
| Total time               391.41 (100.0% of ALL  )

| Number of list builds   :          1

| Highest rstack allocated:      22060
| Highest istack allocated:       4412
|           Job began  at 22:04:48.210  on 12/21/2025
|           Setup done at 22:04:48.596  on 12/21/2025
|           Run   done at 22:11:19.622  on 12/21/2025
|     wallclock() was called   11535 times

|3D-RISM memory allocation summary
|Type          Maximum        Current   
|Integer       0.00000 GB     0.00000 GB
|Real          0.00000 GB     0.00000 GB
|Logical       0.00000 GB     0.00000 GB
|Character     0.00000 GB     0.00000 GB
|---------------------------------------
|Total         0.00000 GB     0.00000 GB
