
          -------------------------------------------------------
          Amber 22 SANDER                              2022
          -------------------------------------------------------

| Run on 12/21/2025 at 21:58:03

|   Executable path: /home/kiran/miniforge3/envs/amber_mmgbsa/bin/sander
| Working directory: /storage/kiran-stuff/aaRS/phase2/energy_scoring/mmgbsa_amber/jobs/anc_prors_edit_TRP
|          Hostname: boron

  [-O]verwriting output

File Assignments:
|  MDIN: min.in                                                                
| MDOUT: min.out                                                               
|INPCRD: complex.inpcrd                                                        
|  PARM: complex.prmtop                                                        
|RESTRT: min.rst                                                               
|  REFC: complex.inpcrd                                                        
| MDVEL: mdvel                                                                 
| MDFRC: mdfrc                                                                 
|  MDEN: mden                                                                  
| MDCRD: mdcrd                                                                 
|MDINFO: mdinfo                                                                
|  MTMD: mtmd                                                                  
|INPDIP: inpdip                                                                
|RSTDIP: rstdip                                                                
|INPTRA: inptraj                                                               


 Here is the input file:

Minimize                                                                       
 &cntrl                                                                        
  imin=1,                                                                      
  maxcyc=500,                                                                  
  ncyc=250,                                                                    
  ntb=0,                                                                       
  cut=999.0,                                                                   
  ntr=1,                                                                       
  restraint_wt=10.0,                                                           
  restraintmask='!:LIG & !@H=',                                                
 /                                                                             

--------------------------------------------------------------------------------
   1.  RESOURCE   USE: 
--------------------------------------------------------------------------------

| Flags:                                                                        
|    NONPERIODIC   ntb=0 and igb=0: Setting up nonperiodic simulation
|  *** cutoff > system size, list only builds once
|Largest sphere to fit in unit cell has radius =    60.846
| New format PARM file being parsed.
| Version =    1.000 Date = 12/21/25 Time = 21:58:02
 NATOM  =    4689 NTYPES =      22 NBONH =    2330 MBONA  =    2400
 NTHETH =    5364 MTHETA =    3246 NPHIH =   10624 MPHIA  =   10098
 NHPARM =       0 NPARM  =       0 NNB   =   25995 NRES   =     301
 NBONA  =    2400 NTHETA =    3246 NPHIA =   10098 NUMBND =      74
 NUMANG =     167 NPTRA  =     202 NATYP =      42 NPHB   =       0
 IFBOX  =       0 NMXRS  =      27 IFCAP =       0 NEXTRA =       0
 NCOPY  =       0


|     Memory Use     Allocated
|     Real             1139831
|     Hollerith          14370
|     Integer          1126954
|     Max Pairs       10991016
|     nblistReal         56268
|     nblist Int       7521889
|       Total            86118 kbytes

| Note: 1-4 EEL scale factors are being read from the topology file.

| Note: 1-4 VDW scale factors are being read from the topology file.
| Duplicated    0 dihedrals
| Duplicated    0 dihedrals

--------------------------------------------------------------------------------
   2.  CONTROL  DATA  FOR  THE  RUN
--------------------------------------------------------------------------------

default_name                                                                    

General flags:
     imin    =       1, nmropt  =       0

Nature and format of input:
     ntx     =       1, irest   =       0, ntrx    =       1

Nature and format of output:
     ntxo    =       2, ntpr    =      50, ntrx    =       1, ntwr    =       1
     iwrap   =       0, ntwx    =       0, ntwv    =       0, ntwe    =       0
     ioutfm  =       1, ntwprt  =       0, idecomp =       0, rbornstat=      0

Potential function:
     ntf     =       1, ntb     =       0, igb     =       0, nsnb    =      25
     ipol    =       0, gbsa    =       0, iesp    =       0
     dielc   =   1.00000, cut     = 999.00000, intdiel =   1.00000

Frozen or restrained atoms:
     ibelly  =       0, ntr     =       1
     restraint_wt =  10.00000

Energy minimization:
     maxcyc  =     500, ncyc    =     250, ntmin   =       1
     dx0     =   0.01000, drms    =   0.00010
|  INFO: Old style inpcrd file read


    LOADING THE CONSTRAINED ATOMS AS GROUPS


   5.  REFERENCE ATOM COORDINATES

  defa
     Mask !:LIG & !@H=; matches  2344 atoms

--------------------------------------------------------------------------------
   3.  ATOMIC COORDINATES AND VELOCITIES
--------------------------------------------------------------------------------

default_name                                                                    
 begin time read from input coords =     0.000 ps

 Number of triangulated 3-point waters found:        0

     Sum of charges from parm topology file = -34.00000406

--------------------------------------------------------------------------------
   4.  RESULTS
--------------------------------------------------------------------------------

 ---------------------------------------------------

     eedmeth=4: Setting switch to one everywhere

 ---------------------------------------------------
| Local SIZE OF NONBOND LIST =   10965256
| TOTAL SIZE OF NONBOND LIST =   10965256


   NSTEP       ENERGY          RMS            GMAX         NAME    NUMBER
      1       7.5251E+04     8.5414E+03     5.9959E+05     O        3026

 BOND    =      186.7830  ANGLE   =      631.2200  DIHED      =     3367.8940
 VDWAALS =    69961.5162  EEL     =   -14250.1222  HBOND      =        0.0000
 1-4 VDW =     1129.5394  1-4 EEL =    14223.8344  RESTRAINT  =        0.0000


   NSTEP       ENERGY          RMS            GMAX         NAME    NUMBER
     50       3.0905E+03     2.1495E+00     5.6850E+01     C        3354

 BOND    =      137.8884  ANGLE   =      599.2929  DIHED      =     3361.5872
 VDWAALS =    -1810.2684  EEL     =   -14520.2349  HBOND      =        0.0000
 1-4 VDW =     1083.5977  1-4 EEL =    14166.4032  RESTRAINT  =       72.2405
 EAMBER  =     3018.2660


   NSTEP       ENERGY          RMS            GMAX         NAME    NUMBER
    100       2.9192E+03     1.3852E+00     4.5380E+01     CD       2277

 BOND    =      126.5930  ANGLE   =      596.3052  DIHED      =     3364.3559
 VDWAALS =    -1883.6555  EEL     =   -14639.2574  HBOND      =        0.0000
 1-4 VDW =     1063.1256  1-4 EEL =    14168.6781  RESTRAINT  =      123.0247
 EAMBER  =     2796.1448


   NSTEP       ENERGY          RMS            GMAX         NAME    NUMBER
    150       2.8482E+03     9.0146E-01     4.5536E+01     CD       1889

 BOND    =      126.0501  ANGLE   =      592.2043  DIHED      =     3369.2329
 VDWAALS =    -1912.2769  EEL     =   -14706.9538  HBOND      =        0.0000
 1-4 VDW =     1055.2518  1-4 EEL =    14167.9838  RESTRAINT  =      156.6639
 EAMBER  =     2691.4922


   NSTEP       ENERGY          RMS            GMAX         NAME    NUMBER
    200       2.8096E+03     2.5565E-01     5.6206E+00     HG1      2886

 BOND    =      124.5380  ANGLE   =      591.9447  DIHED      =     3373.9751
 VDWAALS =    -1925.8805  EEL     =   -14752.0704  HBOND      =        0.0000
 1-4 VDW =     1051.2039  1-4 EEL =    14167.7712  RESTRAINT  =      178.0773
 EAMBER  =     2631.4821


   NSTEP       ENERGY          RMS            GMAX         NAME    NUMBER
    250       2.7854E+03     2.1484E-01     6.8013E+00     HG1      2886

 BOND    =      124.5580  ANGLE   =      592.3767  DIHED      =     3378.0028
 VDWAALS =    -1934.5137  EEL     =   -14784.6019  HBOND      =        0.0000
 1-4 VDW =     1048.8628  1-4 EEL =    14167.4095  RESTRAINT  =      193.2990
 EAMBER  =     2592.0941


   NSTEP       ENERGY          RMS            GMAX         NAME    NUMBER
    300       2.7181E+03     4.4891E-01     1.5623E+01     CD       1889

 BOND    =      125.3999  ANGLE   =      594.6805  DIHED      =     3392.6236
 VDWAALS =    -1959.2373  EEL     =   -14890.1054  HBOND      =        0.0000
 1-4 VDW =     1044.4390  1-4 EEL =    14169.3536  RESTRAINT  =      240.9529
 EAMBER  =     2477.1538


   NSTEP       ENERGY          RMS            GMAX         NAME    NUMBER
    350       2.7003E+03     2.6787E-01     5.9457E+00     HG21     2882

 BOND    =      124.5462  ANGLE   =      594.3146  DIHED      =     3393.2410
 VDWAALS =    -1961.3534  EEL     =   -14911.1608  HBOND      =        0.0000
 1-4 VDW =     1044.3134  1-4 EEL =    14172.1311  RESTRAINT  =      244.2791
 EAMBER  =     2456.0321


   NSTEP       ENERGY          RMS            GMAX         NAME    NUMBER
    400       2.6922E+03     1.7228E-01     3.5635E+00     CD       2277

 BOND    =      124.7957  ANGLE   =      594.1024  DIHED      =     3394.7311
 VDWAALS =    -1962.4395  EEL     =   -14922.7004  HBOND      =        0.0000
 1-4 VDW =     1044.3789  1-4 EEL =    14171.7065  RESTRAINT  =      247.6271
 EAMBER  =     2444.5748


   NSTEP       ENERGY          RMS            GMAX         NAME    NUMBER
    450       2.6881E+03     1.2125E-01     2.4240E+00     HB       2880

 BOND    =      124.8529  ANGLE   =      593.8752  DIHED      =     3394.9747
 VDWAALS =    -1963.4874  EEL     =   -14928.0696  HBOND      =        0.0000
 1-4 VDW =     1044.2780  1-4 EEL =    14171.9291  RESTRAINT  =      249.7968
 EAMBER  =     2438.3529


   NSTEP       ENERGY          RMS            GMAX         NAME    NUMBER
    500       2.6857E+03     1.0941E-01     2.3255E+00     HB       2880

 BOND    =      124.9151  ANGLE   =      593.5029  DIHED      =     3395.0595
 VDWAALS =    -1964.4830  EEL     =   -14931.2618  HBOND      =        0.0000
 1-4 VDW =     1044.1591  1-4 EEL =    14172.2675  RESTRAINT  =      251.5041
 EAMBER  =     2434.1594


  Maximum number of minimization cycles reached.


                    FINAL RESULTS



   NSTEP       ENERGY          RMS            GMAX         NAME    NUMBER
    500       2.6857E+03     1.0941E-01     2.3255E+00     HB       2880

 BOND    =      124.9151  ANGLE   =      593.5029  DIHED      =     3395.0595
 VDWAALS =    -1964.4830  EEL     =   -14931.2618  HBOND      =        0.0000
 1-4 VDW =     1044.1591  1-4 EEL =    14172.2675  RESTRAINT  =      251.5041
 EAMBER  =     2434.1594

--------------------------------------------------------------------------------
   5.  TIMINGS
--------------------------------------------------------------------------------

|                Build the list             0.50 (99.77% of List )
|                Other                      0.00 ( 0.23% of List )
|             List time                  0.50 ( 0.11% of Nonbo)
|                   Short_ene time           435.45 (100.0% of Direc)
|                   Other                      0.03 ( 0.01% of Direc)
|                Direct Ewald time        435.47 (99.88% of Ewald)
|                Other                      0.51 ( 0.12% of Ewald)
|             Ewald time               435.98 (99.89% of Nonbo)
|          Nonbond force            436.48 (98.92% of Force)
|          Bond/Angle/Dihedral        4.72 ( 1.07% of Force)
|          Other                      0.03 ( 0.01% of Force)
|       Force time               441.23 (100.0% of Runmd)
|    Runmd Time               441.23 (98.57% of Total)
|    Other                      6.39 ( 1.43% of Total)
| Total time               447.63 (100.0% of ALL  )

| Number of list builds   :          1

| Highest rstack allocated:      23415
| Highest istack allocated:       4683
|           Job began  at 21:58:03.397  on 12/21/2025
|           Setup done at 21:58:03.787  on 12/21/2025
|           Run   done at 22:05:31.026  on 12/21/2025
|     wallclock() was called   11535 times

|3D-RISM memory allocation summary
|Type          Maximum        Current   
|Integer       0.00000 GB     0.00000 GB
|Real          0.00000 GB     0.00000 GB
|Logical       0.00000 GB     0.00000 GB
|Character     0.00000 GB     0.00000 GB
|---------------------------------------
|Total         0.00000 GB     0.00000 GB
