
          -------------------------------------------------------
          Amber 22 SANDER                              2022
          -------------------------------------------------------

| Run on 12/21/2025 at 22:13:03

|   Executable path: /home/kiran/miniforge3/envs/amber_mmgbsa/bin/sander
| Working directory: /storage/kiran-stuff/aaRS/phase2/energy_scoring/mmgbsa_amber/jobs/modern_human_full_thr
|          Hostname: boron

  [-O]verwriting output

File Assignments:
|  MDIN: min.in                                                                
| MDOUT: min.out                                                               
|INPCRD: complex.inpcrd                                                        
|  PARM: complex.prmtop                                                        
|RESTRT: min.rst                                                               
|  REFC: complex.inpcrd                                                        
| MDVEL: mdvel                                                                 
| MDFRC: mdfrc                                                                 
|  MDEN: mden                                                                  
| MDCRD: mdcrd                                                                 
|MDINFO: mdinfo                                                                
|  MTMD: mtmd                                                                  
|INPDIP: inpdip                                                                
|RSTDIP: rstdip                                                                
|INPTRA: inptraj                                                               


 Here is the input file:

Minimize                                                                       
 &cntrl                                                                        
  imin=1,                                                                      
  maxcyc=500,                                                                  
  ncyc=250,                                                                    
  ntb=0,                                                                       
  cut=999.0,                                                                   
  ntr=1,                                                                       
  restraint_wt=10.0,                                                           
  restraintmask='!:LIG & !@H=',                                                
 /                                                                             

--------------------------------------------------------------------------------
   1.  RESOURCE   USE: 
--------------------------------------------------------------------------------

| Flags:                                                                        
|    NONPERIODIC   ntb=0 and igb=0: Setting up nonperiodic simulation
|  *** cutoff > system size, list only builds once
|Largest sphere to fit in unit cell has radius =    69.508
| New format PARM file being parsed.
| Version =    1.000 Date = 12/21/25 Time = 22:13:03
 NATOM  =   11664 NTYPES =      21 NBONH =    5781 MBONA  =    6021
 NTHETH =   13214 MTHETA =    8109 NPHIH =   26677 MPHIA  =   25352
 NHPARM =       0 NPARM  =       0 NNB   =   64492 NRES   =     724
 NBONA  =    6021 NTHETA =    8109 NPHIA =   25352 NUMBND =      73
 NUMANG =     165 NPTRA  =     198 NATYP =      41 NPHB   =       0
 IFBOX  =       0 NMXRS  =      24 IFCAP =       0 NEXTRA =       0
 NCOPY  =       0


|     Memory Use     Allocated
|     Real             1712917
|     Hollerith          35718
|     Integer          2791313
|     Max Pairs       68018616
|     nblistReal        139968
|     nblist Int      15390128
|       Total           351334 kbytes

| Note: 1-4 EEL scale factors are being read from the topology file.

| Note: 1-4 VDW scale factors are being read from the topology file.
| Duplicated    0 dihedrals
| Duplicated    0 dihedrals

--------------------------------------------------------------------------------
   2.  CONTROL  DATA  FOR  THE  RUN
--------------------------------------------------------------------------------

default_name                                                                    

General flags:
     imin    =       1, nmropt  =       0

Nature and format of input:
     ntx     =       1, irest   =       0, ntrx    =       1

Nature and format of output:
     ntxo    =       2, ntpr    =      50, ntrx    =       1, ntwr    =       1
     iwrap   =       0, ntwx    =       0, ntwv    =       0, ntwe    =       0
     ioutfm  =       1, ntwprt  =       0, idecomp =       0, rbornstat=      0

Potential function:
     ntf     =       1, ntb     =       0, igb     =       0, nsnb    =      25
     ipol    =       0, gbsa    =       0, iesp    =       0
     dielc   =   1.00000, cut     = 999.00000, intdiel =   1.00000

Frozen or restrained atoms:
     ibelly  =       0, ntr     =       1
     restraint_wt =  10.00000

Energy minimization:
     maxcyc  =     500, ncyc    =     250, ntmin   =       1
     dx0     =   0.01000, drms    =   0.00010
|  INFO: Old style inpcrd file read


    LOADING THE CONSTRAINED ATOMS AS GROUPS


   5.  REFERENCE ATOM COORDINATES

  defa
     Mask !:LIG & !@H=; matches  5875 atoms

--------------------------------------------------------------------------------
   3.  ATOMIC COORDINATES AND VELOCITIES
--------------------------------------------------------------------------------

default_name                                                                    
 begin time read from input coords =     0.000 ps

 Number of triangulated 3-point waters found:        0

     Sum of charges from parm topology file =  -8.00000130

--------------------------------------------------------------------------------
   4.  RESULTS
--------------------------------------------------------------------------------

 ---------------------------------------------------

     eedmeth=4: Setting switch to one everywhere

 ---------------------------------------------------
| Local SIZE OF NONBOND LIST =   67954729
| TOTAL SIZE OF NONBOND LIST =   67954729


   NSTEP       ENERGY          RMS            GMAX         NAME    NUMBER
      1       5.5302E+05     1.0628E+05     9.7341E+06     HE1      5795

 BOND    =      333.9578  ANGLE   =     1545.2717  DIHED      =     8396.0866
 VDWAALS =   561561.4904  EEL     =   -53022.1191  HBOND      =        0.0000
 1-4 VDW =     2684.9132  1-4 EEL =    31523.3091  RESTRAINT  =        0.0000


   NSTEP       ENERGY          RMS            GMAX         NAME    NUMBER
     50      -1.5644E+04     1.5737E+00     7.5204E+01     CZ       9495

 BOND    =      337.8892  ANGLE   =     1350.6074  DIHED      =     8340.0793
 VDWAALS =    -6055.8489  EEL     =   -53652.8102  HBOND      =        0.0000
 1-4 VDW =     2539.3147  1-4 EEL =    31426.9965  RESTRAINT  =       69.6153
 EAMBER  =   -15713.7720


   NSTEP       ENERGY          RMS            GMAX         NAME    NUMBER
    100      -1.5913E+04     6.2243E-01     2.4043E+01     CZ       9495

 BOND    =      336.4213  ANGLE   =     1368.8847  DIHED      =     8336.6521
 VDWAALS =    -6106.6588  EEL     =   -53930.0778  HBOND      =        0.0000
 1-4 VDW =     2510.7410  1-4 EEL =    31444.5948  RESTRAINT  =      126.2618
 EAMBER  =   -16039.4428


   NSTEP       ENERGY          RMS            GMAX         NAME    NUMBER
    150      -1.6037E+04     2.7794E-01     1.0404E+01     HG       5766

 BOND    =      340.6240  ANGLE   =     1379.6586  DIHED      =     8337.9048
 VDWAALS =    -6125.8240  EEL     =   -54080.6123  HBOND      =        0.0000
 1-4 VDW =     2502.3261  1-4 EEL =    31445.7972  RESTRAINT  =      163.5213
 EAMBER  =   -16200.1256


   NSTEP       ENERGY          RMS            GMAX         NAME    NUMBER
    200      -1.6116E+04     7.5617E-01     2.2408E+01     C         136

 BOND    =      345.6093  ANGLE   =     1385.3347  DIHED      =     8339.7752
 VDWAALS =    -6137.5918  EEL     =   -54184.1084  HBOND      =        0.0000
 1-4 VDW =     2498.4298  1-4 EEL =    31445.0749  RESTRAINT  =      191.0925
 EAMBER  =   -16307.4764


   NSTEP       ENERGY          RMS            GMAX         NAME    NUMBER
    250      -1.6176E+04     4.5497E-01     1.2941E+01     CG       7421

 BOND    =      344.9632  ANGLE   =     1384.6174  DIHED      =     8341.2961
 VDWAALS =    -6144.7039  EEL     =   -54257.9058  HBOND      =        0.0000
 1-4 VDW =     2496.1950  1-4 EEL =    31447.2656  RESTRAINT  =      212.1117
 EAMBER  =   -16388.2723


   NSTEP       ENERGY          RMS            GMAX         NAME    NUMBER
    300      -1.6299E+04     3.8761E-01     1.4843E+01     CZ       2827

 BOND    =      347.4224  ANGLE   =     1392.9524  DIHED      =     8348.1755
 VDWAALS =    -6162.0057  EEL     =   -54445.7860  HBOND      =        0.0000
 1-4 VDW =     2494.3287  1-4 EEL =    31441.2051  RESTRAINT  =      284.8452
 EAMBER  =   -16583.7075


   NSTEP       ENERGY          RMS            GMAX         NAME    NUMBER
    350      -1.6329E+04     2.6000E-01     9.4183E+00     HH       2829

 BOND    =      348.0253  ANGLE   =     1391.5104  DIHED      =     8345.0528
 VDWAALS =    -6160.5174  EEL     =   -54478.9366  HBOND      =        0.0000
 1-4 VDW =     2493.8053  1-4 EEL =    31441.0279  RESTRAINT  =      291.5257
 EAMBER  =   -16620.0323


   NSTEP       ENERGY          RMS            GMAX         NAME    NUMBER
    400      -1.6353E+04     1.9600E-01     6.0033E+00     CD1      2823

 BOND    =      348.0012  ANGLE   =     1390.5331  DIHED      =     8341.1506
 VDWAALS =    -6162.0967  EEL     =   -54505.7501  HBOND      =        0.0000
 1-4 VDW =     2494.4624  1-4 EEL =    31441.4492  RESTRAINT  =      299.5113
 EAMBER  =   -16652.2503


   NSTEP       ENERGY          RMS            GMAX         NAME    NUMBER
    450      -1.6366E+04     2.1282E-01     9.7090E+00     CZ       2827

 BOND    =      348.1774  ANGLE   =     1390.0971  DIHED      =     8337.9473
 VDWAALS =    -6162.7247  EEL     =   -54520.6073  HBOND      =        0.0000
 1-4 VDW =     2494.7127  1-4 EEL =    31443.4920  RESTRAINT  =      302.5548
 EAMBER  =   -16668.9055


   NSTEP       ENERGY          RMS            GMAX         NAME    NUMBER
    500      -1.6374E+04     1.8612E-01     5.3363E+00     CZ       2827

 BOND    =      347.9860  ANGLE   =     1389.7508  DIHED      =     8336.4937
 VDWAALS =    -6163.1519  EEL     =   -54528.4512  HBOND      =        0.0000
 1-4 VDW =     2494.7905  1-4 EEL =    31443.2263  RESTRAINT  =      304.9279
 EAMBER  =   -16679.3557


  Maximum number of minimization cycles reached.


                    FINAL RESULTS



   NSTEP       ENERGY          RMS            GMAX         NAME    NUMBER
    500      -1.6374E+04     1.8612E-01     5.3363E+00     CZ       2827

 BOND    =      347.9860  ANGLE   =     1389.7508  DIHED      =     8336.4937
 VDWAALS =    -6163.1519  EEL     =   -54528.4512  HBOND      =        0.0000
 1-4 VDW =     2494.7905  1-4 EEL =    31443.2263  RESTRAINT  =      304.9279
 EAMBER  =   -16679.3557

--------------------------------------------------------------------------------
   5.  TIMINGS
--------------------------------------------------------------------------------

|                Build the list             2.83 (100.0% of List )
|                Other                      0.00 ( 0.10% of List )
|             List time                  2.83 ( 0.12% of Nonbo)
|                   Short_ene time          2369.77 (100.0% of Direc)
|                Direct Ewald time       2369.86 (100.0% of Ewald)
|                Other                      1.02 ( 0.04% of Ewald)
|             Ewald time              2370.89 (99.88% of Nonbo)
|          Nonbond force           2373.72 (99.57% of Force)
|          Bond/Angle/Dihedral       10.23 ( 0.43% of Force)
|          Other                      0.13 ( 0.01% of Force)
|       Force time              2384.08 (100.0% of Runmd)
|    Runmd Time              2384.08 (99.63% of Total)
|    Other                      8.94 ( 0.37% of Total)
| Total time              2393.04 (100.0% of ALL  )

| Number of list builds   :          1

| Highest rstack allocated:      58290
| Highest istack allocated:      11658
|           Job began  at 22:13:03.866  on 12/21/2025
|           Setup done at 22:13:04.782  on 12/21/2025
|           Run   done at 22:52:56.907  on 12/21/2025
|     wallclock() was called   11535 times

|3D-RISM memory allocation summary
|Type          Maximum        Current   
|Integer       0.00000 GB     0.00000 GB
|Real          0.00000 GB     0.00000 GB
|Logical       0.00000 GB     0.00000 GB
|Character     0.00000 GB     0.00000 GB
|---------------------------------------
|Total         0.00000 GB     0.00000 GB
