
          -------------------------------------------------------
          Amber 22 SANDER                              2022
          -------------------------------------------------------

| Run on 12/21/2025 at 21:58:02

|   Executable path: /home/kiran/miniforge3/envs/amber_mmgbsa/bin/sander
| Working directory: /storage/kiran-stuff/aaRS/phase2/energy_scoring/mmgbsa_amber/jobs/anc_thrrs_cat_PHE
|          Hostname: boron

  [-O]verwriting output

File Assignments:
|  MDIN: min.in                                                                
| MDOUT: min.out                                                               
|INPCRD: complex.inpcrd                                                        
|  PARM: complex.prmtop                                                        
|RESTRT: min.rst                                                               
|  REFC: complex.inpcrd                                                        
| MDVEL: mdvel                                                                 
| MDFRC: mdfrc                                                                 
|  MDEN: mden                                                                  
| MDCRD: mdcrd                                                                 
|MDINFO: mdinfo                                                                
|  MTMD: mtmd                                                                  
|INPDIP: inpdip                                                                
|RSTDIP: rstdip                                                                
|INPTRA: inptraj                                                               


 Here is the input file:

Minimize                                                                       
 &cntrl                                                                        
  imin=1,                                                                      
  maxcyc=500,                                                                  
  ncyc=250,                                                                    
  ntb=0,                                                                       
  cut=999.0,                                                                   
  ntr=1,                                                                       
  restraint_wt=10.0,                                                           
  restraintmask='!:LIG & !@H=',                                                
 /                                                                             

--------------------------------------------------------------------------------
   1.  RESOURCE   USE: 
--------------------------------------------------------------------------------

| Flags:                                                                        
|    NONPERIODIC   ntb=0 and igb=0: Setting up nonperiodic simulation
|  *** cutoff > system size, list only builds once
|Largest sphere to fit in unit cell has radius =    56.534
| New format PARM file being parsed.
| Version =    1.000 Date = 12/21/25 Time = 21:58:02
 NATOM  =    4425 NTYPES =      21 NBONH =    2163 MBONA  =    2313
 NTHETH =    4914 MTHETA =    3131 NPHIH =   10148 MPHIA  =    9729
 NHPARM =       0 NPARM  =       0 NNB   =   24369 NRES   =     279
 NBONA  =    2313 NTHETA =    3131 NPHIA =    9729 NUMBND =      73
 NUMANG =     164 NPTRA  =     198 NATYP =      41 NPHB   =       0
 IFBOX  =       0 NMXRS  =      24 IFCAP =       0 NEXTRA =       0
 NCOPY  =       0


|     Memory Use     Allocated
|     Real             1117968
|     Hollerith          13556
|     Integer          1076560
|     Max Pairs        9788100
|     nblistReal         53100
|     nblist Int       5942717
|       Total            74855 kbytes

| Note: 1-4 EEL scale factors are being read from the topology file.

| Note: 1-4 VDW scale factors are being read from the topology file.
| Duplicated    0 dihedrals
| Duplicated    0 dihedrals

--------------------------------------------------------------------------------
   2.  CONTROL  DATA  FOR  THE  RUN
--------------------------------------------------------------------------------

default_name                                                                    

General flags:
     imin    =       1, nmropt  =       0

Nature and format of input:
     ntx     =       1, irest   =       0, ntrx    =       1

Nature and format of output:
     ntxo    =       2, ntpr    =      50, ntrx    =       1, ntwr    =       1
     iwrap   =       0, ntwx    =       0, ntwv    =       0, ntwe    =       0
     ioutfm  =       1, ntwprt  =       0, idecomp =       0, rbornstat=      0

Potential function:
     ntf     =       1, ntb     =       0, igb     =       0, nsnb    =      25
     ipol    =       0, gbsa    =       0, iesp    =       0
     dielc   =   1.00000, cut     = 999.00000, intdiel =   1.00000

Frozen or restrained atoms:
     ibelly  =       0, ntr     =       1
     restraint_wt =  10.00000

Energy minimization:
     maxcyc  =     500, ncyc    =     250, ntmin   =       1
     dx0     =   0.01000, drms    =   0.00010
|  INFO: Old style inpcrd file read


    LOADING THE CONSTRAINED ATOMS AS GROUPS


   5.  REFERENCE ATOM COORDINATES

  defa
     Mask !:LIG & !@H=; matches  2250 atoms

--------------------------------------------------------------------------------
   3.  ATOMIC COORDINATES AND VELOCITIES
--------------------------------------------------------------------------------

default_name                                                                    
 begin time read from input coords =     0.000 ps

 Number of triangulated 3-point waters found:        0

     Sum of charges from parm topology file = -14.99999907

--------------------------------------------------------------------------------
   4.  RESULTS
--------------------------------------------------------------------------------

 ---------------------------------------------------

     eedmeth=4: Setting switch to one everywhere

 ---------------------------------------------------
| Local SIZE OF NONBOND LIST =    9763963
| TOTAL SIZE OF NONBOND LIST =    9763963


   NSTEP       ENERGY          RMS            GMAX         NAME    NUMBER
      1       1.0464E+09     5.3685E+08     3.2306E+10     CB        147

 BOND    =      196.4478  ANGLE   =      629.9619  DIHED      =     3236.7924
 VDWAALS = *************  EEL     =   -18217.6137  HBOND      =        0.0000
 1-4 VDW =     1065.9390  1-4 EEL =     9493.9890  RESTRAINT  =        0.0000


   NSTEP       ENERGY          RMS            GMAX         NAME    NUMBER
     50      -5.8566E+03     2.8723E+00     1.5313E+02     CG       1817

 BOND    =      159.4033  ANGLE   =      601.8785  DIHED      =     3236.0425
 VDWAALS =    -1931.0789  EEL     =   -18427.3732  HBOND      =        0.0000
 1-4 VDW =     1023.5740  1-4 EEL =     9421.0048  RESTRAINT  =       59.9480
 EAMBER  =    -5916.5490


   NSTEP       ENERGY          RMS            GMAX         NAME    NUMBER
    100      -6.0561E+03     4.9907E-01     1.6444E+01     HG1      3326

 BOND    =      141.3741  ANGLE   =      587.3846  DIHED      =     3241.9527
 VDWAALS =    -2000.7516  EEL     =   -18557.6264  HBOND      =        0.0000
 1-4 VDW =     1001.6863  1-4 EEL =     9431.0298  RESTRAINT  =       98.8110
 EAMBER  =    -6154.9505


   NSTEP       ENERGY          RMS            GMAX         NAME    NUMBER
    150      -6.1257E+03     1.1045E+00     4.9027E+01     CG       1817

 BOND    =      143.4673  ANGLE   =      585.9223  DIHED      =     3244.7171
 VDWAALS =    -2023.6293  EEL     =   -18629.6201  HBOND      =        0.0000
 1-4 VDW =      994.8096  1-4 EEL =     9436.8325  RESTRAINT  =      121.8300
 EAMBER  =    -6247.5006


   NSTEP       ENERGY          RMS            GMAX         NAME    NUMBER
    200      -6.1661E+03     3.4834E-01     8.2536E+00     CE2      2471

 BOND    =      140.8625  ANGLE   =      586.0138  DIHED      =     3247.4489
 VDWAALS =    -2036.2441  EEL     =   -18671.4645  HBOND      =        0.0000
 1-4 VDW =      991.9305  1-4 EEL =     9438.2747  RESTRAINT  =      137.0486
 EAMBER  =    -6303.1782


   NSTEP       ENERGY          RMS            GMAX         NAME    NUMBER
    250      -6.1899E+03     8.2222E-01     2.7529E+01     CE2      2471

 BOND    =      141.9784  ANGLE   =      586.9477  DIHED      =     3250.2135
 VDWAALS =    -2044.6143  EEL     =   -18702.3097  HBOND      =        0.0000
 1-4 VDW =      990.6251  1-4 EEL =     9438.8077  RESTRAINT  =      148.4148
 EAMBER  =    -6338.3516


   NSTEP       ENERGY          RMS            GMAX         NAME    NUMBER
    300      -6.2698E+03     5.2923E-01     1.1545E+01     CB       1862

 BOND    =      142.5468  ANGLE   =      593.1901  DIHED      =     3261.5708
 VDWAALS =    -2068.6283  EEL     =   -18807.1607  HBOND      =        0.0000
 1-4 VDW =      988.3420  1-4 EEL =     9435.7607  RESTRAINT  =      184.5684
 EAMBER  =    -6454.3785


   NSTEP       ENERGY          RMS            GMAX         NAME    NUMBER
    350      -6.2913E+03     3.7691E-01     7.0917E+00     OG        333

 BOND    =      142.2338  ANGLE   =      594.5573  DIHED      =     3261.2542
 VDWAALS =    -2071.5367  EEL     =   -18824.2840  HBOND      =        0.0000
 1-4 VDW =      987.7616  1-4 EEL =     9435.0157  RESTRAINT  =      183.6548
 EAMBER  =    -6474.9981


   NSTEP       ENERGY          RMS            GMAX         NAME    NUMBER
    400      -6.3114E+03     4.5017E-01     1.2995E+01     CG       3527

 BOND    =      142.7500  ANGLE   =      592.1716  DIHED      =     3260.2767
 VDWAALS =    -2076.3640  EEL     =   -18833.8708  HBOND      =        0.0000
 1-4 VDW =      986.9935  1-4 EEL =     9433.0984  RESTRAINT  =      183.5848
 EAMBER  =    -6494.9447


   NSTEP       ENERGY          RMS            GMAX         NAME    NUMBER
    450      -6.3260E+03     3.6872E-01     1.3764E+01     CG       3527

 BOND    =      142.3715  ANGLE   =      589.2393  DIHED      =     3259.5359
 VDWAALS =    -2082.6889  EEL     =   -18837.3436  HBOND      =        0.0000
 1-4 VDW =      986.7764  1-4 EEL =     9433.5528  RESTRAINT  =      182.5996
 EAMBER  =    -6508.5566


   NSTEP       ENERGY          RMS            GMAX         NAME    NUMBER
    500      -6.3350E+03     2.1795E-01     8.0462E+00     CG       3527

 BOND    =      141.7937  ANGLE   =      587.8291  DIHED      =     3258.9575
 VDWAALS =    -2086.5153  EEL     =   -18839.0245  HBOND      =        0.0000
 1-4 VDW =      986.7084  1-4 EEL =     9433.3583  RESTRAINT  =      181.9155
 EAMBER  =    -6516.8927


  Maximum number of minimization cycles reached.


                    FINAL RESULTS



   NSTEP       ENERGY          RMS            GMAX         NAME    NUMBER
    500      -6.3350E+03     2.1795E-01     8.0462E+00     CG       3527

 BOND    =      141.7937  ANGLE   =      587.8291  DIHED      =     3258.9575
 VDWAALS =    -2086.5153  EEL     =   -18839.0245  HBOND      =        0.0000
 1-4 VDW =      986.7084  1-4 EEL =     9433.3583  RESTRAINT  =      181.9155
 EAMBER  =    -6516.8927

--------------------------------------------------------------------------------
   5.  TIMINGS
--------------------------------------------------------------------------------

|    Read coords time           0.02 ( 0.01% of Total)
|                Build the list             0.48 (99.77% of List )
|                Other                      0.00 ( 0.23% of List )
|             List time                  0.48 ( 0.12% of Nonbo)
|                   Short_ene time           418.86 (100.0% of Direc)
|                   Other                      0.04 ( 0.01% of Direc)
|                Direct Ewald time        418.89 (99.88% of Ewald)
|                Other                      0.50 ( 0.12% of Ewald)
|             Ewald time               419.40 (99.88% of Nonbo)
|          Nonbond force            419.88 (98.75% of Force)
|          Bond/Angle/Dihedral        5.29 ( 1.24% of Force)
|          Other                      0.02 ( 0.01% of Force)
|       Force time               425.20 (100.0% of Runmd)
|    Runmd Time               425.20 (98.30% of Total)
|    Other                      7.32 ( 1.69% of Total)
| Total time               432.54 (100.0% of ALL  )

| Number of list builds   :          1

| Highest rstack allocated:      22090
| Highest istack allocated:       4418
|           Job began  at 21:58:02.714  on 12/21/2025
|           Setup done at 21:58:03.195  on 12/21/2025
|           Run   done at 22:05:15.250  on 12/21/2025
|     wallclock() was called   11535 times

|3D-RISM memory allocation summary
|Type          Maximum        Current   
|Integer       0.00000 GB     0.00000 GB
|Real          0.00000 GB     0.00000 GB
|Logical       0.00000 GB     0.00000 GB
|Character     0.00000 GB     0.00000 GB
|---------------------------------------
|Total         0.00000 GB     0.00000 GB
