
          -------------------------------------------------------
          Amber 22 SANDER                              2022
          -------------------------------------------------------

| Run on 12/21/2025 at 22:05:11

|   Executable path: /home/kiran/miniforge3/envs/amber_mmgbsa/bin/sander
| Working directory: /storage/kiran-stuff/aaRS/phase2/energy_scoring/mmgbsa_amber/jobs/anc_thrrs_cat_zn_ALA
|          Hostname: boron

  [-O]verwriting output

File Assignments:
|  MDIN: min.in                                                                
| MDOUT: min.out                                                               
|INPCRD: complex.inpcrd                                                        
|  PARM: complex.prmtop                                                        
|RESTRT: min.rst                                                               
|  REFC: complex.inpcrd                                                        
| MDVEL: mdvel                                                                 
| MDFRC: mdfrc                                                                 
|  MDEN: mden                                                                  
| MDCRD: mdcrd                                                                 
|MDINFO: mdinfo                                                                
|  MTMD: mtmd                                                                  
|INPDIP: inpdip                                                                
|RSTDIP: rstdip                                                                
|INPTRA: inptraj                                                               


 Here is the input file:

Minimize                                                                       
 &cntrl                                                                        
  imin=1,                                                                      
  maxcyc=500,                                                                  
  ncyc=250,                                                                    
  ntb=0,                                                                       
  cut=999.0,                                                                   
  ntr=1,                                                                       
  restraint_wt=10.0,                                                           
  restraintmask='!:LIG & !@H=',                                                
 /                                                                             

--------------------------------------------------------------------------------
   1.  RESOURCE   USE: 
--------------------------------------------------------------------------------

| Flags:                                                                        
|    NONPERIODIC   ntb=0 and igb=0: Setting up nonperiodic simulation
|  *** cutoff > system size, list only builds once
|Largest sphere to fit in unit cell has radius =    51.278
| New format PARM file being parsed.
| Version =    1.000 Date = 12/21/25 Time = 22:05:11
 NATOM  =    4416 NTYPES =      22 NBONH =    2159 MBONA  =    2306
 NTHETH =    4905 MTHETA =    3122 NPHIH =   10130 MPHIA  =    9717
 NHPARM =       0 NPARM  =       0 NNB   =   24313 NRES   =     280
 NBONA  =    2306 NTHETA =    3122 NPHIA =    9717 NUMBND =      73
 NUMANG =     164 NPTRA  =     196 NATYP =      42 NPHB   =       0
 IFBOX  =       0 NMXRS  =      24 IFCAP =       0 NEXTRA =       0
 NCOPY  =       0


|     Memory Use     Allocated
|     Real             1117252
|     Hollerith          13530
|     Integer          1074831
|     Max Pairs        9748320
|     nblistReal         52992
|     nblist Int       5092640
|       Total            71366 kbytes

| Note: 1-4 EEL scale factors are being read from the topology file.

| Note: 1-4 VDW scale factors are being read from the topology file.
| Duplicated    0 dihedrals
| Duplicated    0 dihedrals

--------------------------------------------------------------------------------
   2.  CONTROL  DATA  FOR  THE  RUN
--------------------------------------------------------------------------------

default_name                                                                    

General flags:
     imin    =       1, nmropt  =       0

Nature and format of input:
     ntx     =       1, irest   =       0, ntrx    =       1

Nature and format of output:
     ntxo    =       2, ntpr    =      50, ntrx    =       1, ntwr    =       1
     iwrap   =       0, ntwx    =       0, ntwv    =       0, ntwe    =       0
     ioutfm  =       1, ntwprt  =       0, idecomp =       0, rbornstat=      0

Potential function:
     ntf     =       1, ntb     =       0, igb     =       0, nsnb    =      25
     ipol    =       0, gbsa    =       0, iesp    =       0
     dielc   =   1.00000, cut     = 999.00000, intdiel =   1.00000

Frozen or restrained atoms:
     ibelly  =       0, ntr     =       1
     restraint_wt =  10.00000

Energy minimization:
     maxcyc  =     500, ncyc    =     250, ntmin   =       1
     dx0     =   0.01000, drms    =   0.00010
|  INFO: Old style inpcrd file read


    LOADING THE CONSTRAINED ATOMS AS GROUPS


   5.  REFERENCE ATOM COORDINATES

  defa
     Mask !:LIG & !@H=; matches  2251 atoms

--------------------------------------------------------------------------------
   3.  ATOMIC COORDINATES AND VELOCITIES
--------------------------------------------------------------------------------

default_name                                                                    
 begin time read from input coords =     0.000 ps

 Number of triangulated 3-point waters found:        0

     Sum of charges from parm topology file = -13.00000007

--------------------------------------------------------------------------------
   4.  RESULTS
--------------------------------------------------------------------------------

 ---------------------------------------------------

     eedmeth=4: Setting switch to one everywhere

 ---------------------------------------------------
| Local SIZE OF NONBOND LIST =    9724239
| TOTAL SIZE OF NONBOND LIST =    9724239


   NSTEP       ENERGY          RMS            GMAX         NAME    NUMBER
      1      -4.4758E+03     6.0142E+01     3.7518E+03     O        2951

 BOND    =      146.7685  ANGLE   =      614.6343  DIHED      =     3223.4377
 VDWAALS =     -551.6699  EEL     =   -18387.4927  HBOND      =        0.0000
 1-4 VDW =     1042.0234  1-4 EEL =     9436.4664  RESTRAINT  =        0.0000


   NSTEP       ENERGY          RMS            GMAX         NAME    NUMBER
     50      -6.5347E+03     2.4920E+00     1.0121E+02     C        2950

 BOND    =      147.2825  ANGLE   =      588.1378  DIHED      =     3231.3986
 VDWAALS =    -2024.1018  EEL     =   -18882.4723  HBOND      =        0.0000
 1-4 VDW =      990.7144  1-4 EEL =     9358.9284  RESTRAINT  =       55.4486
 EAMBER  =    -6590.1125


   NSTEP       ENERGY          RMS            GMAX         NAME    NUMBER
    100      -6.7031E+03     1.4648E+00     5.4033E+01     C        2950

 BOND    =      148.5935  ANGLE   =      597.1377  DIHED      =     3238.0782
 VDWAALS =    -2056.6262  EEL     =   -19068.7314  HBOND      =        0.0000
 1-4 VDW =      979.3999  1-4 EEL =     9369.2259  RESTRAINT  =       89.7933
 EAMBER  =    -6792.9225


   NSTEP       ENERGY          RMS            GMAX         NAME    NUMBER
    150      -6.7706E+03     9.7945E-01     3.2870E+01     CG       2041

 BOND    =      144.2366  ANGLE   =      594.0027  DIHED      =     3243.5052
 VDWAALS =    -2071.3908  EEL     =   -19143.9483  HBOND      =        0.0000
 1-4 VDW =      976.1634  1-4 EEL =     9374.6260  RESTRAINT  =      112.2291
 EAMBER  =    -6882.8051


   NSTEP       ENERGY          RMS            GMAX         NAME    NUMBER
    200      -6.8045E+03     3.0740E-01     9.6864E+00     CG       2041

 BOND    =      144.2819  ANGLE   =      597.0904  DIHED      =     3248.5715
 VDWAALS =    -2080.2111  EEL     =   -19192.5557  HBOND      =        0.0000
 1-4 VDW =      975.3221  1-4 EEL =     9375.5656  RESTRAINT  =      127.3922
 EAMBER  =    -6931.9354


   NSTEP       ENERGY          RMS            GMAX         NAME    NUMBER
    250      -6.8254E+03     7.2414E-01     1.6040E+01     NE2      1048

 BOND    =      144.7838  ANGLE   =      598.5878  DIHED      =     3252.2058
 VDWAALS =    -2086.1315  EEL     =   -19223.2682  HBOND      =        0.0000
 1-4 VDW =      974.8358  1-4 EEL =     9375.1164  RESTRAINT  =      138.4829
 EAMBER  =    -6963.8700


   NSTEP       ENERGY          RMS            GMAX         NAME    NUMBER
    300      -6.8829E+03     2.2140E-01     6.8638E+00     OG        670

 BOND    =      144.7127  ANGLE   =      597.6105  DIHED      =     3257.7197
 VDWAALS =    -2099.3563  EEL     =   -19296.4437  HBOND      =        0.0000
 1-4 VDW =      975.9750  1-4 EEL =     9369.8941  RESTRAINT  =      167.0102
 EAMBER  =    -7049.8880


   NSTEP       ENERGY          RMS            GMAX         NAME    NUMBER
    350      -6.8981E+03     3.6899E-01     1.0524E+01     HG1       644

 BOND    =      145.3605  ANGLE   =      597.5648  DIHED      =     3251.4638
 VDWAALS =    -2099.3129  EEL     =   -19306.2555  HBOND      =        0.0000
 1-4 VDW =      975.9300  1-4 EEL =     9369.3061  RESTRAINT  =      167.8107
 EAMBER  =    -7065.9431


   NSTEP       ENERGY          RMS            GMAX         NAME    NUMBER
    400      -6.9078E+03     1.2609E-01     2.5601E+00     OG       4184

 BOND    =      144.7950  ANGLE   =      597.2522  DIHED      =     3249.1596
 VDWAALS =    -2099.1082  EEL     =   -19313.1734  HBOND      =        0.0000
 1-4 VDW =      975.1403  1-4 EEL =     9369.8997  RESTRAINT  =      168.2017
 EAMBER  =    -7076.0348


   NSTEP       ENERGY          RMS            GMAX         NAME    NUMBER
    450      -6.9096E+03     6.3898E-02     1.2874E+00     CG       2999

 BOND    =      144.8644  ANGLE   =      597.2199  DIHED      =     3248.0843
 VDWAALS =    -2099.5408  EEL     =   -19313.8752  HBOND      =        0.0000
 1-4 VDW =      975.0408  1-4 EEL =     9370.0606  RESTRAINT  =      168.5624
 EAMBER  =    -7078.1459


   NSTEP       ENERGY          RMS            GMAX         NAME    NUMBER
    500      -6.9100E+03     3.0980E-02     6.9879E-01     OG       4184

 BOND    =      144.8662  ANGLE   =      597.2741  DIHED      =     3248.0348
 VDWAALS =    -2100.0091  EEL     =   -19314.1736  HBOND      =        0.0000
 1-4 VDW =      975.0415  1-4 EEL =     9370.0371  RESTRAINT  =      168.9124
 EAMBER  =    -7078.9290


  Maximum number of minimization cycles reached.


                    FINAL RESULTS



   NSTEP       ENERGY          RMS            GMAX         NAME    NUMBER
    500      -6.9100E+03     3.0980E-02     6.9879E-01     OG       4184

 BOND    =      144.8662  ANGLE   =      597.2741  DIHED      =     3248.0348
 VDWAALS =    -2100.0091  EEL     =   -19314.1736  HBOND      =        0.0000
 1-4 VDW =      975.0415  1-4 EEL =     9370.0371  RESTRAINT  =      168.9124
 EAMBER  =    -7078.9290

--------------------------------------------------------------------------------
   5.  TIMINGS
--------------------------------------------------------------------------------

|                Build the list             0.35 (99.49% of List )
|                Other                      0.00 ( 0.51% of List )
|             List time                  0.35 ( 0.09% of Nonbo)
|                   Short_ene time           398.30 (100.0% of Direc)
|                   Other                      0.03 ( 0.01% of Direc)
|                Direct Ewald time        398.34 (100.0% of Ewald)
|                Other                      0.39 ( 0.10% of Ewald)
|             Ewald time               398.73 (100.0% of Nonbo)
|          Nonbond force            399.08 (98.86% of Force)
|          Bond/Angle/Dihedral        4.59 ( 1.14% of Force)
|          Other                      0.03 ( 0.01% of Force)
|       Force time               403.69 (100.0% of Runmd)
|    Runmd Time               403.69 (98.31% of Total)
|    Other                      6.91 ( 1.68% of Total)
| Total time               410.62 (100.0% of ALL  )

| Number of list builds   :          1

| Highest rstack allocated:      22035
| Highest istack allocated:       4407
|           Job began  at 22:05:11.782  on 12/21/2025
|           Setup done at 22:05:12.206  on 12/21/2025
|           Run   done at 22:12:02.398  on 12/21/2025
|     wallclock() was called   11535 times

|3D-RISM memory allocation summary
|Type          Maximum        Current   
|Integer       0.00000 GB     0.00000 GB
|Real          0.00000 GB     0.00000 GB
|Logical       0.00000 GB     0.00000 GB
|Character     0.00000 GB     0.00000 GB
|---------------------------------------
|Total         0.00000 GB     0.00000 GB
