
          -------------------------------------------------------
          Amber 22 SANDER                              2022
          -------------------------------------------------------

| Run on 12/21/2025 at 21:58:02

|   Executable path: /home/kiran/miniforge3/envs/amber_mmgbsa/bin/sander
| Working directory: /storage/kiran-stuff/aaRS/phase2/energy_scoring/mmgbsa_amber/jobs/anc_thrrs_cat_GLN
|          Hostname: boron

  [-O]verwriting output

File Assignments:
|  MDIN: min.in                                                                
| MDOUT: min.out                                                               
|INPCRD: complex.inpcrd                                                        
|  PARM: complex.prmtop                                                        
|RESTRT: min.rst                                                               
|  REFC: complex.inpcrd                                                        
| MDVEL: mdvel                                                                 
| MDFRC: mdfrc                                                                 
|  MDEN: mden                                                                  
| MDCRD: mdcrd                                                                 
|MDINFO: mdinfo                                                                
|  MTMD: mtmd                                                                  
|INPDIP: inpdip                                                                
|RSTDIP: rstdip                                                                
|INPTRA: inptraj                                                               


 Here is the input file:

Minimize                                                                       
 &cntrl                                                                        
  imin=1,                                                                      
  maxcyc=500,                                                                  
  ncyc=250,                                                                    
  ntb=0,                                                                       
  cut=999.0,                                                                   
  ntr=1,                                                                       
  restraint_wt=10.0,                                                           
  restraintmask='!:LIG & !@H=',                                                
 /                                                                             

--------------------------------------------------------------------------------
   1.  RESOURCE   USE: 
--------------------------------------------------------------------------------

| Flags:                                                                        
|    NONPERIODIC   ntb=0 and igb=0: Setting up nonperiodic simulation
|  *** cutoff > system size, list only builds once
|Largest sphere to fit in unit cell has radius =    56.601
| New format PARM file being parsed.
| Version =    1.000 Date = 12/21/25 Time = 21:58:01
 NATOM  =    4422 NTYPES =      21 NBONH =    2162 MBONA  =    2310
 NTHETH =    4912 MTHETA =    3127 NPHIH =   10146 MPHIA  =    9722
 NHPARM =       0 NPARM  =       0 NNB   =   24351 NRES   =     279
 NBONA  =    2310 NTHETA =    3127 NPHIA =    9722 NUMBND =      73
 NUMANG =     165 NPTRA  =     198 NATYP =      41 NPHB   =       0
 IFBOX  =       0 NMXRS  =      24 IFCAP =       0 NEXTRA =       0
 NCOPY  =       0


|     Memory Use     Allocated
|     Real             1117613
|     Hollerith          13547
|     Integer          1076012
|     Max Pairs        9774831
|     nblistReal         53064
|     nblist Int       5259278
|       Total            72129 kbytes

| Note: 1-4 EEL scale factors are being read from the topology file.

| Note: 1-4 VDW scale factors are being read from the topology file.
| Duplicated    0 dihedrals
| Duplicated    0 dihedrals

--------------------------------------------------------------------------------
   2.  CONTROL  DATA  FOR  THE  RUN
--------------------------------------------------------------------------------

default_name                                                                    

General flags:
     imin    =       1, nmropt  =       0

Nature and format of input:
     ntx     =       1, irest   =       0, ntrx    =       1

Nature and format of output:
     ntxo    =       2, ntpr    =      50, ntrx    =       1, ntwr    =       1
     iwrap   =       0, ntwx    =       0, ntwv    =       0, ntwe    =       0
     ioutfm  =       1, ntwprt  =       0, idecomp =       0, rbornstat=      0

Potential function:
     ntf     =       1, ntb     =       0, igb     =       0, nsnb    =      25
     ipol    =       0, gbsa    =       0, iesp    =       0
     dielc   =   1.00000, cut     = 999.00000, intdiel =   1.00000

Frozen or restrained atoms:
     ibelly  =       0, ntr     =       1
     restraint_wt =  10.00000

Energy minimization:
     maxcyc  =     500, ncyc    =     250, ntmin   =       1
     dx0     =   0.01000, drms    =   0.00010
|  INFO: Old style inpcrd file read


    LOADING THE CONSTRAINED ATOMS AS GROUPS


   5.  REFERENCE ATOM COORDINATES

  defa
     Mask !:LIG & !@H=; matches  2250 atoms

--------------------------------------------------------------------------------
   3.  ATOMIC COORDINATES AND VELOCITIES
--------------------------------------------------------------------------------

default_name                                                                    
 begin time read from input coords =     0.000 ps

 Number of triangulated 3-point waters found:        0

     Sum of charges from parm topology file = -15.00000107

--------------------------------------------------------------------------------
   4.  RESULTS
--------------------------------------------------------------------------------

 ---------------------------------------------------

     eedmeth=4: Setting switch to one everywhere

 ---------------------------------------------------
| Local SIZE OF NONBOND LIST =    9750712
| TOTAL SIZE OF NONBOND LIST =    9750712


   NSTEP       ENERGY          RMS            GMAX         NAME    NUMBER
      1      -2.7828E+03     1.8768E+02     1.2476E+04     HE1      2983

 BOND    =      180.2627  ANGLE   =      647.4192  DIHED      =     3233.0036
 VDWAALS =      812.6318  EEL     =   -18202.0406  HBOND      =        0.0000
 1-4 VDW =     1062.9355  1-4 EEL =     9482.9789  RESTRAINT  =        0.0000


   NSTEP       ENERGY          RMS            GMAX         NAME    NUMBER
     50      -6.0846E+03     2.5777E+00     5.5426E+01     CZ        371

 BOND    =      149.7575  ANGLE   =      607.9135  DIHED      =     3229.4601
 VDWAALS =    -2031.8311  EEL     =   -18502.4469  HBOND      =        0.0000
 1-4 VDW =     1001.9789  1-4 EEL =     9409.0425  RESTRAINT  =       51.5690
 EAMBER  =    -6136.1254


   NSTEP       ENERGY          RMS            GMAX         NAME    NUMBER
    100      -6.2114E+03     1.5138E+00     3.3934E+01     CZ        371

 BOND    =      150.6479  ANGLE   =      608.2413  DIHED      =     3234.0167
 VDWAALS =    -2069.0032  EEL     =   -18626.4878  HBOND      =        0.0000
 1-4 VDW =      991.5887  1-4 EEL =     9415.6582  RESTRAINT  =       83.8957
 EAMBER  =    -6295.3381


   NSTEP       ENERGY          RMS            GMAX         NAME    NUMBER
    150      -6.2653E+03     9.0504E-01     1.9608E+01     CD       3358

 BOND    =      145.5576  ANGLE   =      605.2747  DIHED      =     3239.1109
 VDWAALS =    -2083.0545  EEL     =   -18684.7281  HBOND      =        0.0000
 1-4 VDW =      986.6265  1-4 EEL =     9420.7620  RESTRAINT  =      105.1950
 EAMBER  =    -6370.4509


   NSTEP       ENERGY          RMS            GMAX         NAME    NUMBER
    200      -6.2940E+03     5.4049E-01     1.2042E+01     CD       3358

 BOND    =      146.3991  ANGLE   =      606.6772  DIHED      =     3244.5083
 VDWAALS =    -2092.3531  EEL     =   -18725.8858  HBOND      =        0.0000
 1-4 VDW =      985.5211  1-4 EEL =     9420.9293  RESTRAINT  =      120.2388
 EAMBER  =    -6414.2039


   NSTEP       ENERGY          RMS            GMAX         NAME    NUMBER
    250      -6.3127E+03     7.6498E-01     1.7637E+01     CZ        371

 BOND    =      146.9563  ANGLE   =      607.2977  DIHED      =     3249.4617
 VDWAALS =    -2098.0772  EEL     =   -18755.6147  HBOND      =        0.0000
 1-4 VDW =      984.7404  1-4 EEL =     9421.1219  RESTRAINT  =      131.3820
 EAMBER  =    -6444.1139


   NSTEP       ENERGY          RMS            GMAX         NAME    NUMBER
    300      -6.3771E+03     3.1571E-01     5.6923E+00     CA       4179

 BOND    =      146.8270  ANGLE   =      606.2317  DIHED      =     3260.1200
 VDWAALS =    -2110.7797  EEL     =   -18846.8793  HBOND      =        0.0000
 1-4 VDW =      983.2833  1-4 EEL =     9418.2367  RESTRAINT  =      165.8471
 EAMBER  =    -6542.9604


   NSTEP       ENERGY          RMS            GMAX         NAME    NUMBER
    350      -6.4005E+03     3.7879E-01     9.5380E+00     CE2      3007

 BOND    =      147.3372  ANGLE   =      606.2450  DIHED      =     3256.0389
 VDWAALS =    -2110.8664  EEL     =   -18870.9934  HBOND      =        0.0000
 1-4 VDW =      983.2628  1-4 EEL =     9418.5484  RESTRAINT  =      169.9213
 EAMBER  =    -6570.4276


   NSTEP       ENERGY          RMS            GMAX         NAME    NUMBER
    400      -6.4108E+03     2.4699E-01     5.9439E+00     CE2      3007

 BOND    =      147.0201  ANGLE   =      605.2566  DIHED      =     3255.3764
 VDWAALS =    -2110.0161  EEL     =   -18880.9737  HBOND      =        0.0000
 1-4 VDW =      982.7898  1-4 EEL =     9416.7250  RESTRAINT  =      173.0587
 EAMBER  =    -6583.8218


   NSTEP       ENERGY          RMS            GMAX         NAME    NUMBER
    450      -6.4135E+03     1.3427E-01     3.2980E+00     CE2      3007

 BOND    =      146.9710  ANGLE   =      605.1650  DIHED      =     3258.9621
 VDWAALS =    -2110.3913  EEL     =   -18888.0385  HBOND      =        0.0000
 1-4 VDW =      982.7568  1-4 EEL =     9415.2473  RESTRAINT  =      175.8076
 EAMBER  =    -6589.3277


   NSTEP       ENERGY          RMS            GMAX         NAME    NUMBER
    500      -6.4158E+03     1.6205E-01     3.8595E+00     CG       3527

 BOND    =      147.0275  ANGLE   =      605.8853  DIHED      =     3264.7707
 VDWAALS =    -2109.4659  EEL     =   -18899.8211  HBOND      =        0.0000
 1-4 VDW =      982.7450  1-4 EEL =     9414.2165  RESTRAINT  =      178.8619
 EAMBER  =    -6594.6420


  Maximum number of minimization cycles reached.


                    FINAL RESULTS



   NSTEP       ENERGY          RMS            GMAX         NAME    NUMBER
    500      -6.4158E+03     1.6205E-01     3.8595E+00     CG       3527

 BOND    =      147.0275  ANGLE   =      605.8853  DIHED      =     3264.7707
 VDWAALS =    -2109.4659  EEL     =   -18899.8211  HBOND      =        0.0000
 1-4 VDW =      982.7450  1-4 EEL =     9414.2165  RESTRAINT  =      178.8619
 EAMBER  =    -6594.6420

--------------------------------------------------------------------------------
   5.  TIMINGS
--------------------------------------------------------------------------------

|                Build the list             0.54 (99.81% of List )
|                Other                      0.00 ( 0.19% of List )
|             List time                  0.54 ( 0.14% of Nonbo)
|                   Short_ene time           380.08 (100.0% of Direc)
|                   Other                      0.02 ( 0.01% of Direc)
|                Direct Ewald time        380.10 (99.89% of Ewald)
|                Other                      0.42 ( 0.11% of Ewald)
|             Ewald time               380.53 (99.86% of Nonbo)
|          Nonbond force            381.07 (98.82% of Force)
|          Bond/Angle/Dihedral        4.53 ( 1.18% of Force)
|          Other                      0.03 ( 0.01% of Force)
|       Force time               385.63 (100.0% of Runmd)
|    Runmd Time               385.63 (98.35% of Total)
|    Other                      6.48 ( 1.65% of Total)
| Total time               392.12 (100.0% of ALL  )

| Number of list builds   :          1

| Highest rstack allocated:      22065
| Highest istack allocated:       4413
|           Job began  at 21:58:02.127  on 12/21/2025
|           Setup done at 21:58:02.414  on 12/21/2025
|           Run   done at 22:04:34.243  on 12/21/2025
|     wallclock() was called   11535 times

|3D-RISM memory allocation summary
|Type          Maximum        Current   
|Integer       0.00000 GB     0.00000 GB
|Real          0.00000 GB     0.00000 GB
|Logical       0.00000 GB     0.00000 GB
|Character     0.00000 GB     0.00000 GB
|---------------------------------------
|Total         0.00000 GB     0.00000 GB
