
          -------------------------------------------------------
          Amber 22 SANDER                              2022
          -------------------------------------------------------

| Run on 12/21/2025 at 22:20:59

|   Executable path: /home/kiran/miniforge3/envs/amber_mmgbsa/bin/sander
| Working directory: /storage/kiran-stuff/aaRS/phase2/energy_scoring/mmgbsa_amber/jobs/modern_thrrs_ASN
|          Hostname: boron

  [-O]verwriting output

File Assignments:
|  MDIN: min.in                                                                
| MDOUT: min.out                                                               
|INPCRD: complex.inpcrd                                                        
|  PARM: complex.prmtop                                                        
|RESTRT: min.rst                                                               
|  REFC: complex.inpcrd                                                        
| MDVEL: mdvel                                                                 
| MDFRC: mdfrc                                                                 
|  MDEN: mden                                                                  
| MDCRD: mdcrd                                                                 
|MDINFO: mdinfo                                                                
|  MTMD: mtmd                                                                  
|INPDIP: inpdip                                                                
|RSTDIP: rstdip                                                                
|INPTRA: inptraj                                                               


 Here is the input file:

Minimize                                                                       
 &cntrl                                                                        
  imin=1,                                                                      
  maxcyc=500,                                                                  
  ncyc=250,                                                                    
  ntb=0,                                                                       
  cut=999.0,                                                                   
  ntr=1,                                                                       
  restraint_wt=10.0,                                                           
  restraintmask='!:LIG & !@H=',                                                
 /                                                                             

--------------------------------------------------------------------------------
   1.  RESOURCE   USE: 
--------------------------------------------------------------------------------

| Flags:                                                                        
|    NONPERIODIC   ntb=0 and igb=0: Setting up nonperiodic simulation
|  *** cutoff > system size, list only builds once
|Largest sphere to fit in unit cell has radius =    71.818
| New format PARM file being parsed.
| Version =    1.000 Date = 12/21/25 Time = 22:20:59
 NATOM  =   10325 NTYPES =      21 NBONH =    5195 MBONA  =    5219
 NTHETH =   11887 MTHETA =    7060 NPHIH =   23565 MPHIA  =   22345
 NHPARM =       0 NPARM  =       0 NNB   =   57160 NRES   =     664
 NBONA  =    5219 NTHETA =    7060 NPHIA =   22345 NUMBND =      73
 NUMANG =     165 NPTRA  =     197 NATYP =      41 NPHB   =       0
 IFBOX  =       0 NMXRS  =      24 IFCAP =       0 NEXTRA =       0
 NCOPY  =       0


|     Memory Use     Allocated
|     Real             1603166
|     Hollerith          31641
|     Integer          2467827
|     Max Pairs       53297650
|     nblistReal        123900
|     nblist Int      16378190
|       Total           295427 kbytes

| Note: 1-4 EEL scale factors are being read from the topology file.

| Note: 1-4 VDW scale factors are being read from the topology file.
| Duplicated    0 dihedrals
| Duplicated    0 dihedrals

--------------------------------------------------------------------------------
   2.  CONTROL  DATA  FOR  THE  RUN
--------------------------------------------------------------------------------

default_name                                                                    

General flags:
     imin    =       1, nmropt  =       0

Nature and format of input:
     ntx     =       1, irest   =       0, ntrx    =       1

Nature and format of output:
     ntxo    =       2, ntpr    =      50, ntrx    =       1, ntwr    =       1
     iwrap   =       0, ntwx    =       0, ntwv    =       0, ntwe    =       0
     ioutfm  =       1, ntwprt  =       0, idecomp =       0, rbornstat=      0

Potential function:
     ntf     =       1, ntb     =       0, igb     =       0, nsnb    =      25
     ipol    =       0, gbsa    =       0, iesp    =       0
     dielc   =   1.00000, cut     = 999.00000, intdiel =   1.00000

Frozen or restrained atoms:
     ibelly  =       0, ntr     =       1
     restraint_wt =  10.00000

Energy minimization:
     maxcyc  =     500, ncyc    =     250, ntmin   =       1
     dx0     =   0.01000, drms    =   0.00010
|  INFO: Old style inpcrd file read


    LOADING THE CONSTRAINED ATOMS AS GROUPS


   5.  REFERENCE ATOM COORDINATES

  defa
     Mask !:LIG & !@H=; matches  5121 atoms

--------------------------------------------------------------------------------
   3.  ATOMIC COORDINATES AND VELOCITIES
--------------------------------------------------------------------------------

default_name                                                                    
 begin time read from input coords =     0.000 ps

 Number of triangulated 3-point waters found:        0

     Sum of charges from parm topology file = -17.00000028

--------------------------------------------------------------------------------
   4.  RESULTS
--------------------------------------------------------------------------------

 ---------------------------------------------------

     eedmeth=4: Setting switch to one everywhere

 ---------------------------------------------------
| Local SIZE OF NONBOND LIST =   53240992
| TOTAL SIZE OF NONBOND LIST =   53240992


   NSTEP       ENERGY          RMS            GMAX         NAME    NUMBER
      1       8.7840E+06     1.0453E+06     9.1862E+07     O         609

 BOND    =      346.4613  ANGLE   =     1177.0026  DIHED      =     7716.3653
 VDWAALS =  8790230.5540  EEL     =   -44945.0272  HBOND      =        0.0000
 1-4 VDW =     2508.0266  1-4 EEL =    26940.3413  RESTRAINT  =        0.0000


   NSTEP       ENERGY          RMS            GMAX         NAME    NUMBER
     50      -1.0668E+04     1.1241E+00     4.0360E+01     C        9298

 BOND    =      317.4943  ANGLE   =     1280.6118  DIHED      =     7743.2295
 VDWAALS =    -4003.1900  EEL     =   -45332.6156  HBOND      =        0.0000
 1-4 VDW =     2434.3383  1-4 EEL =    26744.5109  RESTRAINT  =      147.4685
 EAMBER  =   -10815.6209


   NSTEP       ENERGY          RMS            GMAX         NAME    NUMBER
    100      -1.1133E+04     4.7743E-01     8.9597E+00     HG        143

 BOND    =      302.9203  ANGLE   =     1238.1757  DIHED      =     7752.4185
 VDWAALS =    -4238.4119  EEL     =   -45556.3913  HBOND      =        0.0000
 1-4 VDW =     2367.8710  1-4 EEL =    26736.6359  RESTRAINT  =      264.1316
 EAMBER  =   -11396.7818


   NSTEP       ENERGY          RMS            GMAX         NAME    NUMBER
    150      -1.1301E+04     4.1814E-01     8.2922E+00     HG1      6880

 BOND    =      300.0764  ANGLE   =     1229.7629  DIHED      =     7759.5609
 VDWAALS =    -4321.3845  EEL     =   -45681.9858  HBOND      =        0.0000
 1-4 VDW =     2342.6671  1-4 EEL =    26733.4823  RESTRAINT  =      337.0697
 EAMBER  =   -11637.8207


   NSTEP       ENERGY          RMS            GMAX         NAME    NUMBER
    200      -1.1394E+04     7.7052E-01     1.8009E+01     CE1      8126

 BOND    =      301.2410  ANGLE   =     1227.1791  DIHED      =     7763.1584
 VDWAALS =    -4362.5127  EEL     =   -45768.0490  HBOND      =        0.0000
 1-4 VDW =     2330.1071  1-4 EEL =    26730.9410  RESTRAINT  =      384.0869
 EAMBER  =   -11777.9352


   NSTEP       ENERGY          RMS            GMAX         NAME    NUMBER
    250      -1.1457E+04     3.6465E-01     8.9294E+00     CG       8609

 BOND    =      298.9908  ANGLE   =     1224.3130  DIHED      =     7766.2026
 VDWAALS =    -4386.5400  EEL     =   -45830.4308  HBOND      =        0.0000
 1-4 VDW =     2323.3011  1-4 EEL =    26730.3934  RESTRAINT  =      416.4182
 EAMBER  =   -11873.7700


   NSTEP       ENERGY          RMS            GMAX         NAME    NUMBER
    300      -1.1571E+04     2.9166E-01     9.7938E+00     CG       8609

 BOND    =      298.9046  ANGLE   =     1225.6383  DIHED      =     7785.8229
 VDWAALS =    -4444.0874  EEL     =   -45989.8648  HBOND      =        0.0000
 1-4 VDW =     2311.9437  1-4 EEL =    26724.2100  RESTRAINT  =      516.0472
 EAMBER  =   -12087.4327


   NSTEP       ENERGY          RMS            GMAX         NAME    NUMBER
    350      -1.1610E+04     2.7226E-01     8.3427E+00     CG2       969

 BOND    =      298.6722  ANGLE   =     1225.6604  DIHED      =     7786.2598
 VDWAALS =    -4451.6352  EEL     =   -46034.3768  HBOND      =        0.0000
 1-4 VDW =     2311.4920  1-4 EEL =    26725.2935  RESTRAINT  =      528.7018
 EAMBER  =   -12138.6341


   NSTEP       ENERGY          RMS            GMAX         NAME    NUMBER
    400      -1.1635E+04     2.3946E-01     8.2312E+00     CG2       969

 BOND    =      298.7008  ANGLE   =     1226.7897  DIHED      =     7788.1839
 VDWAALS =    -4454.6753  EEL     =   -46064.1184  HBOND      =        0.0000
 1-4 VDW =     2310.9747  1-4 EEL =    26724.1968  RESTRAINT  =      535.1554
 EAMBER  =   -12169.9478


   NSTEP       ENERGY          RMS            GMAX         NAME    NUMBER
    450      -1.1646E+04     1.3953E-01     3.8017E+00     CG2       969

 BOND    =      298.5204  ANGLE   =     1225.4362  DIHED      =     7787.3019
 VDWAALS =    -4456.9391  EEL     =   -46071.9089  HBOND      =        0.0000
 1-4 VDW =     2311.1757  1-4 EEL =    26722.7487  RESTRAINT  =      537.7345
 EAMBER  =   -12183.6650


   NSTEP       ENERGY          RMS            GMAX         NAME    NUMBER
    500      -1.1651E+04     1.1654E-01     3.0359E+00     CG2       969

 BOND    =      298.3324  ANGLE   =     1224.8424  DIHED      =     7787.6682
 VDWAALS =    -4459.4752  EEL     =   -46076.1989  HBOND      =        0.0000
 1-4 VDW =     2311.1215  1-4 EEL =    26722.6860  RESTRAINT  =      540.0979
 EAMBER  =   -12191.0237


  Maximum number of minimization cycles reached.


                    FINAL RESULTS



   NSTEP       ENERGY          RMS            GMAX         NAME    NUMBER
    500      -1.1651E+04     1.1654E-01     3.0359E+00     CG2       969

 BOND    =      298.3324  ANGLE   =     1224.8424  DIHED      =     7787.6682
 VDWAALS =    -4459.4752  EEL     =   -46076.1989  HBOND      =        0.0000
 1-4 VDW =     2311.1215  1-4 EEL =    26722.6860  RESTRAINT  =      540.0979
 EAMBER  =   -12191.0237

--------------------------------------------------------------------------------
   5.  TIMINGS
--------------------------------------------------------------------------------

|                Build the list             1.79 (99.86% of List )
|                Other                      0.00 ( 0.14% of List )
|             List time                  1.80 ( 0.10% of Nonbo)
|                   Short_ene time          1876.85 (100.0% of Direc)
|                Direct Ewald time       1876.92 (100.0% of Ewald)
|                Other                      0.93 ( 0.05% of Ewald)
|             Ewald time              1877.85 (100.0% of Nonbo)
|          Nonbond force           1879.65 (99.51% of Force)
|          Bond/Angle/Dihedral        9.22 ( 0.49% of Force)
|          Other                      0.10 ( 0.01% of Force)
|       Force time              1888.97 (100.0% of Runmd)
|    Runmd Time              1888.97 (99.59% of Total)
|    Other                      7.71 ( 0.41% of Total)
| Total time              1896.70 (100.0% of ALL  )

| Number of list builds   :          1

| Highest rstack allocated:      51595
| Highest istack allocated:      10319
|           Job began  at 22:20:59.607  on 12/21/2025
|           Setup done at 22:21:00.384  on 12/21/2025
|           Run   done at 22:52:36.309  on 12/21/2025
|     wallclock() was called   11535 times

|3D-RISM memory allocation summary
|Type          Maximum        Current   
|Integer       0.00000 GB     0.00000 GB
|Real          0.00000 GB     0.00000 GB
|Logical       0.00000 GB     0.00000 GB
|Character     0.00000 GB     0.00000 GB
|---------------------------------------
|Total         0.00000 GB     0.00000 GB
