
          -------------------------------------------------------
          Amber 22 SANDER                              2022
          -------------------------------------------------------

| Run on 12/21/2025 at 22:38:36

|   Executable path: /home/kiran/miniforge3/envs/amber_mmgbsa/bin/sander
| Working directory: /storage/kiran-stuff/aaRS/phase2/energy_scoring/mmgbsa_amber/jobs/modern_thrrs_ecoli_zn_LYS
|          Hostname: boron

  [-O]verwriting output

File Assignments:
|  MDIN: min.in                                                                
| MDOUT: min.out                                                               
|INPCRD: complex.inpcrd                                                        
|  PARM: complex.prmtop                                                        
|RESTRT: min.rst                                                               
|  REFC: complex.inpcrd                                                        
| MDVEL: mdvel                                                                 
| MDFRC: mdfrc                                                                 
|  MDEN: mden                                                                  
| MDCRD: mdcrd                                                                 
|MDINFO: mdinfo                                                                
|  MTMD: mtmd                                                                  
|INPDIP: inpdip                                                                
|RSTDIP: rstdip                                                                
|INPTRA: inptraj                                                               


 Here is the input file:

Minimize                                                                       
 &cntrl                                                                        
  imin=1,                                                                      
  maxcyc=500,                                                                  
  ncyc=250,                                                                    
  ntb=0,                                                                       
  cut=999.0,                                                                   
  ntr=1,                                                                       
  restraint_wt=10.0,                                                           
  restraintmask='!:LIG & !@H=',                                                
 /                                                                             

--------------------------------------------------------------------------------
   1.  RESOURCE   USE: 
--------------------------------------------------------------------------------

| Flags:                                                                        
|    NONPERIODIC   ntb=0 and igb=0: Setting up nonperiodic simulation
|  *** cutoff > system size, list only builds once
|Largest sphere to fit in unit cell has radius =    58.894
| New format PARM file being parsed.
| Version =    1.000 Date = 12/21/25 Time = 22:38:36
 NATOM  =    6515 NTYPES =      22 NBONH =    3226 MBONA  =    3358
 NTHETH =    7341 MTHETA =    4520 NPHIH =   14899 MPHIA  =   14162
 NHPARM =       0 NPARM  =       0 NNB   =   35876 NRES   =     403
 NBONA  =    3358 NTHETA =    4520 NPHIA =   14162 NUMBND =      73
 NUMANG =     165 NPTRA  =     198 NATYP =      42 NPHB   =       0
 IFBOX  =       0 NMXRS  =      26 IFCAP =       0 NEXTRA =       0
 NCOPY  =       0


|     Memory Use     Allocated
|     Real             1289695
|     Hollerith          19950
|     Integer          1567051
|     Max Pairs       21219355
|     nblistReal         78180
|     nblist Int       7234918
|       Total           128035 kbytes

| Note: 1-4 EEL scale factors are being read from the topology file.

| Note: 1-4 VDW scale factors are being read from the topology file.
| Duplicated    0 dihedrals
| Duplicated    0 dihedrals

--------------------------------------------------------------------------------
   2.  CONTROL  DATA  FOR  THE  RUN
--------------------------------------------------------------------------------

default_name                                                                    

General flags:
     imin    =       1, nmropt  =       0

Nature and format of input:
     ntx     =       1, irest   =       0, ntrx    =       1

Nature and format of output:
     ntxo    =       2, ntpr    =      50, ntrx    =       1, ntwr    =       1
     iwrap   =       0, ntwx    =       0, ntwv    =       0, ntwe    =       0
     ioutfm  =       1, ntwprt  =       0, idecomp =       0, rbornstat=      0

Potential function:
     ntf     =       1, ntb     =       0, igb     =       0, nsnb    =      25
     ipol    =       0, gbsa    =       0, iesp    =       0
     dielc   =   1.00000, cut     = 999.00000, intdiel =   1.00000

Frozen or restrained atoms:
     ibelly  =       0, ntr     =       1
     restraint_wt =  10.00000

Energy minimization:
     maxcyc  =     500, ncyc    =     250, ntmin   =       1
     dx0     =   0.01000, drms    =   0.00010
|  INFO: Old style inpcrd file read


    LOADING THE CONSTRAINED ATOMS AS GROUPS


   5.  REFERENCE ATOM COORDINATES

  defa
     Mask !:LIG & !@H=; matches  3279 atoms

--------------------------------------------------------------------------------
   3.  ATOMIC COORDINATES AND VELOCITIES
--------------------------------------------------------------------------------

default_name                                                                    
 begin time read from input coords =     0.000 ps

 Number of triangulated 3-point waters found:        0

     Sum of charges from parm topology file =  -6.00000518

--------------------------------------------------------------------------------
   4.  RESULTS
--------------------------------------------------------------------------------

 ---------------------------------------------------

     eedmeth=4: Setting switch to one everywhere

 ---------------------------------------------------
| Local SIZE OF NONBOND LIST =   21183825
| TOTAL SIZE OF NONBOND LIST =   21183825


   NSTEP       ENERGY          RMS            GMAX         NAME    NUMBER
      1      -8.9143E+03     1.9004E+01     1.1776E+03     HE2      2349

 BOND    =      144.8246  ANGLE   =      728.5552  DIHED      =     4374.9744
 VDWAALS =    -2810.4409  EEL     =   -28223.2822  HBOND      =        0.0000
 1-4 VDW =     1868.1491  1-4 EEL =    15002.9136  RESTRAINT  =        0.0000


   NSTEP       ENERGY          RMS            GMAX         NAME    NUMBER
     50      -1.0690E+04     2.2067E+00     4.9676E+01     CD2      2350

 BOND    =      182.6343  ANGLE   =      676.5589  DIHED      =     4475.0545
 VDWAALS =    -3483.6579  EEL     =   -28683.7689  HBOND      =        0.0000
 1-4 VDW =     1534.3883  1-4 EEL =    14509.6854  RESTRAINT  =       99.4863
 EAMBER  =   -10789.1054


   NSTEP       ENERGY          RMS            GMAX         NAME    NUMBER
    100      -1.0891E+04     1.1323E+00     2.1671E+01     CG       2344

 BOND    =      181.0088  ANGLE   =      696.0589  DIHED      =     4501.5970
 VDWAALS =    -3526.4414  EEL     =   -28834.2347  HBOND      =        0.0000
 1-4 VDW =     1481.1696  1-4 EEL =    14439.9299  RESTRAINT  =      170.1560
 EAMBER  =   -11060.9120


   NSTEP       ENERGY          RMS            GMAX         NAME    NUMBER
    150      -1.1022E+04     3.9332E-01     1.3390E+01     HG1      2754

 BOND    =      181.5454  ANGLE   =      715.0657  DIHED      =     4509.9814
 VDWAALS =    -3535.4515  EEL     =   -29003.7346  HBOND      =        0.0000
 1-4 VDW =     1463.6465  1-4 EEL =    14416.6340  RESTRAINT  =      230.6081
 EAMBER  =   -11252.3131


   NSTEP       ENERGY          RMS            GMAX         NAME    NUMBER
    200      -1.1092E+04     1.0248E+00     2.8195E+01     CG       3169

 BOND    =      185.2730  ANGLE   =      722.9497  DIHED      =     4513.8938
 VDWAALS =    -3540.5274  EEL     =   -29096.0867  HBOND      =        0.0000
 1-4 VDW =     1455.6613  1-4 EEL =    14407.4346  RESTRAINT  =      259.8813
 EAMBER  =   -11351.4018


   NSTEP       ENERGY          RMS            GMAX         NAME    NUMBER
    250      -1.1147E+04     4.3825E-01     1.4504E+01     HH       5677

 BOND    =      185.4063  ANGLE   =      721.4192  DIHED      =     4514.7053
 VDWAALS =    -3544.2686  EEL     =   -29157.5542  HBOND      =        0.0000
 1-4 VDW =     1452.0257  1-4 EEL =    14404.6339  RESTRAINT  =      277.1218
 EAMBER  =   -11423.6323


   NSTEP       ENERGY          RMS            GMAX         NAME    NUMBER
    300      -1.1224E+04     3.5916E-01     1.4284E+01     HH       5677

 BOND    =      187.6738  ANGLE   =      727.1591  DIHED      =     4519.8287
 VDWAALS =    -3554.1480  EEL     =   -29280.3105  HBOND      =        0.0000
 1-4 VDW =     1449.6470  1-4 EEL =    14398.0293  RESTRAINT  =      328.5290
 EAMBER  =   -11552.1206


   NSTEP       ENERGY          RMS            GMAX         NAME    NUMBER
    350      -1.1248E+04     1.9414E-01     8.0575E+00     HH       5677

 BOND    =      188.0107  ANGLE   =      726.9699  DIHED      =     4516.7713
 VDWAALS =    -3556.2683  EEL     =   -29311.3679  HBOND      =        0.0000
 1-4 VDW =     1449.5551  1-4 EEL =    14396.9914  RESTRAINT  =      340.9410
 EAMBER  =   -11589.3378


   NSTEP       ENERGY          RMS            GMAX         NAME    NUMBER
    400      -1.1259E+04     1.5380E-01     7.3714E+00     HH       5677

 BOND    =      188.0206  ANGLE   =      727.2493  DIHED      =     4516.6078
 VDWAALS =    -3556.8112  EEL     =   -29330.3579  HBOND      =        0.0000
 1-4 VDW =     1449.8148  1-4 EEL =    14397.1987  RESTRAINT  =      349.4474
 EAMBER  =   -11608.2780


   NSTEP       ENERGY          RMS            GMAX         NAME    NUMBER
    450      -1.1265E+04     1.3649E-01     7.0505E+00     HH       5677

 BOND    =      188.1331  ANGLE   =      727.5099  DIHED      =     4518.1044
 VDWAALS =    -3556.5772  EEL     =   -29347.8489  HBOND      =        0.0000
 1-4 VDW =     1449.9579  1-4 EEL =    14397.4358  RESTRAINT  =      358.4039
 EAMBER  =   -11623.2850


   NSTEP       ENERGY          RMS            GMAX         NAME    NUMBER
    500      -1.1271E+04     1.6626E-01     6.7929E+00     HH       5677

 BOND    =      188.3719  ANGLE   =      727.8587  DIHED      =     4518.6835
 VDWAALS =    -3556.0331  EEL     =   -29360.9784  HBOND      =        0.0000
 1-4 VDW =     1449.7215  1-4 EEL =    14397.5030  RESTRAINT  =      363.5519
 EAMBER  =   -11634.8730


  Maximum number of minimization cycles reached.


                    FINAL RESULTS



   NSTEP       ENERGY          RMS            GMAX         NAME    NUMBER
    500      -1.1271E+04     1.6626E-01     6.7929E+00     HH       5677

 BOND    =      188.3719  ANGLE   =      727.8587  DIHED      =     4518.6835
 VDWAALS =    -3556.0331  EEL     =   -29360.9784  HBOND      =        0.0000
 1-4 VDW =     1449.7215  1-4 EEL =    14397.5030  RESTRAINT  =      363.5519
 EAMBER  =   -11634.8730

--------------------------------------------------------------------------------
   5.  TIMINGS
--------------------------------------------------------------------------------

|                Build the list             0.69 (99.75% of List )
|                Other                      0.00 ( 0.25% of List )
|             List time                  0.69 ( 0.10% of Nonbo)
|                   Short_ene time           717.58 (100.0% of Direc)
|                   Other                      0.05 ( 0.01% of Direc)
|                Direct Ewald time        717.62 (100.0% of Ewald)
|                Other                      0.58 ( 0.08% of Ewald)
|             Ewald time               718.21 (100.0% of Nonbo)
|          Nonbond force            718.90 (99.21% of Force)
|          Bond/Angle/Dihedral        5.70 ( 0.79% of Force)
|          Other                      0.05 ( 0.01% of Force)
|       Force time               724.65 (100.0% of Runmd)
|    Runmd Time               724.65 (99.22% of Total)
|    Other                      5.66 ( 0.77% of Total)
| Total time               730.33 (100.0% of ALL  )

| Number of list builds   :          1

| Highest rstack allocated:      32540
| Highest istack allocated:       6508
|           Job began  at 22:38:36.616  on 12/21/2025
|           Setup done at 22:38:37.042  on 12/21/2025
|           Run   done at 22:50:46.941  on 12/21/2025
|     wallclock() was called   11535 times

|3D-RISM memory allocation summary
|Type          Maximum        Current   
|Integer       0.00000 GB     0.00000 GB
|Real          0.00000 GB     0.00000 GB
|Logical       0.00000 GB     0.00000 GB
|Character     0.00000 GB     0.00000 GB
|---------------------------------------
|Total         0.00000 GB     0.00000 GB
