
          -------------------------------------------------------
          Amber 22 SANDER                              2022
          -------------------------------------------------------

| Run on 12/21/2025 at 22:21:21

|   Executable path: /home/kiran/miniforge3/envs/amber_mmgbsa/bin/sander
| Working directory: /storage/kiran-stuff/aaRS/phase2/energy_scoring/mmgbsa_amber/jobs/modern_thrrs_ILE
|          Hostname: boron

  [-O]verwriting output

File Assignments:
|  MDIN: min.in                                                                
| MDOUT: min.out                                                               
|INPCRD: complex.inpcrd                                                        
|  PARM: complex.prmtop                                                        
|RESTRT: min.rst                                                               
|  REFC: complex.inpcrd                                                        
| MDVEL: mdvel                                                                 
| MDFRC: mdfrc                                                                 
|  MDEN: mden                                                                  
| MDCRD: mdcrd                                                                 
|MDINFO: mdinfo                                                                
|  MTMD: mtmd                                                                  
|INPDIP: inpdip                                                                
|RSTDIP: rstdip                                                                
|INPTRA: inptraj                                                               


 Here is the input file:

Minimize                                                                       
 &cntrl                                                                        
  imin=1,                                                                      
  maxcyc=500,                                                                  
  ncyc=250,                                                                    
  ntb=0,                                                                       
  cut=999.0,                                                                   
  ntr=1,                                                                       
  restraint_wt=10.0,                                                           
  restraintmask='!:LIG & !@H=',                                                
 /                                                                             

--------------------------------------------------------------------------------
   1.  RESOURCE   USE: 
--------------------------------------------------------------------------------

| Flags:                                                                        
|    NONPERIODIC   ntb=0 and igb=0: Setting up nonperiodic simulation
|  *** cutoff > system size, list only builds once
|Largest sphere to fit in unit cell has radius =    74.861
| New format PARM file being parsed.
| Version =    1.000 Date = 12/21/25 Time = 22:21:21
 NATOM  =   10330 NTYPES =      21 NBONH =    5200 MBONA  =    5219
 NTHETH =   11899 MTHETA =    7060 NPHIH =   23578 MPHIA  =   22347
 NHPARM =       0 NPARM  =       0 NNB   =   57194 NRES   =     664
 NBONA  =    5219 NTHETA =    7060 NPHIA =   22347 NUMBND =      73
 NUMANG =     164 NPTRA  =     198 NATYP =      41 NPHB   =       0
 IFBOX  =       0 NMXRS  =      24 IFCAP =       0 NEXTRA =       0
 NCOPY  =       0


|     Memory Use     Allocated
|     Real             1603582
|     Hollerith          31656
|     Integer          2468764
|     Max Pairs       53349285
|     nblistReal        123960
|     nblist Int      16964772
|       Total           297927 kbytes

| Note: 1-4 EEL scale factors are being read from the topology file.

| Note: 1-4 VDW scale factors are being read from the topology file.
| Duplicated    0 dihedrals
| Duplicated    0 dihedrals

--------------------------------------------------------------------------------
   2.  CONTROL  DATA  FOR  THE  RUN
--------------------------------------------------------------------------------

default_name                                                                    

General flags:
     imin    =       1, nmropt  =       0

Nature and format of input:
     ntx     =       1, irest   =       0, ntrx    =       1

Nature and format of output:
     ntxo    =       2, ntpr    =      50, ntrx    =       1, ntwr    =       1
     iwrap   =       0, ntwx    =       0, ntwv    =       0, ntwe    =       0
     ioutfm  =       1, ntwprt  =       0, idecomp =       0, rbornstat=      0

Potential function:
     ntf     =       1, ntb     =       0, igb     =       0, nsnb    =      25
     ipol    =       0, gbsa    =       0, iesp    =       0
     dielc   =   1.00000, cut     = 999.00000, intdiel =   1.00000

Frozen or restrained atoms:
     ibelly  =       0, ntr     =       1
     restraint_wt =  10.00000

Energy minimization:
     maxcyc  =     500, ncyc    =     250, ntmin   =       1
     dx0     =   0.01000, drms    =   0.00010
|  INFO: Old style inpcrd file read


    LOADING THE CONSTRAINED ATOMS AS GROUPS


   5.  REFERENCE ATOM COORDINATES

  defa
     Mask !:LIG & !@H=; matches  5121 atoms

--------------------------------------------------------------------------------
   3.  ATOMIC COORDINATES AND VELOCITIES
--------------------------------------------------------------------------------

default_name                                                                    
 begin time read from input coords =     0.000 ps

 Number of triangulated 3-point waters found:        0

     Sum of charges from parm topology file = -17.00000228

--------------------------------------------------------------------------------
   4.  RESULTS
--------------------------------------------------------------------------------

 ---------------------------------------------------

     eedmeth=4: Setting switch to one everywhere

 ---------------------------------------------------
| Local SIZE OF NONBOND LIST =   53292593
| TOTAL SIZE OF NONBOND LIST =   53292593


   NSTEP       ENERGY          RMS            GMAX         NAME    NUMBER
      1       2.5125E+06     4.0196E+05     4.0900E+07     HB2      1047

 BOND    =      313.5512  ANGLE   =     1158.2653  DIHED      =     7630.7551
 VDWAALS =  2519059.8099  EEL     =   -45049.2749  HBOND      =        0.0000
 1-4 VDW =     2497.8284  1-4 EEL =    26901.0978  RESTRAINT  =        0.0000


   NSTEP       ENERGY          RMS            GMAX         NAME    NUMBER
     50      -1.0926E+04     1.1977E+00     4.5359E+01     C         608

 BOND    =      327.8822  ANGLE   =     1282.7258  DIHED      =     7682.0081
 VDWAALS =    -3993.9531  EEL     =   -45506.2169  HBOND      =        0.0000
 1-4 VDW =     2416.6773  1-4 EEL =    26718.4711  RESTRAINT  =      146.0203
 EAMBER  =   -11072.4056


   NSTEP       ENERGY          RMS            GMAX         NAME    NUMBER
    100      -1.1375E+04     8.3777E-01     4.0449E+01     C         608

 BOND    =      307.0659  ANGLE   =     1252.8510  DIHED      =     7690.3479
 VDWAALS =    -4216.5629  EEL     =   -45764.2328  HBOND      =        0.0000
 1-4 VDW =     2355.9399  1-4 EEL =    26729.3189  RESTRAINT  =      270.0341
 EAMBER  =   -11645.2721


   NSTEP       ENERGY          RMS            GMAX         NAME    NUMBER
    150      -1.1527E+04     3.1254E-01     7.9847E+00     HG       5379

 BOND    =      303.6796  ANGLE   =     1242.9004  DIHED      =     7696.2598
 VDWAALS =    -4294.7291  EEL     =   -45881.6541  HBOND      =        0.0000
 1-4 VDW =     2334.7546  1-4 EEL =    26733.7777  RESTRAINT  =      338.3739
 EAMBER  =   -11865.0110


   NSTEP       ENERGY          RMS            GMAX         NAME    NUMBER
    200      -1.1598E+04     8.1180E-01     3.4871E+01     CG        673

 BOND    =      305.9071  ANGLE   =     1241.5625  DIHED      =     7702.8581
 VDWAALS =    -4333.8568  EEL     =   -45953.3528  HBOND      =        0.0000
 1-4 VDW =     2324.8209  1-4 EEL =    26733.7246  RESTRAINT  =      380.7965
 EAMBER  =   -11978.3365


   NSTEP       ENERGY          RMS            GMAX         NAME    NUMBER
    250      -1.1650E+04     4.6320E-01     1.7146E+01     C         608

 BOND    =      302.8752  ANGLE   =     1244.6498  DIHED      =     7707.6992
 VDWAALS =    -4357.5357  EEL     =   -46009.1682  HBOND      =        0.0000
 1-4 VDW =     2318.7391  1-4 EEL =    26732.5850  RESTRAINT  =      410.0994
 EAMBER  =   -12060.1556


   NSTEP       ENERGY          RMS            GMAX         NAME    NUMBER
    300      -1.1777E+04     3.9113E-01     1.3944E+01     CA       8948

 BOND    =      303.7083  ANGLE   =     1251.1523  DIHED      =     7725.9292
 VDWAALS =    -4413.3429  EEL     =   -46174.6148  HBOND      =        0.0000
 1-4 VDW =     2310.4998  1-4 EEL =    26717.7635  RESTRAINT  =      501.9339
 EAMBER  =   -12278.9047


   NSTEP       ENERGY          RMS            GMAX         NAME    NUMBER
    350      -1.1817E+04     2.9775E-01     1.1228E+01     OG       8953

 BOND    =      303.4253  ANGLE   =     1249.6097  DIHED      =     7724.9157
 VDWAALS =    -4418.6177  EEL     =   -46220.6061  HBOND      =        0.0000
 1-4 VDW =     2310.3799  1-4 EEL =    26721.3222  RESTRAINT  =      512.7193
 EAMBER  =   -12329.5710


   NSTEP       ENERGY          RMS            GMAX         NAME    NUMBER
    400      -1.1843E+04     1.9851E-01     6.9322E+00     OG       8953

 BOND    =      302.9831  ANGLE   =     1248.2304  DIHED      =     7723.6080
 VDWAALS =    -4422.0141  EEL     =   -46243.0265  HBOND      =        0.0000
 1-4 VDW =     2309.7050  1-4 EEL =    26718.7951  RESTRAINT  =      518.2606
 EAMBER  =   -12361.7190


   NSTEP       ENERGY          RMS            GMAX         NAME    NUMBER
    450      -1.1855E+04     1.5132E-01     4.9134E+00     OG       8953

 BOND    =      302.8170  ANGLE   =     1248.2543  DIHED      =     7726.0277
 VDWAALS =    -4425.1470  EEL     =   -46255.8358  HBOND      =        0.0000
 1-4 VDW =     2309.2630  1-4 EEL =    26717.9685  RESTRAINT  =      521.8933
 EAMBER  =   -12376.6523


   NSTEP       ENERGY          RMS            GMAX         NAME    NUMBER
    500      -1.1867E+04     1.7630E-01     4.9586E+00     OG       8953

 BOND    =      303.0615  ANGLE   =     1248.4513  DIHED      =     7724.8540
 VDWAALS =    -4427.8592  EEL     =   -46266.2782  HBOND      =        0.0000
 1-4 VDW =     2308.7854  1-4 EEL =    26716.8553  RESTRAINT  =      525.1117
 EAMBER  =   -12392.1299


  Maximum number of minimization cycles reached.


                    FINAL RESULTS



   NSTEP       ENERGY          RMS            GMAX         NAME    NUMBER
    500      -1.1867E+04     1.7630E-01     4.9586E+00     OG       8953

 BOND    =      303.0615  ANGLE   =     1248.4513  DIHED      =     7724.8540
 VDWAALS =    -4427.8592  EEL     =   -46266.2782  HBOND      =        0.0000
 1-4 VDW =     2308.7854  1-4 EEL =    26716.8553  RESTRAINT  =      525.1117
 EAMBER  =   -12392.1299

--------------------------------------------------------------------------------
   5.  TIMINGS
--------------------------------------------------------------------------------

|                Build the list             2.11 (99.89% of List )
|                Other                      0.00 ( 0.11% of List )
|             List time                  2.11 ( 0.11% of Nonbo)
|                   Short_ene time          1869.58 (100.0% of Direc)
|                Direct Ewald time       1869.65 (100.0% of Ewald)
|                Other                      0.99 ( 0.05% of Ewald)
|             Ewald time              1870.64 (99.89% of Nonbo)
|          Nonbond force           1872.75 (99.51% of Force)
|          Bond/Angle/Dihedral        9.06 ( 0.48% of Force)
|       Force time              1881.90 (100.0% of Runmd)
|    Runmd Time              1881.90 (99.54% of Total)
|    Other                      8.63 ( 0.46% of Total)
| Total time              1890.56 (100.0% of ALL  )

| Number of list builds   :          1

| Highest rstack allocated:      51605
| Highest istack allocated:      10321
|           Job began  at 22:21:21.436  on 12/21/2025
|           Setup done at 22:21:22.156  on 12/21/2025
|           Run   done at 22:52:51.994  on 12/21/2025
|     wallclock() was called   11535 times

|3D-RISM memory allocation summary
|Type          Maximum        Current   
|Integer       0.00000 GB     0.00000 GB
|Real          0.00000 GB     0.00000 GB
|Logical       0.00000 GB     0.00000 GB
|Character     0.00000 GB     0.00000 GB
|---------------------------------------
|Total         0.00000 GB     0.00000 GB
