
          -------------------------------------------------------
          Amber 22 SANDER                              2022
          -------------------------------------------------------

| Run on 12/21/2025 at 21:58:04

|   Executable path: /home/kiran/miniforge3/envs/amber_mmgbsa/bin/sander
| Working directory: /storage/kiran-stuff/aaRS/phase2/energy_scoring/mmgbsa_amber/jobs/anc_prors_cat_ASP
|          Hostname: boron

  [-O]verwriting output

File Assignments:
|  MDIN: min.in                                                                
| MDOUT: min.out                                                               
|INPCRD: complex.inpcrd                                                        
|  PARM: complex.prmtop                                                        
|RESTRT: min.rst                                                               
|  REFC: complex.inpcrd                                                        
| MDVEL: mdvel                                                                 
| MDFRC: mdfrc                                                                 
|  MDEN: mden                                                                  
| MDCRD: mdcrd                                                                 
|MDINFO: mdinfo                                                                
|  MTMD: mtmd                                                                  
|INPDIP: inpdip                                                                
|RSTDIP: rstdip                                                                
|INPTRA: inptraj                                                               


 Here is the input file:

Minimize                                                                       
 &cntrl                                                                        
  imin=1,                                                                      
  maxcyc=500,                                                                  
  ncyc=250,                                                                    
  ntb=0,                                                                       
  cut=999.0,                                                                   
  ntr=1,                                                                       
  restraint_wt=10.0,                                                           
  restraintmask='!:LIG & !@H=',                                                
 /                                                                             

--------------------------------------------------------------------------------
   1.  RESOURCE   USE: 
--------------------------------------------------------------------------------

| Flags:                                                                        
|    NONPERIODIC   ntb=0 and igb=0: Setting up nonperiodic simulation
|  *** cutoff > system size, list only builds once
|Largest sphere to fit in unit cell has radius =    59.376
| New format PARM file being parsed.
| Version =    1.000 Date = 12/21/25 Time = 21:58:04
 NATOM  =    8176 NTYPES =      21 NBONH =    4110 MBONA  =    4163
 NTHETH =    9415 MTHETA =    5628 NPHIH =   18723 MPHIA  =   17571
 NHPARM =       0 NPARM  =       0 NNB   =   45451 NRES   =     501
 NBONA  =    4163 NTHETA =    5628 NPHIA =   17571 NUMBND =      73
 NUMANG =     164 NPTRA  =     198 NATYP =      41 NPHB   =       0
 IFBOX  =       0 NMXRS  =      24 IFCAP =       0 NEXTRA =       0
 NCOPY  =       0


|     Memory Use     Allocated
|     Real             1426220
|     Hollerith          25031
|     Integer          1957329
|     Max Pairs       33419400
|     nblistReal         98112
|     nblist Int       8842439
|       Total           184737 kbytes

| Note: 1-4 EEL scale factors are being read from the topology file.

| Note: 1-4 VDW scale factors are being read from the topology file.
| Duplicated    0 dihedrals
| Duplicated    0 dihedrals

--------------------------------------------------------------------------------
   2.  CONTROL  DATA  FOR  THE  RUN
--------------------------------------------------------------------------------

default_name                                                                    

General flags:
     imin    =       1, nmropt  =       0

Nature and format of input:
     ntx     =       1, irest   =       0, ntrx    =       1

Nature and format of output:
     ntxo    =       2, ntpr    =      50, ntrx    =       1, ntwr    =       1
     iwrap   =       0, ntwx    =       0, ntwv    =       0, ntwe    =       0
     ioutfm  =       1, ntwprt  =       0, idecomp =       0, rbornstat=      0

Potential function:
     ntf     =       1, ntb     =       0, igb     =       0, nsnb    =      25
     ipol    =       0, gbsa    =       0, iesp    =       0
     dielc   =   1.00000, cut     = 999.00000, intdiel =   1.00000

Frozen or restrained atoms:
     ibelly  =       0, ntr     =       1
     restraint_wt =  10.00000

Energy minimization:
     maxcyc  =     500, ncyc    =     250, ntmin   =       1
     dx0     =   0.01000, drms    =   0.00010
|  INFO: Old style inpcrd file read


    LOADING THE CONSTRAINED ATOMS AS GROUPS


   5.  REFERENCE ATOM COORDINATES

  defa
     Mask !:LIG & !@H=; matches  4057 atoms

--------------------------------------------------------------------------------
   3.  ATOMIC COORDINATES AND VELOCITIES
--------------------------------------------------------------------------------

default_name                                                                    
 begin time read from input coords =     0.000 ps

 Number of triangulated 3-point waters found:        0

     Sum of charges from parm topology file =   4.99999883

--------------------------------------------------------------------------------
   4.  RESULTS
--------------------------------------------------------------------------------

 ---------------------------------------------------

     eedmeth=4: Setting switch to one everywhere

 ---------------------------------------------------
| Local SIZE OF NONBOND LIST =   33374363
| TOTAL SIZE OF NONBOND LIST =   33374363


   NSTEP       ENERGY          RMS            GMAX         NAME    NUMBER
      1      -7.4214E+03     5.7711E+01     6.1904E+03     O         391

 BOND    =      246.8925  ANGLE   =      991.0776  DIHED      =     5596.3280
 VDWAALS =    -2338.6459  EEL     =   -37024.6807  HBOND      =        0.0000
 1-4 VDW =     1904.8987  1-4 EEL =    23202.6873  RESTRAINT  =        0.0000


   NSTEP       ENERGY          RMS            GMAX         NAME    NUMBER
     50      -9.8515E+03     1.8403E+00     8.7779E+01     CG       4010

 BOND    =      226.5092  ANGLE   =      892.4480  DIHED      =     5596.0649
 VDWAALS =    -4104.0103  EEL     =   -37467.4677  HBOND      =        0.0000
 1-4 VDW =     1805.0786  1-4 EEL =    23130.6369  RESTRAINT  =       69.2281
 EAMBER  =    -9920.7405


   NSTEP       ENERGY          RMS            GMAX         NAME    NUMBER
    100      -1.0034E+04     1.0206E+00     3.8912E+01     CG       7780

 BOND    =      224.3630  ANGLE   =      909.2622  DIHED      =     5608.0028
 VDWAALS =    -4149.6383  EEL     =   -37670.6795  HBOND      =        0.0000
 1-4 VDW =     1785.4697  1-4 EEL =    23141.9750  RESTRAINT  =      117.3649
 EAMBER  =   -10151.2451


   NSTEP       ENERGY          RMS            GMAX         NAME    NUMBER
    150      -1.0117E+04     4.5170E-01     1.3057E+01     HG1      6273

 BOND    =      222.9698  ANGLE   =      915.2093  DIHED      =     5617.6052
 VDWAALS =    -4169.6651  EEL     =   -37773.9749  HBOND      =        0.0000
 1-4 VDW =     1779.1712  1-4 EEL =    23142.8020  RESTRAINT  =      148.6883
 EAMBER  =   -10265.8826


   NSTEP       ENERGY          RMS            GMAX         NAME    NUMBER
    200      -1.0174E+04     8.8729E-01     3.4836E+01     CD       1493

 BOND    =      225.9029  ANGLE   =      921.0390  DIHED      =     5622.5958
 VDWAALS =    -4179.6520  EEL     =   -37851.5820  HBOND      =        0.0000
 1-4 VDW =     1775.4900  1-4 EEL =    23143.3649  RESTRAINT  =      169.3190
 EAMBER  =   -10342.8413


   NSTEP       ENERGY          RMS            GMAX         NAME    NUMBER
    250      -1.0216E+04     5.5489E-01     1.5532E+01     CD       1493

 BOND    =      225.8389  ANGLE   =      925.6360  DIHED      =     5624.7678
 VDWAALS =    -4184.2706  EEL     =   -37908.6752  HBOND      =        0.0000
 1-4 VDW =     1773.6017  1-4 EEL =    23144.5956  RESTRAINT  =      182.9488
 EAMBER  =   -10398.5058


   NSTEP       ENERGY          RMS            GMAX         NAME    NUMBER
    300      -1.0295E+04     3.8343E-01     1.1562E+01     CB       4068

 BOND    =      227.5146  ANGLE   =      932.4123  DIHED      =     5632.2960
 VDWAALS =    -4200.5565  EEL     =   -38036.7230  HBOND      =        0.0000
 1-4 VDW =     1772.2950  1-4 EEL =    23149.9164  RESTRAINT  =      227.3670
 EAMBER  =   -10522.8452


   NSTEP       ENERGY          RMS            GMAX         NAME    NUMBER
    350      -1.0311E+04     2.2932E-01     6.1739E+00     CG2      6141

 BOND    =      227.1109  ANGLE   =      932.1013  DIHED      =     5635.3414
 VDWAALS =    -4203.5137  EEL     =   -38060.1839  HBOND      =        0.0000
 1-4 VDW =     1772.4250  1-4 EEL =    23151.8322  RESTRAINT  =      233.5893
 EAMBER  =   -10544.8868


   NSTEP       ENERGY          RMS            GMAX         NAME    NUMBER
    400      -1.0330E+04     3.4730E-01     1.1794E+01     HH       7559

 BOND    =      228.1377  ANGLE   =      932.0490  DIHED      =     5631.8922
 VDWAALS =    -4206.7285  EEL     =   -38076.3564  HBOND      =        0.0000
 1-4 VDW =     1771.9271  1-4 EEL =    23151.2636  RESTRAINT  =      237.9347
 EAMBER  =   -10567.8153


   NSTEP       ENERGY          RMS            GMAX         NAME    NUMBER
    450      -1.0346E+04     2.2242E-01     8.0413E+00     HH       7559

 BOND    =      228.2184  ANGLE   =      930.8648  DIHED      =     5631.6275
 VDWAALS =    -4205.1624  EEL     =   -38094.9368  HBOND      =        0.0000
 1-4 VDW =     1772.3223  1-4 EEL =    23152.7049  RESTRAINT  =      238.7119
 EAMBER  =   -10584.3613


   NSTEP       ENERGY          RMS            GMAX         NAME    NUMBER
    500      -1.0364E+04     1.0053E-01     2.8509E+00     OH       7558

 BOND    =      227.4685  ANGLE   =      930.3243  DIHED      =     5627.1997
 VDWAALS =    -4204.2765  EEL     =   -38109.4166  HBOND      =        0.0000
 1-4 VDW =     1772.8834  1-4 EEL =    23152.8104  RESTRAINT  =      239.1139
 EAMBER  =   -10603.0067


  Maximum number of minimization cycles reached.


                    FINAL RESULTS



   NSTEP       ENERGY          RMS            GMAX         NAME    NUMBER
    500      -1.0364E+04     1.0053E-01     2.8509E+00     OH       7558

 BOND    =      227.4685  ANGLE   =      930.3243  DIHED      =     5627.1997
 VDWAALS =    -4204.2765  EEL     =   -38109.4166  HBOND      =        0.0000
 1-4 VDW =     1772.8834  1-4 EEL =    23152.8104  RESTRAINT  =      239.1139
 EAMBER  =   -10603.0067

--------------------------------------------------------------------------------
   5.  TIMINGS
--------------------------------------------------------------------------------

|                Build the list             1.40 (99.87% of List )
|                Other                      0.00 ( 0.13% of List )
|             List time                  1.40 ( 0.11% of Nonbo)
|                   Short_ene time          1319.93 (100.0% of Direc)
|                Direct Ewald time       1319.99 (100.0% of Ewald)
|                Other                      0.89 ( 0.07% of Ewald)
|             Ewald time              1320.88 (99.89% of Nonbo)
|          Nonbond force           1322.28 (99.37% of Force)
|          Bond/Angle/Dihedral        8.34 ( 0.63% of Force)
|       Force time              1330.67 (100.0% of Runmd)
|    Runmd Time              1330.67 (99.38% of Total)
|    Other                      8.30 ( 0.62% of Total)
| Total time              1339.00 (100.0% of ALL  )

| Number of list builds   :          1

| Highest rstack allocated:      40840
| Highest istack allocated:       8168
|           Job began  at 21:58:04.779  on 12/21/2025
|           Setup done at 21:58:05.454  on 12/21/2025
|           Run   done at 22:20:23.780  on 12/21/2025
|     wallclock() was called   11535 times

|3D-RISM memory allocation summary
|Type          Maximum        Current   
|Integer       0.00000 GB     0.00000 GB
|Real          0.00000 GB     0.00000 GB
|Logical       0.00000 GB     0.00000 GB
|Character     0.00000 GB     0.00000 GB
|---------------------------------------
|Total         0.00000 GB     0.00000 GB
