
          -------------------------------------------------------
          Amber 22 SANDER                              2022
          -------------------------------------------------------

| Run on 12/21/2025 at 21:58:02

|   Executable path: /home/kiran/miniforge3/envs/amber_mmgbsa/bin/sander
| Working directory: /storage/kiran-stuff/aaRS/phase2/energy_scoring/mmgbsa_amber/jobs/anc_thrrs_cat_ILE
|          Hostname: boron

  [-O]verwriting output

File Assignments:
|  MDIN: min.in                                                                
| MDOUT: min.out                                                               
|INPCRD: complex.inpcrd                                                        
|  PARM: complex.prmtop                                                        
|RESTRT: min.rst                                                               
|  REFC: complex.inpcrd                                                        
| MDVEL: mdvel                                                                 
| MDFRC: mdfrc                                                                 
|  MDEN: mden                                                                  
| MDCRD: mdcrd                                                                 
|MDINFO: mdinfo                                                                
|  MTMD: mtmd                                                                  
|INPDIP: inpdip                                                                
|RSTDIP: rstdip                                                                
|INPTRA: inptraj                                                               


 Here is the input file:

Minimize                                                                       
 &cntrl                                                                        
  imin=1,                                                                      
  maxcyc=500,                                                                  
  ncyc=250,                                                                    
  ntb=0,                                                                       
  cut=999.0,                                                                   
  ntr=1,                                                                       
  restraint_wt=10.0,                                                           
  restraintmask='!:LIG & !@H=',                                                
 /                                                                             

--------------------------------------------------------------------------------
   1.  RESOURCE   USE: 
--------------------------------------------------------------------------------

| Flags:                                                                        
|    NONPERIODIC   ntb=0 and igb=0: Setting up nonperiodic simulation
|  *** cutoff > system size, list only builds once
|Largest sphere to fit in unit cell has radius =    51.692
| New format PARM file being parsed.
| Version =    1.000 Date = 12/21/25 Time = 21:58:02
 NATOM  =    4424 NTYPES =      21 NBONH =    2165 MBONA  =    2309
 NTHETH =    4919 MTHETA =    3126 NPHIH =   10151 MPHIA  =    9723
 NHPARM =       0 NPARM  =       0 NNB   =   24367 NRES   =     279
 NBONA  =    2309 NTHETA =    3126 NPHIA =    9723 NUMBND =      73
 NUMANG =     164 NPTRA  =     198 NATYP =      41 NPHB   =       0
 IFBOX  =       0 NMXRS  =      24 IFCAP =       0 NEXTRA =       0
 NCOPY  =       0


|     Memory Use     Allocated
|     Real             1117869
|     Hollerith          13553
|     Integer          1076406
|     Max Pairs        9783676
|     nblistReal         53088
|     nblist Int       5474893
|       Total            73009 kbytes

| Note: 1-4 EEL scale factors are being read from the topology file.

| Note: 1-4 VDW scale factors are being read from the topology file.
| Duplicated    0 dihedrals
| Duplicated    0 dihedrals

--------------------------------------------------------------------------------
   2.  CONTROL  DATA  FOR  THE  RUN
--------------------------------------------------------------------------------

default_name                                                                    

General flags:
     imin    =       1, nmropt  =       0

Nature and format of input:
     ntx     =       1, irest   =       0, ntrx    =       1

Nature and format of output:
     ntxo    =       2, ntpr    =      50, ntrx    =       1, ntwr    =       1
     iwrap   =       0, ntwx    =       0, ntwv    =       0, ntwe    =       0
     ioutfm  =       1, ntwprt  =       0, idecomp =       0, rbornstat=      0

Potential function:
     ntf     =       1, ntb     =       0, igb     =       0, nsnb    =      25
     ipol    =       0, gbsa    =       0, iesp    =       0
     dielc   =   1.00000, cut     = 999.00000, intdiel =   1.00000

Frozen or restrained atoms:
     ibelly  =       0, ntr     =       1
     restraint_wt =  10.00000

Energy minimization:
     maxcyc  =     500, ncyc    =     250, ntmin   =       1
     dx0     =   0.01000, drms    =   0.00010
|  INFO: Old style inpcrd file read


    LOADING THE CONSTRAINED ATOMS AS GROUPS


   5.  REFERENCE ATOM COORDINATES

  defa
     Mask !:LIG & !@H=; matches  2250 atoms

--------------------------------------------------------------------------------
   3.  ATOMIC COORDINATES AND VELOCITIES
--------------------------------------------------------------------------------

default_name                                                                    
 begin time read from input coords =     0.000 ps

 Number of triangulated 3-point waters found:        0

     Sum of charges from parm topology file = -15.00000207

--------------------------------------------------------------------------------
   4.  RESULTS
--------------------------------------------------------------------------------

 ---------------------------------------------------

     eedmeth=4: Setting switch to one everywhere

 ---------------------------------------------------
| Local SIZE OF NONBOND LIST =    9759541
| TOTAL SIZE OF NONBOND LIST =    9759541


   NSTEP       ENERGY          RMS            GMAX         NAME    NUMBER
      1      -4.1847E+03     5.1334E+01     3.2330E+03     HD23     2812

 BOND    =      147.6610  ANGLE   =      616.6105  DIHED      =     3197.8358
 VDWAALS =     -511.3523  EEL     =   -18095.2218  HBOND      =        0.0000
 1-4 VDW =     1040.1226  1-4 EEL =     9419.6364  RESTRAINT  =        0.0000


   NSTEP       ENERGY          RMS            GMAX         NAME    NUMBER
     50      -6.0891E+03     2.5108E+00     7.5714E+01     C        2813

 BOND    =      150.8334  ANGLE   =      601.7011  DIHED      =     3203.7174
 VDWAALS =    -2053.6072  EEL     =   -18380.2222  HBOND      =        0.0000
 1-4 VDW =      991.9212  1-4 EEL =     9348.0910  RESTRAINT  =       48.4443
 EAMBER  =    -6137.5653


   NSTEP       ENERGY          RMS            GMAX         NAME    NUMBER
    100      -6.2136E+03     1.4794E+00     3.9275E+01     C        2813

 BOND    =      145.8952  ANGLE   =      589.3252  DIHED      =     3209.3141
 VDWAALS =    -2091.6951  EEL     =   -18489.6361  HBOND      =        0.0000
 1-4 VDW =      978.7151  1-4 EEL =     9361.8646  RESTRAINT  =       82.6483
 EAMBER  =    -6296.2170


   NSTEP       ENERGY          RMS            GMAX         NAME    NUMBER
    150      -6.2659E+03     8.3505E-01     2.1492E+01     CE1      2314

 BOND    =      143.2555  ANGLE   =      593.7660  DIHED      =     3214.0083
 VDWAALS =    -2108.6572  EEL     =   -18553.0226  HBOND      =        0.0000
 1-4 VDW =      973.9453  1-4 EEL =     9364.4983  RESTRAINT  =      106.3224
 EAMBER  =    -6372.2064


   NSTEP       ENERGY          RMS            GMAX         NAME    NUMBER
    200      -6.2922E+03     5.0000E-01     1.2567E+01     CE1      2314

 BOND    =      143.3923  ANGLE   =      592.7590  DIHED      =     3218.2747
 VDWAALS =    -2116.9505  EEL     =   -18589.6691  HBOND      =        0.0000
 1-4 VDW =      972.1593  1-4 EEL =     9366.6059  RESTRAINT  =      121.1867
 EAMBER  =    -6413.4285


   NSTEP       ENERGY          RMS            GMAX         NAME    NUMBER
    250      -6.3078E+03     1.7516E-01     6.3970E+00     HG       4185

 BOND    =      142.8643  ANGLE   =      593.8603  DIHED      =     3221.7447
 VDWAALS =    -2122.1278  EEL     =   -18614.0606  HBOND      =        0.0000
 1-4 VDW =      971.3488  1-4 EEL =     9367.2701  RESTRAINT  =      131.3220
 EAMBER  =    -6439.1002


   NSTEP       ENERGY          RMS            GMAX         NAME    NUMBER
    300      -6.3560E+03     2.8065E-01     9.7418E+00     HG       4185

 BOND    =      143.4979  ANGLE   =      595.1465  DIHED      =     3233.3154
 VDWAALS =    -2137.1324  EEL     =   -18694.2059  HBOND      =        0.0000
 1-4 VDW =      970.6925  1-4 EEL =     9364.3667  RESTRAINT  =      168.2884
 EAMBER  =    -6524.3192


   NSTEP       ENERGY          RMS            GMAX         NAME    NUMBER
    350      -6.3760E+03     3.6791E-01     9.9351E+00     HG1       644

 BOND    =      144.0794  ANGLE   =      594.5436  DIHED      =     3231.0026
 VDWAALS =    -2135.8199  EEL     =   -18713.1765  HBOND      =        0.0000
 1-4 VDW =      970.3120  1-4 EEL =     9363.8843  RESTRAINT  =      169.1926
 EAMBER  =    -6545.1744


   NSTEP       ENERGY          RMS            GMAX         NAME    NUMBER
    400      -6.3941E+03     3.2331E-01     1.0237E+01     HH       3006

 BOND    =      143.8513  ANGLE   =      592.5319  DIHED      =     3226.5482
 VDWAALS =    -2135.8728  EEL     =   -18726.6087  HBOND      =        0.0000
 1-4 VDW =      970.7326  1-4 EEL =     9365.0361  RESTRAINT  =      169.6955
 EAMBER  =    -6563.7814


   NSTEP       ENERGY          RMS            GMAX         NAME    NUMBER
    450      -6.4007E+03     1.2425E-01     3.0166E+00     HH       2704

 BOND    =      143.9279  ANGLE   =      591.9081  DIHED      =     3228.9782
 VDWAALS =    -2135.8192  EEL     =   -18735.5005  HBOND      =        0.0000
 1-4 VDW =      970.6329  1-4 EEL =     9364.5141  RESTRAINT  =      170.6207
 EAMBER  =    -6571.3585


   NSTEP       ENERGY          RMS            GMAX         NAME    NUMBER
    500      -6.4183E+03     4.0634E-01     1.8568E+01     OH       2703

 BOND    =      144.7896  ANGLE   =      592.0550  DIHED      =     3229.1870
 VDWAALS =    -2136.2159  EEL     =   -18755.9480  HBOND      =        0.0000
 1-4 VDW =      970.9878  1-4 EEL =     9364.0306  RESTRAINT  =      172.7844
 EAMBER  =    -6591.1140


  Maximum number of minimization cycles reached.


                    FINAL RESULTS



   NSTEP       ENERGY          RMS            GMAX         NAME    NUMBER
    500      -6.4183E+03     4.0634E-01     1.8568E+01     OH       2703

 BOND    =      144.7896  ANGLE   =      592.0550  DIHED      =     3229.1870
 VDWAALS =    -2136.2159  EEL     =   -18755.9480  HBOND      =        0.0000
 1-4 VDW =      970.9878  1-4 EEL =     9364.0306  RESTRAINT  =      172.7844
 EAMBER  =    -6591.1140

--------------------------------------------------------------------------------
   5.  TIMINGS
--------------------------------------------------------------------------------

|    Read coords time           0.03 ( 0.01% of Total)
|                Build the list             0.50 (99.80% of List )
|                Other                      0.00 ( 0.20% of List )
|             List time                  0.50 ( 0.13% of Nonbo)
|                   Short_ene time           395.40 (100.0% of Direc)
|                   Other                      0.03 ( 0.01% of Direc)
|                Direct Ewald time        395.43 (99.89% of Ewald)
|                Other                      0.42 ( 0.11% of Ewald)
|             Ewald time               395.85 (99.87% of Nonbo)
|          Nonbond force            396.35 (98.85% of Force)
|          Bond/Angle/Dihedral        4.57 ( 1.14% of Force)
|          Other                      0.04 ( 0.01% of Force)
|       Force time               400.96 (100.0% of Runmd)
|    Runmd Time               400.96 (98.46% of Total)
|    Other                      6.25 ( 1.53% of Total)
| Total time               407.24 (100.0% of ALL  )

| Number of list builds   :          1

| Highest rstack allocated:      22085
| Highest istack allocated:       4417
|           Job began  at 21:58:02.589  on 12/21/2025
|           Setup done at 21:58:03.147  on 12/21/2025
|           Run   done at 22:04:49.827  on 12/21/2025
|     wallclock() was called   11535 times

|3D-RISM memory allocation summary
|Type          Maximum        Current   
|Integer       0.00000 GB     0.00000 GB
|Real          0.00000 GB     0.00000 GB
|Logical       0.00000 GB     0.00000 GB
|Character     0.00000 GB     0.00000 GB
|---------------------------------------
|Total         0.00000 GB     0.00000 GB
