
          -------------------------------------------------------
          Amber 22 SANDER                              2022
          -------------------------------------------------------

| Run on 12/21/2025 at 22:13:25

|   Executable path: /home/kiran/miniforge3/envs/amber_mmgbsa/bin/sander
| Working directory: /storage/kiran-stuff/aaRS/phase2/energy_scoring/mmgbsa_amber/jobs/modern_prors_GLU
|          Hostname: boron

  [-O]verwriting output

File Assignments:
|  MDIN: min.in                                                                
| MDOUT: min.out                                                               
|INPCRD: complex.inpcrd                                                        
|  PARM: complex.prmtop                                                        
|RESTRT: min.rst                                                               
|  REFC: complex.inpcrd                                                        
| MDVEL: mdvel                                                                 
| MDFRC: mdfrc                                                                 
|  MDEN: mden                                                                  
| MDCRD: mdcrd                                                                 
|MDINFO: mdinfo                                                                
|  MTMD: mtmd                                                                  
|INPDIP: inpdip                                                                
|RSTDIP: rstdip                                                                
|INPTRA: inptraj                                                               


 Here is the input file:

Minimize                                                                       
 &cntrl                                                                        
  imin=1,                                                                      
  maxcyc=500,                                                                  
  ncyc=250,                                                                    
  ntb=0,                                                                       
  cut=999.0,                                                                   
  ntr=1,                                                                       
  restraint_wt=10.0,                                                           
  restraintmask='!:LIG & !@H=',                                                
 /                                                                             

--------------------------------------------------------------------------------
   1.  RESOURCE   USE: 
--------------------------------------------------------------------------------

| Flags:                                                                        
|    NONPERIODIC   ntb=0 and igb=0: Setting up nonperiodic simulation
|  *** cutoff > system size, list only builds once
|Largest sphere to fit in unit cell has radius =    71.451
| New format PARM file being parsed.
| Version =    1.000 Date = 12/21/25 Time = 22:13:25
 NATOM  =    8978 NTYPES =      21 NBONH =    4486 MBONA  =    4575
 NTHETH =   10219 MTHETA =    6196 NPHIH =   20540 MPHIA  =   19709
 NHPARM =       0 NPARM  =       0 NNB   =   49583 NRES   =     573
 NBONA  =    4575 NTHETA =    6196 NPHIA =   19709 NUMBND =      73
 NUMANG =     164 NPTRA  =     199 NATYP =      41 NPHB   =       0
 IFBOX  =       0 NMXRS  =      24 IFCAP =       0 NEXTRA =       0
 NCOPY  =       0


|     Memory Use     Allocated
|     Real             1491814
|     Hollerith          27509
|     Integer          2161066
|     Max Pairs       40297753
|     nblistReal        107736
|     nblist Int      10875456
|       Total           220940 kbytes

| Note: 1-4 EEL scale factors are being read from the topology file.

| Note: 1-4 VDW scale factors are being read from the topology file.
| Duplicated    0 dihedrals
| Duplicated    0 dihedrals

--------------------------------------------------------------------------------
   2.  CONTROL  DATA  FOR  THE  RUN
--------------------------------------------------------------------------------

default_name                                                                    

General flags:
     imin    =       1, nmropt  =       0

Nature and format of input:
     ntx     =       1, irest   =       0, ntrx    =       1

Nature and format of output:
     ntxo    =       2, ntpr    =      50, ntrx    =       1, ntwr    =       1
     iwrap   =       0, ntwx    =       0, ntwv    =       0, ntwe    =       0
     ioutfm  =       1, ntwprt  =       0, idecomp =       0, rbornstat=      0

Potential function:
     ntf     =       1, ntb     =       0, igb     =       0, nsnb    =      25
     ipol    =       0, gbsa    =       0, iesp    =       0
     dielc   =   1.00000, cut     = 999.00000, intdiel =   1.00000

Frozen or restrained atoms:
     ibelly  =       0, ntr     =       1
     restraint_wt =  10.00000

Energy minimization:
     maxcyc  =     500, ncyc    =     250, ntmin   =       1
     dx0     =   0.01000, drms    =   0.00010
|  INFO: Old style inpcrd file read


    LOADING THE CONSTRAINED ATOMS AS GROUPS


   5.  REFERENCE ATOM COORDINATES

  defa
     Mask !:LIG & !@H=; matches  4482 atoms

--------------------------------------------------------------------------------
   3.  ATOMIC COORDINATES AND VELOCITIES
--------------------------------------------------------------------------------

default_name                                                                    
 begin time read from input coords =     0.000 ps

 Number of triangulated 3-point waters found:        0

     Sum of charges from parm topology file = -18.99999926

--------------------------------------------------------------------------------
   4.  RESULTS
--------------------------------------------------------------------------------

 ---------------------------------------------------

     eedmeth=4: Setting switch to one everywhere

 ---------------------------------------------------
| Local SIZE OF NONBOND LIST =   40248626
| TOTAL SIZE OF NONBOND LIST =   40248626


   NSTEP       ENERGY          RMS            GMAX         NAME    NUMBER
      1      -1.0810E+04     8.6772E+00     3.7916E+02     HE2      2548

 BOND    =      221.4410  ANGLE   =      949.4101  DIHED      =     6375.3035
 VDWAALS =    -4041.2124  EEL     =   -38629.6138  HBOND      =        0.0000
 1-4 VDW =     2104.6308  1-4 EEL =    22209.8212  RESTRAINT  =        0.0000


   NSTEP       ENERGY          RMS            GMAX         NAME    NUMBER
     50      -1.2411E+04     5.8105E-01     1.6923E+01     CD       1781

 BOND    =      262.8193  ANGLE   =      916.4806  DIHED      =     6401.0655
 VDWAALS =    -4739.0542  EEL     =   -39202.1821  HBOND      =        0.0000
 1-4 VDW =     1949.2888  1-4 EEL =    21927.8076  RESTRAINT  =       72.4544
 EAMBER  =   -12483.7745


   NSTEP       ENERGY          RMS            GMAX         NAME    NUMBER
    100      -1.2584E+04     1.1846E+00     8.5424E+01     CD       1781

 BOND    =      277.4251  ANGLE   =      941.3840  DIHED      =     6414.9572
 VDWAALS =    -4774.5222  EEL     =   -39400.2194  HBOND      =        0.0000
 1-4 VDW =     1926.6471  1-4 EEL =    21917.8998  RESTRAINT  =      112.8373
 EAMBER  =   -12696.4285


   NSTEP       ENERGY          RMS            GMAX         NAME    NUMBER
    150      -1.2696E+04     6.9035E-01     4.5469E+01     CD       1781

 BOND    =      275.0286  ANGLE   =      953.0925  DIHED      =     6421.7954
 VDWAALS =    -4789.1626  EEL     =   -39529.0355  HBOND      =        0.0000
 1-4 VDW =     1918.2419  1-4 EEL =    21914.6877  RESTRAINT  =      138.9097
 EAMBER  =   -12835.3521


   NSTEP       ENERGY          RMS            GMAX         NAME    NUMBER
    200      -1.2772E+04     1.0275E+00     6.8333E+01     CD       1781

 BOND    =      278.6199  ANGLE   =      957.5751  DIHED      =     6424.3048
 VDWAALS =    -4796.1061  EEL     =   -39621.7603  HBOND      =        0.0000
 1-4 VDW =     1914.6169  1-4 EEL =    21915.2628  RESTRAINT  =      155.4291
 EAMBER  =   -12927.4869


   NSTEP       ENERGY          RMS            GMAX         NAME    NUMBER
    250      -1.2824E+04     5.6808E-01     2.2272E+01     C        7829

 BOND    =      281.7546  ANGLE   =      961.5287  DIHED      =     6425.3768
 VDWAALS =    -4799.8800  EEL     =   -39689.0653  HBOND      =        0.0000
 1-4 VDW =     1912.6801  1-4 EEL =    21915.7750  RESTRAINT  =      167.5683
 EAMBER  =   -12991.8300


   NSTEP       ENERGY          RMS            GMAX         NAME    NUMBER
    300      -1.2931E+04     4.4882E-01     1.8419E+01     CZ       2948

 BOND    =      283.2172  ANGLE   =      967.8710  DIHED      =     6422.2071
 VDWAALS =    -4813.3121  EEL     =   -39826.5270  HBOND      =        0.0000
 1-4 VDW =     1911.1556  1-4 EEL =    21919.9353  RESTRAINT  =      204.1455
 EAMBER  =   -13135.4528


   NSTEP       ENERGY          RMS            GMAX         NAME    NUMBER
    350      -1.2957E+04     2.8012E-01     8.6707E+00     HG1      8269

 BOND    =      282.0627  ANGLE   =      966.3080  DIHED      =     6423.2738
 VDWAALS =    -4816.4532  EEL     =   -39855.5949  HBOND      =        0.0000
 1-4 VDW =     1912.8561  1-4 EEL =    21920.5286  RESTRAINT  =      209.6753
 EAMBER  =   -13167.0190


   NSTEP       ENERGY          RMS            GMAX         NAME    NUMBER
    400      -1.2968E+04     1.8293E-01     5.0084E+00     CD1      2944

 BOND    =      282.0704  ANGLE   =      965.1589  DIHED      =     6423.6553
 VDWAALS =    -4818.1489  EEL     =   -39866.4798  HBOND      =        0.0000
 1-4 VDW =     1913.0636  1-4 EEL =    21920.0548  RESTRAINT  =      212.6787
 EAMBER  =   -13180.6258


   NSTEP       ENERGY          RMS            GMAX         NAME    NUMBER
    450      -1.2985E+04     2.7124E-01     1.0603E+01     CZ         98

 BOND    =      282.1248  ANGLE   =      965.9774  DIHED      =     6422.6065
 VDWAALS =    -4817.6409  EEL     =   -39885.0901  HBOND      =        0.0000
 1-4 VDW =     1913.1235  1-4 EEL =    21920.0109  RESTRAINT  =      214.3545
 EAMBER  =   -13198.8878


   NSTEP       ENERGY          RMS            GMAX         NAME    NUMBER
    500      -1.2996E+04     9.4087E-02     2.3510E+00     CZ         98

 BOND    =      282.0151  ANGLE   =      964.8650  DIHED      =     6420.1570
 VDWAALS =    -4818.1112  EEL     =   -39888.9679  HBOND      =        0.0000
 1-4 VDW =     1913.1228  1-4 EEL =    21917.1434  RESTRAINT  =      213.5720
 EAMBER  =   -13209.7757


  Maximum number of minimization cycles reached.


                    FINAL RESULTS



   NSTEP       ENERGY          RMS            GMAX         NAME    NUMBER
    500      -1.2996E+04     9.4087E-02     2.3510E+00     CZ         98

 BOND    =      282.0151  ANGLE   =      964.8650  DIHED      =     6420.1570
 VDWAALS =    -4818.1112  EEL     =   -39888.9679  HBOND      =        0.0000
 1-4 VDW =     1913.1228  1-4 EEL =    21917.1434  RESTRAINT  =      213.5720
 EAMBER  =   -13209.7757

--------------------------------------------------------------------------------
   5.  TIMINGS
--------------------------------------------------------------------------------

|                Build the list             1.60 (99.87% of List )
|                Other                      0.00 ( 0.13% of List )
|             List time                  1.60 ( 0.11% of Nonbo)
|                   Short_ene time          1438.05 (100.0% of Direc)
|                Direct Ewald time       1438.12 (100.0% of Ewald)
|                Other                      0.81 ( 0.06% of Ewald)
|             Ewald time              1438.93 (99.89% of Nonbo)
|          Nonbond force           1440.53 (99.41% of Force)
|          Bond/Angle/Dihedral        8.51 ( 0.59% of Force)
|       Force time              1449.11 (100.0% of Runmd)
|    Runmd Time              1449.11 (99.43% of Total)
|    Other                      8.23 ( 0.56% of Total)
| Total time              1457.36 (100.0% of ALL  )

| Number of list builds   :          1

| Highest rstack allocated:      44855
| Highest istack allocated:       8971
|           Job began  at 22:13:25.512  on 12/21/2025
|           Setup done at 22:13:25.966  on 12/21/2025
|           Run   done at 22:37:42.868  on 12/21/2025
|     wallclock() was called   11535 times

|3D-RISM memory allocation summary
|Type          Maximum        Current   
|Integer       0.00000 GB     0.00000 GB
|Real          0.00000 GB     0.00000 GB
|Logical       0.00000 GB     0.00000 GB
|Character     0.00000 GB     0.00000 GB
|---------------------------------------
|Total         0.00000 GB     0.00000 GB
