
          -------------------------------------------------------
          Amber 22 SANDER                              2022
          -------------------------------------------------------

| Run on 12/21/2025 at 21:58:05

|   Executable path: /home/kiran/miniforge3/envs/amber_mmgbsa/bin/sander
| Working directory: /storage/kiran-stuff/aaRS/phase2/energy_scoring/mmgbsa_amber/jobs/anc_prors_cat_MET
|          Hostname: boron

  [-O]verwriting output

File Assignments:
|  MDIN: min.in                                                                
| MDOUT: min.out                                                               
|INPCRD: complex.inpcrd                                                        
|  PARM: complex.prmtop                                                        
|RESTRT: min.rst                                                               
|  REFC: complex.inpcrd                                                        
| MDVEL: mdvel                                                                 
| MDFRC: mdfrc                                                                 
|  MDEN: mden                                                                  
| MDCRD: mdcrd                                                                 
|MDINFO: mdinfo                                                                
|  MTMD: mtmd                                                                  
|INPDIP: inpdip                                                                
|RSTDIP: rstdip                                                                
|INPTRA: inptraj                                                               


 Here is the input file:

Minimize                                                                       
 &cntrl                                                                        
  imin=1,                                                                      
  maxcyc=500,                                                                  
  ncyc=250,                                                                    
  ntb=0,                                                                       
  cut=999.0,                                                                   
  ntr=1,                                                                       
  restraint_wt=10.0,                                                           
  restraintmask='!:LIG & !@H=',                                                
 /                                                                             

--------------------------------------------------------------------------------
   1.  RESOURCE   USE: 
--------------------------------------------------------------------------------

| Flags:                                                                        
|    NONPERIODIC   ntb=0 and igb=0: Setting up nonperiodic simulation
|  *** cutoff > system size, list only builds once
|Largest sphere to fit in unit cell has radius =    64.475
| New format PARM file being parsed.
| Version =    1.000 Date = 12/21/25 Time = 21:58:04
 NATOM  =    8180 NTYPES =      22 NBONH =    4114 MBONA  =    4163
 NTHETH =    9425 MTHETA =    5627 NPHIH =   18728 MPHIA  =   17571
 NHPARM =       0 NPARM  =       0 NNB   =   45471 NRES   =     501
 NBONA  =    4163 NTHETA =    5627 NPHIA =   17571 NUMBND =      74
 NUMANG =     168 NPTRA  =     198 NATYP =      42 NPHB   =       0
 IFBOX  =       0 NMXRS  =      24 IFCAP =       0 NEXTRA =       0
 NCOPY  =       0


|     Memory Use     Allocated
|     Real             1426591
|     Hollerith          25043
|     Integer          1957789
|     Max Pairs       33452110
|     nblistReal         98160
|     nblist Int       9294087
|       Total           186634 kbytes

| Note: 1-4 EEL scale factors are being read from the topology file.

| Note: 1-4 VDW scale factors are being read from the topology file.
| Duplicated    0 dihedrals
| Duplicated    0 dihedrals

--------------------------------------------------------------------------------
   2.  CONTROL  DATA  FOR  THE  RUN
--------------------------------------------------------------------------------

default_name                                                                    

General flags:
     imin    =       1, nmropt  =       0

Nature and format of input:
     ntx     =       1, irest   =       0, ntrx    =       1

Nature and format of output:
     ntxo    =       2, ntpr    =      50, ntrx    =       1, ntwr    =       1
     iwrap   =       0, ntwx    =       0, ntwv    =       0, ntwe    =       0
     ioutfm  =       1, ntwprt  =       0, idecomp =       0, rbornstat=      0

Potential function:
     ntf     =       1, ntb     =       0, igb     =       0, nsnb    =      25
     ipol    =       0, gbsa    =       0, iesp    =       0
     dielc   =   1.00000, cut     = 999.00000, intdiel =   1.00000

Frozen or restrained atoms:
     ibelly  =       0, ntr     =       1
     restraint_wt =  10.00000

Energy minimization:
     maxcyc  =     500, ncyc    =     250, ntmin   =       1
     dx0     =   0.01000, drms    =   0.00010
|  INFO: Old style inpcrd file read


    LOADING THE CONSTRAINED ATOMS AS GROUPS


   5.  REFERENCE ATOM COORDINATES

  defa
     Mask !:LIG & !@H=; matches  4057 atoms

--------------------------------------------------------------------------------
   3.  ATOMIC COORDINATES AND VELOCITIES
--------------------------------------------------------------------------------

default_name                                                                    
 begin time read from input coords =     0.000 ps

 Number of triangulated 3-point waters found:        0

     Sum of charges from parm topology file =   5.00000183

--------------------------------------------------------------------------------
   4.  RESULTS
--------------------------------------------------------------------------------

 ---------------------------------------------------

     eedmeth=4: Setting switch to one everywhere

 ---------------------------------------------------
| Local SIZE OF NONBOND LIST =   33407053
| TOTAL SIZE OF NONBOND LIST =   33407053


   NSTEP       ENERGY          RMS            GMAX         NAME    NUMBER
      1      -8.1003E+03     2.0930E+01     1.5376E+03     O         391

 BOND    =      225.9934  ANGLE   =      980.5333  DIHED      =     5586.8925
 VDWAALS =    -3045.3550  EEL     =   -36954.8413  HBOND      =        0.0000
 1-4 VDW =     1896.1034  1-4 EEL =    23210.3387  RESTRAINT  =        0.0000


   NSTEP       ENERGY          RMS            GMAX         NAME    NUMBER
     50      -9.8582E+03     1.8631E+00     5.6253E+01     C         390

 BOND    =      231.1970  ANGLE   =      892.8025  DIHED      =     5591.0782
 VDWAALS =    -4119.3437  EEL     =   -37452.6799  HBOND      =        0.0000
 1-4 VDW =     1795.8096  1-4 EEL =    23137.1080  RESTRAINT  =       65.8234
 EAMBER  =    -9924.0284


   NSTEP       ENERGY          RMS            GMAX         NAME    NUMBER
    100      -1.0024E+04     1.0706E+00     2.0297E+01     CD       3609

 BOND    =      224.9303  ANGLE   =      901.2840  DIHED      =     5601.2656
 VDWAALS =    -4154.6533  EEL     =   -37636.8861  HBOND      =        0.0000
 1-4 VDW =     1778.4860  1-4 EEL =    23152.9766  RESTRAINT  =      108.7633
 EAMBER  =   -10132.5969


   NSTEP       ENERGY          RMS            GMAX         NAME    NUMBER
    150      -1.0100E+04     6.1570E-01     1.4093E+01     NE2      6497

 BOND    =      225.9365  ANGLE   =      911.4387  DIHED      =     5610.2003
 VDWAALS =    -4172.6890  EEL     =   -37740.5175  HBOND      =        0.0000
 1-4 VDW =     1772.9188  1-4 EEL =    23155.0677  RESTRAINT  =      137.8038
 EAMBER  =   -10237.6447


   NSTEP       ENERGY          RMS            GMAX         NAME    NUMBER
    200      -1.0146E+04     2.1308E-01     1.0227E+01     HG       2667

 BOND    =      225.6395  ANGLE   =      915.8488  DIHED      =     5616.2581
 VDWAALS =    -4181.2348  EEL     =   -37804.3467  HBOND      =        0.0000
 1-4 VDW =     1770.3964  1-4 EEL =    23155.1897  RESTRAINT  =      156.2167
 EAMBER  =   -10302.2491


   NSTEP       ENERGY          RMS            GMAX         NAME    NUMBER
    250      -1.0183E+04     5.8902E-01     2.2452E+01     CD       3923

 BOND    =      227.2292  ANGLE   =      919.3547  DIHED      =     5619.5458
 VDWAALS =    -4186.2964  EEL     =   -37858.4492  HBOND      =        0.0000
 1-4 VDW =     1769.1580  1-4 EEL =    23156.1964  RESTRAINT  =      170.2044
 EAMBER  =   -10353.2615


   NSTEP       ENERGY          RMS            GMAX         NAME    NUMBER
    300      -1.0266E+04     2.8615E-01     9.0882E+00     HB       6267

 BOND    =      228.7620  ANGLE   =      925.9562  DIHED      =     5630.0654
 VDWAALS =    -4195.7847  EEL     =   -37995.5062  HBOND      =        0.0000
 1-4 VDW =     1767.6417  1-4 EEL =    23163.1764  RESTRAINT  =      209.4693
 EAMBER  =   -10475.6892


   NSTEP       ENERGY          RMS            GMAX         NAME    NUMBER
    350      -1.0295E+04     2.6825E-01     7.9992E+00     HH       7235

 BOND    =      229.6517  ANGLE   =      927.0885  DIHED      =     5629.1072
 VDWAALS =    -4196.9861  EEL     =   -38033.2454  HBOND      =        0.0000
 1-4 VDW =     1768.3887  1-4 EEL =    23163.4361  RESTRAINT  =      217.4686
 EAMBER  =   -10512.5594


   NSTEP       ENERGY          RMS            GMAX         NAME    NUMBER
    400      -1.0318E+04     2.3916E-01     9.4559E+00     CG       2637

 BOND    =      229.7582  ANGLE   =      926.2458  DIHED      =     5622.6725
 VDWAALS =    -4198.7004  EEL     =   -38053.7310  HBOND      =        0.0000
 1-4 VDW =     1768.5938  1-4 EEL =    23164.8533  RESTRAINT  =      221.9890
 EAMBER  =   -10540.3077


   NSTEP       ENERGY          RMS            GMAX         NAME    NUMBER
    450      -1.0332E+04     1.3587E-01     4.3968E+00     OG1      6272

 BOND    =      229.7169  ANGLE   =      925.0184  DIHED      =     5621.6777
 VDWAALS =    -4196.7918  EEL     =   -38069.7207  HBOND      =        0.0000
 1-4 VDW =     1768.4804  1-4 EEL =    23166.0877  RESTRAINT  =      223.2844
 EAMBER  =   -10555.5315


   NSTEP       ENERGY          RMS            GMAX         NAME    NUMBER
    500      -1.0337E+04     1.2967E-01     2.9828E+00     HG       2522

 BOND    =      229.9279  ANGLE   =      925.4027  DIHED      =     5621.6823
 VDWAALS =    -4197.1277  EEL     =   -38076.3732  HBOND      =        0.0000
 1-4 VDW =     1768.3948  1-4 EEL =    23165.6570  RESTRAINT  =      225.1789
 EAMBER  =   -10562.4362


  Maximum number of minimization cycles reached.


                    FINAL RESULTS



   NSTEP       ENERGY          RMS            GMAX         NAME    NUMBER
    500      -1.0337E+04     1.2967E-01     2.9828E+00     HG       2522

 BOND    =      229.9279  ANGLE   =      925.4027  DIHED      =     5621.6823
 VDWAALS =    -4197.1277  EEL     =   -38076.3732  HBOND      =        0.0000
 1-4 VDW =     1768.3948  1-4 EEL =    23165.6570  RESTRAINT  =      225.1789
 EAMBER  =   -10562.4362

--------------------------------------------------------------------------------
   5.  TIMINGS
--------------------------------------------------------------------------------

|                Build the list             1.06 (99.82% of List )
|                Other                      0.00 ( 0.18% of List )
|             List time                  1.06 ( 0.08% of Nonbo)
|                   Short_ene time          1259.14 (100.0% of Direc)
|                Direct Ewald time       1259.19 (100.0% of Ewald)
|                Other                      0.75 ( 0.06% of Ewald)
|             Ewald time              1259.95 (100.0% of Nonbo)
|          Nonbond force           1261.01 (99.37% of Force)
|          Bond/Angle/Dihedral        7.93 ( 0.62% of Force)
|          Other                      0.07 ( 0.01% of Force)
|       Force time              1269.01 (100.0% of Runmd)
|    Runmd Time              1269.01 (99.36% of Total)
|    Other                      8.09 ( 0.63% of Total)
| Total time              1277.12 (100.0% of ALL  )

| Number of list builds   :          1

| Highest rstack allocated:      40865
| Highest istack allocated:       8173
|           Job began  at 21:58:05.478  on 12/21/2025
|           Setup done at 21:58:06.125  on 12/21/2025
|           Run   done at 22:19:22.601  on 12/21/2025
|     wallclock() was called   11535 times

|3D-RISM memory allocation summary
|Type          Maximum        Current   
|Integer       0.00000 GB     0.00000 GB
|Real          0.00000 GB     0.00000 GB
|Logical       0.00000 GB     0.00000 GB
|Character     0.00000 GB     0.00000 GB
|---------------------------------------
|Total         0.00000 GB     0.00000 GB
