
          -------------------------------------------------------
          Amber 22 SANDER                              2022
          -------------------------------------------------------

| Run on 12/21/2025 at 22:40:02

|   Executable path: /home/kiran/miniforge3/envs/amber_mmgbsa/bin/sander
| Working directory: /storage/kiran-stuff/aaRS/phase2/energy_scoring/mmgbsa_amber/jobs/proRS_editing_Pro
|          Hostname: boron

  [-O]verwriting output

File Assignments:
|  MDIN: min.in                                                                
| MDOUT: min.out                                                               
|INPCRD: complex.inpcrd                                                        
|  PARM: complex.prmtop                                                        
|RESTRT: min.rst                                                               
|  REFC: complex.inpcrd                                                        
| MDVEL: mdvel                                                                 
| MDFRC: mdfrc                                                                 
|  MDEN: mden                                                                  
| MDCRD: mdcrd                                                                 
|MDINFO: mdinfo                                                                
|  MTMD: mtmd                                                                  
|INPDIP: inpdip                                                                
|RSTDIP: rstdip                                                                
|INPTRA: inptraj                                                               


 Here is the input file:

Minimize                                                                       
 &cntrl                                                                        
  imin=1,                                                                      
  maxcyc=500,                                                                  
  ncyc=250,                                                                    
  ntb=0,                                                                       
  cut=999.0,                                                                   
  ntr=1,                                                                       
  restraint_wt=10.0,                                                           
  restraintmask='!:LIG & !@H=',                                                
 /                                                                             

--------------------------------------------------------------------------------
   1.  RESOURCE   USE: 
--------------------------------------------------------------------------------

| Flags:                                                                        
|    NONPERIODIC   ntb=0 and igb=0: Setting up nonperiodic simulation
|  *** cutoff > system size, list only builds once
|Largest sphere to fit in unit cell has radius =    53.329
| New format PARM file being parsed.
| Version =    1.000 Date = 12/21/25 Time = 22:40:02
 NATOM  =    4679 NTYPES =      21 NBONH =    2327 MBONA  =    2392
 NTHETH =    5360 MTHETA =    3234 NPHIH =   10620 MPHIA  =   10088
 NHPARM =       0 NPARM  =       0 NNB   =   25947 NRES   =     301
 NBONA  =    2392 NTHETA =    3234 NPHIA =   10088 NUMBND =      74
 NUMANG =     168 NPTRA  =     194 NATYP =      42 NPHB   =       0
 IFBOX  =       0 NMXRS  =      26 IFCAP =       0 NEXTRA =       0
 NCOPY  =       0


|     Memory Use     Allocated
|     Real             1138937
|     Hollerith          14340
|     Integer          1125840
|     Max Pairs       10944181
|     nblistReal         56148
|     nblist Int       6161276
|       Total            80608 kbytes

| Note: 1-4 EEL scale factors are being read from the topology file.

| Note: 1-4 VDW scale factors are being read from the topology file.
| Duplicated    0 dihedrals
| Duplicated    0 dihedrals

--------------------------------------------------------------------------------
   2.  CONTROL  DATA  FOR  THE  RUN
--------------------------------------------------------------------------------

default_name                                                                    

General flags:
     imin    =       1, nmropt  =       0

Nature and format of input:
     ntx     =       1, irest   =       0, ntrx    =       1

Nature and format of output:
     ntxo    =       2, ntpr    =      50, ntrx    =       1, ntwr    =       1
     iwrap   =       0, ntwx    =       0, ntwv    =       0, ntwe    =       0
     ioutfm  =       1, ntwprt  =       0, idecomp =       0, rbornstat=      0

Potential function:
     ntf     =       1, ntb     =       0, igb     =       0, nsnb    =      25
     ipol    =       0, gbsa    =       0, iesp    =       0
     dielc   =   1.00000, cut     = 999.00000, intdiel =   1.00000

Frozen or restrained atoms:
     ibelly  =       0, ntr     =       1
     restraint_wt =  10.00000

Energy minimization:
     maxcyc  =     500, ncyc    =     250, ntmin   =       1
     dx0     =   0.01000, drms    =   0.00010
|  INFO: Old style inpcrd file read


    LOADING THE CONSTRAINED ATOMS AS GROUPS


   5.  REFERENCE ATOM COORDINATES

  defa
     Mask !:LIG & !@H=; matches  2344 atoms

--------------------------------------------------------------------------------
   3.  ATOMIC COORDINATES AND VELOCITIES
--------------------------------------------------------------------------------

default_name                                                                    
 begin time read from input coords =     0.000 ps

 Number of triangulated 3-point waters found:        0

     Sum of charges from parm topology file = -34.00000006

--------------------------------------------------------------------------------
   4.  RESULTS
--------------------------------------------------------------------------------

 ---------------------------------------------------

     eedmeth=4: Setting switch to one everywhere

 ---------------------------------------------------
| Local SIZE OF NONBOND LIST =   10918467
| TOTAL SIZE OF NONBOND LIST =   10918467


   NSTEP       ENERGY          RMS            GMAX         NAME    NUMBER
      1       1.3465E+04     6.4197E+02     3.4709E+04     HD23     3567

 BOND    =      140.2547  ANGLE   =      583.2585  DIHED      =     3319.1622
 VDWAALS =     9140.6758  EEL     =   -14930.4648  HBOND      =        0.0000
 1-4 VDW =     1089.8822  1-4 EEL =    14121.9288  RESTRAINT  =        0.0000


   NSTEP       ENERGY          RMS            GMAX         NAME    NUMBER
     50       2.2285E+03     2.4764E+00     7.0783E+01     C        2887

 BOND    =      152.7920  ANGLE   =      604.8340  DIHED      =     3340.9363
 VDWAALS =    -1865.3605  EEL     =   -15207.9167  HBOND      =        0.0000
 1-4 VDW =     1060.6616  1-4 EEL =    14071.5003  RESTRAINT  =       71.0686
 EAMBER  =     2157.4470


   NSTEP       ENERGY          RMS            GMAX         NAME    NUMBER
    100       2.0426E+03     1.5485E+00     7.5946E+01     CD       1498

 BOND    =      136.6941  ANGLE   =      598.2146  DIHED      =     3344.5452
 VDWAALS =    -1934.7551  EEL     =   -15347.2707  HBOND      =        0.0000
 1-4 VDW =     1038.7261  1-4 EEL =    14079.6890  RESTRAINT  =      126.7250
 EAMBER  =     1915.8432


   NSTEP       ENERGY          RMS            GMAX         NAME    NUMBER
    150       1.9732E+03     8.3558E-01     3.3649E+01     CD       1498

 BOND    =      135.5864  ANGLE   =      597.4877  DIHED      =     3346.7777
 VDWAALS =    -1961.5365  EEL     =   -15416.7933  HBOND      =        0.0000
 1-4 VDW =     1030.8673  1-4 EEL =    14080.4794  RESTRAINT  =      160.3183
 EAMBER  =     1812.8687


   NSTEP       ENERGY          RMS            GMAX         NAME    NUMBER
    200       1.9336E+03     2.4777E-01     6.6430E+00     HG1      2886

 BOND    =      133.7054  ANGLE   =      598.5119  DIHED      =     3346.6932
 VDWAALS =    -1975.7841  EEL     =   -15460.9798  HBOND      =        0.0000
 1-4 VDW =     1026.9890  1-4 EEL =    14082.2361  RESTRAINT  =      182.2483
 EAMBER  =     1751.3717


   NSTEP       ENERGY          RMS            GMAX         NAME    NUMBER
    250       1.9116E+03     2.1535E-01     4.7692E+00     C        3161

 BOND    =      133.6545  ANGLE   =      598.5714  DIHED      =     3347.7579
 VDWAALS =    -1985.6949  EEL     =   -15488.0843  HBOND      =        0.0000
 1-4 VDW =     1024.8359  1-4 EEL =    14083.0198  RESTRAINT  =      197.5191
 EAMBER  =     1714.0603


   NSTEP       ENERGY          RMS            GMAX         NAME    NUMBER
    300       1.8548E+03     4.1222E-01     1.3000E+01     CD       2943

 BOND    =      133.6782  ANGLE   =      603.4314  DIHED      =     3348.5117
 VDWAALS =    -2011.7928  EEL     =   -15569.4851  HBOND      =        0.0000
 1-4 VDW =     1020.6679  1-4 EEL =    14081.1710  RESTRAINT  =      248.5717
 EAMBER  =     1606.1823


   NSTEP       ENERGY          RMS            GMAX         NAME    NUMBER
    350       1.8460E+03     1.8552E-01     3.6019E+00     HB       4483

 BOND    =      133.0875  ANGLE   =      603.6908  DIHED      =     3346.4735
 VDWAALS =    -2014.4715  EEL     =   -15576.6045  HBOND      =        0.0000
 1-4 VDW =     1020.7133  1-4 EEL =    14080.9387  RESTRAINT  =      252.1967
 EAMBER  =     1593.8278


   NSTEP       ENERGY          RMS            GMAX         NAME    NUMBER
    400       1.8418E+03     1.6656E-01     3.5055E+00     OG1      4488

 BOND    =      133.1167  ANGLE   =      603.9938  DIHED      =     3344.5957
 VDWAALS =    -2015.5321  EEL     =   -15580.1256  HBOND      =        0.0000
 1-4 VDW =     1020.6749  1-4 EEL =    14081.0800  RESTRAINT  =      254.0356
 EAMBER  =     1587.8034


   NSTEP       ENERGY          RMS            GMAX         NAME    NUMBER
    450       1.8389E+03     1.6720E-01     3.2691E+00     OG1      4488

 BOND    =      133.1110  ANGLE   =      604.1994  DIHED      =     3343.0182
 VDWAALS =    -2016.2641  EEL     =   -15582.7052  HBOND      =        0.0000
 1-4 VDW =     1020.7308  1-4 EEL =    14081.6684  RESTRAINT  =      255.1134
 EAMBER  =     1583.7586


   NSTEP       ENERGY          RMS            GMAX         NAME    NUMBER
    500       1.8368E+03     1.1344E-01     2.1547E+00     OG1      4488

 BOND    =      133.0420  ANGLE   =      603.9359  DIHED      =     3342.2263
 VDWAALS =    -2016.7258  EEL     =   -15584.3217  HBOND      =        0.0000
 1-4 VDW =     1020.8192  1-4 EEL =    14082.3104  RESTRAINT  =      255.5413
 EAMBER  =     1581.2862


  Maximum number of minimization cycles reached.


                    FINAL RESULTS



   NSTEP       ENERGY          RMS            GMAX         NAME    NUMBER
    500       1.8368E+03     1.1344E-01     2.1547E+00     OG1      4488

 BOND    =      133.0420  ANGLE   =      603.9359  DIHED      =     3342.2263
 VDWAALS =    -2016.7258  EEL     =   -15584.3217  HBOND      =        0.0000
 1-4 VDW =     1020.8192  1-4 EEL =    14082.3104  RESTRAINT  =      255.5413
 EAMBER  =     1581.2862

--------------------------------------------------------------------------------
   5.  TIMINGS
--------------------------------------------------------------------------------

|    Read coords time           0.02 ( 0.01% of Total)
|                Build the list             0.43 (99.68% of List )
|                Other                      0.00 ( 0.32% of List )
|             List time                  0.43 ( 0.11% of Nonbo)
|                   Short_ene time           384.99 (100.0% of Direc)
|                   Other                      0.03 ( 0.01% of Direc)
|                Direct Ewald time        385.02 (99.89% of Ewald)
|                Other                      0.41 ( 0.11% of Ewald)
|             Ewald time               385.44 (99.89% of Nonbo)
|          Nonbond force            385.87 (98.90% of Force)
|          Bond/Angle/Dihedral        4.24 ( 1.09% of Force)
|          Other                      0.04 ( 0.01% of Force)
|       Force time               390.14 (100.0% of Runmd)
|    Runmd Time               390.14 (98.82% of Total)
|    Other                      4.62 ( 1.17% of Total)
| Total time               394.79 (100.0% of ALL  )

| Number of list builds   :          1

| Highest rstack allocated:      23365
| Highest istack allocated:       4673
|           Job began  at 22:40:02.383  on 12/21/2025
|           Setup done at 22:40:02.729  on 12/21/2025
|           Run   done at 22:46:37.169  on 12/21/2025
|     wallclock() was called   11535 times

|3D-RISM memory allocation summary
|Type          Maximum        Current   
|Integer       0.00000 GB     0.00000 GB
|Real          0.00000 GB     0.00000 GB
|Logical       0.00000 GB     0.00000 GB
|Character     0.00000 GB     0.00000 GB
|---------------------------------------
|Total         0.00000 GB     0.00000 GB
