
          -------------------------------------------------------
          Amber 22 SANDER                              2022
          -------------------------------------------------------

| Run on 12/21/2025 at 22:13:39

|   Executable path: /home/kiran/miniforge3/envs/amber_mmgbsa/bin/sander
| Working directory: /storage/kiran-stuff/aaRS/phase2/energy_scoring/mmgbsa_amber/jobs/modern_prors_PHE
|          Hostname: boron

  [-O]verwriting output

File Assignments:
|  MDIN: min.in                                                                
| MDOUT: min.out                                                               
|INPCRD: complex.inpcrd                                                        
|  PARM: complex.prmtop                                                        
|RESTRT: min.rst                                                               
|  REFC: complex.inpcrd                                                        
| MDVEL: mdvel                                                                 
| MDFRC: mdfrc                                                                 
|  MDEN: mden                                                                  
| MDCRD: mdcrd                                                                 
|MDINFO: mdinfo                                                                
|  MTMD: mtmd                                                                  
|INPDIP: inpdip                                                                
|RSTDIP: rstdip                                                                
|INPTRA: inptraj                                                               


 Here is the input file:

Minimize                                                                       
 &cntrl                                                                        
  imin=1,                                                                      
  maxcyc=500,                                                                  
  ncyc=250,                                                                    
  ntb=0,                                                                       
  cut=999.0,                                                                   
  ntr=1,                                                                       
  restraint_wt=10.0,                                                           
  restraintmask='!:LIG & !@H=',                                                
 /                                                                             

--------------------------------------------------------------------------------
   1.  RESOURCE   USE: 
--------------------------------------------------------------------------------

| Flags:                                                                        
|    NONPERIODIC   ntb=0 and igb=0: Setting up nonperiodic simulation
|  *** cutoff > system size, list only builds once
|Largest sphere to fit in unit cell has radius =    71.778
| New format PARM file being parsed.
| Version =    1.000 Date = 12/21/25 Time = 22:13:39
 NATOM  =    8982 NTYPES =      21 NBONH =    4488 MBONA  =    4578
 NTHETH =   10223 MTHETA =    6200 NPHIH =   20544 MPHIA  =   19716
 NHPARM =       0 NPARM  =       0 NNB   =   49606 NRES   =     573
 NBONA  =    4578 NTHETA =    6200 NPHIA =   19716 NUMBND =      73
 NUMANG =     164 NPTRA  =     198 NATYP =      41 NPHB   =       0
 IFBOX  =       0 NMXRS  =      24 IFCAP =       0 NEXTRA =       0
 NCOPY  =       0


|     Memory Use     Allocated
|     Real             1492147
|     Hollerith          27521
|     Integer          2161748
|     Max Pairs       40333671
|     nblistReal        107784
|     nblist Int      10875618
|       Total           221087 kbytes

| Note: 1-4 EEL scale factors are being read from the topology file.

| Note: 1-4 VDW scale factors are being read from the topology file.
| Duplicated    0 dihedrals
| Duplicated    0 dihedrals

--------------------------------------------------------------------------------
   2.  CONTROL  DATA  FOR  THE  RUN
--------------------------------------------------------------------------------

default_name                                                                    

General flags:
     imin    =       1, nmropt  =       0

Nature and format of input:
     ntx     =       1, irest   =       0, ntrx    =       1

Nature and format of output:
     ntxo    =       2, ntpr    =      50, ntrx    =       1, ntwr    =       1
     iwrap   =       0, ntwx    =       0, ntwv    =       0, ntwe    =       0
     ioutfm  =       1, ntwprt  =       0, idecomp =       0, rbornstat=      0

Potential function:
     ntf     =       1, ntb     =       0, igb     =       0, nsnb    =      25
     ipol    =       0, gbsa    =       0, iesp    =       0
     dielc   =   1.00000, cut     = 999.00000, intdiel =   1.00000

Frozen or restrained atoms:
     ibelly  =       0, ntr     =       1
     restraint_wt =  10.00000

Energy minimization:
     maxcyc  =     500, ncyc    =     250, ntmin   =       1
     dx0     =   0.01000, drms    =   0.00010
|  INFO: Old style inpcrd file read


    LOADING THE CONSTRAINED ATOMS AS GROUPS


   5.  REFERENCE ATOM COORDINATES

  defa
     Mask !:LIG & !@H=; matches  4482 atoms

--------------------------------------------------------------------------------
   3.  ATOMIC COORDINATES AND VELOCITIES
--------------------------------------------------------------------------------

default_name                                                                    
 begin time read from input coords =     0.000 ps

 Number of triangulated 3-point waters found:        0

     Sum of charges from parm topology file = -18.99999926

--------------------------------------------------------------------------------
   4.  RESULTS
--------------------------------------------------------------------------------

 ---------------------------------------------------

     eedmeth=4: Setting switch to one everywhere

 ---------------------------------------------------
| Local SIZE OF NONBOND LIST =   40284521
| TOTAL SIZE OF NONBOND LIST =   40284521


   NSTEP       ENERGY          RMS            GMAX         NAME    NUMBER
      1      -1.0278E+04     1.0846E+01     6.4518E+02     HE2      2548

 BOND    =      221.5831  ANGLE   =      878.1869  DIHED      =     6334.7949
 VDWAALS =    -3891.5038  EEL     =   -38715.5267  HBOND      =        0.0000
 1-4 VDW =     2295.0197  1-4 EEL =    22599.8636  RESTRAINT  =        0.0000


   NSTEP       ENERGY          RMS            GMAX         NAME    NUMBER
     50      -1.2219E+04     1.8907E+00     2.9728E+01     C        3302

 BOND    =      263.9214  ANGLE   =      880.0457  DIHED      =     6390.6569
 VDWAALS =    -4721.2942  EEL     =   -39200.5240  HBOND      =        0.0000
 1-4 VDW =     2018.1807  1-4 EEL =    22057.0337  RESTRAINT  =       93.2691
 EAMBER  =   -12311.9798


   NSTEP       ENERGY          RMS            GMAX         NAME    NUMBER
    100      -1.2445E+04     1.0969E+00     1.6848E+01     C        7219

 BOND    =      252.1308  ANGLE   =      898.9131  DIHED      =     6411.7888
 VDWAALS =    -4767.6521  EEL     =   -39360.8695  HBOND      =        0.0000
 1-4 VDW =     1975.0388  1-4 EEL =    21995.4850  RESTRAINT  =      150.5646
 EAMBER  =   -12595.1653


   NSTEP       ENERGY          RMS            GMAX         NAME    NUMBER
    150      -1.2565E+04     3.2125E-01     1.2827E+01     HG1      3599

 BOND    =      260.6238  ANGLE   =      920.9760  DIHED      =     6420.7895
 VDWAALS =    -4785.6674  EEL     =   -39497.9523  HBOND      =        0.0000
 1-4 VDW =     1957.9594  1-4 EEL =    21973.9484  RESTRAINT  =      184.7740
 EAMBER  =   -12749.3225


   NSTEP       ENERGY          RMS            GMAX         NAME    NUMBER
    200      -1.2644E+04     8.5392E-01     2.8632E+01     NE2      3336

 BOND    =      265.8121  ANGLE   =      929.0096  DIHED      =     6424.2485
 VDWAALS =    -4793.3503  EEL     =   -39593.4481  HBOND      =        0.0000
 1-4 VDW =     1950.9406  1-4 EEL =    21966.4078  RESTRAINT  =      206.2617
 EAMBER  =   -12850.3798


   NSTEP       ENERGY          RMS            GMAX         NAME    NUMBER
    250      -1.2692E+04     4.9725E-01     1.6928E+01     NE2      3336

 BOND    =      266.5717  ANGLE   =      930.4380  DIHED      =     6424.8596
 VDWAALS =    -4797.8313  EEL     =   -39648.2253  HBOND      =        0.0000
 1-4 VDW =     1948.5004  1-4 EEL =    21962.8228  RESTRAINT  =      220.6631
 EAMBER  =   -12912.8641


   NSTEP       ENERGY          RMS            GMAX         NAME    NUMBER
    300      -1.2788E+04     3.2133E-01     9.0940E+00     HG       2767

 BOND    =      268.5289  ANGLE   =      937.6445  DIHED      =     6423.8139
 VDWAALS =    -4812.9438  EEL     =   -39770.8252  HBOND      =        0.0000
 1-4 VDW =     1946.6685  1-4 EEL =    21958.8337  RESTRAINT  =      260.6976
 EAMBER  =   -13048.2796


   NSTEP       ENERGY          RMS            GMAX         NAME    NUMBER
    350      -1.2811E+04     2.0727E-01     4.5695E+00     CD       1781

 BOND    =      268.8938  ANGLE   =      935.9740  DIHED      =     6424.1713
 VDWAALS =    -4813.6712  EEL     =   -39801.0865  HBOND      =        0.0000
 1-4 VDW =     1947.6204  1-4 EEL =    21961.3535  RESTRAINT  =      266.0222
 EAMBER  =   -13076.7448


   NSTEP       ENERGY          RMS            GMAX         NAME    NUMBER
    400      -1.2833E+04     1.6901E-01     6.1128E+00     HH        100

 BOND    =      268.3674  ANGLE   =      934.9627  DIHED      =     6421.4209
 VDWAALS =    -4815.7979  EEL     =   -39819.8981  HBOND      =        0.0000
 1-4 VDW =     1947.9278  1-4 EEL =    21962.1061  RESTRAINT  =      268.1176
 EAMBER  =   -13100.9111


   NSTEP       ENERGY          RMS            GMAX         NAME    NUMBER
    450      -1.2845E+04     1.4884E-01     4.8370E+00     CA       2761

 BOND    =      268.6282  ANGLE   =      934.9427  DIHED      =     6419.9523
 VDWAALS =    -4816.9670  EEL     =   -39826.3200  HBOND      =        0.0000
 1-4 VDW =     1947.0572  1-4 EEL =    21960.3458  RESTRAINT  =      267.7765
 EAMBER  =   -13112.3609


   NSTEP       ENERGY          RMS            GMAX         NAME    NUMBER
    500      -1.2852E+04     1.4551E-01     6.0984E+00     CD       3484

 BOND    =      268.6258  ANGLE   =      934.6886  DIHED      =     6418.9499
 VDWAALS =    -4818.6329  EEL     =   -39829.8676  HBOND      =        0.0000
 1-4 VDW =     1946.9984  1-4 EEL =    21958.9705  RESTRAINT  =      268.1852
 EAMBER  =   -13120.2672


  Maximum number of minimization cycles reached.


                    FINAL RESULTS



   NSTEP       ENERGY          RMS            GMAX         NAME    NUMBER
    500      -1.2852E+04     1.4551E-01     6.0984E+00     CD       3484

 BOND    =      268.6258  ANGLE   =      934.6886  DIHED      =     6418.9499
 VDWAALS =    -4818.6329  EEL     =   -39829.8676  HBOND      =        0.0000
 1-4 VDW =     1946.9984  1-4 EEL =    21958.9705  RESTRAINT  =      268.1852
 EAMBER  =   -13120.2672

--------------------------------------------------------------------------------
   5.  TIMINGS
--------------------------------------------------------------------------------

|                Build the list             1.32 (99.84% of List )
|                Other                      0.00 ( 0.16% of List )
|             List time                  1.33 ( 0.09% of Nonbo)
|                   Short_ene time          1432.81 (100.0% of Direc)
|                Direct Ewald time       1432.87 (100.0% of Ewald)
|                Other                      0.88 ( 0.06% of Ewald)
|             Ewald time              1433.75 (100.0% of Nonbo)
|          Nonbond force           1435.08 (99.42% of Force)
|          Bond/Angle/Dihedral        8.34 ( 0.58% of Force)
|       Force time              1443.48 (100.0% of Runmd)
|    Runmd Time              1443.48 (99.40% of Total)
|    Other                      8.77 ( 0.60% of Total)
| Total time              1452.26 (100.0% of ALL  )

| Number of list builds   :          1

| Highest rstack allocated:      44875
| Highest istack allocated:       8975
|           Job began  at 22:13:39.695  on 12/21/2025
|           Setup done at 22:13:40.275  on 12/21/2025
|           Run   done at 22:37:51.960  on 12/21/2025
|     wallclock() was called   11535 times

|3D-RISM memory allocation summary
|Type          Maximum        Current   
|Integer       0.00000 GB     0.00000 GB
|Real          0.00000 GB     0.00000 GB
|Logical       0.00000 GB     0.00000 GB
|Character     0.00000 GB     0.00000 GB
|---------------------------------------
|Total         0.00000 GB     0.00000 GB
