
          -------------------------------------------------------
          Amber 22 SANDER                              2022
          -------------------------------------------------------

| Run on 12/21/2025 at 21:58:04

|   Executable path: /home/kiran/miniforge3/envs/amber_mmgbsa/bin/sander
| Working directory: /storage/kiran-stuff/aaRS/phase2/energy_scoring/mmgbsa_amber/jobs/anc_prors_cat_GLN
|          Hostname: boron

  [-O]verwriting output

File Assignments:
|  MDIN: min.in                                                                
| MDOUT: min.out                                                               
|INPCRD: complex.inpcrd                                                        
|  PARM: complex.prmtop                                                        
|RESTRT: min.rst                                                               
|  REFC: complex.inpcrd                                                        
| MDVEL: mdvel                                                                 
| MDFRC: mdfrc                                                                 
|  MDEN: mden                                                                  
| MDCRD: mdcrd                                                                 
|MDINFO: mdinfo                                                                
|  MTMD: mtmd                                                                  
|INPDIP: inpdip                                                                
|RSTDIP: rstdip                                                                
|INPTRA: inptraj                                                               


 Here is the input file:

Minimize                                                                       
 &cntrl                                                                        
  imin=1,                                                                      
  maxcyc=500,                                                                  
  ncyc=250,                                                                    
  ntb=0,                                                                       
  cut=999.0,                                                                   
  ntr=1,                                                                       
  restraint_wt=10.0,                                                           
  restraintmask='!:LIG & !@H=',                                                
 /                                                                             

--------------------------------------------------------------------------------
   1.  RESOURCE   USE: 
--------------------------------------------------------------------------------

| Flags:                                                                        
|    NONPERIODIC   ntb=0 and igb=0: Setting up nonperiodic simulation
|  *** cutoff > system size, list only builds once
|Largest sphere to fit in unit cell has radius =    62.092
| New format PARM file being parsed.
| Version =    1.000 Date = 12/21/25 Time = 21:58:04
 NATOM  =    8180 NTYPES =      21 NBONH =    4113 MBONA  =    4164
 NTHETH =    9422 MTHETA =    5629 NPHIH =   18733 MPHIA  =   17572
 NHPARM =       0 NPARM  =       0 NNB   =   45474 NRES   =     501
 NBONA  =    4164 NTHETA =    5629 NPHIA =   17572 NUMBND =      73
 NUMANG =     165 NPTRA  =     198 NATYP =      41 NPHB   =       0
 IFBOX  =       0 NMXRS  =      24 IFCAP =       0 NEXTRA =       0
 NCOPY  =       0


|     Memory Use     Allocated
|     Real             1426582
|     Hollerith          25043
|     Integer          1958006
|     Max Pairs       33452110
|     nblistReal         98160
|     nblist Int       9806414
|       Total           188636 kbytes

| Note: 1-4 EEL scale factors are being read from the topology file.

| Note: 1-4 VDW scale factors are being read from the topology file.
| Duplicated    0 dihedrals
| Duplicated    0 dihedrals

--------------------------------------------------------------------------------
   2.  CONTROL  DATA  FOR  THE  RUN
--------------------------------------------------------------------------------

default_name                                                                    

General flags:
     imin    =       1, nmropt  =       0

Nature and format of input:
     ntx     =       1, irest   =       0, ntrx    =       1

Nature and format of output:
     ntxo    =       2, ntpr    =      50, ntrx    =       1, ntwr    =       1
     iwrap   =       0, ntwx    =       0, ntwv    =       0, ntwe    =       0
     ioutfm  =       1, ntwprt  =       0, idecomp =       0, rbornstat=      0

Potential function:
     ntf     =       1, ntb     =       0, igb     =       0, nsnb    =      25
     ipol    =       0, gbsa    =       0, iesp    =       0
     dielc   =   1.00000, cut     = 999.00000, intdiel =   1.00000

Frozen or restrained atoms:
     ibelly  =       0, ntr     =       1
     restraint_wt =  10.00000

Energy minimization:
     maxcyc  =     500, ncyc    =     250, ntmin   =       1
     dx0     =   0.01000, drms    =   0.00010
|  INFO: Old style inpcrd file read


    LOADING THE CONSTRAINED ATOMS AS GROUPS


   5.  REFERENCE ATOM COORDINATES

  defa
     Mask !:LIG & !@H=; matches  4057 atoms

--------------------------------------------------------------------------------
   3.  ATOMIC COORDINATES AND VELOCITIES
--------------------------------------------------------------------------------

default_name                                                                    
 begin time read from input coords =     0.000 ps

 Number of triangulated 3-point waters found:        0

     Sum of charges from parm topology file =   4.99999883

--------------------------------------------------------------------------------
   4.  RESULTS
--------------------------------------------------------------------------------

 ---------------------------------------------------

     eedmeth=4: Setting switch to one everywhere

 ---------------------------------------------------
| Local SIZE OF NONBOND LIST =   33407050
| TOTAL SIZE OF NONBOND LIST =   33407050


   NSTEP       ENERGY          RMS            GMAX         NAME    NUMBER
      1      -8.0251E+03     2.2217E+01     1.8281E+03     O         391

 BOND    =      244.2851  ANGLE   =      994.9848  DIHED      =     5598.0535
 VDWAALS =    -3085.9353  EEL     =   -36838.3053  HBOND      =        0.0000
 1-4 VDW =     1880.6664  1-4 EEL =    23181.1407  RESTRAINT  =        0.0000


   NSTEP       ENERGY          RMS            GMAX         NAME    NUMBER
     50      -9.7695E+03     1.7936E+00     5.6272E+01     C         390

 BOND    =      234.1840  ANGLE   =      885.4460  DIHED      =     5595.1098
 VDWAALS =    -4130.1589  EEL     =   -37326.5133  HBOND      =        0.0000
 1-4 VDW =     1782.2097  1-4 EEL =    23128.4921  RESTRAINT  =       61.6890
 EAMBER  =    -9831.2306


   NSTEP       ENERGY          RMS            GMAX         NAME    NUMBER
    100      -9.9407E+03     1.0028E+00     2.3088E+01     NE2      5746

 BOND    =      228.7210  ANGLE   =      892.3759  DIHED      =     5603.0045
 VDWAALS =    -4163.9729  EEL     =   -37520.4366  HBOND      =        0.0000
 1-4 VDW =     1767.4268  1-4 EEL =    23146.7751  RESTRAINT  =      105.3675
 EAMBER  =   -10046.1061


   NSTEP       ENERGY          RMS            GMAX         NAME    NUMBER
    150      -1.0023E+04     4.5526E-01     1.1101E+01     HG1      6273

 BOND    =      228.8937  ANGLE   =      900.6672  DIHED      =     5608.3975
 VDWAALS =    -4180.8417  EEL     =   -37629.5185  HBOND      =        0.0000
 1-4 VDW =     1762.1938  1-4 EEL =    23150.6938  RESTRAINT  =      136.0473
 EAMBER  =   -10159.5141


   NSTEP       ENERGY          RMS            GMAX         NAME    NUMBER
    200      -1.0077E+04     2.7997E-01     9.5136E+00     HG1      6273

 BOND    =      229.2121  ANGLE   =      903.1537  DIHED      =     5611.7351
 VDWAALS =    -4188.5950  EEL     =   -37700.1683  HBOND      =        0.0000
 1-4 VDW =     1759.6781  1-4 EEL =    23152.5422  RESTRAINT  =      155.8872
 EAMBER  =   -10232.4422


   NSTEP       ENERGY          RMS            GMAX         NAME    NUMBER
    250      -1.0109E+04     6.2241E-01     2.4844E+01     CG       7780

 BOND    =      230.9651  ANGLE   =      905.0769  DIHED      =     5614.7129
 VDWAALS =    -4192.3523  EEL     =   -37749.2247  HBOND      =        0.0000
 1-4 VDW =     1758.6034  1-4 EEL =    23153.5144  RESTRAINT  =      170.1697
 EAMBER  =   -10278.7042


   NSTEP       ENERGY          RMS            GMAX         NAME    NUMBER
    300      -1.0173E+04     2.6525E-01     8.4498E+00     CB       4068

 BOND    =      231.7380  ANGLE   =      910.4656  DIHED      =     5626.3366
 VDWAALS =    -4202.7116  EEL     =   -37863.4584  HBOND      =        0.0000
 1-4 VDW =     1757.5429  1-4 EEL =    23154.5203  RESTRAINT  =      212.6057
 EAMBER  =   -10385.5665


   NSTEP       ENERGY          RMS            GMAX         NAME    NUMBER
    350      -1.0193E+04     2.8478E-01     9.3813E+00     CG       1177

 BOND    =      232.5535  ANGLE   =      911.5648  DIHED      =     5629.7355
 VDWAALS =    -4202.3650  EEL     =   -37901.4554  HBOND      =        0.0000
 1-4 VDW =     1757.5173  1-4 EEL =    23157.0478  RESTRAINT  =      222.0779
 EAMBER  =   -10415.4015


   NSTEP       ENERGY          RMS            GMAX         NAME    NUMBER
    400      -1.0216E+04     2.3398E-01     6.7961E+00     CD       1165

 BOND    =      232.8128  ANGLE   =      912.1509  DIHED      =     5625.2940
 VDWAALS =    -4203.4450  EEL     =   -37924.5428  HBOND      =        0.0000
 1-4 VDW =     1757.1344  1-4 EEL =    23157.2206  RESTRAINT  =      226.9994
 EAMBER  =   -10443.3752


   NSTEP       ENERGY          RMS            GMAX         NAME    NUMBER
    450      -1.0232E+04     2.4780E-01     5.4009E+00     CG       1177

 BOND    =      233.1480  ANGLE   =      911.4843  DIHED      =     5620.2529
 VDWAALS =    -4202.9866  EEL     =   -37935.7904  HBOND      =        0.0000
 1-4 VDW =     1756.7595  1-4 EEL =    23157.3309  RESTRAINT  =      227.9299
 EAMBER  =   -10459.8014


   NSTEP       ENERGY          RMS            GMAX         NAME    NUMBER
    500      -1.0246E+04     1.8149E-01     4.6499E+00     HG1      7070

 BOND    =      233.1548  ANGLE   =      911.1865  DIHED      =     5617.2310
 VDWAALS =    -4200.7359  EEL     =   -37949.9834  HBOND      =        0.0000
 1-4 VDW =     1756.5943  1-4 EEL =    23157.7974  RESTRAINT  =      228.4653
 EAMBER  =   -10474.7553


  Maximum number of minimization cycles reached.


                    FINAL RESULTS



   NSTEP       ENERGY          RMS            GMAX         NAME    NUMBER
    500      -1.0246E+04     1.8149E-01     4.6499E+00     HG1      7070

 BOND    =      233.1548  ANGLE   =      911.1865  DIHED      =     5617.2310
 VDWAALS =    -4200.7359  EEL     =   -37949.9834  HBOND      =        0.0000
 1-4 VDW =     1756.5943  1-4 EEL =    23157.7974  RESTRAINT  =      228.4653
 EAMBER  =   -10474.7553

--------------------------------------------------------------------------------
   5.  TIMINGS
--------------------------------------------------------------------------------

|                Build the list             0.96 (99.80% of List )
|                Other                      0.00 ( 0.20% of List )
|             List time                  0.96 ( 0.07% of Nonbo)
|                   Short_ene time          1316.52 (100.0% of Direc)
|                Direct Ewald time       1316.57 (100.0% of Ewald)
|                Other                      0.92 ( 0.07% of Ewald)
|             Ewald time              1317.49 (100.0% of Nonbo)
|          Nonbond force           1318.46 (99.39% of Force)
|          Bond/Angle/Dihedral        8.05 ( 0.61% of Force)
|       Force time              1326.55 (100.0% of Runmd)
|    Runmd Time              1326.55 (99.35% of Total)
|    Other                      8.56 ( 0.64% of Total)
| Total time              1335.17 (100.0% of ALL  )

| Number of list builds   :          1

| Highest rstack allocated:      40860
| Highest istack allocated:       8172
|           Job began  at 21:58:04.893  on 12/21/2025
|           Setup done at 21:58:05.441  on 12/21/2025
|           Run   done at 22:20:20.064  on 12/21/2025
|     wallclock() was called   11535 times

|3D-RISM memory allocation summary
|Type          Maximum        Current   
|Integer       0.00000 GB     0.00000 GB
|Real          0.00000 GB     0.00000 GB
|Logical       0.00000 GB     0.00000 GB
|Character     0.00000 GB     0.00000 GB
|---------------------------------------
|Total         0.00000 GB     0.00000 GB
