
          -------------------------------------------------------
          Amber 22 SANDER                              2022
          -------------------------------------------------------

| Run on 12/21/2025 at 22:28:31

|   Executable path: /home/kiran/miniforge3/envs/amber_mmgbsa/bin/sander
| Working directory: /storage/kiran-stuff/aaRS/phase2/energy_scoring/mmgbsa_amber/jobs/modern_thrrs_ecoli_THR_zinc
|          Hostname: boron

  [-O]verwriting output

File Assignments:
|  MDIN: min.in                                                                
| MDOUT: min.out                                                               
|INPCRD: complex.inpcrd                                                        
|  PARM: complex.prmtop                                                        
|RESTRT: min.rst                                                               
|  REFC: complex.inpcrd                                                        
| MDVEL: mdvel                                                                 
| MDFRC: mdfrc                                                                 
|  MDEN: mden                                                                  
| MDCRD: mdcrd                                                                 
|MDINFO: mdinfo                                                                
|  MTMD: mtmd                                                                  
|INPDIP: inpdip                                                                
|RSTDIP: rstdip                                                                
|INPTRA: inptraj                                                               


 Here is the input file:

Minimize                                                                       
 &cntrl                                                                        
  imin=1,                                                                      
  maxcyc=500,                                                                  
  ncyc=250,                                                                    
  ntb=0,                                                                       
  cut=999.0,                                                                   
  ntr=1,                                                                       
  restraint_wt=10.0,                                                           
  restraintmask='!:LIG & !@H=',                                                
 /                                                                             

--------------------------------------------------------------------------------
   1.  RESOURCE   USE: 
--------------------------------------------------------------------------------

| Flags:                                                                        
|    NONPERIODIC   ntb=0 and igb=0: Setting up nonperiodic simulation
|  *** cutoff > system size, list only builds once
|Largest sphere to fit in unit cell has radius =    59.514
| New format PARM file being parsed.
| Version =    1.000 Date = 12/21/25 Time = 22:28:31
 NATOM  =    6508 NTYPES =      22 NBONH =    3221 MBONA  =    3356
 NTHETH =    7328 MTHETA =    4519 NPHIH =   14880 MPHIA  =   14161
 NHPARM =       0 NPARM  =       0 NNB   =   35835 NRES   =     403
 NBONA  =    3356 NTHETA =    4519 NPHIA =   14161 NUMBND =      73
 NUMANG =     165 NPTRA  =     198 NATYP =      42 NPHB   =       0
 IFBOX  =       0 NMXRS  =      26 IFCAP =       0 NEXTRA =       0
 NCOPY  =       0


|     Memory Use     Allocated
|     Real             1289124
|     Hollerith          19929
|     Integer          1565831
|     Max Pairs       21173778
|     nblistReal         78096
|     nblist Int       7739539
|       Total           129818 kbytes

| Note: 1-4 EEL scale factors are being read from the topology file.

| Note: 1-4 VDW scale factors are being read from the topology file.
| Duplicated    0 dihedrals
| Duplicated    0 dihedrals

--------------------------------------------------------------------------------
   2.  CONTROL  DATA  FOR  THE  RUN
--------------------------------------------------------------------------------

default_name                                                                    

General flags:
     imin    =       1, nmropt  =       0

Nature and format of input:
     ntx     =       1, irest   =       0, ntrx    =       1

Nature and format of output:
     ntxo    =       2, ntpr    =      50, ntrx    =       1, ntwr    =       1
     iwrap   =       0, ntwx    =       0, ntwv    =       0, ntwe    =       0
     ioutfm  =       1, ntwprt  =       0, idecomp =       0, rbornstat=      0

Potential function:
     ntf     =       1, ntb     =       0, igb     =       0, nsnb    =      25
     ipol    =       0, gbsa    =       0, iesp    =       0
     dielc   =   1.00000, cut     = 999.00000, intdiel =   1.00000

Frozen or restrained atoms:
     ibelly  =       0, ntr     =       1
     restraint_wt =  10.00000

Energy minimization:
     maxcyc  =     500, ncyc    =     250, ntmin   =       1
     dx0     =   0.01000, drms    =   0.00010
|  INFO: Old style inpcrd file read


    LOADING THE CONSTRAINED ATOMS AS GROUPS


   5.  REFERENCE ATOM COORDINATES

  defa
     Mask !:LIG & !@H=; matches  3279 atoms

--------------------------------------------------------------------------------
   3.  ATOMIC COORDINATES AND VELOCITIES
--------------------------------------------------------------------------------

default_name                                                                    
 begin time read from input coords =     0.000 ps

 Number of triangulated 3-point waters found:        0

     Sum of charges from parm topology file =  -6.00000118

--------------------------------------------------------------------------------
   4.  RESULTS
--------------------------------------------------------------------------------

 ---------------------------------------------------

     eedmeth=4: Setting switch to one everywhere

 ---------------------------------------------------
| Local SIZE OF NONBOND LIST =   21138290
| TOTAL SIZE OF NONBOND LIST =   21138290


   NSTEP       ENERGY          RMS            GMAX         NAME    NUMBER
      1      -8.9717E+03     2.0548E+01     1.4263E+03     OD1       194

 BOND    =      138.6784  ANGLE   =      712.5370  DIHED      =     4396.9583
 VDWAALS =    -2754.4642  EEL     =   -28213.8341  HBOND      =        0.0000
 1-4 VDW =     1823.8607  1-4 EEL =    14924.6021  RESTRAINT  =        0.0000


   NSTEP       ENERGY          RMS            GMAX         NAME    NUMBER
     50      -1.0749E+04     2.1228E+00     1.2434E+02     CG        193

 BOND    =      180.2108  ANGLE   =      670.8751  DIHED      =     4486.5769
 VDWAALS =    -3479.6222  EEL     =   -28673.0851  HBOND      =        0.0000
 1-4 VDW =     1508.6871  1-4 EEL =    14465.9628  RESTRAINT  =       91.7135
 EAMBER  =   -10840.3944


   NSTEP       ENERGY          RMS            GMAX         NAME    NUMBER
    100      -1.0932E+04     1.1097E+00     2.2852E+01     CE1      2346

 BOND    =      184.1864  ANGLE   =      691.5139  DIHED      =     4511.8563
 VDWAALS =    -3518.7073  EEL     =   -28817.4054  HBOND      =        0.0000
 1-4 VDW =     1462.5853  1-4 EEL =    14408.2101  RESTRAINT  =      145.7514
 EAMBER  =   -11077.7608


   NSTEP       ENERGY          RMS            GMAX         NAME    NUMBER
    150      -1.1030E+04     6.2353E-01     1.3729E+01     CG        193

 BOND    =      186.8887  ANGLE   =      706.6571  DIHED      =     4520.6383
 VDWAALS =    -3536.6006  EEL     =   -28919.7574  HBOND      =        0.0000
 1-4 VDW =     1446.1308  1-4 EEL =    14387.6588  RESTRAINT  =      178.6349
 EAMBER  =   -11208.3842


   NSTEP       ENERGY          RMS            GMAX         NAME    NUMBER
    200      -1.1108E+04     9.9073E-01     3.7466E+01     CG        193

 BOND    =      191.1798  ANGLE   =      711.3104  DIHED      =     4520.0437
 VDWAALS =    -3545.4441  EEL     =   -29004.7765  HBOND      =        0.0000
 1-4 VDW =     1438.6552  1-4 EEL =    14380.9044  RESTRAINT  =      199.8042
 EAMBER  =   -11308.1271


   NSTEP       ENERGY          RMS            GMAX         NAME    NUMBER
    250      -1.1154E+04     6.9184E-01     2.7649E+01     CG        193

 BOND    =      192.0519  ANGLE   =      709.3513  DIHED      =     4520.0357
 VDWAALS =    -3550.1741  EEL     =   -29055.0722  HBOND      =        0.0000
 1-4 VDW =     1435.6229  1-4 EEL =    14379.7963  RESTRAINT  =      214.5517
 EAMBER  =   -11368.3881


   NSTEP       ENERGY          RMS            GMAX         NAME    NUMBER
    300      -1.1239E+04     3.7795E-01     8.3340E+00     OG       4439

 BOND    =      193.6903  ANGLE   =      714.9593  DIHED      =     4521.5152
 VDWAALS =    -3568.8706  EEL     =   -29182.6281  HBOND      =        0.0000
 1-4 VDW =     1434.1332  1-4 EEL =    14375.3094  RESTRAINT  =      272.7989
 EAMBER  =   -11511.8913


   NSTEP       ENERGY          RMS            GMAX         NAME    NUMBER
    350      -1.1254E+04     3.1814E-01     8.2755E+00     CB        707

 BOND    =      193.6048  ANGLE   =      715.3422  DIHED      =     4520.8873
 VDWAALS =    -3570.9520  EEL     =   -29201.2476  HBOND      =        0.0000
 1-4 VDW =     1435.2919  1-4 EEL =    14374.1075  RESTRAINT  =      279.0077
 EAMBER  =   -11532.9658


   NSTEP       ENERGY          RMS            GMAX         NAME    NUMBER
    400      -1.1265E+04     2.2731E-01     5.5246E+00     CD       5530

 BOND    =      193.3473  ANGLE   =      715.0063  DIHED      =     4518.2618
 VDWAALS =    -3572.1796  EEL     =   -29212.7508  HBOND      =        0.0000
 1-4 VDW =     1435.0635  1-4 EEL =    14374.8759  RESTRAINT  =      283.1170
 EAMBER  =   -11548.3756


   NSTEP       ENERGY          RMS            GMAX         NAME    NUMBER
    450      -1.1272E+04     1.3065E-01     3.5145E+00     CG       1003

 BOND    =      193.2627  ANGLE   =      714.8788  DIHED      =     4517.2784
 VDWAALS =    -3573.2995  EEL     =   -29218.8333  HBOND      =        0.0000
 1-4 VDW =     1434.9199  1-4 EEL =    14374.3958  RESTRAINT  =      285.6725
 EAMBER  =   -11557.3972


   NSTEP       ENERGY          RMS            GMAX         NAME    NUMBER
    500      -1.1274E+04     8.1841E-02     2.0615E+00     CG2      3886

 BOND    =      193.2060  ANGLE   =      715.2356  DIHED      =     4518.1586
 VDWAALS =    -3574.2880  EEL     =   -29224.1384  HBOND      =        0.0000
 1-4 VDW =     1435.0585  1-4 EEL =    14374.6316  RESTRAINT  =      288.1927
 EAMBER  =   -11562.1361


  Maximum number of minimization cycles reached.


                    FINAL RESULTS



   NSTEP       ENERGY          RMS            GMAX         NAME    NUMBER
    500      -1.1274E+04     8.1841E-02     2.0615E+00     CG2      3886

 BOND    =      193.2060  ANGLE   =      715.2356  DIHED      =     4518.1586
 VDWAALS =    -3574.2880  EEL     =   -29224.1384  HBOND      =        0.0000
 1-4 VDW =     1435.0585  1-4 EEL =    14374.6316  RESTRAINT  =      288.1927
 EAMBER  =   -11562.1361

--------------------------------------------------------------------------------
   5.  TIMINGS
--------------------------------------------------------------------------------

|                Build the list             0.59 (99.73% of List )
|                Other                      0.00 ( 0.27% of List )
|             List time                  0.59 ( 0.08% of Nonbo)
|                   Short_ene time           767.77 (100.0% of Direc)
|                   Other                      0.05 ( 0.01% of Direc)
|                Direct Ewald time        767.83 (100.0% of Ewald)
|                Other                      0.57 ( 0.07% of Ewald)
|             Ewald time               768.40 (100.0% of Nonbo)
|          Nonbond force            769.00 (99.22% of Force)
|          Bond/Angle/Dihedral        6.01 ( 0.78% of Force)
|          Other                      0.06 ( 0.01% of Force)
|       Force time               775.07 (100.0% of Runmd)
|    Runmd Time               775.07 (99.13% of Total)
|    Other                      6.77 ( 0.87% of Total)
| Total time               781.86 (100.0% of ALL  )

| Number of list builds   :          1

| Highest rstack allocated:      32500
| Highest istack allocated:       6500
|           Job began  at 22:28:31.515  on 12/21/2025
|           Setup done at 22:28:31.893  on 12/21/2025
|           Run   done at 22:41:33.377  on 12/21/2025
|     wallclock() was called   11535 times

|3D-RISM memory allocation summary
|Type          Maximum        Current   
|Integer       0.00000 GB     0.00000 GB
|Real          0.00000 GB     0.00000 GB
|Logical       0.00000 GB     0.00000 GB
|Character     0.00000 GB     0.00000 GB
|---------------------------------------
|Total         0.00000 GB     0.00000 GB
