
          -------------------------------------------------------
          Amber 22 SANDER                              2022
          -------------------------------------------------------

| Run on 12/21/2025 at 21:58:04

|   Executable path: /home/kiran/miniforge3/envs/amber_mmgbsa/bin/sander
| Working directory: /storage/kiran-stuff/aaRS/phase2/energy_scoring/mmgbsa_amber/jobs/anc_prors_cat_TRP
|          Hostname: boron

  [-O]verwriting output

File Assignments:
|  MDIN: min.in                                                                
| MDOUT: min.out                                                               
|INPCRD: complex.inpcrd                                                        
|  PARM: complex.prmtop                                                        
|RESTRT: min.rst                                                               
|  REFC: complex.inpcrd                                                        
| MDVEL: mdvel                                                                 
| MDFRC: mdfrc                                                                 
|  MDEN: mden                                                                  
| MDCRD: mdcrd                                                                 
|MDINFO: mdinfo                                                                
|  MTMD: mtmd                                                                  
|INPDIP: inpdip                                                                
|RSTDIP: rstdip                                                                
|INPTRA: inptraj                                                               


 Here is the input file:

Minimize                                                                       
 &cntrl                                                                        
  imin=1,                                                                      
  maxcyc=500,                                                                  
  ncyc=250,                                                                    
  ntb=0,                                                                       
  cut=999.0,                                                                   
  ntr=1,                                                                       
  restraint_wt=10.0,                                                           
  restraintmask='!:LIG & !@H=',                                                
 /                                                                             

--------------------------------------------------------------------------------
   1.  RESOURCE   USE: 
--------------------------------------------------------------------------------

| Flags:                                                                        
|    NONPERIODIC   ntb=0 and igb=0: Setting up nonperiodic simulation
|  *** cutoff > system size, list only builds once
|Largest sphere to fit in unit cell has radius =    54.994
| New format PARM file being parsed.
| Version =    1.000 Date = 12/21/25 Time = 21:58:03
 NATOM  =    8187 NTYPES =      22 NBONH =    4115 MBONA  =    4171
 NTHETH =    9427 MTHETA =    5640 NPHIH =   18738 MPHIA  =   17591
 NHPARM =       0 NPARM  =       0 NNB   =   45518 NRES   =     501
 NBONA  =    4171 NTHETA =    5640 NPHIA =   17591 NUMBND =      74
 NUMANG =     168 NPTRA  =     202 NATYP =      42 NPHB   =       0
 IFBOX  =       0 NMXRS  =      27 IFCAP =       0 NEXTRA =       0
 NCOPY  =       0


|     Memory Use     Allocated
|     Real             1427176
|     Hollerith          25064
|     Integer          1959469
|     Max Pairs       33509391
|     nblistReal         98244
|     nblist Int       8314279
|       Total           183043 kbytes

| Note: 1-4 EEL scale factors are being read from the topology file.

| Note: 1-4 VDW scale factors are being read from the topology file.
| Duplicated    0 dihedrals
| Duplicated    0 dihedrals

--------------------------------------------------------------------------------
   2.  CONTROL  DATA  FOR  THE  RUN
--------------------------------------------------------------------------------

default_name                                                                    

General flags:
     imin    =       1, nmropt  =       0

Nature and format of input:
     ntx     =       1, irest   =       0, ntrx    =       1

Nature and format of output:
     ntxo    =       2, ntpr    =      50, ntrx    =       1, ntwr    =       1
     iwrap   =       0, ntwx    =       0, ntwv    =       0, ntwe    =       0
     ioutfm  =       1, ntwprt  =       0, idecomp =       0, rbornstat=      0

Potential function:
     ntf     =       1, ntb     =       0, igb     =       0, nsnb    =      25
     ipol    =       0, gbsa    =       0, iesp    =       0
     dielc   =   1.00000, cut     = 999.00000, intdiel =   1.00000

Frozen or restrained atoms:
     ibelly  =       0, ntr     =       1
     restraint_wt =  10.00000

Energy minimization:
     maxcyc  =     500, ncyc    =     250, ntmin   =       1
     dx0     =   0.01000, drms    =   0.00010
|  INFO: Old style inpcrd file read


    LOADING THE CONSTRAINED ATOMS AS GROUPS


   5.  REFERENCE ATOM COORDINATES

  defa
     Mask !:LIG & !@H=; matches  4057 atoms

--------------------------------------------------------------------------------
   3.  ATOMIC COORDINATES AND VELOCITIES
--------------------------------------------------------------------------------

default_name                                                                    
 begin time read from input coords =     0.000 ps

 Number of triangulated 3-point waters found:        0

     Sum of charges from parm topology file =   4.99999783

--------------------------------------------------------------------------------
   4.  RESULTS
--------------------------------------------------------------------------------

 ---------------------------------------------------

     eedmeth=4: Setting switch to one everywhere

 ---------------------------------------------------
| Local SIZE OF NONBOND LIST =   33464288
| TOTAL SIZE OF NONBOND LIST =   33464288


   NSTEP       ENERGY          RMS            GMAX         NAME    NUMBER
      1      -7.6026E+03     4.2377E+01     2.9372E+03     H10      8186

 BOND    =      279.1746  ANGLE   =     1026.7690  DIHED      =     5592.3695
 VDWAALS =    -2551.3368  EEL     =   -37056.0616  HBOND      =        0.0000
 1-4 VDW =     1896.0637  1-4 EEL =    23210.4452  RESTRAINT  =        0.0000


   NSTEP       ENERGY          RMS            GMAX         NAME    NUMBER
     50      -9.8957E+03     1.8373E+00     6.2682E+01     CG       4010

 BOND    =      233.4842  ANGLE   =      908.0207  DIHED      =     5585.0913
 VDWAALS =    -4120.6220  EEL     =   -37501.7783  HBOND      =        0.0000
 1-4 VDW =     1794.6912  1-4 EEL =    23138.0472  RESTRAINT  =       67.3439
 EAMBER  =    -9963.0657


   NSTEP       ENERGY          RMS            GMAX         NAME    NUMBER
    100      -1.0076E+04     1.0832E+00     4.5220E+01     CZ       4889

 BOND    =      226.5542  ANGLE   =      920.0872  DIHED      =     5592.3496
 VDWAALS =    -4162.1443  EEL     =   -37697.5738  HBOND      =        0.0000
 1-4 VDW =     1775.1527  1-4 EEL =    23154.8241  RESTRAINT  =      114.2854
 EAMBER  =   -10190.7503


   NSTEP       ENERGY          RMS            GMAX         NAME    NUMBER
    150      -1.0158E+04     4.3088E-01     1.5878E+01     CD1      7124

 BOND    =      228.1650  ANGLE   =      927.3031  DIHED      =     5599.9512
 VDWAALS =    -4183.5534  EEL     =   -37803.5407  HBOND      =        0.0000
 1-4 VDW =     1769.4900  1-4 EEL =    23157.5476  RESTRAINT  =      146.4073
 EAMBER  =   -10304.6373


   NSTEP       ENERGY          RMS            GMAX         NAME    NUMBER
    200      -1.0207E+04     2.1683E-01     8.6448E+00     HG       2667

 BOND    =      228.7849  ANGLE   =      932.4530  DIHED      =     5606.3457
 VDWAALS =    -4193.9008  EEL     =   -37873.7530  HBOND      =        0.0000
 1-4 VDW =     1766.5507  1-4 EEL =    23157.5551  RESTRAINT  =      168.5408
 EAMBER  =   -10375.9645


   NSTEP       ENERGY          RMS            GMAX         NAME    NUMBER
    250      -1.0241E+04     5.2599E-01     2.4757E+01     CD1      7124

 BOND    =      230.6031  ANGLE   =      936.2247  DIHED      =     5611.6576
 VDWAALS =    -4199.6567  EEL     =   -37927.7800  HBOND      =        0.0000
 1-4 VDW =     1765.3325  1-4 EEL =    23157.3042  RESTRAINT  =      185.3440
 EAMBER  =   -10426.3147


   NSTEP       ENERGY          RMS            GMAX         NAME    NUMBER
    300      -1.0343E+04     4.5494E-01     3.8651E+01     CD       3923

 BOND    =      232.2108  ANGLE   =      943.6024  DIHED      =     5623.6605
 VDWAALS =    -4215.1661  EEL     =   -38096.4111  HBOND      =        0.0000
 1-4 VDW =     1763.8457  1-4 EEL =    23165.3629  RESTRAINT  =      239.6483
 EAMBER  =   -10582.8950


   NSTEP       ENERGY          RMS            GMAX         NAME    NUMBER
    350      -1.0370E+04     2.9338E-01     7.7188E+00     HG1      6273

 BOND    =      232.6337  ANGLE   =      943.9524  DIHED      =     5623.3371
 VDWAALS =    -4216.2454  EEL     =   -38133.2548  HBOND      =        0.0000
 1-4 VDW =     1764.0769  1-4 EEL =    23166.2798  RESTRAINT  =      249.2980
 EAMBER  =   -10619.2204


   NSTEP       ENERGY          RMS            GMAX         NAME    NUMBER
    400      -1.0392E+04     2.6337E-01     8.5322E+00     OG1      4074

 BOND    =      232.7727  ANGLE   =      943.6947  DIHED      =     5618.8902
 VDWAALS =    -4217.3304  EEL     =   -38154.5004  HBOND      =        0.0000
 1-4 VDW =     1764.2869  1-4 EEL =    23165.2611  RESTRAINT  =      254.8088
 EAMBER  =   -10646.9252


   NSTEP       ENERGY          RMS            GMAX         NAME    NUMBER
    450      -1.0404E+04     2.0938E-01     5.7438E+00     HG1      6273

 BOND    =      232.9115  ANGLE   =      942.6484  DIHED      =     5616.6875
 VDWAALS =    -4218.2720  EEL     =   -38164.9172  HBOND      =        0.0000
 1-4 VDW =     1764.1713  1-4 EEL =    23166.1487  RESTRAINT  =      256.4575
 EAMBER  =   -10660.6217


   NSTEP       ENERGY          RMS            GMAX         NAME    NUMBER
    500      -1.0410E+04     1.5856E-01     5.5870E+00     HG1      6273

 BOND    =      232.8352  ANGLE   =      942.3306  DIHED      =     5615.9462
 VDWAALS =    -4219.1486  EEL     =   -38170.7728  HBOND      =        0.0000
 1-4 VDW =     1764.3097  1-4 EEL =    23166.5208  RESTRAINT  =      257.7545
 EAMBER  =   -10667.9788


  Maximum number of minimization cycles reached.


                    FINAL RESULTS



   NSTEP       ENERGY          RMS            GMAX         NAME    NUMBER
    500      -1.0410E+04     1.5856E-01     5.5870E+00     HG1      6273

 BOND    =      232.8352  ANGLE   =      942.3306  DIHED      =     5615.9462
 VDWAALS =    -4219.1486  EEL     =   -38170.7728  HBOND      =        0.0000
 1-4 VDW =     1764.3097  1-4 EEL =    23166.5208  RESTRAINT  =      257.7545
 EAMBER  =   -10667.9788

--------------------------------------------------------------------------------
   5.  TIMINGS
--------------------------------------------------------------------------------

|                Build the list             1.06 (99.84% of List )
|                Other                      0.00 ( 0.16% of List )
|             List time                  1.06 ( 0.08% of Nonbo)
|                   Short_ene time          1305.86 (100.0% of Direc)
|                Direct Ewald time       1305.92 (100.0% of Ewald)
|                Other                      0.95 ( 0.07% of Ewald)
|             Ewald time              1306.87 (100.0% of Nonbo)
|          Nonbond force           1307.93 (99.35% of Force)
|          Bond/Angle/Dihedral        8.44 ( 0.64% of Force)
|          Other                      0.07 ( 0.01% of Force)
|       Force time              1316.44 (100.0% of Runmd)
|    Runmd Time              1316.44 (99.36% of Total)
|    Other                      8.46 ( 0.64% of Total)
| Total time              1324.92 (100.0% of ALL  )

| Number of list builds   :          1

| Highest rstack allocated:      40895
| Highest istack allocated:       8179
|           Job began  at 21:58:04.431  on 12/21/2025
|           Setup done at 21:58:05.093  on 12/21/2025
|           Run   done at 22:20:09.351  on 12/21/2025
|     wallclock() was called   11535 times

|3D-RISM memory allocation summary
|Type          Maximum        Current   
|Integer       0.00000 GB     0.00000 GB
|Real          0.00000 GB     0.00000 GB
|Logical       0.00000 GB     0.00000 GB
|Character     0.00000 GB     0.00000 GB
|---------------------------------------
|Total         0.00000 GB     0.00000 GB
