
          -------------------------------------------------------
          Amber 22 SANDER                              2022
          -------------------------------------------------------

| Run on 12/21/2025 at 22:05:07

|   Executable path: /home/kiran/miniforge3/envs/amber_mmgbsa/bin/sander
| Working directory: /storage/kiran-stuff/aaRS/phase2/energy_scoring/mmgbsa_amber/jobs/anc_thrrs_cat_TYR
|          Hostname: boron

  [-O]verwriting output

File Assignments:
|  MDIN: min.in                                                                
| MDOUT: min.out                                                               
|INPCRD: complex.inpcrd                                                        
|  PARM: complex.prmtop                                                        
|RESTRT: min.rst                                                               
|  REFC: complex.inpcrd                                                        
| MDVEL: mdvel                                                                 
| MDFRC: mdfrc                                                                 
|  MDEN: mden                                                                  
| MDCRD: mdcrd                                                                 
|MDINFO: mdinfo                                                                
|  MTMD: mtmd                                                                  
|INPDIP: inpdip                                                                
|RSTDIP: rstdip                                                                
|INPTRA: inptraj                                                               


 Here is the input file:

Minimize                                                                       
 &cntrl                                                                        
  imin=1,                                                                      
  maxcyc=500,                                                                  
  ncyc=250,                                                                    
  ntb=0,                                                                       
  cut=999.0,                                                                   
  ntr=1,                                                                       
  restraint_wt=10.0,                                                           
  restraintmask='!:LIG & !@H=',                                                
 /                                                                             

--------------------------------------------------------------------------------
   1.  RESOURCE   USE: 
--------------------------------------------------------------------------------

| Flags:                                                                        
|    NONPERIODIC   ntb=0 and igb=0: Setting up nonperiodic simulation
|  *** cutoff > system size, list only builds once
|Largest sphere to fit in unit cell has radius =    54.786
| New format PARM file being parsed.
| Version =    1.000 Date = 12/21/25 Time = 22:05:07
 NATOM  =    4426 NTYPES =      21 NBONH =    2163 MBONA  =    2314
 NTHETH =    4913 MTHETA =    3133 NPHIH =   10148 MPHIA  =    9731
 NHPARM =       0 NPARM  =       0 NNB   =   24375 NRES   =     279
 NBONA  =    2314 NTHETA =    3133 NPHIA =    9731 NUMBND =      73
 NUMANG =     164 NPTRA  =     199 NATYP =      41 NPHB   =       0
 IFBOX  =       0 NMXRS  =      24 IFCAP =       0 NEXTRA =       0
 NCOPY  =       0


|     Memory Use     Allocated
|     Real             1117946
|     Hollerith          13559
|     Integer          1076696
|     Max Pairs        9792525
|     nblistReal         53112
|     nblist Int       5519533
|       Total            73220 kbytes

| Note: 1-4 EEL scale factors are being read from the topology file.

| Note: 1-4 VDW scale factors are being read from the topology file.
| Duplicated    0 dihedrals
| Duplicated    0 dihedrals

--------------------------------------------------------------------------------
   2.  CONTROL  DATA  FOR  THE  RUN
--------------------------------------------------------------------------------

default_name                                                                    

General flags:
     imin    =       1, nmropt  =       0

Nature and format of input:
     ntx     =       1, irest   =       0, ntrx    =       1

Nature and format of output:
     ntxo    =       2, ntpr    =      50, ntrx    =       1, ntwr    =       1
     iwrap   =       0, ntwx    =       0, ntwv    =       0, ntwe    =       0
     ioutfm  =       1, ntwprt  =       0, idecomp =       0, rbornstat=      0

Potential function:
     ntf     =       1, ntb     =       0, igb     =       0, nsnb    =      25
     ipol    =       0, gbsa    =       0, iesp    =       0
     dielc   =   1.00000, cut     = 999.00000, intdiel =   1.00000

Frozen or restrained atoms:
     ibelly  =       0, ntr     =       1
     restraint_wt =  10.00000

Energy minimization:
     maxcyc  =     500, ncyc    =     250, ntmin   =       1
     dx0     =   0.01000, drms    =   0.00010
|  INFO: Old style inpcrd file read


    LOADING THE CONSTRAINED ATOMS AS GROUPS


   5.  REFERENCE ATOM COORDINATES

  defa
     Mask !:LIG & !@H=; matches  2250 atoms

--------------------------------------------------------------------------------
   3.  ATOMIC COORDINATES AND VELOCITIES
--------------------------------------------------------------------------------

default_name                                                                    
 begin time read from input coords =     0.000 ps

 Number of triangulated 3-point waters found:        0

     Sum of charges from parm topology file = -15.00000107

--------------------------------------------------------------------------------
   4.  RESULTS
--------------------------------------------------------------------------------

 ---------------------------------------------------

     eedmeth=4: Setting switch to one everywhere

 ---------------------------------------------------
| Local SIZE OF NONBOND LIST =    9768384
| TOTAL SIZE OF NONBOND LIST =    9768384


   NSTEP       ENERGY          RMS            GMAX         NAME    NUMBER
      1      -9.5800E+02     2.2449E+02     1.8017E+04     HE2      2987

 BOND    =      181.9866  ANGLE   =      634.9398  DIHED      =     3261.6080
 VDWAALS =     2564.5273  EEL     =   -18123.5774  HBOND      =        0.0000
 1-4 VDW =     1061.6712  1-4 EEL =     9460.8455  RESTRAINT  =        0.0000


   NSTEP       ENERGY          RMS            GMAX         NAME    NUMBER
     50      -5.9694E+03     2.5480E+00     8.2074E+01     CZ        710

 BOND    =      142.2720  ANGLE   =      591.6365  DIHED      =     3271.0915
 VDWAALS =    -2010.2154  EEL     =   -18407.0149  HBOND      =        0.0000
 1-4 VDW =     1003.1183  1-4 EEL =     9381.9874  RESTRAINT  =       57.6766
 EAMBER  =    -6027.1246


   NSTEP       ENERGY          RMS            GMAX         NAME    NUMBER
    100      -6.1168E+03     4.1993E-01     1.0765E+01     HG1       983

 BOND    =      138.9110  ANGLE   =      584.3405  DIHED      =     3273.1670
 VDWAALS =    -2054.9090  EEL     =   -18534.4645  HBOND      =        0.0000
 1-4 VDW =      990.4258  1-4 EEL =     9389.8427  RESTRAINT  =       95.8525
 EAMBER  =    -6212.6866


   NSTEP       ENERGY          RMS            GMAX         NAME    NUMBER
    150      -6.1728E+03     8.2363E-01     1.7643E+01     C        2950

 BOND    =      141.0067  ANGLE   =      583.6835  DIHED      =     3276.4634
 VDWAALS =    -2072.6854  EEL     =   -18600.8572  HBOND      =        0.0000
 1-4 VDW =      986.3593  1-4 EEL =     9393.3655  RESTRAINT  =      119.8400
 EAMBER  =    -6292.6642


   NSTEP       ENERGY          RMS            GMAX         NAME    NUMBER
    200      -6.2024E+03     4.9646E-01     1.0351E+01     CG       2312

 BOND    =      140.3216  ANGLE   =      584.6589  DIHED      =     3280.4093
 VDWAALS =    -2082.3461  EEL     =   -18639.5463  HBOND      =        0.0000
 1-4 VDW =      985.1062  1-4 EEL =     9393.9366  RESTRAINT  =      135.0589
 EAMBER  =    -6337.4597


   NSTEP       ENERGY          RMS            GMAX         NAME    NUMBER
    250      -6.2212E+03     7.9316E-01     3.6206E+01     CG       3527

 BOND    =      141.0127  ANGLE   =      585.5430  DIHED      =     3282.5822
 VDWAALS =    -2088.4439  EEL     =   -18665.9811  HBOND      =        0.0000
 1-4 VDW =      984.4269  1-4 EEL =     9393.7464  RESTRAINT  =      145.8873
 EAMBER  =    -6367.1137


   NSTEP       ENERGY          RMS            GMAX         NAME    NUMBER
    300      -6.2768E+03     2.7976E-01     1.2548E+01     OH         61

 BOND    =      141.2697  ANGLE   =      585.8915  DIHED      =     3291.0918
 VDWAALS =    -2106.2520  EEL     =   -18750.7317  HBOND      =        0.0000
 1-4 VDW =      983.9129  1-4 EEL =     9389.8693  RESTRAINT  =      188.1373
 EAMBER  =    -6464.9485


   NSTEP       ENERGY          RMS            GMAX         NAME    NUMBER
    350      -6.2915E+03     3.5816E-01     9.9139E+00     CD       4217

 BOND    =      141.5867  ANGLE   =      585.6724  DIHED      =     3289.8247
 VDWAALS =    -2107.9328  EEL     =   -18761.1089  HBOND      =        0.0000
 1-4 VDW =      983.9581  1-4 EEL =     9388.4341  RESTRAINT  =      188.0746
 EAMBER  =    -6479.5657


   NSTEP       ENERGY          RMS            GMAX         NAME    NUMBER
    400      -6.3021E+03     2.0655E-01     5.2112E+00     CD       4217

 BOND    =      140.9050  ANGLE   =      583.2963  DIHED      =     3288.5002
 VDWAALS =    -2108.8246  EEL     =   -18769.4303  HBOND      =        0.0000
 1-4 VDW =      984.0598  1-4 EEL =     9390.9363  RESTRAINT  =      188.4226
 EAMBER  =    -6490.5572


   NSTEP       ENERGY          RMS            GMAX         NAME    NUMBER
    450      -6.3113E+03     4.2600E-01     1.2110E+01     HH       2704

 BOND    =      141.3270  ANGLE   =      583.8890  DIHED      =     3288.5127
 VDWAALS =    -2109.4060  EEL     =   -18780.3100  HBOND      =        0.0000
 1-4 VDW =      984.4466  1-4 EEL =     9391.0045  RESTRAINT  =      189.2202
 EAMBER  =    -6500.5361


   NSTEP       ENERGY          RMS            GMAX         NAME    NUMBER
    500      -6.3249E+03     1.1861E-01     2.4232E+00     CD2        65

 BOND    =      140.5090  ANGLE   =      582.6122  DIHED      =     3286.6477
 VDWAALS =    -2109.6695  EEL     =   -18788.9265  HBOND      =        0.0000
 1-4 VDW =      984.4613  1-4 EEL =     9390.3482  RESTRAINT  =      189.1237
 EAMBER  =    -6514.0177


  Maximum number of minimization cycles reached.


                    FINAL RESULTS



   NSTEP       ENERGY          RMS            GMAX         NAME    NUMBER
    500      -6.3249E+03     1.1861E-01     2.4232E+00     CD2        65

 BOND    =      140.5090  ANGLE   =      582.6122  DIHED      =     3286.6477
 VDWAALS =    -2109.6695  EEL     =   -18788.9265  HBOND      =        0.0000
 1-4 VDW =      984.4613  1-4 EEL =     9390.3482  RESTRAINT  =      189.1237
 EAMBER  =    -6514.0177

--------------------------------------------------------------------------------
   5.  TIMINGS
--------------------------------------------------------------------------------

|    Read coords time           0.05 ( 0.01% of Total)
|                Build the list             0.42 (99.72% of List )
|                Other                      0.00 ( 0.28% of List )
|             List time                  0.42 ( 0.11% of Nonbo)
|                   Short_ene time           393.56 (100.0% of Direc)
|                   Other                      0.06 ( 0.02% of Direc)
|                Direct Ewald time        393.62 (99.86% of Ewald)
|                Other                      0.53 ( 0.14% of Ewald)
|             Ewald time               394.16 (99.89% of Nonbo)
|          Nonbond force            394.58 (98.86% of Force)
|          Bond/Angle/Dihedral        4.51 ( 1.13% of Force)
|          Other                      0.04 ( 0.01% of Force)
|       Force time               399.13 (100.0% of Runmd)
|    Runmd Time               399.13 (98.59% of Total)
|    Other                      5.66 ( 1.40% of Total)
| Total time               404.84 (100.0% of ALL  )

| Number of list builds   :          1

| Highest rstack allocated:      22085
| Highest istack allocated:       4417
|           Job began  at 22:05:07.415  on 12/21/2025
|           Setup done at 22:05:07.799  on 12/21/2025
|           Run   done at 22:11:52.252  on 12/21/2025
|     wallclock() was called   11535 times

|3D-RISM memory allocation summary
|Type          Maximum        Current   
|Integer       0.00000 GB     0.00000 GB
|Real          0.00000 GB     0.00000 GB
|Logical       0.00000 GB     0.00000 GB
|Character     0.00000 GB     0.00000 GB
|---------------------------------------
|Total         0.00000 GB     0.00000 GB
