
          -------------------------------------------------------
          Amber 22 SANDER                              2022
          -------------------------------------------------------

| Run on 12/21/2025 at 21:58:04

|   Executable path: /home/kiran/miniforge3/envs/amber_mmgbsa/bin/sander
| Working directory: /storage/kiran-stuff/aaRS/phase2/energy_scoring/mmgbsa_amber/jobs/anc_prors_cat_ASN
|          Hostname: boron

  [-O]verwriting output

File Assignments:
|  MDIN: min.in                                                                
| MDOUT: min.out                                                               
|INPCRD: complex.inpcrd                                                        
|  PARM: complex.prmtop                                                        
|RESTRT: min.rst                                                               
|  REFC: complex.inpcrd                                                        
| MDVEL: mdvel                                                                 
| MDFRC: mdfrc                                                                 
|  MDEN: mden                                                                  
| MDCRD: mdcrd                                                                 
|MDINFO: mdinfo                                                                
|  MTMD: mtmd                                                                  
|INPDIP: inpdip                                                                
|RSTDIP: rstdip                                                                
|INPTRA: inptraj                                                               


 Here is the input file:

Minimize                                                                       
 &cntrl                                                                        
  imin=1,                                                                      
  maxcyc=500,                                                                  
  ncyc=250,                                                                    
  ntb=0,                                                                       
  cut=999.0,                                                                   
  ntr=1,                                                                       
  restraint_wt=10.0,                                                           
  restraintmask='!:LIG & !@H=',                                                
 /                                                                             

--------------------------------------------------------------------------------
   1.  RESOURCE   USE: 
--------------------------------------------------------------------------------

| Flags:                                                                        
|    NONPERIODIC   ntb=0 and igb=0: Setting up nonperiodic simulation
|  *** cutoff > system size, list only builds once
|Largest sphere to fit in unit cell has radius =    66.044
| New format PARM file being parsed.
| Version =    1.000 Date = 12/21/25 Time = 21:58:04
 NATOM  =    8177 NTYPES =      21 NBONH =    4111 MBONA  =    4163
 NTHETH =    9417 MTHETA =    5628 NPHIH =   18725 MPHIA  =   17571
 NHPARM =       0 NPARM  =       0 NNB   =   45456 NRES   =     501
 NBONA  =    4163 NTHETA =    5628 NPHIA =   17571 NUMBND =      73
 NUMANG =     165 NPTRA  =     197 NATYP =      41 NPHB   =       0
 IFBOX  =       0 NMXRS  =      24 IFCAP =       0 NEXTRA =       0
 NCOPY  =       0


|     Memory Use     Allocated
|     Real             1426317
|     Hollerith          25034
|     Integer          1957463
|     Max Pairs       33427576
|     nblistReal         98124
|     nblist Int       9955743
|       Total           189119 kbytes

| Note: 1-4 EEL scale factors are being read from the topology file.

| Note: 1-4 VDW scale factors are being read from the topology file.
| Duplicated    0 dihedrals
| Duplicated    0 dihedrals

--------------------------------------------------------------------------------
   2.  CONTROL  DATA  FOR  THE  RUN
--------------------------------------------------------------------------------

default_name                                                                    

General flags:
     imin    =       1, nmropt  =       0

Nature and format of input:
     ntx     =       1, irest   =       0, ntrx    =       1

Nature and format of output:
     ntxo    =       2, ntpr    =      50, ntrx    =       1, ntwr    =       1
     iwrap   =       0, ntwx    =       0, ntwv    =       0, ntwe    =       0
     ioutfm  =       1, ntwprt  =       0, idecomp =       0, rbornstat=      0

Potential function:
     ntf     =       1, ntb     =       0, igb     =       0, nsnb    =      25
     ipol    =       0, gbsa    =       0, iesp    =       0
     dielc   =   1.00000, cut     = 999.00000, intdiel =   1.00000

Frozen or restrained atoms:
     ibelly  =       0, ntr     =       1
     restraint_wt =  10.00000

Energy minimization:
     maxcyc  =     500, ncyc    =     250, ntmin   =       1
     dx0     =   0.01000, drms    =   0.00010
|  INFO: Old style inpcrd file read


    LOADING THE CONSTRAINED ATOMS AS GROUPS


   5.  REFERENCE ATOM COORDINATES

  defa
     Mask !:LIG & !@H=; matches  4057 atoms

--------------------------------------------------------------------------------
   3.  ATOMIC COORDINATES AND VELOCITIES
--------------------------------------------------------------------------------

default_name                                                                    
 begin time read from input coords =     0.000 ps

 Number of triangulated 3-point waters found:        0

     Sum of charges from parm topology file =   4.99999983

--------------------------------------------------------------------------------
   4.  RESULTS
--------------------------------------------------------------------------------

 ---------------------------------------------------

     eedmeth=4: Setting switch to one everywhere

 ---------------------------------------------------
| Local SIZE OF NONBOND LIST =   33382534
| TOTAL SIZE OF NONBOND LIST =   33382534


   NSTEP       ENERGY          RMS            GMAX         NAME    NUMBER
      1      -7.1263E+03     7.9411E+01     6.4230E+03     O         391

 BOND    =      243.0651  ANGLE   =     1001.9280  DIHED      =     5578.8252
 VDWAALS =    -1929.8445  EEL     =   -37055.5255  HBOND      =        0.0000
 1-4 VDW =     1874.2802  1-4 EEL =    23161.0119  RESTRAINT  =        0.0000


   NSTEP       ENERGY          RMS            GMAX         NAME    NUMBER
     50      -9.9924E+03     1.8349E+00     1.0826E+02     CD       4838

 BOND    =      231.5452  ANGLE   =      897.1454  DIHED      =     5570.9355
 VDWAALS =    -4118.0739  EEL     =   -37533.3773  HBOND      =        0.0000
 1-4 VDW =     1782.9012  1-4 EEL =    23110.6435  RESTRAINT  =       65.8911
 EAMBER  =   -10058.2803


   NSTEP       ENERGY          RMS            GMAX         NAME    NUMBER
    100      -1.0175E+04     9.9013E-01     3.2258E+01     NE2      4840

 BOND    =      228.8742  ANGLE   =      918.5287  DIHED      =     5580.3746
 VDWAALS =    -4157.0369  EEL     =   -37749.3444  HBOND      =        0.0000
 1-4 VDW =     1766.4695  1-4 EEL =    23126.2107  RESTRAINT  =      111.2029
 EAMBER  =   -10285.9235


   NSTEP       ENERGY          RMS            GMAX         NAME    NUMBER
    150      -1.0252E+04     5.9720E-01     1.5274E+01     NE2      4840

 BOND    =      229.4200  ANGLE   =      922.4596  DIHED      =     5588.9310
 VDWAALS =    -4172.0938  EEL     =   -37853.0771  HBOND      =        0.0000
 1-4 VDW =     1761.7279  1-4 EEL =    23130.0690  RESTRAINT  =      140.0954
 EAMBER  =   -10392.5635


   NSTEP       ENERGY          RMS            GMAX         NAME    NUMBER
    200      -1.0301E+04     9.1135E-01     5.8871E+01     CG       7780

 BOND    =      232.2822  ANGLE   =      927.8078  DIHED      =     5594.8551
 VDWAALS =    -4179.8015  EEL     =   -37925.3235  HBOND      =        0.0000
 1-4 VDW =     1759.2913  1-4 EEL =    23130.4611  RESTRAINT  =      159.5451
 EAMBER  =   -10460.4276


   NSTEP       ENERGY          RMS            GMAX         NAME    NUMBER
    250      -1.0341E+04     5.9384E-01     4.6345E+01     CG       7780

 BOND    =      230.6505  ANGLE   =      932.5304  DIHED      =     5597.7310
 VDWAALS =    -4184.2945  EEL     =   -37978.9502  HBOND      =        0.0000
 1-4 VDW =     1758.0527  1-4 EEL =    23130.8496  RESTRAINT  =      172.7361
 EAMBER  =   -10513.4305


   NSTEP       ENERGY          RMS            GMAX         NAME    NUMBER
    300      -1.0422E+04     2.0887E-01     8.7082E+00     CG2      4070

 BOND    =      231.4419  ANGLE   =      935.3469  DIHED      =     5604.5609
 VDWAALS =    -4195.5193  EEL     =   -38099.4570  HBOND      =        0.0000
 1-4 VDW =     1757.9315  1-4 EEL =    23137.6818  RESTRAINT  =      206.3596
 EAMBER  =   -10628.0134


   NSTEP       ENERGY          RMS            GMAX         NAME    NUMBER
    350      -1.0440E+04     2.2661E-01     7.2685E+00     CG2      4070

 BOND    =      231.8396  ANGLE   =      935.1001  DIHED      =     5605.8819
 VDWAALS =    -4197.3349  EEL     =   -38125.4548  HBOND      =        0.0000
 1-4 VDW =     1758.6181  1-4 EEL =    23139.2411  RESTRAINT  =      212.3318
 EAMBER  =   -10652.1088


   NSTEP       ENERGY          RMS            GMAX         NAME    NUMBER
    400      -1.0462E+04     3.3093E-01     1.1287E+01     HH       7559

 BOND    =      232.8889  ANGLE   =      935.3021  DIHED      =     5600.4136
 VDWAALS =    -4200.0492  EEL     =   -38144.8047  HBOND      =        0.0000
 1-4 VDW =     1758.5346  1-4 EEL =    23139.1095  RESTRAINT  =      216.3681
 EAMBER  =   -10678.6052


   NSTEP       ENERGY          RMS            GMAX         NAME    NUMBER
    450      -1.0476E+04     1.7323E-01     6.4416E+00     HG       2533

 BOND    =      232.4564  ANGLE   =      934.3582  DIHED      =     5598.4449
 VDWAALS =    -4198.3683  EEL     =   -38160.8273  HBOND      =        0.0000
 1-4 VDW =     1758.8558  1-4 EEL =    23140.8156  RESTRAINT  =      217.9836
 EAMBER  =   -10694.2646


   NSTEP       ENERGY          RMS            GMAX         NAME    NUMBER
    500      -1.0481E+04     1.2900E-01     4.1322E+00     OG1      6272

 BOND    =      232.5887  ANGLE   =      934.6116  DIHED      =     5597.5288
 VDWAALS =    -4198.5834  EEL     =   -38166.8748  HBOND      =        0.0000
 1-4 VDW =     1758.9197  1-4 EEL =    23140.9476  RESTRAINT  =      219.5385
 EAMBER  =   -10700.8617


  Maximum number of minimization cycles reached.


                    FINAL RESULTS



   NSTEP       ENERGY          RMS            GMAX         NAME    NUMBER
    500      -1.0481E+04     1.2900E-01     4.1322E+00     OG1      6272

 BOND    =      232.5887  ANGLE   =      934.6116  DIHED      =     5597.5288
 VDWAALS =    -4198.5834  EEL     =   -38166.8748  HBOND      =        0.0000
 1-4 VDW =     1758.9197  1-4 EEL =    23140.9476  RESTRAINT  =      219.5385
 EAMBER  =   -10700.8617

--------------------------------------------------------------------------------
   5.  TIMINGS
--------------------------------------------------------------------------------

|                Build the list             1.10 (98.24% of List )
|                Other                      0.02 ( 1.76% of List )
|             List time                  1.12 ( 0.08% of Nonbo)
|                   Short_ene time          1321.73 (100.0% of Direc)
|                Direct Ewald time       1321.79 (100.0% of Ewald)
|                Other                      0.96 ( 0.07% of Ewald)
|             Ewald time              1322.75 (100.0% of Nonbo)
|          Nonbond force           1323.87 (99.40% of Force)
|          Bond/Angle/Dihedral        7.97 ( 0.60% of Force)
|       Force time              1331.89 (100.0% of Runmd)
|    Runmd Time              1331.89 (99.32% of Total)
|    Other                      9.03 ( 0.67% of Total)
| Total time              1340.96 (100.0% of ALL  )

| Number of list builds   :          1

| Highest rstack allocated:      40845
| Highest istack allocated:       8169
|           Job began  at 21:58:04.531  on 12/21/2025
|           Setup done at 21:58:05.194  on 12/21/2025
|           Run   done at 22:20:25.488  on 12/21/2025
|     wallclock() was called   11535 times

|3D-RISM memory allocation summary
|Type          Maximum        Current   
|Integer       0.00000 GB     0.00000 GB
|Real          0.00000 GB     0.00000 GB
|Logical       0.00000 GB     0.00000 GB
|Character     0.00000 GB     0.00000 GB
|---------------------------------------
|Total         0.00000 GB     0.00000 GB
