
          -------------------------------------------------------
          Amber 22 SANDER                              2022
          -------------------------------------------------------

| Run on 12/21/2025 at 22:05:30

|   Executable path: /home/kiran/miniforge3/envs/amber_mmgbsa/bin/sander
| Working directory: /storage/kiran-stuff/aaRS/phase2/energy_scoring/mmgbsa_amber/jobs/anc_thrrs_cat_zn_ASP
|          Hostname: boron

  [-O]verwriting output

File Assignments:
|  MDIN: min.in                                                                
| MDOUT: min.out                                                               
|INPCRD: complex.inpcrd                                                        
|  PARM: complex.prmtop                                                        
|RESTRT: min.rst                                                               
|  REFC: complex.inpcrd                                                        
| MDVEL: mdvel                                                                 
| MDFRC: mdfrc                                                                 
|  MDEN: mden                                                                  
| MDCRD: mdcrd                                                                 
|MDINFO: mdinfo                                                                
|  MTMD: mtmd                                                                  
|INPDIP: inpdip                                                                
|RSTDIP: rstdip                                                                
|INPTRA: inptraj                                                               


 Here is the input file:

Minimize                                                                       
 &cntrl                                                                        
  imin=1,                                                                      
  maxcyc=500,                                                                  
  ncyc=250,                                                                    
  ntb=0,                                                                       
  cut=999.0,                                                                   
  ntr=1,                                                                       
  restraint_wt=10.0,                                                           
  restraintmask='!:LIG & !@H=',                                                
 /                                                                             

--------------------------------------------------------------------------------
   1.  RESOURCE   USE: 
--------------------------------------------------------------------------------

| Flags:                                                                        
|    NONPERIODIC   ntb=0 and igb=0: Setting up nonperiodic simulation
|  *** cutoff > system size, list only builds once
|Largest sphere to fit in unit cell has radius =    58.064
| New format PARM file being parsed.
| Version =    1.000 Date = 12/21/25 Time = 22:05:29
 NATOM  =    4419 NTYPES =      22 NBONH =    2159 MBONA  =    2309
 NTHETH =    4905 MTHETA =    3126 NPHIH =   10136 MPHIA  =    9721
 NHPARM =       0 NPARM  =       0 NNB   =   24329 NRES   =     280
 NBONA  =    2309 NTHETA =    3126 NPHIA =    9721 NUMBND =      73
 NUMANG =     164 NPTRA  =     198 NATYP =      42 NPHB   =       0
 IFBOX  =       0 NMXRS  =      24 IFCAP =       0 NEXTRA =       0
 NCOPY  =       0


|     Memory Use     Allocated
|     Real             1117406
|     Hollerith          13539
|     Integer          1075395
|     Max Pairs        9761571
|     nblistReal         53028
|     nblist Int       5675124
|       Total            73697 kbytes

| Note: 1-4 EEL scale factors are being read from the topology file.

| Note: 1-4 VDW scale factors are being read from the topology file.
| Duplicated    0 dihedrals
| Duplicated    0 dihedrals

--------------------------------------------------------------------------------
   2.  CONTROL  DATA  FOR  THE  RUN
--------------------------------------------------------------------------------

default_name                                                                    

General flags:
     imin    =       1, nmropt  =       0

Nature and format of input:
     ntx     =       1, irest   =       0, ntrx    =       1

Nature and format of output:
     ntxo    =       2, ntpr    =      50, ntrx    =       1, ntwr    =       1
     iwrap   =       0, ntwx    =       0, ntwv    =       0, ntwe    =       0
     ioutfm  =       1, ntwprt  =       0, idecomp =       0, rbornstat=      0

Potential function:
     ntf     =       1, ntb     =       0, igb     =       0, nsnb    =      25
     ipol    =       0, gbsa    =       0, iesp    =       0
     dielc   =   1.00000, cut     = 999.00000, intdiel =   1.00000

Frozen or restrained atoms:
     ibelly  =       0, ntr     =       1
     restraint_wt =  10.00000

Energy minimization:
     maxcyc  =     500, ncyc    =     250, ntmin   =       1
     dx0     =   0.01000, drms    =   0.00010
|  INFO: Old style inpcrd file read


    LOADING THE CONSTRAINED ATOMS AS GROUPS


   5.  REFERENCE ATOM COORDINATES

  defa
     Mask !:LIG & !@H=; matches  2251 atoms

--------------------------------------------------------------------------------
   3.  ATOMIC COORDINATES AND VELOCITIES
--------------------------------------------------------------------------------

default_name                                                                    
 begin time read from input coords =     0.000 ps

 Number of triangulated 3-point waters found:        0

     Sum of charges from parm topology file = -13.00000107

--------------------------------------------------------------------------------
   4.  RESULTS
--------------------------------------------------------------------------------

 ---------------------------------------------------

     eedmeth=4: Setting switch to one everywhere

 ---------------------------------------------------
| Local SIZE OF NONBOND LIST =    9737475
| TOTAL SIZE OF NONBOND LIST =    9737475


   NSTEP       ENERGY          RMS            GMAX         NAME    NUMBER
      1      -4.1977E+03     4.6633E+01     1.7032E+03     SD        153

 BOND    =      176.5813  ANGLE   =      652.7603  DIHED      =     3226.8277
 VDWAALS =     -343.6012  EEL     =   -18432.7489  HBOND      =        0.0000
 1-4 VDW =     1065.4957  1-4 EEL =     9456.9626  RESTRAINT  =        0.0000


   NSTEP       ENERGY          RMS            GMAX         NAME    NUMBER
     50      -6.4517E+03     2.8669E+00     6.9363E+01     CZ        371

 BOND    =      165.7374  ANGLE   =      623.6541  DIHED      =     3228.6154
 VDWAALS =    -1989.8620  EEL     =   -18918.1281  HBOND      =        0.0000
 1-4 VDW =     1009.9788  1-4 EEL =     9371.9128  RESTRAINT  =       56.3924
 EAMBER  =    -6508.0915


   NSTEP       ENERGY          RMS            GMAX         NAME    NUMBER
    100      -6.6231E+03     1.4653E+00     3.2205E+01     CZ        371

 BOND    =      148.0889  ANGLE   =      620.8809  DIHED      =     3237.5323
 VDWAALS =    -2025.3980  EEL     =   -19079.1099  HBOND      =        0.0000
 1-4 VDW =      995.3759  1-4 EEL =     9386.0204  RESTRAINT  =       93.4663
 EAMBER  =    -6716.6095


   NSTEP       ENERGY          RMS            GMAX         NAME    NUMBER
    150      -6.6948E+03     9.1227E-01     2.4281E+01     CG       2041

 BOND    =      149.9099  ANGLE   =      626.0655  DIHED      =     3243.1204
 VDWAALS =    -2044.5444  EEL     =   -19168.7909  HBOND      =        0.0000
 1-4 VDW =      991.8681  1-4 EEL =     9388.6492  RESTRAINT  =      118.9182
 EAMBER  =    -6813.7223


   NSTEP       ENERGY          RMS            GMAX         NAME    NUMBER
    200      -6.7328E+03     4.9859E-01     1.4666E+01     CG       2041

 BOND    =      148.4120  ANGLE   =      624.9469  DIHED      =     3247.8887
 VDWAALS =    -2054.0388  EEL     =   -19218.2144  HBOND      =        0.0000
 1-4 VDW =      990.0202  1-4 EEL =     9391.8920  RESTRAINT  =      136.3420
 EAMBER  =    -6869.0935


   NSTEP       ENERGY          RMS            GMAX         NAME    NUMBER
    250      -6.7561E+03     7.2606E-01     2.3330E+01     NE2      2316

 BOND    =      149.5613  ANGLE   =      625.2655  DIHED      =     3251.9379
 VDWAALS =    -2060.7725  EEL     =   -19252.5585  HBOND      =        0.0000
 1-4 VDW =      989.2355  1-4 EEL =     9392.3157  RESTRAINT  =      148.9605
 EAMBER  =    -6905.0152


   NSTEP       ENERGY          RMS            GMAX         NAME    NUMBER
    300      -6.8337E+03     4.5120E-01     1.0714E+01     CB       4181

 BOND    =      149.3959  ANGLE   =      627.3620  DIHED      =     3265.2014
 VDWAALS =    -2079.7361  EEL     =   -19359.3399  HBOND      =        0.0000
 1-4 VDW =      988.5158  1-4 EEL =     9384.3542  RESTRAINT  =      190.5915
 EAMBER  =    -7024.2467


   NSTEP       ENERGY          RMS            GMAX         NAME    NUMBER
    350      -6.8560E+03     2.4643E-01     4.7380E+00     HH         62

 BOND    =      148.6794  ANGLE   =      625.2812  DIHED      =     3257.5698
 VDWAALS =    -2079.6168  EEL     =   -19370.2399  HBOND      =        0.0000
 1-4 VDW =      988.4255  1-4 EEL =     9386.3989  RESTRAINT  =      187.4709
 EAMBER  =    -7043.5018


   NSTEP       ENERGY          RMS            GMAX         NAME    NUMBER
    400      -6.8653E+03     2.1041E-01     5.2044E+00     HH       3006

 BOND    =      148.3883  ANGLE   =      624.3890  DIHED      =     3253.9835
 VDWAALS =    -2079.6305  EEL     =   -19374.5887  HBOND      =        0.0000
 1-4 VDW =      988.3523  1-4 EEL =     9386.6463  RESTRAINT  =      187.1547
 EAMBER  =    -7052.4598


   NSTEP       ENERGY          RMS            GMAX         NAME    NUMBER
    450      -6.8698E+03     1.3546E-01     2.7729E+00     HG1      2204

 BOND    =      148.5882  ANGLE   =      624.0570  DIHED      =     3253.5408
 VDWAALS =    -2079.3282  EEL     =   -19377.6602  HBOND      =        0.0000
 1-4 VDW =      987.6855  1-4 EEL =     9385.9267  RESTRAINT  =      187.3881
 EAMBER  =    -7057.1902


   NSTEP       ENERGY          RMS            GMAX         NAME    NUMBER
    500      -6.8715E+03     8.1499E-02     1.3187E+00     CG2      1502

 BOND    =      148.5858  ANGLE   =      623.5995  DIHED      =     3253.1419
 VDWAALS =    -2080.3640  EEL     =   -19377.5945  HBOND      =        0.0000
 1-4 VDW =      987.5645  1-4 EEL =     9385.5293  RESTRAINT  =      187.9954
 EAMBER  =    -7059.5375


  Maximum number of minimization cycles reached.


                    FINAL RESULTS



   NSTEP       ENERGY          RMS            GMAX         NAME    NUMBER
    500      -6.8715E+03     8.1499E-02     1.3187E+00     CG2      1502

 BOND    =      148.5858  ANGLE   =      623.5995  DIHED      =     3253.1419
 VDWAALS =    -2080.3640  EEL     =   -19377.5945  HBOND      =        0.0000
 1-4 VDW =      987.5645  1-4 EEL =     9385.5293  RESTRAINT  =      187.9954
 EAMBER  =    -7059.5375

--------------------------------------------------------------------------------
   5.  TIMINGS
--------------------------------------------------------------------------------

|    Read coords time           0.03 ( 0.01% of Total)
|                Build the list             0.40 (99.71% of List )
|                Other                      0.00 ( 0.29% of List )
|             List time                  0.40 ( 0.10% of Nonbo)
|                   Short_ene time           411.18 (100.0% of Direc)
|                   Other                      0.04 ( 0.01% of Direc)
|                Direct Ewald time        411.22 (99.89% of Ewald)
|                Other                      0.44 ( 0.11% of Ewald)
|             Ewald time               411.66 (100.0% of Nonbo)
|          Nonbond force            412.06 (98.83% of Force)
|          Bond/Angle/Dihedral        4.86 ( 1.17% of Force)
|          Other                      0.03 ( 0.01% of Force)
|       Force time               416.95 (100.0% of Runmd)
|    Runmd Time               416.95 (98.28% of Total)
|    Other                      7.28 ( 1.72% of Total)
| Total time               424.26 (100.0% of ALL  )

| Number of list builds   :          1

| Highest rstack allocated:      22065
| Highest istack allocated:       4413
|           Job began  at 22:05:30.210  on 12/21/2025
|           Setup done at 22:05:30.638  on 12/21/2025
|           Run   done at 22:12:34.469  on 12/21/2025
|     wallclock() was called   11535 times

|3D-RISM memory allocation summary
|Type          Maximum        Current   
|Integer       0.00000 GB     0.00000 GB
|Real          0.00000 GB     0.00000 GB
|Logical       0.00000 GB     0.00000 GB
|Character     0.00000 GB     0.00000 GB
|---------------------------------------
|Total         0.00000 GB     0.00000 GB
