
          -------------------------------------------------------
          Amber 22 SANDER                              2022
          -------------------------------------------------------

| Run on 12/21/2025 at 22:05:00

|   Executable path: /home/kiran/miniforge3/envs/amber_mmgbsa/bin/sander
| Working directory: /storage/kiran-stuff/aaRS/phase2/energy_scoring/mmgbsa_amber/jobs/anc_thrrs_cat_THR
|          Hostname: boron

  [-O]verwriting output

File Assignments:
|  MDIN: min.in                                                                
| MDOUT: min.out                                                               
|INPCRD: complex.inpcrd                                                        
|  PARM: complex.prmtop                                                        
|RESTRT: min.rst                                                               
|  REFC: complex.inpcrd                                                        
| MDVEL: mdvel                                                                 
| MDFRC: mdfrc                                                                 
|  MDEN: mden                                                                  
| MDCRD: mdcrd                                                                 
|MDINFO: mdinfo                                                                
|  MTMD: mtmd                                                                  
|INPDIP: inpdip                                                                
|RSTDIP: rstdip                                                                
|INPTRA: inptraj                                                               


 Here is the input file:

Minimize                                                                       
 &cntrl                                                                        
  imin=1,                                                                      
  maxcyc=500,                                                                  
  ncyc=250,                                                                    
  ntb=0,                                                                       
  cut=999.0,                                                                   
  ntr=1,                                                                       
  restraint_wt=10.0,                                                           
  restraintmask='!:LIG & !@H=',                                                
 /                                                                             

--------------------------------------------------------------------------------
   1.  RESOURCE   USE: 
--------------------------------------------------------------------------------

| Flags:                                                                        
|    NONPERIODIC   ntb=0 and igb=0: Setting up nonperiodic simulation
|  *** cutoff > system size, list only builds once
|Largest sphere to fit in unit cell has radius =    51.850
| New format PARM file being parsed.
| Version =    1.000 Date = 12/21/25 Time = 22:05:00
 NATOM  =    4419 NTYPES =      21 NBONH =    2161 MBONA  =    2308
 NTHETH =    4909 MTHETA =    3125 NPHIH =   10139 MPHIA  =    9721
 NHPARM =       0 NPARM  =       0 NNB   =   24336 NRES   =     279
 NBONA  =    2308 NTHETA =    3125 NPHIA =    9721 NUMBND =      73
 NUMANG =     165 NPTRA  =     198 NATYP =      41 NPHB   =       0
 IFBOX  =       0 NMXRS  =      24 IFCAP =       0 NEXTRA =       0
 NCOPY  =       0


|     Memory Use     Allocated
|     Real             1117459
|     Hollerith          13538
|     Integer          1075532
|     Max Pairs        9761571
|     nblistReal         53028
|     nblist Int       5338737
|       Total            72384 kbytes

| Note: 1-4 EEL scale factors are being read from the topology file.

| Note: 1-4 VDW scale factors are being read from the topology file.
| Duplicated    0 dihedrals
| Duplicated    0 dihedrals

--------------------------------------------------------------------------------
   2.  CONTROL  DATA  FOR  THE  RUN
--------------------------------------------------------------------------------

default_name                                                                    

General flags:
     imin    =       1, nmropt  =       0

Nature and format of input:
     ntx     =       1, irest   =       0, ntrx    =       1

Nature and format of output:
     ntxo    =       2, ntpr    =      50, ntrx    =       1, ntwr    =       1
     iwrap   =       0, ntwx    =       0, ntwv    =       0, ntwe    =       0
     ioutfm  =       1, ntwprt  =       0, idecomp =       0, rbornstat=      0

Potential function:
     ntf     =       1, ntb     =       0, igb     =       0, nsnb    =      25
     ipol    =       0, gbsa    =       0, iesp    =       0
     dielc   =   1.00000, cut     = 999.00000, intdiel =   1.00000

Frozen or restrained atoms:
     ibelly  =       0, ntr     =       1
     restraint_wt =  10.00000

Energy minimization:
     maxcyc  =     500, ncyc    =     250, ntmin   =       1
     dx0     =   0.01000, drms    =   0.00010
|  INFO: Old style inpcrd file read


    LOADING THE CONSTRAINED ATOMS AS GROUPS


   5.  REFERENCE ATOM COORDINATES

  defa
     Mask !:LIG & !@H=; matches  2250 atoms

--------------------------------------------------------------------------------
   3.  ATOMIC COORDINATES AND VELOCITIES
--------------------------------------------------------------------------------

default_name                                                                    
 begin time read from input coords =     0.000 ps

 Number of triangulated 3-point waters found:        0

     Sum of charges from parm topology file = -15.00000107

--------------------------------------------------------------------------------
   4.  RESULTS
--------------------------------------------------------------------------------

 ---------------------------------------------------

     eedmeth=4: Setting switch to one everywhere

 ---------------------------------------------------
| Local SIZE OF NONBOND LIST =    9737467
| TOTAL SIZE OF NONBOND LIST =    9737467


   NSTEP       ENERGY          RMS            GMAX         NAME    NUMBER
      1      -4.0914E+03     7.6878E+01     5.0472E+03     OD1      1818

 BOND    =      144.4655  ANGLE   =      623.8450  DIHED      =     3201.1272
 VDWAALS =     -307.0411  EEL     =   -18224.8976  HBOND      =        0.0000
 1-4 VDW =     1035.6883  1-4 EEL =     9435.4511  RESTRAINT  =        0.0000


   NSTEP       ENERGY          RMS            GMAX         NAME    NUMBER
     50      -6.2232E+03     2.5639E+00     7.8211E+01     C        2950

 BOND    =      153.8493  ANGLE   =      593.9437  DIHED      =     3203.2534
 VDWAALS =    -2063.8898  EEL     =   -18509.1823  HBOND      =        0.0000
 1-4 VDW =      988.0147  1-4 EEL =     9360.1509  RESTRAINT  =       50.6167
 EAMBER  =    -6273.8601


   NSTEP       ENERGY          RMS            GMAX         NAME    NUMBER
    100      -6.3444E+03     1.5169E+00     2.5152E+01     C        2950

 BOND    =      146.3493  ANGLE   =      586.3385  DIHED      =     3209.5294
 VDWAALS =    -2095.4229  EEL     =   -18624.8853  HBOND      =        0.0000
 1-4 VDW =      975.7168  1-4 EEL =     9373.4440  RESTRAINT  =       84.5092
 EAMBER  =    -6428.9301


   NSTEP       ENERGY          RMS            GMAX         NAME    NUMBER
    150      -6.3945E+03     8.3434E-01     2.0683E+01     CE1      2314

 BOND    =      145.0423  ANGLE   =      591.1788  DIHED      =     3214.3909
 VDWAALS =    -2108.4132  EEL     =   -18690.4954  HBOND      =        0.0000
 1-4 VDW =      971.7658  1-4 EEL =     9375.8378  RESTRAINT  =      106.1809
 EAMBER  =    -6500.6930


   NSTEP       ENERGY          RMS            GMAX         NAME    NUMBER
    200      -6.4213E+03     4.9685E-01     1.1505E+01     CE1      2314

 BOND    =      145.3102  ANGLE   =      590.5942  DIHED      =     3219.1465
 VDWAALS =    -2115.1491  EEL     =   -18729.4159  HBOND      =        0.0000
 1-4 VDW =      970.3391  1-4 EEL =     9377.8709  RESTRAINT  =      120.0058
 EAMBER  =    -6541.3041


   NSTEP       ENERGY          RMS            GMAX         NAME    NUMBER
    250      -6.4386E+03     7.8915E-01     2.5911E+01     CG       2410

 BOND    =      146.1463  ANGLE   =      591.4045  DIHED      =     3223.1479
 VDWAALS =    -2119.7428  EEL     =   -18757.3671  HBOND      =        0.0000
 1-4 VDW =      969.6617  1-4 EEL =     9378.5597  RESTRAINT  =      129.5604
 EAMBER  =    -6568.1897


   NSTEP       ENERGY          RMS            GMAX         NAME    NUMBER
    300      -6.4906E+03     3.9180E-01     1.0990E+01     OH       1614

 BOND    =      145.9849  ANGLE   =      594.6683  DIHED      =     3230.7916
 VDWAALS =    -2129.8828  EEL     =   -18834.1026  HBOND      =        0.0000
 1-4 VDW =      968.4414  1-4 EEL =     9376.7912  RESTRAINT  =      156.7038
 EAMBER  =    -6647.3080


   NSTEP       ENERGY          RMS            GMAX         NAME    NUMBER
    350      -6.5094E+03     2.7452E-01     6.4956E+00     HH       1615

 BOND    =      145.4167  ANGLE   =      594.1483  DIHED      =     3229.2763
 VDWAALS =    -2131.8677  EEL     =   -18849.8277  HBOND      =        0.0000
 1-4 VDW =      967.7370  1-4 EEL =     9373.1328  RESTRAINT  =      162.5909
 EAMBER  =    -6671.9843


   NSTEP       ENERGY          RMS            GMAX         NAME    NUMBER
    400      -6.5247E+03     2.2753E-01     5.3044E+00     CA       1603

 BOND    =      145.2966  ANGLE   =      593.1260  DIHED      =     3224.3168
 VDWAALS =    -2132.1675  EEL     =   -18860.2544  HBOND      =        0.0000
 1-4 VDW =      967.2771  1-4 EEL =     9373.5782  RESTRAINT  =      164.1117
 EAMBER  =    -6688.8273


   NSTEP       ENERGY          RMS            GMAX         NAME    NUMBER
    450      -6.5314E+03     1.0927E-01     2.5457E+00     HH       1615

 BOND    =      145.2703  ANGLE   =      592.3147  DIHED      =     3223.2478
 VDWAALS =    -2130.9209  EEL     =   -18866.5262  HBOND      =        0.0000
 1-4 VDW =      967.0555  1-4 EEL =     9373.4866  RESTRAINT  =      164.7001
 EAMBER  =    -6696.0721


   NSTEP       ENERGY          RMS            GMAX         NAME    NUMBER
    500      -6.5351E+03     1.3755E-01     2.8907E+00     CD       4217

 BOND    =      145.2870  ANGLE   =      591.6826  DIHED      =     3222.1980
 VDWAALS =    -2130.6496  EEL     =   -18870.1720  HBOND      =        0.0000
 1-4 VDW =      966.8962  1-4 EEL =     9373.8859  RESTRAINT  =      165.7279
 EAMBER  =    -6700.8718


  Maximum number of minimization cycles reached.


                    FINAL RESULTS



   NSTEP       ENERGY          RMS            GMAX         NAME    NUMBER
    500      -6.5351E+03     1.3755E-01     2.8907E+00     CD       4217

 BOND    =      145.2870  ANGLE   =      591.6826  DIHED      =     3222.1980
 VDWAALS =    -2130.6496  EEL     =   -18870.1720  HBOND      =        0.0000
 1-4 VDW =      966.8962  1-4 EEL =     9373.8859  RESTRAINT  =      165.7279
 EAMBER  =    -6700.8718

--------------------------------------------------------------------------------
   5.  TIMINGS
--------------------------------------------------------------------------------

|                Build the list             0.36 (99.65% of List )
|                Other                      0.00 ( 0.35% of List )
|             List time                  0.37 ( 0.09% of Nonbo)
|                   Short_ene time           397.47 (100.0% of Direc)
|                   Other                      0.04 ( 0.01% of Direc)
|                Direct Ewald time        397.51 (100.0% of Ewald)
|                Other                      0.39 ( 0.10% of Ewald)
|             Ewald time               397.90 (100.0% of Nonbo)
|          Nonbond force            398.27 (98.83% of Force)
|          Bond/Angle/Dihedral        4.67 ( 1.16% of Force)
|          Other                      0.05 ( 0.01% of Force)
|       Force time               402.99 (100.0% of Runmd)
|    Runmd Time               402.99 (98.34% of Total)
|    Other                      6.78 ( 1.65% of Total)
| Total time               409.78 (100.0% of ALL  )

| Number of list builds   :          1

| Highest rstack allocated:      22060
| Highest istack allocated:       4412
|           Job began  at 22:05:00.906  on 12/21/2025
|           Setup done at 22:05:01.300  on 12/21/2025
|           Run   done at 22:11:50.687  on 12/21/2025
|     wallclock() was called   11535 times

|3D-RISM memory allocation summary
|Type          Maximum        Current   
|Integer       0.00000 GB     0.00000 GB
|Real          0.00000 GB     0.00000 GB
|Logical       0.00000 GB     0.00000 GB
|Character     0.00000 GB     0.00000 GB
|---------------------------------------
|Total         0.00000 GB     0.00000 GB
