
          -------------------------------------------------------
          Amber 22 SANDER                              2022
          -------------------------------------------------------

| Run on 12/21/2025 at 22:21:15

|   Executable path: /home/kiran/miniforge3/envs/amber_mmgbsa/bin/sander
| Working directory: /storage/kiran-stuff/aaRS/phase2/energy_scoring/mmgbsa_amber/jobs/modern_thrrs_GLU
|          Hostname: boron

  [-O]verwriting output

File Assignments:
|  MDIN: min.in                                                                
| MDOUT: min.out                                                               
|INPCRD: complex.inpcrd                                                        
|  PARM: complex.prmtop                                                        
|RESTRT: min.rst                                                               
|  REFC: complex.inpcrd                                                        
| MDVEL: mdvel                                                                 
| MDFRC: mdfrc                                                                 
|  MDEN: mden                                                                  
| MDCRD: mdcrd                                                                 
|MDINFO: mdinfo                                                                
|  MTMD: mtmd                                                                  
|INPDIP: inpdip                                                                
|RSTDIP: rstdip                                                                
|INPTRA: inptraj                                                               


 Here is the input file:

Minimize                                                                       
 &cntrl                                                                        
  imin=1,                                                                      
  maxcyc=500,                                                                  
  ncyc=250,                                                                    
  ntb=0,                                                                       
  cut=999.0,                                                                   
  ntr=1,                                                                       
  restraint_wt=10.0,                                                           
  restraintmask='!:LIG & !@H=',                                                
 /                                                                             

--------------------------------------------------------------------------------
   1.  RESOURCE   USE: 
--------------------------------------------------------------------------------

| Flags:                                                                        
|    NONPERIODIC   ntb=0 and igb=0: Setting up nonperiodic simulation
|  *** cutoff > system size, list only builds once
|Largest sphere to fit in unit cell has radius =    73.717
| New format PARM file being parsed.
| Version =    1.000 Date = 12/21/25 Time = 22:21:14
 NATOM  =   10327 NTYPES =      21 NBONH =    5196 MBONA  =    5220
 NTHETH =   11890 MTHETA =    7061 NPHIH =   23571 MPHIA  =   22346
 NHPARM =       0 NPARM  =       0 NNB   =   57173 NRES   =     664
 NBONA  =    5220 NTHETA =    7061 NPHIA =   22346 NUMBND =      73
 NUMANG =     164 NPTRA  =     199 NATYP =      41 NPHB   =       0
 IFBOX  =       0 NMXRS  =      24 IFCAP =       0 NEXTRA =       0
 NCOPY  =       0


|     Memory Use     Allocated
|     Real             1603336
|     Hollerith          31647
|     Integer          2468236
|     Max Pairs       53318301
|     nblistReal        123924
|     nblist Int      17057944
|       Total           298166 kbytes

| Note: 1-4 EEL scale factors are being read from the topology file.

| Note: 1-4 VDW scale factors are being read from the topology file.
| Duplicated    0 dihedrals
| Duplicated    0 dihedrals

--------------------------------------------------------------------------------
   2.  CONTROL  DATA  FOR  THE  RUN
--------------------------------------------------------------------------------

default_name                                                                    

General flags:
     imin    =       1, nmropt  =       0

Nature and format of input:
     ntx     =       1, irest   =       0, ntrx    =       1

Nature and format of output:
     ntxo    =       2, ntpr    =      50, ntrx    =       1, ntwr    =       1
     iwrap   =       0, ntwx    =       0, ntwv    =       0, ntwe    =       0
     ioutfm  =       1, ntwprt  =       0, idecomp =       0, rbornstat=      0

Potential function:
     ntf     =       1, ntb     =       0, igb     =       0, nsnb    =      25
     ipol    =       0, gbsa    =       0, iesp    =       0
     dielc   =   1.00000, cut     = 999.00000, intdiel =   1.00000

Frozen or restrained atoms:
     ibelly  =       0, ntr     =       1
     restraint_wt =  10.00000

Energy minimization:
     maxcyc  =     500, ncyc    =     250, ntmin   =       1
     dx0     =   0.01000, drms    =   0.00010
|  INFO: Old style inpcrd file read


    LOADING THE CONSTRAINED ATOMS AS GROUPS


   5.  REFERENCE ATOM COORDINATES

  defa
     Mask !:LIG & !@H=; matches  5121 atoms

--------------------------------------------------------------------------------
   3.  ATOMIC COORDINATES AND VELOCITIES
--------------------------------------------------------------------------------

default_name                                                                    
 begin time read from input coords =     0.000 ps

 Number of triangulated 3-point waters found:        0

     Sum of charges from parm topology file = -16.99999928

--------------------------------------------------------------------------------
   4.  RESULTS
--------------------------------------------------------------------------------

 ---------------------------------------------------

     eedmeth=4: Setting switch to one everywhere

 ---------------------------------------------------
| Local SIZE OF NONBOND LIST =   53261630
| TOTAL SIZE OF NONBOND LIST =   53261630


   NSTEP       ENERGY          RMS            GMAX         NAME    NUMBER
      1       4.7321E+08     8.2630E+07     8.3631E+09     O         509

 BOND    =      334.7281  ANGLE   =     1175.2618  DIHED      =     7700.5983
 VDWAALS = *************  EEL     =   -45033.9501  HBOND      =        0.0000
 1-4 VDW =     2500.0167  1-4 EEL =    27016.5032  RESTRAINT  =        0.0000


   NSTEP       ENERGY          RMS            GMAX         NAME    NUMBER
     50      -1.0865E+04     8.8100E-01     1.5239E+01     C         508

 BOND    =      328.0082  ANGLE   =     1276.8068  DIHED      =     7727.3630
 VDWAALS =    -4132.4087  EEL     =   -45457.8306  HBOND      =        0.0000
 1-4 VDW =     2424.5219  1-4 EEL =    26822.4106  RESTRAINT  =      146.2761
 EAMBER  =   -11011.1287


   NSTEP       ENERGY          RMS            GMAX         NAME    NUMBER
    100      -1.1290E+04     9.6282E-01     5.5194E+01     C         508

 BOND    =      314.0752  ANGLE   =     1242.9308  DIHED      =     7737.8237
 VDWAALS =    -4354.5620  EEL     =   -45684.6971  HBOND      =        0.0000
 1-4 VDW =     2368.1979  1-4 EEL =    26826.7312  RESTRAINT  =      259.2976
 EAMBER  =   -11549.5005


   NSTEP       ENERGY          RMS            GMAX         NAME    NUMBER
    150      -1.1440E+04     3.0765E-01     7.5091E+00     HG1      6516

 BOND    =      308.7239  ANGLE   =     1233.4858  DIHED      =     7745.2929
 VDWAALS =    -4434.3432  EEL     =   -45796.2344  HBOND      =        0.0000
 1-4 VDW =     2348.1409  1-4 EEL =    26830.2797  RESTRAINT  =      324.5730
 EAMBER  =   -11764.6545


   NSTEP       ENERGY          RMS            GMAX         NAME    NUMBER
    200      -1.1524E+04     7.9568E-01     2.3946E+01     C         508

 BOND    =      309.6813  ANGLE   =     1230.6259  DIHED      =     7751.2835
 VDWAALS =    -4478.2303  EEL     =   -45875.1826  HBOND      =        0.0000
 1-4 VDW =     2337.2136  1-4 EEL =    26831.0470  RESTRAINT  =      369.8503
 EAMBER  =   -11893.5615


   NSTEP       ENERGY          RMS            GMAX         NAME    NUMBER
    250      -1.1587E+04     2.9644E-01     9.0252E+00     CG       1637

 BOND    =      306.7913  ANGLE   =     1230.8753  DIHED      =     7755.3137
 VDWAALS =    -4505.1275  EEL     =   -45938.1836  HBOND      =        0.0000
 1-4 VDW =     2330.9194  1-4 EEL =    26830.5110  RESTRAINT  =      401.8788
 EAMBER  =   -11988.9003


   NSTEP       ENERGY          RMS            GMAX         NAME    NUMBER
    300      -1.1737E+04     3.4165E-01     9.9194E+00     OG1      8249

 BOND    =      305.7173  ANGLE   =     1235.6821  DIHED      =     7764.9067
 VDWAALS =    -4570.2433  EEL     =   -46123.9620  HBOND      =        0.0000
 1-4 VDW =     2322.1912  1-4 EEL =    26823.3418  RESTRAINT  =      505.3431
 EAMBER  =   -12242.3662


   NSTEP       ENERGY          RMS            GMAX         NAME    NUMBER
    350      -1.1774E+04     3.3082E-01     1.3338E+01     CD       2623

 BOND    =      306.3921  ANGLE   =     1234.6496  DIHED      =     7765.9033
 VDWAALS =    -4576.6354  EEL     =   -46165.0840  HBOND      =        0.0000
 1-4 VDW =     2321.8129  1-4 EEL =    26822.2824  RESTRAINT  =      516.4201
 EAMBER  =   -12290.6791


   NSTEP       ENERGY          RMS            GMAX         NAME    NUMBER
    400      -1.1795E+04     2.5992E-01     8.2593E+00     CB       8606

 BOND    =      306.0261  ANGLE   =     1233.5565  DIHED      =     7767.3946
 VDWAALS =    -4581.3300  EEL     =   -46185.6558  HBOND      =        0.0000
 1-4 VDW =     2320.3609  1-4 EEL =    26819.3930  RESTRAINT  =      525.2081
 EAMBER  =   -12320.2547


   NSTEP       ENERGY          RMS            GMAX         NAME    NUMBER
    450      -1.1807E+04     1.5626E-01     5.6917E+00     CB       8606

 BOND    =      305.3865  ANGLE   =     1232.2015  DIHED      =     7770.1204
 VDWAALS =    -4584.6091  EEL     =   -46198.1492  HBOND      =        0.0000
 1-4 VDW =     2320.0594  1-4 EEL =    26817.5602  RESTRAINT  =      530.5260
 EAMBER  =   -12337.4303


   NSTEP       ENERGY          RMS            GMAX         NAME    NUMBER
    500      -1.1812E+04     1.4343E-01     5.3428E+00     CB       8606

 BOND    =      305.1541  ANGLE   =     1232.1377  DIHED      =     7774.0704
 VDWAALS =    -4587.0109  EEL     =   -46209.6280  HBOND      =        0.0000
 1-4 VDW =     2319.6363  1-4 EEL =    26817.2070  RESTRAINT  =      536.2481
 EAMBER  =   -12348.4334


  Maximum number of minimization cycles reached.


                    FINAL RESULTS



   NSTEP       ENERGY          RMS            GMAX         NAME    NUMBER
    500      -1.1812E+04     1.4343E-01     5.3428E+00     CB       8606

 BOND    =      305.1541  ANGLE   =     1232.1377  DIHED      =     7774.0704
 VDWAALS =    -4587.0109  EEL     =   -46209.6280  HBOND      =        0.0000
 1-4 VDW =     2319.6363  1-4 EEL =    26817.2070  RESTRAINT  =      536.2481
 EAMBER  =   -12348.4334

--------------------------------------------------------------------------------
   5.  TIMINGS
--------------------------------------------------------------------------------

|                Build the list             1.98 (99.43% of List )
|                Other                      0.01 ( 0.57% of List )
|             List time                  1.99 ( 0.11% of Nonbo)
|                   Short_ene time          1849.19 (100.0% of Direc)
|                Direct Ewald time       1849.28 (100.0% of Ewald)
|                Other                      0.93 ( 0.05% of Ewald)
|             Ewald time              1850.21 (99.89% of Nonbo)
|          Nonbond force           1852.21 (99.49% of Force)
|          Bond/Angle/Dihedral        9.45 ( 0.51% of Force)
|          Other                      0.10 ( 0.01% of Force)
|       Force time              1861.75 (100.0% of Runmd)
|    Runmd Time              1861.75 (99.53% of Total)
|    Other                      8.71 ( 0.47% of Total)
| Total time              1870.51 (100.0% of ALL  )

| Number of list builds   :          1

| Highest rstack allocated:      51595
| Highest istack allocated:      10319
|           Job began  at 22:21:15.167  on 12/21/2025
|           Setup done at 22:21:15.934  on 12/21/2025
|           Run   done at 22:52:25.682  on 12/21/2025
|     wallclock() was called   11535 times

|3D-RISM memory allocation summary
|Type          Maximum        Current   
|Integer       0.00000 GB     0.00000 GB
|Real          0.00000 GB     0.00000 GB
|Logical       0.00000 GB     0.00000 GB
|Character     0.00000 GB     0.00000 GB
|---------------------------------------
|Total         0.00000 GB     0.00000 GB
