
          -------------------------------------------------------
          Amber 22 SANDER                              2022
          -------------------------------------------------------

| Run on 12/21/2025 at 22:06:31

|   Executable path: /home/kiran/miniforge3/envs/amber_mmgbsa/bin/sander
| Working directory: /storage/kiran-stuff/aaRS/phase2/energy_scoring/mmgbsa_amber/jobs/deep_editing_thr
|          Hostname: boron

  [-O]verwriting output

File Assignments:
|  MDIN: min.in                                                                
| MDOUT: min.out                                                               
|INPCRD: complex.inpcrd                                                        
|  PARM: complex.prmtop                                                        
|RESTRT: min.rst                                                               
|  REFC: complex.inpcrd                                                        
| MDVEL: mdvel                                                                 
| MDFRC: mdfrc                                                                 
|  MDEN: mden                                                                  
| MDCRD: mdcrd                                                                 
|MDINFO: mdinfo                                                                
|  MTMD: mtmd                                                                  
|INPDIP: inpdip                                                                
|RSTDIP: rstdip                                                                
|INPTRA: inptraj                                                               


 Here is the input file:

Minimize                                                                       
 &cntrl                                                                        
  imin=1,                                                                      
  maxcyc=500,                                                                  
  ncyc=250,                                                                    
  ntb=0,                                                                       
  cut=999.0,                                                                   
  ntr=1,                                                                       
  restraint_wt=10.0,                                                           
  restraintmask='!:LIG & !@H=',                                                
 /                                                                             

--------------------------------------------------------------------------------
   1.  RESOURCE   USE: 
--------------------------------------------------------------------------------

| Flags:                                                                        
|    NONPERIODIC   ntb=0 and igb=0: Setting up nonperiodic simulation
|  *** cutoff > system size, list only builds once
|Largest sphere to fit in unit cell has radius =    54.509
| New format PARM file being parsed.
| Version =    1.000 Date = 12/21/25 Time = 22:06:30
 NATOM  =    4679 NTYPES =      21 NBONH =    2327 MBONA  =    2391
 NTHETH =    5356 MTHETA =    3233 NPHIH =   10611 MPHIA  =   10078
 NHPARM =       0 NPARM  =       0 NNB   =   25935 NRES   =     301
 NBONA  =    2391 NTHETA =    3233 NPHIA =   10078 NUMBND =      73
 NUMANG =     165 NPTRA  =     198 NATYP =      41 NPHB   =       0
 IFBOX  =       0 NMXRS  =      26 IFCAP =       0 NEXTRA =       0
 NCOPY  =       0


|     Memory Use     Allocated
|     Real             1138944
|     Hollerith          14340
|     Integer          1124964
|     Max Pairs       10944181
|     nblistReal         56148
|     nblist Int       6304583
|       Total            81165 kbytes

| Note: 1-4 EEL scale factors are being read from the topology file.

| Note: 1-4 VDW scale factors are being read from the topology file.
| Duplicated    0 dihedrals
| Duplicated    0 dihedrals

--------------------------------------------------------------------------------
   2.  CONTROL  DATA  FOR  THE  RUN
--------------------------------------------------------------------------------

default_name                                                                    

General flags:
     imin    =       1, nmropt  =       0

Nature and format of input:
     ntx     =       1, irest   =       0, ntrx    =       1

Nature and format of output:
     ntxo    =       2, ntpr    =      50, ntrx    =       1, ntwr    =       1
     iwrap   =       0, ntwx    =       0, ntwv    =       0, ntwe    =       0
     ioutfm  =       1, ntwprt  =       0, idecomp =       0, rbornstat=      0

Potential function:
     ntf     =       1, ntb     =       0, igb     =       0, nsnb    =      25
     ipol    =       0, gbsa    =       0, iesp    =       0
     dielc   =   1.00000, cut     = 999.00000, intdiel =   1.00000

Frozen or restrained atoms:
     ibelly  =       0, ntr     =       1
     restraint_wt =  10.00000

Energy minimization:
     maxcyc  =     500, ncyc    =     250, ntmin   =       1
     dx0     =   0.01000, drms    =   0.00010
|  INFO: Old style inpcrd file read


    LOADING THE CONSTRAINED ATOMS AS GROUPS


   5.  REFERENCE ATOM COORDINATES

  defa
     Mask !:LIG & !@H=; matches  2344 atoms

--------------------------------------------------------------------------------
   3.  ATOMIC COORDINATES AND VELOCITIES
--------------------------------------------------------------------------------

default_name                                                                    
 begin time read from input coords =     0.000 ps

 Number of triangulated 3-point waters found:        0

     Sum of charges from parm topology file = -34.00000106

--------------------------------------------------------------------------------
   4.  RESULTS
--------------------------------------------------------------------------------

 ---------------------------------------------------

     eedmeth=4: Setting switch to one everywhere

 ---------------------------------------------------
| Local SIZE OF NONBOND LIST =   10918480
| TOTAL SIZE OF NONBOND LIST =   10918480


   NSTEP       ENERGY          RMS            GMAX         NAME    NUMBER
      1       4.7955E+04     5.4009E+03     3.1074E+05     OH       2743

 BOND    =      135.8434  ANGLE   =      584.3826  DIHED      =     3355.5413
 VDWAALS =    43469.0062  EEL     =   -14913.8669  HBOND      =        0.0000
 1-4 VDW =     1126.6291  1-4 EEL =    14197.4384  RESTRAINT  =        0.0000


   NSTEP       ENERGY          RMS            GMAX         NAME    NUMBER
     50       2.3298E+03     2.4455E+00     1.1264E+02     C        1396

 BOND    =      137.3967  ANGLE   =      588.5543  DIHED      =     3353.2621
 VDWAALS =    -1870.5634  EEL     =   -15163.7853  HBOND      =        0.0000
 1-4 VDW =     1081.2668  1-4 EEL =    14138.7015  RESTRAINT  =       64.9931
 EAMBER  =     2264.8327


   NSTEP       ENERGY          RMS            GMAX         NAME    NUMBER
    100       2.1160E+03     1.6012E+00     5.1754E+01     C        1396

 BOND    =      130.4522  ANGLE   =      578.1095  DIHED      =     3358.3358
 VDWAALS =    -1947.0673  EEL     =   -15329.3773  HBOND      =        0.0000
 1-4 VDW =     1056.6075  1-4 EEL =    14144.3188  RESTRAINT  =      124.6321
 EAMBER  =     1991.3791


   NSTEP       ENERGY          RMS            GMAX         NAME    NUMBER
    150       2.0326E+03     8.3848E-01     1.9982E+01     CZ3       134

 BOND    =      127.9965  ANGLE   =      577.8772  DIHED      =     3362.7182
 VDWAALS =    -1971.5891  EEL     =   -15419.4873  HBOND      =        0.0000
 1-4 VDW =     1047.9372  1-4 EEL =    14144.5443  RESTRAINT  =      162.6068
 EAMBER  =     1869.9971


   NSTEP       ENERGY          RMS            GMAX         NAME    NUMBER
    200       1.9901E+03     2.5129E-01     7.7936E+00     HG1      4489

 BOND    =      126.6243  ANGLE   =      577.7923  DIHED      =     3366.2145
 VDWAALS =    -1983.1178  EEL     =   -15473.1094  HBOND      =        0.0000
 1-4 VDW =     1043.1288  1-4 EEL =    14144.6944  RESTRAINT  =      187.8741
 EAMBER  =     1802.2270


   NSTEP       ENERGY          RMS            GMAX         NAME    NUMBER
    250       1.9655E+03     7.0501E-01     1.9774E+01     NE2       482

 BOND    =      127.6572  ANGLE   =      578.5429  DIHED      =     3367.7503
 VDWAALS =    -1990.2021  EEL     =   -15508.5084  HBOND      =        0.0000
 1-4 VDW =     1040.5662  1-4 EEL =    14144.7245  RESTRAINT  =      205.0108
 EAMBER  =     1760.5306


   NSTEP       ENERGY          RMS            GMAX         NAME    NUMBER
    300       1.9034E+03     2.7893E-01     9.2730E+00     CD       2277

 BOND    =      127.1156  ANGLE   =      581.4319  DIHED      =     3374.3594
 VDWAALS =    -2009.2699  EEL     =   -15609.4990  HBOND      =        0.0000
 1-4 VDW =     1035.6684  1-4 EEL =    14148.8073  RESTRAINT  =      254.8153
 EAMBER  =     1648.6137


   NSTEP       ENERGY          RMS            GMAX         NAME    NUMBER
    350       1.8936E+03     1.9239E-01     5.1278E+00     CB       4482

 BOND    =      126.9427  ANGLE   =      582.4120  DIHED      =     3372.9069
 VDWAALS =    -2011.3565  EEL     =   -15615.1526  HBOND      =        0.0000
 1-4 VDW =     1035.1866  1-4 EEL =    14146.3120  RESTRAINT  =      256.3469
 EAMBER  =     1637.2512


   NSTEP       ENERGY          RMS            GMAX         NAME    NUMBER
    400       1.8877E+03     1.8275E-01     5.3108E+00     CB       4482

 BOND    =      126.9047  ANGLE   =      582.8929  DIHED      =     3371.6321
 VDWAALS =    -2013.1537  EEL     =   -15619.7525  HBOND      =        0.0000
 1-4 VDW =     1035.0003  1-4 EEL =    14145.4482  RESTRAINT  =      258.6926
 EAMBER  =     1628.9721


   NSTEP       ENERGY          RMS            GMAX         NAME    NUMBER
    450       1.8834E+03     1.4556E-01     4.4452E+00     CB       4482

 BOND    =      126.8424  ANGLE   =      582.9713  DIHED      =     3370.8051
 VDWAALS =    -2014.3393  EEL     =   -15623.2178  HBOND      =        0.0000
 1-4 VDW =     1035.0354  1-4 EEL =    14145.5316  RESTRAINT  =      259.7823
 EAMBER  =     1623.6285


   NSTEP       ENERGY          RMS            GMAX         NAME    NUMBER
    500       1.8805E+03     1.3125E-01     4.0065E+00     CB       4482

 BOND    =      126.8253  ANGLE   =      582.8828  DIHED      =     3370.8258
 VDWAALS =    -2015.3986  EEL     =   -15625.8415  HBOND      =        0.0000
 1-4 VDW =     1035.1153  1-4 EEL =    14145.7103  RESTRAINT  =      260.3606
 EAMBER  =     1620.1193


  Maximum number of minimization cycles reached.


                    FINAL RESULTS



   NSTEP       ENERGY          RMS            GMAX         NAME    NUMBER
    500       1.8805E+03     1.3125E-01     4.0065E+00     CB       4482

 BOND    =      126.8253  ANGLE   =      582.8828  DIHED      =     3370.8258
 VDWAALS =    -2015.3986  EEL     =   -15625.8415  HBOND      =        0.0000
 1-4 VDW =     1035.1153  1-4 EEL =    14145.7103  RESTRAINT  =      260.3606
 EAMBER  =     1620.1193

--------------------------------------------------------------------------------
   5.  TIMINGS
--------------------------------------------------------------------------------

|                Build the list             0.65 (99.80% of List )
|                Other                      0.00 ( 0.20% of List )
|             List time                  0.65 ( 0.14% of Nonbo)
|                   Short_ene time           453.10 (100.0% of Direc)
|                   Other                      0.03 ( 0.01% of Direc)
|                Direct Ewald time        453.13 (99.88% of Ewald)
|                Other                      0.56 ( 0.12% of Ewald)
|             Ewald time               453.69 (99.86% of Nonbo)
|          Nonbond force            454.34 (98.90% of Force)
|          Bond/Angle/Dihedral        5.02 ( 1.09% of Force)
|          Other                      0.02 ( 0.01% of Force)
|       Force time               459.39 (100.0% of Runmd)
|    Runmd Time               459.39 (98.62% of Total)
|    Other                      6.41 ( 1.38% of Total)
| Total time               465.81 (100.0% of ALL  )

| Number of list builds   :          1

| Highest rstack allocated:      23360
| Highest istack allocated:       4672
|           Job began  at 22:06:31.154  on 12/21/2025
|           Setup done at 22:06:31.480  on 12/21/2025
|           Run   done at 22:14:16.960  on 12/21/2025
|     wallclock() was called   11535 times

|3D-RISM memory allocation summary
|Type          Maximum        Current   
|Integer       0.00000 GB     0.00000 GB
|Real          0.00000 GB     0.00000 GB
|Logical       0.00000 GB     0.00000 GB
|Character     0.00000 GB     0.00000 GB
|---------------------------------------
|Total         0.00000 GB     0.00000 GB
