
          -------------------------------------------------------
          Amber 22 SANDER                              2022
          -------------------------------------------------------

| Run on 12/21/2025 at 21:58:05

|   Executable path: /home/kiran/miniforge3/envs/amber_mmgbsa/bin/sander
| Working directory: /storage/kiran-stuff/aaRS/phase2/energy_scoring/mmgbsa_amber/jobs/anc_prors_cat_LEU
|          Hostname: boron

  [-O]verwriting output

File Assignments:
|  MDIN: min.in                                                                
| MDOUT: min.out                                                               
|INPCRD: complex.inpcrd                                                        
|  PARM: complex.prmtop                                                        
|RESTRT: min.rst                                                               
|  REFC: complex.inpcrd                                                        
| MDVEL: mdvel                                                                 
| MDFRC: mdfrc                                                                 
|  MDEN: mden                                                                  
| MDCRD: mdcrd                                                                 
|MDINFO: mdinfo                                                                
|  MTMD: mtmd                                                                  
|INPDIP: inpdip                                                                
|RSTDIP: rstdip                                                                
|INPTRA: inptraj                                                               


 Here is the input file:

Minimize                                                                       
 &cntrl                                                                        
  imin=1,                                                                      
  maxcyc=500,                                                                  
  ncyc=250,                                                                    
  ntb=0,                                                                       
  cut=999.0,                                                                   
  ntr=1,                                                                       
  restraint_wt=10.0,                                                           
  restraintmask='!:LIG & !@H=',                                                
 /                                                                             

--------------------------------------------------------------------------------
   1.  RESOURCE   USE: 
--------------------------------------------------------------------------------

| Flags:                                                                        
|    NONPERIODIC   ntb=0 and igb=0: Setting up nonperiodic simulation
|  *** cutoff > system size, list only builds once
|Largest sphere to fit in unit cell has radius =    60.251
| New format PARM file being parsed.
| Version =    1.000 Date = 12/21/25 Time = 21:58:05
 NATOM  =    8182 NTYPES =      21 NBONH =    4116 MBONA  =    4163
 NTHETH =    9429 MTHETA =    5628 NPHIH =   18740 MPHIA  =   17571
 NHPARM =       0 NPARM  =       0 NNB   =   45490 NRES   =     501
 NBONA  =    4163 NTHETA =    5628 NPHIA =   17571 NUMBND =      73
 NUMANG =     164 NPTRA  =     198 NATYP =      41 NPHB   =       0
 IFBOX  =       0 NMXRS  =      24 IFCAP =       0 NEXTRA =       0
 NCOPY  =       0


|     Memory Use     Allocated
|     Real             1426738
|     Hollerith          25049
|     Integer          1958400
|     Max Pairs       33468471
|     nblistReal         98184
|     nblist Int       9605644
|       Total           187919 kbytes

| Note: 1-4 EEL scale factors are being read from the topology file.

| Note: 1-4 VDW scale factors are being read from the topology file.
| Duplicated    0 dihedrals
| Duplicated    0 dihedrals

--------------------------------------------------------------------------------
   2.  CONTROL  DATA  FOR  THE  RUN
--------------------------------------------------------------------------------

default_name                                                                    

General flags:
     imin    =       1, nmropt  =       0

Nature and format of input:
     ntx     =       1, irest   =       0, ntrx    =       1

Nature and format of output:
     ntxo    =       2, ntpr    =      50, ntrx    =       1, ntwr    =       1
     iwrap   =       0, ntwx    =       0, ntwv    =       0, ntwe    =       0
     ioutfm  =       1, ntwprt  =       0, idecomp =       0, rbornstat=      0

Potential function:
     ntf     =       1, ntb     =       0, igb     =       0, nsnb    =      25
     ipol    =       0, gbsa    =       0, iesp    =       0
     dielc   =   1.00000, cut     = 999.00000, intdiel =   1.00000

Frozen or restrained atoms:
     ibelly  =       0, ntr     =       1
     restraint_wt =  10.00000

Energy minimization:
     maxcyc  =     500, ncyc    =     250, ntmin   =       1
     dx0     =   0.01000, drms    =   0.00010
|  INFO: Old style inpcrd file read


    LOADING THE CONSTRAINED ATOMS AS GROUPS


   5.  REFERENCE ATOM COORDINATES

  defa
     Mask !:LIG & !@H=; matches  4057 atoms

--------------------------------------------------------------------------------
   3.  ATOMIC COORDINATES AND VELOCITIES
--------------------------------------------------------------------------------

default_name                                                                    
 begin time read from input coords =     0.000 ps

 Number of triangulated 3-point waters found:        0

     Sum of charges from parm topology file =   5.00000283

--------------------------------------------------------------------------------
   4.  RESULTS
--------------------------------------------------------------------------------

 ---------------------------------------------------

     eedmeth=4: Setting switch to one everywhere

 ---------------------------------------------------
| Local SIZE OF NONBOND LIST =   33423395
| TOTAL SIZE OF NONBOND LIST =   33423395


   NSTEP       ENERGY          RMS            GMAX         NAME    NUMBER
      1      -7.8407E+03     4.1555E+01     4.0915E+03     OE1      6077

 BOND    =      225.0981  ANGLE   =      987.6178  DIHED      =     5580.3638
 VDWAALS =    -2819.7315  EEL     =   -36859.5997  HBOND      =        0.0000
 1-4 VDW =     1872.8728  1-4 EEL =    23172.6445  RESTRAINT  =        0.0000


   NSTEP       ENERGY          RMS            GMAX         NAME    NUMBER
     50      -9.8109E+03     1.8011E+00     3.8126E+01     C         390

 BOND    =      235.2681  ANGLE   =      888.4710  DIHED      =     5578.0678
 VDWAALS =    -4142.8798  EEL     =   -37327.6876  HBOND      =        0.0000
 1-4 VDW =     1777.8967  1-4 EEL =    23119.9063  RESTRAINT  =       60.0978
 EAMBER  =    -9870.9574


   NSTEP       ENERGY          RMS            GMAX         NAME    NUMBER
    100      -9.9818E+03     1.0670E+00     1.8127E+01     NE2      5746

 BOND    =      228.0034  ANGLE   =      897.2318  DIHED      =     5586.2382
 VDWAALS =    -4174.9970  EEL     =   -37523.7440  HBOND      =        0.0000
 1-4 VDW =     1761.9484  1-4 EEL =    23139.6594  RESTRAINT  =      103.9036
 EAMBER  =   -10085.6598


   NSTEP       ENERGY          RMS            GMAX         NAME    NUMBER
    150      -1.0067E+04     4.7668E-01     1.0484E+01     NE2      5746

 BOND    =      229.4093  ANGLE   =      906.5741  DIHED      =     5592.5321
 VDWAALS =    -4191.1596  EEL     =   -37640.9394  HBOND      =        0.0000
 1-4 VDW =     1756.8042  1-4 EEL =    23143.7240  RESTRAINT  =      136.2265
 EAMBER  =   -10203.0553


   NSTEP       ENERGY          RMS            GMAX         NAME    NUMBER
    200      -1.0122E+04     2.7334E-01     1.1258E+01     HG1      6273

 BOND    =      229.7793  ANGLE   =      909.8894  DIHED      =     5595.9304
 VDWAALS =    -4198.5148  EEL     =   -37716.0382  HBOND      =        0.0000
 1-4 VDW =     1754.2706  1-4 EEL =    23145.7836  RESTRAINT  =      156.9217
 EAMBER  =   -10278.8997


   NSTEP       ENERGY          RMS            GMAX         NAME    NUMBER
    250      -1.0156E+04     5.2332E-01     1.4407E+01     NE2      5746

 BOND    =      231.3709  ANGLE   =      911.6341  DIHED      =     5598.9263
 VDWAALS =    -4201.7097  EEL     =   -37768.2800  HBOND      =        0.0000
 1-4 VDW =     1753.1515  1-4 EEL =    23147.4405  RESTRAINT  =      171.1943
 EAMBER  =   -10327.4665


   NSTEP       ENERGY          RMS            GMAX         NAME    NUMBER
    300      -1.0221E+04     1.7833E-01     6.6114E+00     HG1      4075

 BOND    =      232.1030  ANGLE   =      917.9908  DIHED      =     5613.9243
 VDWAALS =    -4213.3368  EEL     =   -37888.5995  HBOND      =        0.0000
 1-4 VDW =     1751.9896  1-4 EEL =    23148.1234  RESTRAINT  =      216.7113
 EAMBER  =   -10437.8052


   NSTEP       ENERGY          RMS            GMAX         NAME    NUMBER
    350      -1.0246E+04     3.7903E-01     1.5922E+01     CG       7780

 BOND    =      233.9379  ANGLE   =      918.9519  DIHED      =     5615.7733
 VDWAALS =    -4211.2927  EEL     =   -37933.1243  HBOND      =        0.0000
 1-4 VDW =     1751.6068  1-4 EEL =    23153.5368  RESTRAINT  =      224.7335
 EAMBER  =   -10470.6102


   NSTEP       ENERGY          RMS            GMAX         NAME    NUMBER
    400      -1.0266E+04     2.2165E-01     5.6559E+00     CG2      4070

 BOND    =      233.5963  ANGLE   =      918.6956  DIHED      =     5610.2235
 VDWAALS =    -4211.7906  EEL     =   -37948.5540  HBOND      =        0.0000
 1-4 VDW =     1752.0027  1-4 EEL =    23151.6066  RESTRAINT  =      228.2724
 EAMBER  =   -10494.2200


   NSTEP       ENERGY          RMS            GMAX         NAME    NUMBER
    450      -1.0280E+04     2.1992E-01     5.8020E+00     HH       7559

 BOND    =      233.5969  ANGLE   =      917.8288  DIHED      =     5605.5336
 VDWAALS =    -4211.6623  EEL     =   -37958.7569  HBOND      =        0.0000
 1-4 VDW =     1752.3579  1-4 EEL =    23151.8479  RESTRAINT  =      229.0153
 EAMBER  =   -10509.2541


   NSTEP       ENERGY          RMS            GMAX         NAME    NUMBER
    500      -1.0288E+04     1.1173E-01     2.7076E+00     CG       7780

 BOND    =      233.7790  ANGLE   =      917.3312  DIHED      =     5605.6483
 VDWAALS =    -4209.5165  EEL     =   -37969.3311  HBOND      =        0.0000
 1-4 VDW =     1752.7366  1-4 EEL =    23151.9864  RESTRAINT  =      229.5463
 EAMBER  =   -10517.3661


  Maximum number of minimization cycles reached.


                    FINAL RESULTS



   NSTEP       ENERGY          RMS            GMAX         NAME    NUMBER
    500      -1.0288E+04     1.1173E-01     2.7076E+00     CG       7780

 BOND    =      233.7790  ANGLE   =      917.3312  DIHED      =     5605.6483
 VDWAALS =    -4209.5165  EEL     =   -37969.3311  HBOND      =        0.0000
 1-4 VDW =     1752.7366  1-4 EEL =    23151.9864  RESTRAINT  =      229.5463
 EAMBER  =   -10517.3661

--------------------------------------------------------------------------------
   5.  TIMINGS
--------------------------------------------------------------------------------

|                Build the list             1.08 (99.86% of List )
|                Other                      0.00 ( 0.14% of List )
|             List time                  1.08 ( 0.08% of Nonbo)
|                   Short_ene time          1307.93 (100.0% of Direc)
|                Direct Ewald time       1307.98 (100.0% of Ewald)
|                Other                      0.81 ( 0.06% of Ewald)
|             Ewald time              1308.79 (100.0% of Nonbo)
|          Nonbond force           1309.87 (99.37% of Force)
|          Bond/Angle/Dihedral        8.24 ( 0.62% of Force)
|       Force time              1318.17 (100.0% of Runmd)
|    Runmd Time              1318.17 (99.35% of Total)
|    Other                      8.60 ( 0.65% of Total)
| Total time              1326.78 (100.0% of ALL  )

| Number of list builds   :          1

| Highest rstack allocated:      40870
| Highest istack allocated:       8174
|           Job began  at 21:58:05.534  on 12/21/2025
|           Setup done at 21:58:06.173  on 12/21/2025
|           Run   done at 22:20:12.317  on 12/21/2025
|     wallclock() was called   11535 times

|3D-RISM memory allocation summary
|Type          Maximum        Current   
|Integer       0.00000 GB     0.00000 GB
|Real          0.00000 GB     0.00000 GB
|Logical       0.00000 GB     0.00000 GB
|Character     0.00000 GB     0.00000 GB
|---------------------------------------
|Total         0.00000 GB     0.00000 GB
