
          -------------------------------------------------------
          Amber 22 SANDER                              2022
          -------------------------------------------------------

| Run on 12/21/2025 at 22:21:38

|   Executable path: /home/kiran/miniforge3/envs/amber_mmgbsa/bin/sander
| Working directory: /storage/kiran-stuff/aaRS/phase2/energy_scoring/mmgbsa_amber/jobs/modern_thrrs_THR
|          Hostname: boron

  [-O]verwriting output

File Assignments:
|  MDIN: min.in                                                                
| MDOUT: min.out                                                               
|INPCRD: complex.inpcrd                                                        
|  PARM: complex.prmtop                                                        
|RESTRT: min.rst                                                               
|  REFC: complex.inpcrd                                                        
| MDVEL: mdvel                                                                 
| MDFRC: mdfrc                                                                 
|  MDEN: mden                                                                  
| MDCRD: mdcrd                                                                 
|MDINFO: mdinfo                                                                
|  MTMD: mtmd                                                                  
|INPDIP: inpdip                                                                
|RSTDIP: rstdip                                                                
|INPTRA: inptraj                                                               


 Here is the input file:

Minimize                                                                       
 &cntrl                                                                        
  imin=1,                                                                      
  maxcyc=500,                                                                  
  ncyc=250,                                                                    
  ntb=0,                                                                       
  cut=999.0,                                                                   
  ntr=1,                                                                       
  restraint_wt=10.0,                                                           
  restraintmask='!:LIG & !@H=',                                                
 /                                                                             

--------------------------------------------------------------------------------
   1.  RESOURCE   USE: 
--------------------------------------------------------------------------------

| Flags:                                                                        
|    NONPERIODIC   ntb=0 and igb=0: Setting up nonperiodic simulation
|  *** cutoff > system size, list only builds once
|Largest sphere to fit in unit cell has radius =    63.292
| New format PARM file being parsed.
| Version =    1.000 Date = 12/21/25 Time = 22:21:37
 NATOM  =   10325 NTYPES =      21 NBONH =    5196 MBONA  =    5218
 NTHETH =   11889 MTHETA =    7059 NPHIH =   23566 MPHIA  =   22345
 NHPARM =       0 NPARM  =       0 NNB   =   57163 NRES   =     664
 NBONA  =    5218 NTHETA =    7059 NPHIA =   22345 NUMBND =      73
 NUMANG =     165 NPTRA  =     198 NATYP =      41 NPHB   =       0
 IFBOX  =       0 NMXRS  =      24 IFCAP =       0 NEXTRA =       0
 NCOPY  =       0


|     Memory Use     Allocated
|     Real             1602702
|     Hollerith          31641
|     Integer          2467890
|     Max Pairs       53297650
|     nblistReal        123900
|     nblist Int      14079335
|       Total           286444 kbytes

| Note: 1-4 EEL scale factors are being read from the topology file.

| Note: 1-4 VDW scale factors are being read from the topology file.
| Duplicated    0 dihedrals
| Duplicated    0 dihedrals

--------------------------------------------------------------------------------
   2.  CONTROL  DATA  FOR  THE  RUN
--------------------------------------------------------------------------------

default_name                                                                    

General flags:
     imin    =       1, nmropt  =       0

Nature and format of input:
     ntx     =       1, irest   =       0, ntrx    =       1

Nature and format of output:
     ntxo    =       2, ntpr    =      50, ntrx    =       1, ntwr    =       1
     iwrap   =       0, ntwx    =       0, ntwv    =       0, ntwe    =       0
     ioutfm  =       1, ntwprt  =       0, idecomp =       0, rbornstat=      0

Potential function:
     ntf     =       1, ntb     =       0, igb     =       0, nsnb    =      25
     ipol    =       0, gbsa    =       0, iesp    =       0
     dielc   =   1.00000, cut     = 999.00000, intdiel =   1.00000

Frozen or restrained atoms:
     ibelly  =       0, ntr     =       1
     restraint_wt =  10.00000

Energy minimization:
     maxcyc  =     500, ncyc    =     250, ntmin   =       1
     dx0     =   0.01000, drms    =   0.00010
|  INFO: Old style inpcrd file read


    LOADING THE CONSTRAINED ATOMS AS GROUPS


   5.  REFERENCE ATOM COORDINATES

  defa
     Mask !:LIG & !@H=; matches  5121 atoms

--------------------------------------------------------------------------------
   3.  ATOMIC COORDINATES AND VELOCITIES
--------------------------------------------------------------------------------

default_name                                                                    
 begin time read from input coords =     0.000 ps

 Number of triangulated 3-point waters found:        0

     Sum of charges from parm topology file = -17.00000128

--------------------------------------------------------------------------------
   4.  RESULTS
--------------------------------------------------------------------------------

 ---------------------------------------------------

     eedmeth=4: Setting switch to one everywhere

 ---------------------------------------------------
| Local SIZE OF NONBOND LIST =   53240989
| TOTAL SIZE OF NONBOND LIST =   53240989


   NSTEP       ENERGY          RMS            GMAX         NAME    NUMBER
      1       3.2512E+04     1.7650E+03     1.7809E+05     HB3      6196

 BOND    =      304.7852  ANGLE   =     1173.5240  DIHED      =     7564.2373
 VDWAALS =    39206.1261  EEL     =   -45157.3563  HBOND      =        0.0000
 1-4 VDW =     2492.6590  1-4 EEL =    26928.5200  RESTRAINT  =        0.0000


   NSTEP       ENERGY          RMS            GMAX         NAME    NUMBER
     50      -1.1043E+04     1.1131E+00     1.4805E+01     HG       7363

 BOND    =      342.3881  ANGLE   =     1330.3447  DIHED      =     7643.0174
 VDWAALS =    -4132.7488  EEL     =   -45578.4235  HBOND      =        0.0000
 1-4 VDW =     2446.8937  1-4 EEL =    26736.1222  RESTRAINT  =      169.4270
 EAMBER  =   -11212.4061


   NSTEP       ENERGY          RMS            GMAX         NAME    NUMBER
    100      -1.1575E+04     5.2599E-01     1.1335E+01     CD       2623

 BOND    =      319.6838  ANGLE   =     1280.0730  DIHED      =     7651.2832
 VDWAALS =    -4414.8932  EEL     =   -45862.1158  HBOND      =        0.0000
 1-4 VDW =     2385.1649  1-4 EEL =    26752.1423  RESTRAINT  =      314.1544
 EAMBER  =   -11888.6617


   NSTEP       ENERGY          RMS            GMAX         NAME    NUMBER
    150      -1.1752E+04     3.4733E-01     8.0375E+00     HG1      5412

 BOND    =      313.5167  ANGLE   =     1271.5988  DIHED      =     7658.7434
 VDWAALS =    -4511.4372  EEL     =   -45996.3491  HBOND      =        0.0000
 1-4 VDW =     2360.3645  1-4 EEL =    26754.7277  RESTRAINT  =      396.8221
 EAMBER  =   -12148.8351


   NSTEP       ENERGY          RMS            GMAX         NAME    NUMBER
    200      -1.1845E+04     2.6084E-01     7.2142E+00     HG1      5412

 BOND    =      312.2287  ANGLE   =     1269.8894  DIHED      =     7665.3276
 VDWAALS =    -4561.3639  EEL     =   -46081.8713  HBOND      =        0.0000
 1-4 VDW =     2347.4623  1-4 EEL =    26752.8087  RESTRAINT  =      450.0904
 EAMBER  =   -12295.5185


   NSTEP       ENERGY          RMS            GMAX         NAME    NUMBER
    250      -1.1899E+04     4.7870E-01     1.5760E+01     CD       2623

 BOND    =      312.4743  ANGLE   =     1270.0347  DIHED      =     7671.9595
 VDWAALS =    -4590.4587  EEL     =   -46141.2286  HBOND      =        0.0000
 1-4 VDW =     2340.4348  1-4 EEL =    26751.0288  RESTRAINT  =      486.5767
 EAMBER  =   -12385.7552


   NSTEP       ENERGY          RMS            GMAX         NAME    NUMBER
    300      -1.2041E+04     3.8915E-01     2.4960E+01     CG       7882

 BOND    =      312.2095  ANGLE   =     1272.6647  DIHED      =     7693.3406
 VDWAALS =    -4662.6497  EEL     =   -46348.4349  HBOND      =        0.0000
 1-4 VDW =     2328.6594  1-4 EEL =    26739.6588  RESTRAINT  =      623.1856
 EAMBER  =   -12664.5515


   NSTEP       ENERGY          RMS            GMAX         NAME    NUMBER
    350      -1.2072E+04     2.2582E-01     6.5144E+00     CG2       969

 BOND    =      312.2553  ANGLE   =     1270.5222  DIHED      =     7693.0623
 VDWAALS =    -4663.1685  EEL     =   -46384.2457  HBOND      =        0.0000
 1-4 VDW =     2327.7648  1-4 EEL =    26739.1343  RESTRAINT  =      632.9306
 EAMBER  =   -12704.6753


   NSTEP       ENERGY          RMS            GMAX         NAME    NUMBER
    400      -1.2088E+04     2.4294E-01     9.5727E+00     CG2       969

 BOND    =      312.1154  ANGLE   =     1269.0336  DIHED      =     7692.9510
 VDWAALS =    -4663.8383  EEL     =   -46404.1247  HBOND      =        0.0000
 1-4 VDW =     2327.4429  1-4 EEL =    26739.0214  RESTRAINT  =      639.2387
 EAMBER  =   -12727.3986


   NSTEP       ENERGY          RMS            GMAX         NAME    NUMBER
    450      -1.2099E+04     1.1508E-01     2.7696E+00     CE1      5174

 BOND    =      311.4149  ANGLE   =     1267.1542  DIHED      =     7694.7628
 VDWAALS =    -4664.1233  EEL     =   -46416.5751  HBOND      =        0.0000
 1-4 VDW =     2327.2252  1-4 EEL =    26739.5625  RESTRAINT  =      642.0722
 EAMBER  =   -12740.5789


   NSTEP       ENERGY          RMS            GMAX         NAME    NUMBER
    500      -1.2106E+04     9.5842E-02     3.2120E+00     HH       5178

 BOND    =      311.2451  ANGLE   =     1266.7143  DIHED      =     7697.3804
 VDWAALS =    -4667.9229  EEL     =   -46423.3846  HBOND      =        0.0000
 1-4 VDW =     2327.0971  1-4 EEL =    26738.0927  RESTRAINT  =      645.2123
 EAMBER  =   -12750.7779


  Maximum number of minimization cycles reached.


                    FINAL RESULTS



   NSTEP       ENERGY          RMS            GMAX         NAME    NUMBER
    500      -1.2106E+04     9.5842E-02     3.2120E+00     HH       5178

 BOND    =      311.2451  ANGLE   =     1266.7143  DIHED      =     7697.3804
 VDWAALS =    -4667.9229  EEL     =   -46423.3846  HBOND      =        0.0000
 1-4 VDW =     2327.0971  1-4 EEL =    26738.0927  RESTRAINT  =      645.2123
 EAMBER  =   -12750.7779

--------------------------------------------------------------------------------
   5.  TIMINGS
--------------------------------------------------------------------------------

|                Build the list             2.06 (99.89% of List )
|                Other                      0.00 ( 0.11% of List )
|             List time                  2.06 ( 0.11% of Nonbo)
|                   Short_ene time          1807.83 (100.0% of Direc)
|                   Other                      0.10 ( 0.01% of Direc)
|                Direct Ewald time       1807.92 (100.0% of Ewald)
|                Other                      0.92 ( 0.05% of Ewald)
|             Ewald time              1808.84 (99.89% of Nonbo)
|          Nonbond force           1810.91 (99.50% of Force)
|          Bond/Angle/Dihedral        8.92 ( 0.49% of Force)
|          Other                      0.11 ( 0.01% of Force)
|       Force time              1819.94 (100.0% of Runmd)
|    Runmd Time              1819.94 (99.50% of Total)
|    Other                      9.11 ( 0.50% of Total)
| Total time              1829.11 (100.0% of ALL  )

| Number of list builds   :          1

| Highest rstack allocated:      51590
| Highest istack allocated:      10318
|           Job began  at 22:21:38.156  on 12/21/2025
|           Setup done at 22:21:38.945  on 12/21/2025
|           Run   done at 22:52:07.267  on 12/21/2025
|     wallclock() was called   11535 times

|3D-RISM memory allocation summary
|Type          Maximum        Current   
|Integer       0.00000 GB     0.00000 GB
|Real          0.00000 GB     0.00000 GB
|Logical       0.00000 GB     0.00000 GB
|Character     0.00000 GB     0.00000 GB
|---------------------------------------
|Total         0.00000 GB     0.00000 GB
