
          -------------------------------------------------------
          Amber 22 SANDER                              2022
          -------------------------------------------------------

| Run on 12/21/2025 at 22:39:20

|   Executable path: /home/kiran/miniforge3/envs/amber_mmgbsa/bin/sander
| Working directory: /storage/kiran-stuff/aaRS/phase2/energy_scoring/mmgbsa_amber/jobs/modern_thrrs_thr
|          Hostname: boron

  [-O]verwriting output

File Assignments:
|  MDIN: min.in                                                                
| MDOUT: min.out                                                               
|INPCRD: complex.inpcrd                                                        
|  PARM: complex.prmtop                                                        
|RESTRT: min.rst                                                               
|  REFC: complex.inpcrd                                                        
| MDVEL: mdvel                                                                 
| MDFRC: mdfrc                                                                 
|  MDEN: mden                                                                  
| MDCRD: mdcrd                                                                 
|MDINFO: mdinfo                                                                
|  MTMD: mtmd                                                                  
|INPDIP: inpdip                                                                
|RSTDIP: rstdip                                                                
|INPTRA: inptraj                                                               


 Here is the input file:

Minimize                                                                       
 &cntrl                                                                        
  imin=1,                                                                      
  maxcyc=500,                                                                  
  ncyc=250,                                                                    
  ntb=0,                                                                       
  cut=999.0,                                                                   
  ntr=1,                                                                       
  restraint_wt=10.0,                                                           
  restraintmask='!:LIG & !@H=',                                                
 /                                                                             

--------------------------------------------------------------------------------
   1.  RESOURCE   USE: 
--------------------------------------------------------------------------------

| Flags:                                                                        
|    NONPERIODIC   ntb=0 and igb=0: Setting up nonperiodic simulation
|  *** cutoff > system size, list only builds once
|Largest sphere to fit in unit cell has radius =    69.569
| New format PARM file being parsed.
| Version =    1.000 Date = 12/21/25 Time = 22:39:19
 NATOM  =    8228 NTYPES =      21 NBONH =    4102 MBONA  =    4227
 NTHETH =    9345 MTHETA =    5693 NPHIH =   18891 MPHIA  =   17755
 NHPARM =       0 NPARM  =       0 NNB   =   45484 NRES   =     501
 NBONA  =    4227 NTHETA =    5693 NPHIA =   17755 NUMBND =      73
 NUMANG =     165 NPTRA  =     198 NATYP =      41 NPHB   =       0
 IFBOX  =       0 NMXRS  =      24 IFCAP =       0 NEXTRA =       0
 NCOPY  =       0


|     Memory Use     Allocated
|     Real             1430320
|     Hollerith          25187
|     Integer          1972687
|     Max Pairs       33845878
|     nblistReal         98736
|     nblist Int       9790292
|       Total           190203 kbytes

| Note: 1-4 EEL scale factors are being read from the topology file.

| Note: 1-4 VDW scale factors are being read from the topology file.
| Duplicated    0 dihedrals
| Duplicated    0 dihedrals

--------------------------------------------------------------------------------
   2.  CONTROL  DATA  FOR  THE  RUN
--------------------------------------------------------------------------------

default_name                                                                    

General flags:
     imin    =       1, nmropt  =       0

Nature and format of input:
     ntx     =       1, irest   =       0, ntrx    =       1

Nature and format of output:
     ntxo    =       2, ntpr    =      50, ntrx    =       1, ntwr    =       1
     iwrap   =       0, ntwx    =       0, ntwv    =       0, ntwe    =       0
     ioutfm  =       1, ntwprt  =       0, idecomp =       0, rbornstat=      0

Potential function:
     ntf     =       1, ntb     =       0, igb     =       0, nsnb    =      25
     ipol    =       0, gbsa    =       0, iesp    =       0
     dielc   =   1.00000, cut     = 999.00000, intdiel =   1.00000

Frozen or restrained atoms:
     ibelly  =       0, ntr     =       1
     restraint_wt =  10.00000

Energy minimization:
     maxcyc  =     500, ncyc    =     250, ntmin   =       1
     dx0     =   0.01000, drms    =   0.00010
|  INFO: Old style inpcrd file read


    LOADING THE CONSTRAINED ATOMS AS GROUPS


   5.  REFERENCE ATOM COORDINATES

  defa
     Mask !:LIG & !@H=; matches  4118 atoms

--------------------------------------------------------------------------------
   3.  ATOMIC COORDINATES AND VELOCITIES
--------------------------------------------------------------------------------

default_name                                                                    
 begin time read from input coords =     0.000 ps

 Number of triangulated 3-point waters found:        0

     Sum of charges from parm topology file =   9.99999880

--------------------------------------------------------------------------------
   4.  RESULTS
--------------------------------------------------------------------------------

 ---------------------------------------------------

     eedmeth=4: Setting switch to one everywhere

 ---------------------------------------------------
| Local SIZE OF NONBOND LIST =   33800822
| TOTAL SIZE OF NONBOND LIST =   33800822


   NSTEP       ENERGY          RMS            GMAX         NAME    NUMBER
      1      -8.7328E+03     1.2132E+01     5.9008E+02     NH2      6458

 BOND    =      211.3623  ANGLE   =      921.6940  DIHED      =     5527.0319
 VDWAALS =    -3317.1600  EEL     =   -34723.5104  HBOND      =        0.0000
 1-4 VDW =     2331.6986  1-4 EEL =    20316.0781  RESTRAINT  =        0.0000


   NSTEP       ENERGY          RMS            GMAX         NAME    NUMBER
     50      -1.0797E+04     1.8698E+00     7.6375E+01     CD       7695

 BOND    =      212.7202  ANGLE   =      854.6497  DIHED      =     5593.7515
 VDWAALS =    -4176.9407  EEL     =   -35100.7762  HBOND      =        0.0000
 1-4 VDW =     1936.2193  1-4 EEL =    19771.1452  RESTRAINT  =      112.0862
 EAMBER  =   -10909.2310


   NSTEP       ENERGY          RMS            GMAX         NAME    NUMBER
    100      -1.1013E+04     1.1775E+00     6.2311E+01     CD        202

 BOND    =      214.0615  ANGLE   =      896.1689  DIHED      =     5611.8736
 VDWAALS =    -4231.8641  EEL     =   -35251.9859  HBOND      =        0.0000
 1-4 VDW =     1870.9652  1-4 EEL =    19695.5646  RESTRAINT  =      182.4567
 EAMBER  =   -11195.2163


   NSTEP       ENERGY          RMS            GMAX         NAME    NUMBER
    150      -1.1099E+04     4.6808E-01     6.9874E+00     HG       1375

 BOND    =      215.6182  ANGLE   =      908.6779  DIHED      =     5623.9241
 VDWAALS =    -4255.0158  EEL     =   -35333.5906  HBOND      =        0.0000
 1-4 VDW =     1850.4199  1-4 EEL =    19666.2035  RESTRAINT  =      224.5540
 EAMBER  =   -11323.7629


   NSTEP       ENERGY          RMS            GMAX         NAME    NUMBER
    200      -1.1150E+04     2.7902E-01     9.0967E+00     HG       2725

 BOND    =      218.1020  ANGLE   =      919.1452  DIHED      =     5632.3330
 VDWAALS =    -4267.9432  EEL     =   -35397.9571  HBOND      =        0.0000
 1-4 VDW =     1840.8641  1-4 EEL =    19651.8504  RESTRAINT  =      253.3041
 EAMBER  =   -11403.6055


   NSTEP       ENERGY          RMS            GMAX         NAME    NUMBER
    250      -1.1187E+04     5.0203E-01     7.9123E+00     HG       4794

 BOND    =      220.1470  ANGLE   =      924.5190  DIHED      =     5637.2190
 VDWAALS =    -4275.3453  EEL     =   -35447.9477  HBOND      =        0.0000
 1-4 VDW =     1836.2858  1-4 EEL =    19644.7134  RESTRAINT  =      273.2736
 EAMBER  =   -11460.4087


   NSTEP       ENERGY          RMS            GMAX         NAME    NUMBER
    300      -1.1270E+04     3.7578E-01     1.6123E+01     CD       3429

 BOND    =      221.2483  ANGLE   =      933.9478  DIHED      =     5655.1720
 VDWAALS =    -4293.4366  EEL     =   -35589.9916  HBOND      =        0.0000
 1-4 VDW =     1831.1384  1-4 EEL =    19634.6570  RESTRAINT  =      337.7362
 EAMBER  =   -11607.2647


   NSTEP       ENERGY          RMS            GMAX         NAME    NUMBER
    350      -1.1312E+04     2.5220E-01     7.0199E+00     HH       7716

 BOND    =      222.5757  ANGLE   =      933.6819  DIHED      =     5651.0966
 VDWAALS =    -4291.4821  EEL     =   -35638.5962  HBOND      =        0.0000
 1-4 VDW =     1830.2661  1-4 EEL =    19633.2780  RESTRAINT  =      346.7682
 EAMBER  =   -11659.1800


   NSTEP       ENERGY          RMS            GMAX         NAME    NUMBER
    400      -1.1327E+04     1.7772E-01     4.7552E+00     OG1      4745

 BOND    =      222.1878  ANGLE   =      933.5509  DIHED      =     5649.9832
 VDWAALS =    -4291.9655  EEL     =   -35658.4263  HBOND      =        0.0000
 1-4 VDW =     1831.1950  1-4 EEL =    19634.3278  RESTRAINT  =      351.7174
 EAMBER  =   -11679.1472


   NSTEP       ENERGY          RMS            GMAX         NAME    NUMBER
    450      -1.1336E+04     1.6683E-01     7.1737E+00     CD       3429

 BOND    =      222.2178  ANGLE   =      933.4481  DIHED      =     5648.2223
 VDWAALS =    -4291.9937  EEL     =   -35669.8861  HBOND      =        0.0000
 1-4 VDW =     1831.2696  1-4 EEL =    19635.0743  RESTRAINT  =      355.8410
 EAMBER  =   -11691.6478


   NSTEP       ENERGY          RMS            GMAX         NAME    NUMBER
    500      -1.1341E+04     1.4722E-01     5.2287E+00     CD       3429

 BOND    =      222.2293  ANGLE   =      933.6041  DIHED      =     5646.9033
 VDWAALS =    -4292.2038  EEL     =   -35676.6284  HBOND      =        0.0000
 1-4 VDW =     1831.4474  1-4 EEL =    19634.6386  RESTRAINT  =      359.1143
 EAMBER  =   -11700.0095


  Maximum number of minimization cycles reached.


                    FINAL RESULTS



   NSTEP       ENERGY          RMS            GMAX         NAME    NUMBER
    500      -1.1341E+04     1.4722E-01     5.2287E+00     CD       3429

 BOND    =      222.2293  ANGLE   =      933.6041  DIHED      =     5646.9033
 VDWAALS =    -4292.2038  EEL     =   -35676.6284  HBOND      =        0.0000
 1-4 VDW =     1831.4474  1-4 EEL =    19634.6386  RESTRAINT  =      359.1143
 EAMBER  =   -11700.0095

--------------------------------------------------------------------------------
   5.  TIMINGS
--------------------------------------------------------------------------------

|    Read coords time           0.05 ( 0.01% of Total)
|                Build the list             1.23 (99.84% of List )
|                Other                      0.00 ( 0.16% of List )
|             List time                  1.23 ( 0.13% of Nonbo)
|                   Short_ene time           923.80 (100.0% of Direc)
|                   Other                      0.05 ( 0.01% of Direc)
|                Direct Ewald time        923.85 (100.0% of Ewald)
|                Other                      0.58 ( 0.06% of Ewald)
|             Ewald time               924.42 (99.87% of Nonbo)
|          Nonbond force            925.66 (99.34% of Force)
|          Bond/Angle/Dihedral        6.08 ( 0.65% of Force)
|          Other                      0.06 ( 0.01% of Force)
|       Force time               931.79 (100.0% of Runmd)
|    Runmd Time               931.79 (99.47% of Total)
|    Other                      4.87 ( 0.52% of Total)
| Total time               936.71 (100.0% of ALL  )

| Number of list builds   :          1

| Highest rstack allocated:      41110
| Highest istack allocated:       8222
|           Job began  at 22:39:20.287  on 12/21/2025
|           Setup done at 22:39:20.921  on 12/21/2025
|           Run   done at 22:54:56.998  on 12/21/2025
|     wallclock() was called   11535 times

|3D-RISM memory allocation summary
|Type          Maximum        Current   
|Integer       0.00000 GB     0.00000 GB
|Real          0.00000 GB     0.00000 GB
|Logical       0.00000 GB     0.00000 GB
|Character     0.00000 GB     0.00000 GB
|---------------------------------------
|Total         0.00000 GB     0.00000 GB
