
          -------------------------------------------------------
          Amber 22 SANDER                              2022
          -------------------------------------------------------

| Run on 12/21/2025 at 22:12:31

|   Executable path: /home/kiran/miniforge3/envs/amber_mmgbsa/bin/sander
| Working directory: /storage/kiran-stuff/aaRS/phase2/energy_scoring/mmgbsa_amber/jobs/fulllength_shallow_thr
|          Hostname: boron

  [-O]verwriting output

File Assignments:
|  MDIN: min.in                                                                
| MDOUT: min.out                                                               
|INPCRD: complex.inpcrd                                                        
|  PARM: complex.prmtop                                                        
|RESTRT: min.rst                                                               
|  REFC: complex.inpcrd                                                        
| MDVEL: mdvel                                                                 
| MDFRC: mdfrc                                                                 
|  MDEN: mden                                                                  
| MDCRD: mdcrd                                                                 
|MDINFO: mdinfo                                                                
|  MTMD: mtmd                                                                  
|INPDIP: inpdip                                                                
|RSTDIP: rstdip                                                                
|INPTRA: inptraj                                                               


 Here is the input file:

Minimize                                                                       
 &cntrl                                                                        
  imin=1,                                                                      
  maxcyc=500,                                                                  
  ncyc=250,                                                                    
  ntb=0,                                                                       
  cut=999.0,                                                                   
  ntr=1,                                                                       
  restraint_wt=10.0,                                                           
  restraintmask='!:LIG & !@H=',                                                
 /                                                                             

--------------------------------------------------------------------------------
   1.  RESOURCE   USE: 
--------------------------------------------------------------------------------

| Flags:                                                                        
|    NONPERIODIC   ntb=0 and igb=0: Setting up nonperiodic simulation
|  *** cutoff > system size, list only builds once
|Largest sphere to fit in unit cell has radius =    97.671
| New format PARM file being parsed.
| Version =    1.000 Date = 12/21/25 Time = 22:12:30
 NATOM  =   29960 NTYPES =      21 NBONH =   14991 MBONA  =   15281
 NTHETH =   34320 MTHETA =   20686 NPHIH =   68757 MPHIA  =   65447
 NHPARM =       0 NPARM  =       0 NNB   =  166280 NRES   =    1909
 NBONA  =   15281 NTHETA =   20686 NPHIA =   65447 NUMBND =      73
 NUMANG =     165 NPTRA  =     198 NATYP =      41 NPHB   =       0
 IFBOX  =       0 NMXRS  =      24 IFCAP =       0 NEXTRA =       0
 NCOPY  =       0


|     Memory Use     Allocated
|     Real             3214447
|     Hollerith          91791
|     Integer          7165332
|     Max Pairs      448785820
|     nblistReal        359520
|     nblist Int      28126375
|       Total          1919208 kbytes

| Note: 1-4 EEL scale factors are being read from the topology file.

| Note: 1-4 VDW scale factors are being read from the topology file.
| Duplicated    0 dihedrals
| Duplicated    0 dihedrals

--------------------------------------------------------------------------------
   2.  CONTROL  DATA  FOR  THE  RUN
--------------------------------------------------------------------------------

default_name                                                                    

General flags:
     imin    =       1, nmropt  =       0

Nature and format of input:
     ntx     =       1, irest   =       0, ntrx    =       1

Nature and format of output:
     ntxo    =       2, ntpr    =      50, ntrx    =       1, ntwr    =       1
     iwrap   =       0, ntwx    =       0, ntwv    =       0, ntwe    =       0
     ioutfm  =       1, ntwprt  =       0, idecomp =       0, rbornstat=      0

Potential function:
     ntf     =       1, ntb     =       0, igb     =       0, nsnb    =      25
     ipol    =       0, gbsa    =       0, iesp    =       0
     dielc   =   1.00000, cut     = 999.00000, intdiel =   1.00000

Frozen or restrained atoms:
     ibelly  =       0, ntr     =       1
     restraint_wt =  10.00000

Energy minimization:
     maxcyc  =     500, ncyc    =     250, ntmin   =       1
     dx0     =   0.01000, drms    =   0.00010
|  INFO: Old style inpcrd file read


    LOADING THE CONSTRAINED ATOMS AS GROUPS


   5.  REFERENCE ATOM COORDINATES

  defa
     Mask !:LIG & !@H=; matches 14961 atoms

--------------------------------------------------------------------------------
   3.  ATOMIC COORDINATES AND VELOCITIES
--------------------------------------------------------------------------------

default_name                                                                    
 begin time read from input coords =     0.000 ps

 Number of triangulated 3-point waters found:        0

     Sum of charges from parm topology file = -10.00000181

--------------------------------------------------------------------------------
   4.  RESULTS
--------------------------------------------------------------------------------

 ---------------------------------------------------

     eedmeth=4: Setting switch to one everywhere

 ---------------------------------------------------
| Local SIZE OF NONBOND LIST =  448621075
| TOTAL SIZE OF NONBOND LIST =  448621075


   NSTEP       ENERGY          RMS            GMAX         NAME    NUMBER
      1       1.9998E+09     2.7180E+08     4.5262E+10     O        1664

 BOND    =      767.0891  ANGLE   =     3373.0040  DIHED      =    22330.0023
 VDWAALS = *************  EEL     =  -135017.7495  HBOND      =        0.0000
 1-4 VDW =     7313.7595  1-4 EEL =    89567.1552  RESTRAINT  =        0.0000


   NSTEP       ENERGY          RMS            GMAX         NAME    NUMBER
     50      -2.7042E+04     1.4991E+00     8.2320E+01     C        1663

 BOND    =      791.9668  ANGLE   =     3335.7236  DIHED      =    22379.5029
 VDWAALS =   -13667.4514  EEL     =  -136335.6481  HBOND      =        0.0000
 1-4 VDW =     6958.5803  1-4 EEL =    89158.3290  RESTRAINT  =      337.2203
 EAMBER  =   -27378.9969


   NSTEP       ENERGY          RMS            GMAX         NAME    NUMBER
    100      -2.8174E+04     1.4728E+00     1.3920E+02     CD      20435

 BOND    =      802.7093  ANGLE   =     3330.4108  DIHED      =    22412.1884
 VDWAALS =   -14069.6304  EEL     =  -137260.9559  HBOND      =        0.0000
 1-4 VDW =     6797.6641  1-4 EEL =    89173.6899  RESTRAINT  =      639.8405
 EAMBER  =   -28813.9238


   NSTEP       ENERGY          RMS            GMAX         NAME    NUMBER
    150      -2.8644E+04     7.8591E-01     6.3446E+01     CD      20435

 BOND    =      799.5328  ANGLE   =     3357.6647  DIHED      =    22430.1326
 VDWAALS =   -14202.8693  EEL     =  -137760.0425  HBOND      =        0.0000
 1-4 VDW =     6745.2548  1-4 EEL =    89175.3756  RESTRAINT  =      811.3840
 EAMBER  =   -29454.9513


   NSTEP       ENERGY          RMS            GMAX         NAME    NUMBER
    200      -2.8917E+04     2.7158E-01     1.0575E+01     HG1      4817

 BOND    =      793.3422  ANGLE   =     3364.0447  DIHED      =    22442.7962
 VDWAALS =   -14266.2674  EEL     =  -138073.2274  HBOND      =        0.0000
 1-4 VDW =     6722.6081  1-4 EEL =    89178.3880  RESTRAINT  =      921.6375
 EAMBER  =   -29838.3156


   NSTEP       ENERGY          RMS            GMAX         NAME    NUMBER
    250      -2.9096E+04     7.1759E-01     1.1228E+02     CD      20435

 BOND    =      802.9329  ANGLE   =     3371.5148  DIHED      =    22448.2388
 VDWAALS =   -14302.2946  EEL     =  -138309.5185  HBOND      =        0.0000
 1-4 VDW =     6710.3387  1-4 EEL =    89182.0086  RESTRAINT  =     1000.7956
 EAMBER  =   -30096.7794


   NSTEP       ENERGY          RMS            GMAX         NAME    NUMBER
    300      -2.9506E+04     4.2680E-01     4.9330E+01     CD      20435

 BOND    =      810.0256  ANGLE   =     3400.1245  DIHED      =    22468.4011
 VDWAALS =   -14385.9693  EEL     =  -138940.6785  HBOND      =        0.0000
 1-4 VDW =     6693.3236  1-4 EEL =    89194.1287  RESTRAINT  =     1254.2411
 EAMBER  =   -30760.6442
