
          -------------------------------------------------------
          Amber 22 SANDER                              2022
          -------------------------------------------------------

| Run on 12/21/2025 at 21:58:02

|   Executable path: /home/kiran/miniforge3/envs/amber_mmgbsa/bin/sander
| Working directory: /storage/kiran-stuff/aaRS/phase2/energy_scoring/mmgbsa_amber/jobs/anc_prors_edit_TYR
|          Hostname: boron

  [-O]verwriting output

File Assignments:
|  MDIN: min.in                                                                
| MDOUT: min.out                                                               
|INPCRD: complex.inpcrd                                                        
|  PARM: complex.prmtop                                                        
|RESTRT: min.rst                                                               
|  REFC: complex.inpcrd                                                        
| MDVEL: mdvel                                                                 
| MDFRC: mdfrc                                                                 
|  MDEN: mden                                                                  
| MDCRD: mdcrd                                                                 
|MDINFO: mdinfo                                                                
|  MTMD: mtmd                                                                  
|INPDIP: inpdip                                                                
|RSTDIP: rstdip                                                                
|INPTRA: inptraj                                                               


 Here is the input file:

Minimize                                                                       
 &cntrl                                                                        
  imin=1,                                                                      
  maxcyc=500,                                                                  
  ncyc=250,                                                                    
  ntb=0,                                                                       
  cut=999.0,                                                                   
  ntr=1,                                                                       
  restraint_wt=10.0,                                                           
  restraintmask='!:LIG & !@H=',                                                
 /                                                                             

--------------------------------------------------------------------------------
   1.  RESOURCE   USE: 
--------------------------------------------------------------------------------

| Flags:                                                                        
|    NONPERIODIC   ntb=0 and igb=0: Setting up nonperiodic simulation
|  *** cutoff > system size, list only builds once
|Largest sphere to fit in unit cell has radius =    53.350
| New format PARM file being parsed.
| Version =    1.000 Date = 12/21/25 Time = 21:58:01
 NATOM  =    4686 NTYPES =      21 NBONH =    2329 MBONA  =    2397
 NTHETH =    5360 MTHETA =    3241 NPHIH =   10620 MPHIA  =   10088
 NHPARM =       0 NPARM  =       0 NNB   =   25974 NRES   =     301
 NBONA  =    2397 NTHETA =    3241 NPHIA =   10088 NUMBND =      73
 NUMANG =     164 NPTRA  =     199 NATYP =      41 NPHB   =       0
 IFBOX  =       0 NMXRS  =      26 IFCAP =       0 NEXTRA =       0
 NCOPY  =       0


|     Memory Use     Allocated
|     Real             1139499
|     Hollerith          14361
|     Integer          1126128
|     Max Pairs       10976955
|     nblistReal         56232
|     nblist Int       5581815
|       Total            78479 kbytes

| Note: 1-4 EEL scale factors are being read from the topology file.

| Note: 1-4 VDW scale factors are being read from the topology file.
| Duplicated    0 dihedrals
| Duplicated    0 dihedrals

--------------------------------------------------------------------------------
   2.  CONTROL  DATA  FOR  THE  RUN
--------------------------------------------------------------------------------

default_name                                                                    

General flags:
     imin    =       1, nmropt  =       0

Nature and format of input:
     ntx     =       1, irest   =       0, ntrx    =       1

Nature and format of output:
     ntxo    =       2, ntpr    =      50, ntrx    =       1, ntwr    =       1
     iwrap   =       0, ntwx    =       0, ntwv    =       0, ntwe    =       0
     ioutfm  =       1, ntwprt  =       0, idecomp =       0, rbornstat=      0

Potential function:
     ntf     =       1, ntb     =       0, igb     =       0, nsnb    =      25
     ipol    =       0, gbsa    =       0, iesp    =       0
     dielc   =   1.00000, cut     = 999.00000, intdiel =   1.00000

Frozen or restrained atoms:
     ibelly  =       0, ntr     =       1
     restraint_wt =  10.00000

Energy minimization:
     maxcyc  =     500, ncyc    =     250, ntmin   =       1
     dx0     =   0.01000, drms    =   0.00010
|  INFO: Old style inpcrd file read


    LOADING THE CONSTRAINED ATOMS AS GROUPS


   5.  REFERENCE ATOM COORDINATES

  defa
     Mask !:LIG & !@H=; matches  2344 atoms

--------------------------------------------------------------------------------
   3.  ATOMIC COORDINATES AND VELOCITIES
--------------------------------------------------------------------------------

default_name                                                                    
 begin time read from input coords =     0.000 ps

 Number of triangulated 3-point waters found:        0

     Sum of charges from parm topology file = -34.00000106

--------------------------------------------------------------------------------
   4.  RESULTS
--------------------------------------------------------------------------------

 ---------------------------------------------------

     eedmeth=4: Setting switch to one everywhere

 ---------------------------------------------------
| Local SIZE OF NONBOND LIST =   10951217
| TOTAL SIZE OF NONBOND LIST =   10951217


   NSTEP       ENERGY          RMS            GMAX         NAME    NUMBER
      1       1.2922E+05     1.1166E+04     7.0683E+05     HD21     1119

 BOND    =      191.3197  ANGLE   =      651.6375  DIHED      =     3531.9681
 VDWAALS =   123667.1018  EEL     =   -14278.2183  HBOND      =        0.0000
 1-4 VDW =     1183.2222  1-4 EEL =    14277.3966  RESTRAINT  =        0.0000


   NSTEP       ENERGY          RMS            GMAX         NAME    NUMBER
     50       3.7421E+03     1.1980E+00     1.8689E+01     HH22      811

 BOND    =      172.2074  ANGLE   =      719.0740  DIHED      =     3557.0909
 VDWAALS =    -1592.4599  EEL     =   -14549.4000  HBOND      =        0.0000
 1-4 VDW =     1148.5300  1-4 EEL =    14172.3855  RESTRAINT  =      114.6894
 EAMBER  =     3627.4278


   NSTEP       ENERGY          RMS            GMAX         NAME    NUMBER
    100       3.4285E+03     1.3628E+00     4.5824E+01     CD       4454

 BOND    =      155.2555  ANGLE   =      682.3256  DIHED      =     3544.7166
 VDWAALS =    -1731.6059  EEL     =   -14742.0911  HBOND      =        0.0000
 1-4 VDW =     1113.1134  1-4 EEL =    14192.5372  RESTRAINT  =      214.2507
 EAMBER  =     3214.2512


   NSTEP       ENERGY          RMS            GMAX         NAME    NUMBER
    150       3.3366E+03     8.2624E-01     2.7013E+01     NE2      4456

 BOND    =      153.7126  ANGLE   =      669.5432  DIHED      =     3547.8932
 VDWAALS =    -1777.9058  EEL     =   -14823.0092  HBOND      =        0.0000
 1-4 VDW =     1100.6818  1-4 EEL =    14194.6156  RESTRAINT  =      271.0478
 EAMBER  =     3065.5314


   NSTEP       ENERGY          RMS            GMAX         NAME    NUMBER
    200       3.2894E+03     3.6407E-01     1.0098E+01     CD       4454

 BOND    =      149.5294  ANGLE   =      667.3066  DIHED      =     3550.9416
 VDWAALS =    -1800.1031  EEL     =   -14872.5097  HBOND      =        0.0000
 1-4 VDW =     1094.1372  1-4 EEL =    14194.1501  RESTRAINT  =      305.9837
 EAMBER  =     2983.4521


   NSTEP       ENERGY          RMS            GMAX         NAME    NUMBER
    250       3.2604E+03     6.8313E-01     2.3575E+01     CG       4527

 BOND    =      149.4015  ANGLE   =      665.9504  DIHED      =     3553.4644
 VDWAALS =    -1812.7868  EEL     =   -14907.9055  HBOND      =        0.0000
 1-4 VDW =     1090.4901  1-4 EEL =    14193.1461  RESTRAINT  =      328.6064
 EAMBER  =     2931.7602


   NSTEP       ENERGY          RMS            GMAX         NAME    NUMBER
    300       3.1594E+03     5.4061E-01     1.4583E+01     HG23     4487

 BOND    =      150.7003  ANGLE   =      671.9355  DIHED      =     3567.6549
 VDWAALS =    -1836.6859  EEL     =   -15055.9473  HBOND      =        0.0000
 1-4 VDW =     1085.1512  1-4 EEL =    14181.6968  RESTRAINT  =      394.8766
 EAMBER  =     2764.5057


   NSTEP       ENERGY          RMS            GMAX         NAME    NUMBER
    350       3.1330E+03     2.6836E-01     5.8729E+00     OG1      1651

 BOND    =      149.4873  ANGLE   =      669.7498  DIHED      =     3568.6174
 VDWAALS =    -1836.8146  EEL     =   -15088.7176  HBOND      =        0.0000
 1-4 VDW =     1084.0051  1-4 EEL =    14180.1351  RESTRAINT  =      406.5143
 EAMBER  =     2726.4624


   NSTEP       ENERGY          RMS            GMAX         NAME    NUMBER
    400       3.1246E+03     2.4652E-01     5.6576E+00     OG1      1651

 BOND    =      149.9427  ANGLE   =      671.5631  DIHED      =     3570.8804
 VDWAALS =    -1837.1803  EEL     =   -15104.8618  HBOND      =        0.0000
 1-4 VDW =     1083.7356  1-4 EEL =    14177.9081  RESTRAINT  =      412.6517
 EAMBER  =     2711.9880


   NSTEP       ENERGY          RMS            GMAX         NAME    NUMBER
    450       3.1187E+03     2.2093E-01     4.6153E+00     HG1      1652

 BOND    =      149.9700  ANGLE   =      672.4726  DIHED      =     3572.6353
 VDWAALS =    -1837.7841  EEL     =   -15114.9004  HBOND      =        0.0000
 1-4 VDW =     1083.4574  1-4 EEL =    14176.5003  RESTRAINT  =      416.3596
 EAMBER  =     2702.3511


   NSTEP       ENERGY          RMS            GMAX         NAME    NUMBER
    500       3.1109E+03     3.3445E-01     8.0780E+00     CD       3414

 BOND    =      150.0852  ANGLE   =      674.0574  DIHED      =     3571.0070
 VDWAALS =    -1839.0586  EEL     =   -15123.8820  HBOND      =        0.0000
 1-4 VDW =     1083.2366  1-4 EEL =    14175.8982  RESTRAINT  =      419.5738
 EAMBER  =     2691.3437


  Maximum number of minimization cycles reached.


                    FINAL RESULTS



   NSTEP       ENERGY          RMS            GMAX         NAME    NUMBER
    500       3.1109E+03     3.3445E-01     8.0780E+00     CD       3414

 BOND    =      150.0852  ANGLE   =      674.0574  DIHED      =     3571.0070
 VDWAALS =    -1839.0586  EEL     =   -15123.8820  HBOND      =        0.0000
 1-4 VDW =     1083.2366  1-4 EEL =    14175.8982  RESTRAINT  =      419.5738
 EAMBER  =     2691.3437

--------------------------------------------------------------------------------
   5.  TIMINGS
--------------------------------------------------------------------------------

|                Build the list             0.62 (99.80% of List )
|                Other                      0.00 ( 0.20% of List )
|             List time                  0.62 ( 0.13% of Nonbo)
|                   Short_ene time           461.69 (100.0% of Direc)
|                   Other                      0.03 ( 0.01% of Direc)
|                Direct Ewald time        461.72 (99.88% of Ewald)
|                Other                      0.57 ( 0.12% of Ewald)
|             Ewald time               462.30 (99.87% of Nonbo)
|          Nonbond force            462.92 (98.94% of Force)
|          Bond/Angle/Dihedral        4.92 ( 1.05% of Force)
|          Other                      0.02 ( 0.01% of Force)
|       Force time               467.86 (100.0% of Runmd)
|    Runmd Time               467.86 (98.62% of Total)
|    Other                      6.53 ( 1.38% of Total)
| Total time               474.41 (100.0% of ALL  )

| Number of list builds   :          1

| Highest rstack allocated:      23395
| Highest istack allocated:       4679
|           Job began  at 21:58:02.175  on 12/21/2025
|           Setup done at 21:58:02.451  on 12/21/2025
|           Run   done at 22:05:56.580  on 12/21/2025
|     wallclock() was called   11535 times

|3D-RISM memory allocation summary
|Type          Maximum        Current   
|Integer       0.00000 GB     0.00000 GB
|Real          0.00000 GB     0.00000 GB
|Logical       0.00000 GB     0.00000 GB
|Character     0.00000 GB     0.00000 GB
|---------------------------------------
|Total         0.00000 GB     0.00000 GB
