
          -------------------------------------------------------
          Amber 22 SANDER                              2022
          -------------------------------------------------------

| Run on 12/21/2025 at 21:58:01

|   Executable path: /home/kiran/miniforge3/envs/amber_mmgbsa/bin/sander
| Working directory: /storage/kiran-stuff/aaRS/phase2/energy_scoring/mmgbsa_amber/jobs/anc_thrrs_cat_LYS
|          Hostname: boron

  [-O]verwriting output

File Assignments:
|  MDIN: min.in                                                                
| MDOUT: min.out                                                               
|INPCRD: complex.inpcrd                                                        
|  PARM: complex.prmtop                                                        
|RESTRT: min.rst                                                               
|  REFC: complex.inpcrd                                                        
| MDVEL: mdvel                                                                 
| MDFRC: mdfrc                                                                 
|  MDEN: mden                                                                  
| MDCRD: mdcrd                                                                 
|MDINFO: mdinfo                                                                
|  MTMD: mtmd                                                                  
|INPDIP: inpdip                                                                
|RSTDIP: rstdip                                                                
|INPTRA: inptraj                                                               


 Here is the input file:

Minimize                                                                       
 &cntrl                                                                        
  imin=1,                                                                      
  maxcyc=500,                                                                  
  ncyc=250,                                                                    
  ntb=0,                                                                       
  cut=999.0,                                                                   
  ntr=1,                                                                       
  restraint_wt=10.0,                                                           
  restraintmask='!:LIG & !@H=',                                                
 /                                                                             

--------------------------------------------------------------------------------
   1.  RESOURCE   USE: 
--------------------------------------------------------------------------------

| Flags:                                                                        
|    NONPERIODIC   ntb=0 and igb=0: Setting up nonperiodic simulation
|  *** cutoff > system size, list only builds once
|Largest sphere to fit in unit cell has radius =    57.320
| New format PARM file being parsed.
| Version =    1.000 Date = 12/21/25 Time = 21:58:01
 NATOM  =    4426 NTYPES =      21 NBONH =    2166 MBONA  =    2310
 NTHETH =    4922 MTHETA =    3126 NPHIH =   10158 MPHIA  =    9722
 NHPARM =       0 NPARM  =       0 NNB   =   24377 NRES   =     279
 NBONA  =    2310 NTHETA =    3126 NPHIA =    9722 NUMBND =      73
 NUMANG =     165 NPTRA  =     198 NATYP =      41 NPHB   =       0
 IFBOX  =       0 NMXRS  =      24 IFCAP =       0 NEXTRA =       0
 NCOPY  =       0


|     Memory Use     Allocated
|     Real             1117941
|     Hollerith          13559
|     Integer          1076752
|     Max Pairs        9792525
|     nblistReal         53112
|     nblist Int       5675436
|       Total            73829 kbytes

| Note: 1-4 EEL scale factors are being read from the topology file.

| Note: 1-4 VDW scale factors are being read from the topology file.
| Duplicated    0 dihedrals
| Duplicated    0 dihedrals

--------------------------------------------------------------------------------
   2.  CONTROL  DATA  FOR  THE  RUN
--------------------------------------------------------------------------------

default_name                                                                    

General flags:
     imin    =       1, nmropt  =       0

Nature and format of input:
     ntx     =       1, irest   =       0, ntrx    =       1

Nature and format of output:
     ntxo    =       2, ntpr    =      50, ntrx    =       1, ntwr    =       1
     iwrap   =       0, ntwx    =       0, ntwv    =       0, ntwe    =       0
     ioutfm  =       1, ntwprt  =       0, idecomp =       0, rbornstat=      0

Potential function:
     ntf     =       1, ntb     =       0, igb     =       0, nsnb    =      25
     ipol    =       0, gbsa    =       0, iesp    =       0
     dielc   =   1.00000, cut     = 999.00000, intdiel =   1.00000

Frozen or restrained atoms:
     ibelly  =       0, ntr     =       1
     restraint_wt =  10.00000

Energy minimization:
     maxcyc  =     500, ncyc    =     250, ntmin   =       1
     dx0     =   0.01000, drms    =   0.00010
|  INFO: Old style inpcrd file read


    LOADING THE CONSTRAINED ATOMS AS GROUPS


   5.  REFERENCE ATOM COORDINATES

  defa
     Mask !:LIG & !@H=; matches  2250 atoms

--------------------------------------------------------------------------------
   3.  ATOMIC COORDINATES AND VELOCITIES
--------------------------------------------------------------------------------

default_name                                                                    
 begin time read from input coords =     0.000 ps

 Number of triangulated 3-point waters found:        0

     Sum of charges from parm topology file = -15.00000507

--------------------------------------------------------------------------------
   4.  RESULTS
--------------------------------------------------------------------------------

 ---------------------------------------------------

     eedmeth=4: Setting switch to one everywhere

 ---------------------------------------------------
| Local SIZE OF NONBOND LIST =    9768379
| TOTAL SIZE OF NONBOND LIST =    9768379


   NSTEP       ENERGY          RMS            GMAX         NAME    NUMBER
      1      -3.4171E+03     7.6488E+01     2.7387E+03     OD1      1818

 BOND    =      157.9358  ANGLE   =      642.5268  DIHED      =     3234.2355
 VDWAALS =      216.5443  EEL     =   -18216.5562  HBOND      =        0.0000
 1-4 VDW =     1063.5222  1-4 EEL =     9484.6721  RESTRAINT  =        0.0000


   NSTEP       ENERGY          RMS            GMAX         NAME    NUMBER
     50      -6.0973E+03     7.0162E-01     2.0898E+01     HG1      3326

 BOND    =      143.6925  ANGLE   =      608.3005  DIHED      =     3234.1589
 VDWAALS =    -2035.9390  EEL     =   -18514.8202  HBOND      =        0.0000
 1-4 VDW =     1002.9360  1-4 EEL =     9409.0344  RESTRAINT  =       55.3040
 EAMBER  =    -6152.6371


   NSTEP       ENERGY          RMS            GMAX         NAME    NUMBER
    100      -6.2141E+03     1.3750E+00     4.6631E+01     ND2       169

 BOND    =      148.3661  ANGLE   =      610.9030  DIHED      =     3239.5181
 VDWAALS =    -2067.2481  EEL     =   -18644.1092  HBOND      =        0.0000
 1-4 VDW =      990.2038  1-4 EEL =     9418.2555  RESTRAINT  =       90.0235
 EAMBER  =    -6304.1107


   NSTEP       ENERGY          RMS            GMAX         NAME    NUMBER
    150      -6.2658E+03     8.6010E-01     3.5402E+01     CG       3527

 BOND    =      147.3013  ANGLE   =      609.7961  DIHED      =     3244.1426
 VDWAALS =    -2079.4720  EEL     =   -18706.8246  HBOND      =        0.0000
 1-4 VDW =      986.5562  1-4 EEL =     9421.3809  RESTRAINT  =      111.3325
 EAMBER  =    -6377.1194


   NSTEP       ENERGY          RMS            GMAX         NAME    NUMBER
    200      -6.2958E+03     3.2758E-01     1.0069E+01     ND2       169

 BOND    =      146.5500  ANGLE   =      611.2298  DIHED      =     3248.7549
 VDWAALS =    -2086.4952  EEL     =   -18750.0515  HBOND      =        0.0000
 1-4 VDW =      984.8656  1-4 EEL =     9422.5058  RESTRAINT  =      126.7969
 EAMBER  =    -6422.6406


   NSTEP       ENERGY          RMS            GMAX         NAME    NUMBER
    250      -6.3148E+03     7.1385E-01     2.7321E+01     ND2       169

 BOND    =      147.4212  ANGLE   =      612.3243  DIHED      =     3252.1842
 VDWAALS =    -2090.7608  EEL     =   -18780.7704  HBOND      =        0.0000
 1-4 VDW =      984.0266  1-4 EEL =     9423.0115  RESTRAINT  =      137.8084
 EAMBER  =    -6452.5635


   NSTEP       ENERGY          RMS            GMAX         NAME    NUMBER
    300      -6.3792E+03     3.7495E-01     9.7575E+00     OG       4184

 BOND    =      147.8808  ANGLE   =      613.5655  DIHED      =     3263.5752
 VDWAALS =    -2101.9286  EEL     =   -18881.1531  HBOND      =        0.0000
 1-4 VDW =      982.8415  1-4 EEL =     9419.9579  RESTRAINT  =      176.0957
 EAMBER  =    -6555.2608


   NSTEP       ENERGY          RMS            GMAX         NAME    NUMBER
    350      -6.4030E+03     5.0157E-01     1.1151E+01     OG       4184

 BOND    =      147.1853  ANGLE   =      612.6686  DIHED      =     3257.4762
 VDWAALS =    -2100.1017  EEL     =   -18900.3094  HBOND      =        0.0000
 1-4 VDW =      982.8605  1-4 EEL =     9419.6729  RESTRAINT  =      177.5692
 EAMBER  =    -6580.5476


   NSTEP       ENERGY          RMS            GMAX         NAME    NUMBER
    400      -6.4159E+03     1.6976E-01     3.5147E+00     OG       4184

 BOND    =      147.5912  ANGLE   =      611.2981  DIHED      =     3254.9666
 VDWAALS =    -2098.9585  EEL     =   -18910.1628  HBOND      =        0.0000
 1-4 VDW =      982.1976  1-4 EEL =     9418.8563  RESTRAINT  =      178.3516
 EAMBER  =    -6594.2117


   NSTEP       ENERGY          RMS            GMAX         NAME    NUMBER
    450      -6.4190E+03     1.2943E-01     2.4041E+00     CG2       639

 BOND    =      147.6721  ANGLE   =      610.9491  DIHED      =     3254.7713
 VDWAALS =    -2098.9827  EEL     =   -18912.7233  HBOND      =        0.0000
 1-4 VDW =      982.1259  1-4 EEL =     9417.6681  RESTRAINT  =      179.5637
 EAMBER  =    -6598.5196


   NSTEP       ENERGY          RMS            GMAX         NAME    NUMBER
    500      -6.4209E+03     1.0754E-01     2.2305E+00     CG2       639

 BOND    =      147.6735  ANGLE   =      610.7279  DIHED      =     3255.1443
 VDWAALS =    -2099.1744  EEL     =   -18914.6865  HBOND      =        0.0000
 1-4 VDW =      982.0810  1-4 EEL =     9417.0040  RESTRAINT  =      180.3275
 EAMBER  =    -6601.2302


  Maximum number of minimization cycles reached.


                    FINAL RESULTS



   NSTEP       ENERGY          RMS            GMAX         NAME    NUMBER
    500      -6.4209E+03     1.0754E-01     2.2305E+00     CG2       639

 BOND    =      147.6735  ANGLE   =      610.7279  DIHED      =     3255.1443
 VDWAALS =    -2099.1744  EEL     =   -18914.6865  HBOND      =        0.0000
 1-4 VDW =      982.0810  1-4 EEL =     9417.0040  RESTRAINT  =      180.3275
 EAMBER  =    -6601.2302

--------------------------------------------------------------------------------
   5.  TIMINGS
--------------------------------------------------------------------------------

|                Build the list             0.31 (99.67% of List )
|                Other                      0.00 ( 0.33% of List )
|             List time                  0.31 ( 0.08% of Nonbo)
|                   Short_ene time           367.42 (100.0% of Direc)
|                   Other                      0.02 ( 0.01% of Direc)
|                Direct Ewald time        367.45 (99.87% of Ewald)
|                Other                      0.46 ( 0.13% of Ewald)
|             Ewald time               367.91 (100.0% of Nonbo)
|          Nonbond force            368.23 (98.80% of Force)
|          Bond/Angle/Dihedral        4.44 ( 1.19% of Force)
|          Other                      0.02 ( 0.01% of Force)
|       Force time               372.69 (100.0% of Runmd)
|    Runmd Time               372.69 (98.22% of Total)
|    Other                      6.74 ( 1.78% of Total)
| Total time               379.44 (100.0% of ALL  )

| Number of list builds   :          1

| Highest rstack allocated:      22100
| Highest istack allocated:       4420
|           Job began  at 21:58:01.847  on 12/21/2025
|           Setup done at 21:58:02.074  on 12/21/2025
|           Run   done at 22:04:21.289  on 12/21/2025
|     wallclock() was called   11535 times

|3D-RISM memory allocation summary
|Type          Maximum        Current   
|Integer       0.00000 GB     0.00000 GB
|Real          0.00000 GB     0.00000 GB
|Logical       0.00000 GB     0.00000 GB
|Character     0.00000 GB     0.00000 GB
|---------------------------------------
|Total         0.00000 GB     0.00000 GB
