
          -------------------------------------------------------
          Amber 22 SANDER                              2022
          -------------------------------------------------------

| Run on 12/21/2025 at 22:28:16

|   Executable path: /home/kiran/miniforge3/envs/amber_mmgbsa/bin/sander
| Working directory: /storage/kiran-stuff/aaRS/phase2/energy_scoring/mmgbsa_amber/jobs/modern_thrrs_TYR
|          Hostname: boron

  [-O]verwriting output

File Assignments:
|  MDIN: min.in                                                                
| MDOUT: min.out                                                               
|INPCRD: complex.inpcrd                                                        
|  PARM: complex.prmtop                                                        
|RESTRT: min.rst                                                               
|  REFC: complex.inpcrd                                                        
| MDVEL: mdvel                                                                 
| MDFRC: mdfrc                                                                 
|  MDEN: mden                                                                  
| MDCRD: mdcrd                                                                 
|MDINFO: mdinfo                                                                
|  MTMD: mtmd                                                                  
|INPDIP: inpdip                                                                
|RSTDIP: rstdip                                                                
|INPTRA: inptraj                                                               


 Here is the input file:

Minimize                                                                       
 &cntrl                                                                        
  imin=1,                                                                      
  maxcyc=500,                                                                  
  ncyc=250,                                                                    
  ntb=0,                                                                       
  cut=999.0,                                                                   
  ntr=1,                                                                       
  restraint_wt=10.0,                                                           
  restraintmask='!:LIG & !@H=',                                                
 /                                                                             

--------------------------------------------------------------------------------
   1.  RESOURCE   USE: 
--------------------------------------------------------------------------------

| Flags:                                                                        
|    NONPERIODIC   ntb=0 and igb=0: Setting up nonperiodic simulation
|  *** cutoff > system size, list only builds once
|Largest sphere to fit in unit cell has radius =    75.415
| New format PARM file being parsed.
| Version =    1.000 Date = 12/21/25 Time = 22:28:15
 NATOM  =   10332 NTYPES =      21 NBONH =    5198 MBONA  =    5224
 NTHETH =   11893 MTHETA =    7067 NPHIH =   23575 MPHIA  =   22355
 NHPARM =       0 NPARM  =       0 NNB   =   57202 NRES   =     664
 NBONA  =    5224 NTHETA =    7067 NPHIA =   22355 NUMBND =      73
 NUMANG =     164 NPTRA  =     199 NATYP =      41 NPHB   =       0
 IFBOX  =       0 NMXRS  =      24 IFCAP =       0 NEXTRA =       0
 NCOPY  =       0


|     Memory Use     Allocated
|     Real             1603751
|     Hollerith          31662
|     Integer          2469054
|     Max Pairs       53369946
|     nblistReal        123984
|     nblist Int      17397981
|       Total           299703 kbytes

| Note: 1-4 EEL scale factors are being read from the topology file.

| Note: 1-4 VDW scale factors are being read from the topology file.
| Duplicated    0 dihedrals
| Duplicated    0 dihedrals

--------------------------------------------------------------------------------
   2.  CONTROL  DATA  FOR  THE  RUN
--------------------------------------------------------------------------------

default_name                                                                    

General flags:
     imin    =       1, nmropt  =       0

Nature and format of input:
     ntx     =       1, irest   =       0, ntrx    =       1

Nature and format of output:
     ntxo    =       2, ntpr    =      50, ntrx    =       1, ntwr    =       1
     iwrap   =       0, ntwx    =       0, ntwv    =       0, ntwe    =       0
     ioutfm  =       1, ntwprt  =       0, idecomp =       0, rbornstat=      0

Potential function:
     ntf     =       1, ntb     =       0, igb     =       0, nsnb    =      25
     ipol    =       0, gbsa    =       0, iesp    =       0
     dielc   =   1.00000, cut     = 999.00000, intdiel =   1.00000

Frozen or restrained atoms:
     ibelly  =       0, ntr     =       1
     restraint_wt =  10.00000

Energy minimization:
     maxcyc  =     500, ncyc    =     250, ntmin   =       1
     dx0     =   0.01000, drms    =   0.00010
|  INFO: Old style inpcrd file read


    LOADING THE CONSTRAINED ATOMS AS GROUPS


   5.  REFERENCE ATOM COORDINATES

  defa
     Mask !:LIG & !@H=; matches  5121 atoms

--------------------------------------------------------------------------------
   3.  ATOMIC COORDINATES AND VELOCITIES
--------------------------------------------------------------------------------

default_name                                                                    
 begin time read from input coords =     0.000 ps

 Number of triangulated 3-point waters found:        0

     Sum of charges from parm topology file = -17.00000128

--------------------------------------------------------------------------------
   4.  RESULTS
--------------------------------------------------------------------------------

 ---------------------------------------------------

     eedmeth=4: Setting switch to one everywhere

 ---------------------------------------------------
| Local SIZE OF NONBOND LIST =   53313248
| TOTAL SIZE OF NONBOND LIST =   53313248


   NSTEP       ENERGY          RMS            GMAX         NAME    NUMBER
      1       1.9527E+06     2.0966E+05     1.9338E+07     O         609

 BOND    =      358.3719  ANGLE   =     1201.0336  DIHED      =     7755.2346
 VDWAALS =  1958992.1930  EEL     =   -45027.6163  HBOND      =        0.0000
 1-4 VDW =     2494.4967  1-4 EEL =    26918.0972  RESTRAINT  =        0.0000


   NSTEP       ENERGY          RMS            GMAX         NAME    NUMBER
     50      -1.0651E+04     9.0965E-01     1.9861E+01     NZ       1241

 BOND    =      320.5461  ANGLE   =     1267.7087  DIHED      =     7757.1324
 VDWAALS =    -3906.1689  EEL     =   -45383.7896  HBOND      =        0.0000
 1-4 VDW =     2405.4279  1-4 EEL =    26729.6569  RESTRAINT  =      158.1841
 EAMBER  =   -10809.4866


   NSTEP       ENERGY          RMS            GMAX         NAME    NUMBER
    100      -1.1061E+04     8.1875E-01     3.8030E+01     ND2      5987

 BOND    =      314.9512  ANGLE   =     1233.8314  DIHED      =     7750.9488
 VDWAALS =    -4107.6317  EEL     =   -45600.7136  HBOND      =        0.0000
 1-4 VDW =     2347.8921  1-4 EEL =    26729.2688  RESTRAINT  =      270.4883
 EAMBER  =   -11331.4530


   NSTEP       ENERGY          RMS            GMAX         NAME    NUMBER
    150      -1.1203E+04     4.5682E-01     2.0104E+01     ND2      5987

 BOND    =      308.9470  ANGLE   =     1231.2710  DIHED      =     7751.9551
 VDWAALS =    -4175.1339  EEL     =   -45713.0924  HBOND      =        0.0000
 1-4 VDW =     2326.7525  1-4 EEL =    26730.6000  RESTRAINT  =      335.9991
 EAMBER  =   -11538.7006


   NSTEP       ENERGY          RMS            GMAX         NAME    NUMBER
    200      -1.1283E+04     2.5862E-01     7.5778E+00     HG       7764

 BOND    =      308.9314  ANGLE   =     1230.2547  DIHED      =     7753.1433
 VDWAALS =    -4210.6982  EEL     =   -45787.8509  HBOND      =        0.0000
 1-4 VDW =     2316.0795  1-4 EEL =    26728.0196  RESTRAINT  =      378.7378
 EAMBER  =   -11662.1204


   NSTEP       ENERGY          RMS            GMAX         NAME    NUMBER
    250      -1.1339E+04     3.0321E-01     1.0347E+01     ND2      5987

 BOND    =      309.2491  ANGLE   =     1230.2085  DIHED      =     7754.4261
 VDWAALS =    -4232.3223  EEL     =   -45844.7459  HBOND      =        0.0000
 1-4 VDW =     2309.9069  1-4 EEL =    26724.9378  RESTRAINT  =      409.4467
 EAMBER  =   -11748.3399


   NSTEP       ENERGY          RMS            GMAX         NAME    NUMBER
    300      -1.1449E+04     3.1831E-01     7.6200E+00     CA       4904

 BOND    =      309.9416  ANGLE   =     1233.9210  DIHED      =     7777.0199
 VDWAALS =    -4280.9560  EEL     =   -46005.5503  HBOND      =        0.0000
 1-4 VDW =     2297.4303  1-4 EEL =    26715.5259  RESTRAINT  =      504.1669
 EAMBER  =   -11952.6676


   NSTEP       ENERGY          RMS            GMAX         NAME    NUMBER
    350      -1.1487E+04     3.0187E-01     6.5876E+00     OG       9239

 BOND    =      309.6568  ANGLE   =     1233.9874  DIHED      =     7772.7464
 VDWAALS =    -4289.1925  EEL     =   -46038.9323  HBOND      =        0.0000
 1-4 VDW =     2296.2521  1-4 EEL =    26712.5484  RESTRAINT  =      515.9993
 EAMBER  =   -12002.9336


   NSTEP       ENERGY          RMS            GMAX         NAME    NUMBER
    400      -1.1513E+04     2.1167E-01     3.7824E+00     CA       3042

 BOND    =      309.0680  ANGLE   =     1231.1382  DIHED      =     7765.4635
 VDWAALS =    -4293.4281  EEL     =   -46053.9636  HBOND      =        0.0000
 1-4 VDW =     2295.8553  1-4 EEL =    26712.7365  RESTRAINT  =      520.5706
 EAMBER  =   -12033.1303


   NSTEP       ENERGY          RMS            GMAX         NAME    NUMBER
    450      -1.1526E+04     1.8302E-01     3.9703E+00     CA       4904

 BOND    =      308.6171  ANGLE   =     1229.4111  DIHED      =     7761.9519
 VDWAALS =    -4296.5953  EEL     =   -46060.8600  HBOND      =        0.0000
 1-4 VDW =     2296.1714  1-4 EEL =    26711.6834  RESTRAINT  =      523.4591
 EAMBER  =   -12049.6202


   NSTEP       ENERGY          RMS            GMAX         NAME    NUMBER
    500      -1.1535E+04     1.0552E-01     2.4084E+00     CA       4904

 BOND    =      308.2053  ANGLE   =     1228.1052  DIHED      =     7760.7478
 VDWAALS =    -4298.6878  EEL     =   -46067.0206  HBOND      =        0.0000
 1-4 VDW =     2296.8635  1-4 EEL =    26710.9651  RESTRAINT  =      525.4881
 EAMBER  =   -12060.8214


  Maximum number of minimization cycles reached.


                    FINAL RESULTS



   NSTEP       ENERGY          RMS            GMAX         NAME    NUMBER
    500      -1.1535E+04     1.0552E-01     2.4084E+00     CA       4904

 BOND    =      308.2053  ANGLE   =     1228.1052  DIHED      =     7760.7478
 VDWAALS =    -4298.6878  EEL     =   -46067.0206  HBOND      =        0.0000
 1-4 VDW =     2296.8635  1-4 EEL =    26710.9651  RESTRAINT  =      525.4881
 EAMBER  =   -12060.8214

--------------------------------------------------------------------------------
   5.  TIMINGS
--------------------------------------------------------------------------------

|                Build the list             2.24 (99.89% of List )
|                Other                      0.00 ( 0.11% of List )
|             List time                  2.24 ( 0.14% of Nonbo)
|                   Short_ene time          1617.02 (100.0% of Direc)
|                Direct Ewald time       1617.09 (100.0% of Ewald)
|                Other                      0.88 ( 0.05% of Ewald)
|             Ewald time              1617.97 (99.86% of Nonbo)
|          Nonbond force           1620.21 (99.49% of Force)
|          Bond/Angle/Dihedral        8.21 ( 0.50% of Force)
|       Force time              1628.49 (100.0% of Runmd)
|    Runmd Time              1628.49 (99.60% of Total)
|    Other                      6.49 ( 0.40% of Total)
| Total time              1635.00 (100.0% of ALL  )

| Number of list builds   :          1

| Highest rstack allocated:      51605
| Highest istack allocated:      10321
|           Job began  at 22:28:16.298  on 12/21/2025
|           Setup done at 22:28:17.028  on 12/21/2025
|           Run   done at 22:55:31.299  on 12/21/2025
|     wallclock() was called   11535 times

|3D-RISM memory allocation summary
|Type          Maximum        Current   
|Integer       0.00000 GB     0.00000 GB
|Real          0.00000 GB     0.00000 GB
|Logical       0.00000 GB     0.00000 GB
|Character     0.00000 GB     0.00000 GB
|---------------------------------------
|Total         0.00000 GB     0.00000 GB
