
          -------------------------------------------------------
          Amber 22 SANDER                              2022
          -------------------------------------------------------

| Run on 12/21/2025 at 21:58:03

|   Executable path: /home/kiran/miniforge3/envs/amber_mmgbsa/bin/sander
| Working directory: /storage/kiran-stuff/aaRS/phase2/energy_scoring/mmgbsa_amber/jobs/anc_prors_edit_ASN
|          Hostname: boron

  [-O]verwriting output

File Assignments:
|  MDIN: min.in                                                                
| MDOUT: min.out                                                               
|INPCRD: complex.inpcrd                                                        
|  PARM: complex.prmtop                                                        
|RESTRT: min.rst                                                               
|  REFC: complex.inpcrd                                                        
| MDVEL: mdvel                                                                 
| MDFRC: mdfrc                                                                 
|  MDEN: mden                                                                  
| MDCRD: mdcrd                                                                 
|MDINFO: mdinfo                                                                
|  MTMD: mtmd                                                                  
|INPDIP: inpdip                                                                
|RSTDIP: rstdip                                                                
|INPTRA: inptraj                                                               


 Here is the input file:

Minimize                                                                       
 &cntrl                                                                        
  imin=1,                                                                      
  maxcyc=500,                                                                  
  ncyc=250,                                                                    
  ntb=0,                                                                       
  cut=999.0,                                                                   
  ntr=1,                                                                       
  restraint_wt=10.0,                                                           
  restraintmask='!:LIG & !@H=',                                                
 /                                                                             

--------------------------------------------------------------------------------
   1.  RESOURCE   USE: 
--------------------------------------------------------------------------------

| Flags:                                                                        
|    NONPERIODIC   ntb=0 and igb=0: Setting up nonperiodic simulation
|  *** cutoff > system size, list only builds once
|Largest sphere to fit in unit cell has radius =    59.134
| New format PARM file being parsed.
| Version =    1.000 Date = 12/21/25 Time = 21:58:02
 NATOM  =    4679 NTYPES =      21 NBONH =    2326 MBONA  =    2392
 NTHETH =    5354 MTHETA =    3234 NPHIH =   10610 MPHIA  =   10078
 NHPARM =       0 NPARM  =       0 NNB   =   25932 NRES   =     301
 NBONA  =    2392 NTHETA =    3234 NPHIA =   10078 NUMBND =      73
 NUMANG =     165 NPTRA  =     197 NATYP =      41 NPHB   =       0
 IFBOX  =       0 NMXRS  =      26 IFCAP =       0 NEXTRA =       0
 NCOPY  =       0


|     Memory Use     Allocated
|     Real             1138959
|     Hollerith          14340
|     Integer          1124901
|     Max Pairs       10944181
|     nblistReal         56148
|     nblist Int       7527392
|       Total            85941 kbytes

| Note: 1-4 EEL scale factors are being read from the topology file.

| Note: 1-4 VDW scale factors are being read from the topology file.
| Duplicated    0 dihedrals
| Duplicated    0 dihedrals

--------------------------------------------------------------------------------
   2.  CONTROL  DATA  FOR  THE  RUN
--------------------------------------------------------------------------------

default_name                                                                    

General flags:
     imin    =       1, nmropt  =       0

Nature and format of input:
     ntx     =       1, irest   =       0, ntrx    =       1

Nature and format of output:
     ntxo    =       2, ntpr    =      50, ntrx    =       1, ntwr    =       1
     iwrap   =       0, ntwx    =       0, ntwv    =       0, ntwe    =       0
     ioutfm  =       1, ntwprt  =       0, idecomp =       0, rbornstat=      0

Potential function:
     ntf     =       1, ntb     =       0, igb     =       0, nsnb    =      25
     ipol    =       0, gbsa    =       0, iesp    =       0
     dielc   =   1.00000, cut     = 999.00000, intdiel =   1.00000

Frozen or restrained atoms:
     ibelly  =       0, ntr     =       1
     restraint_wt =  10.00000

Energy minimization:
     maxcyc  =     500, ncyc    =     250, ntmin   =       1
     dx0     =   0.01000, drms    =   0.00010
|  INFO: Old style inpcrd file read


    LOADING THE CONSTRAINED ATOMS AS GROUPS


   5.  REFERENCE ATOM COORDINATES

  defa
     Mask !:LIG & !@H=; matches  2344 atoms

--------------------------------------------------------------------------------
   3.  ATOMIC COORDINATES AND VELOCITIES
--------------------------------------------------------------------------------

default_name                                                                    
 begin time read from input coords =     0.000 ps

 Number of triangulated 3-point waters found:        0

     Sum of charges from parm topology file = -34.00000006

--------------------------------------------------------------------------------
   4.  RESULTS
--------------------------------------------------------------------------------

 ---------------------------------------------------

     eedmeth=4: Setting switch to one everywhere

 ---------------------------------------------------
| Local SIZE OF NONBOND LIST =   10918483
| TOTAL SIZE OF NONBOND LIST =   10918483


   NSTEP       ENERGY          RMS            GMAX         NAME    NUMBER
      1       1.3050E+04     9.3256E+02     6.8959E+04     HB2      2695

 BOND    =      156.8668  ANGLE   =      630.5023  DIHED      =     3463.6767
 VDWAALS =     7666.7510  EEL     =   -14366.4060  HBOND      =        0.0000
 1-4 VDW =     1155.5333  1-4 EEL =    14343.0459  RESTRAINT  =        0.0000


   NSTEP       ENERGY          RMS            GMAX         NAME    NUMBER
     50       3.3522E+03     2.3783E+00     8.0057E+01     CD       4454

 BOND    =      129.6587  ANGLE   =      607.3581  DIHED      =     3455.2990
 VDWAALS =    -1718.3183  EEL     =   -14563.9024  HBOND      =        0.0000
 1-4 VDW =     1108.7443  1-4 EEL =    14260.5277  RESTRAINT  =       72.8321
 EAMBER  =     3279.3673


   NSTEP       ENERGY          RMS            GMAX         NAME    NUMBER
    100       3.1590E+03     1.3184E+00     2.5774E+01     NE2       191

 BOND    =      124.5382  ANGLE   =      594.7286  DIHED      =     3460.5600
 VDWAALS =    -1810.6876  EEL     =   -14685.9632  HBOND      =        0.0000
 1-4 VDW =     1082.3489  1-4 EEL =    14255.8557  RESTRAINT  =      137.5706
 EAMBER  =     3021.3806


   NSTEP       ENERGY          RMS            GMAX         NAME    NUMBER
    150       3.0830E+03     8.2544E-01     1.8004E+01     NE2       191

 BOND    =      122.1711  ANGLE   =      597.2528  DIHED      =     3466.3183
 VDWAALS =    -1844.0478  EEL     =   -14762.5339  HBOND      =        0.0000
 1-4 VDW =     1071.4114  1-4 EEL =    14253.3257  RESTRAINT  =      179.0825
 EAMBER  =     2903.8975


   NSTEP       ENERGY          RMS            GMAX         NAME    NUMBER
    200       3.0435E+03     4.3539E-01     9.4212E+00     NE2       191

 BOND    =      121.5165  ANGLE   =      595.9353  DIHED      =     3470.6818
 VDWAALS =    -1859.3772  EEL     =   -14807.8880  HBOND      =        0.0000
 1-4 VDW =     1066.3168  1-4 EEL =    14252.5608  RESTRAINT  =      203.7754
 EAMBER  =     2839.7459


   NSTEP       ENERGY          RMS            GMAX         NAME    NUMBER
    250       3.0200E+03     7.1871E-01     1.6051E+01     NE2       191

 BOND    =      122.4336  ANGLE   =      596.0200  DIHED      =     3473.6410
 VDWAALS =    -1868.5522  EEL     =   -14839.0910  HBOND      =        0.0000
 1-4 VDW =     1063.2793  1-4 EEL =    14251.5253  RESTRAINT  =      220.7611
 EAMBER  =     2799.2559


   NSTEP       ENERGY          RMS            GMAX         NAME    NUMBER
    300       2.9604E+03     2.1495E-01     4.7948E+00     HB3        47

 BOND    =      121.9260  ANGLE   =      596.5559  DIHED      =     3477.0400
 VDWAALS =    -1890.9335  EEL     =   -14926.8757  HBOND      =        0.0000
 1-4 VDW =     1058.5810  1-4 EEL =    14252.5120  RESTRAINT  =      271.6353
 EAMBER  =     2688.8056


   NSTEP       ENERGY          RMS            GMAX         NAME    NUMBER
    350       2.9474E+03     2.3138E-01     6.5173E+00     OG       4499

 BOND    =      122.2017  ANGLE   =      596.5002  DIHED      =     3476.2128
 VDWAALS =    -1893.2254  EEL     =   -14936.4089  HBOND      =        0.0000
 1-4 VDW =     1058.2033  1-4 EEL =    14251.2169  RESTRAINT  =      272.7350
 EAMBER  =     2674.7005


   NSTEP       ENERGY          RMS            GMAX         NAME    NUMBER
    400       2.9419E+03     1.1085E-01     2.2906E+00     OG         48

 BOND    =      122.2425  ANGLE   =      595.6094  DIHED      =     3476.9384
 VDWAALS =    -1895.0148  EEL     =   -14940.8643  HBOND      =        0.0000
 1-4 VDW =     1058.0106  1-4 EEL =    14250.4584  RESTRAINT  =      274.5428
 EAMBER  =     2667.3801


   NSTEP       ENERGY          RMS            GMAX         NAME    NUMBER
    450       2.9387E+03     9.8282E-02     2.0440E+00     OG         48

 BOND    =      122.1532  ANGLE   =      595.4363  DIHED      =     3476.8246
 VDWAALS =    -1896.4927  EEL     =   -14942.8379  HBOND      =        0.0000
 1-4 VDW =     1057.7554  1-4 EEL =    14250.1914  RESTRAINT  =      275.6673
 EAMBER  =     2663.0302


   NSTEP       ENERGY          RMS            GMAX         NAME    NUMBER
    500       2.9359E+03     1.1228E-01     2.3652E+00     CD       3725

 BOND    =      122.0072  ANGLE   =      595.2955  DIHED      =     3477.2486
 VDWAALS =    -1897.9912  EEL     =   -14944.3904  HBOND      =        0.0000
 1-4 VDW =     1057.4050  1-4 EEL =    14249.8346  RESTRAINT  =      276.4826
 EAMBER  =     2659.4093


  Maximum number of minimization cycles reached.


                    FINAL RESULTS



   NSTEP       ENERGY          RMS            GMAX         NAME    NUMBER
    500       2.9359E+03     1.1228E-01     2.3652E+00     CD       3725

 BOND    =      122.0072  ANGLE   =      595.2955  DIHED      =     3477.2486
 VDWAALS =    -1897.9912  EEL     =   -14944.3904  HBOND      =        0.0000
 1-4 VDW =     1057.4050  1-4 EEL =    14249.8346  RESTRAINT  =      276.4826
 EAMBER  =     2659.4093

--------------------------------------------------------------------------------
   5.  TIMINGS
--------------------------------------------------------------------------------

|                Build the list             0.39 (99.69% of List )
|                Other                      0.00 ( 0.31% of List )
|             List time                  0.39 ( 0.09% of Nonbo)
|                   Short_ene time           426.19 (100.0% of Direc)
|                   Other                      0.03 ( 0.01% of Direc)
|                Direct Ewald time        426.22 (100.0% of Ewald)
|                Other                      0.41 ( 0.10% of Ewald)
|             Ewald time               426.63 (100.0% of Nonbo)
|          Nonbond force            427.02 (98.89% of Force)
|          Bond/Angle/Dihedral        4.76 ( 1.10% of Force)
|          Other                      0.03 ( 0.01% of Force)
|       Force time               431.81 (100.0% of Runmd)
|    Runmd Time               431.81 (98.65% of Total)
|    Other                      5.92 ( 1.35% of Total)
| Total time               437.74 (100.0% of ALL  )

| Number of list builds   :          1

| Highest rstack allocated:      23365
| Highest istack allocated:       4673
|           Job began  at 21:58:03.288  on 12/21/2025
|           Setup done at 21:58:03.699  on 12/21/2025
|           Run   done at 22:05:21.025  on 12/21/2025
|     wallclock() was called   11535 times

|3D-RISM memory allocation summary
|Type          Maximum        Current   
|Integer       0.00000 GB     0.00000 GB
|Real          0.00000 GB     0.00000 GB
|Logical       0.00000 GB     0.00000 GB
|Character     0.00000 GB     0.00000 GB
|---------------------------------------
|Total         0.00000 GB     0.00000 GB
