
          -------------------------------------------------------
          Amber 22 SANDER                              2022
          -------------------------------------------------------

| Run on 12/21/2025 at 21:58:04

|   Executable path: /home/kiran/miniforge3/envs/amber_mmgbsa/bin/sander
| Working directory: /storage/kiran-stuff/aaRS/phase2/energy_scoring/mmgbsa_amber/jobs/COMPETITION_modern_thrrs_THR_vs_ILE
|          Hostname: boron

  [-O]verwriting output

File Assignments:
|  MDIN: min.in                                                                
| MDOUT: min.out                                                               
|INPCRD: complex.inpcrd                                                        
|  PARM: complex.prmtop                                                        
|RESTRT: min.rst                                                               
|  REFC: complex.inpcrd                                                        
| MDVEL: mdvel                                                                 
| MDFRC: mdfrc                                                                 
|  MDEN: mden                                                                  
| MDCRD: mdcrd                                                                 
|MDINFO: mdinfo                                                                
|  MTMD: mtmd                                                                  
|INPDIP: inpdip                                                                
|RSTDIP: rstdip                                                                
|INPTRA: inptraj                                                               


 Here is the input file:

Minimize                                                                       
 &cntrl                                                                        
  imin=1,                                                                      
  maxcyc=500,                                                                  
  ncyc=250,                                                                    
  ntb=0,                                                                       
  cut=999.0,                                                                   
  ntr=1,                                                                       
  restraint_wt=10.0,                                                           
  restraintmask='!:LIG & !@H=',                                                
 /                                                                             

--------------------------------------------------------------------------------
   1.  RESOURCE   USE: 
--------------------------------------------------------------------------------

| Flags:                                                                        
|    NONPERIODIC   ntb=0 and igb=0: Setting up nonperiodic simulation
|  *** cutoff > system size, list only builds once
|Largest sphere to fit in unit cell has radius =    55.175
| New format PARM file being parsed.
| Version =    1.000 Date = 12/21/25 Time = 21:58:04
 NATOM  =    6508 NTYPES =      22 NBONH =    3221 MBONA  =    3356
 NTHETH =    7328 MTHETA =    4519 NPHIH =   14880 MPHIA  =   14161
 NHPARM =       0 NPARM  =       0 NNB   =   35835 NRES   =     403
 NBONA  =    3356 NTHETA =    4519 NPHIA =   14161 NUMBND =      73
 NUMANG =     165 NPTRA  =     198 NATYP =      42 NPHB   =       0
 IFBOX  =       0 NMXRS  =      26 IFCAP =       0 NEXTRA =       0
 NCOPY  =       0


|     Memory Use     Allocated
|     Real             1289131
|     Hollerith          19929
|     Integer          1565831
|     Max Pairs       21173778
|     nblistReal         78096
|     nblist Int       6886249
|       Total           126485 kbytes

| Note: 1-4 EEL scale factors are being read from the topology file.

| Note: 1-4 VDW scale factors are being read from the topology file.
| Duplicated    0 dihedrals
| Duplicated    0 dihedrals

--------------------------------------------------------------------------------
   2.  CONTROL  DATA  FOR  THE  RUN
--------------------------------------------------------------------------------

default_name                                                                    

General flags:
     imin    =       1, nmropt  =       0

Nature and format of input:
     ntx     =       1, irest   =       0, ntrx    =       1

Nature and format of output:
     ntxo    =       2, ntpr    =      50, ntrx    =       1, ntwr    =       1
     iwrap   =       0, ntwx    =       0, ntwv    =       0, ntwe    =       0
     ioutfm  =       1, ntwprt  =       0, idecomp =       0, rbornstat=      0

Potential function:
     ntf     =       1, ntb     =       0, igb     =       0, nsnb    =      25
     ipol    =       0, gbsa    =       0, iesp    =       0
     dielc   =   1.00000, cut     = 999.00000, intdiel =   1.00000

Frozen or restrained atoms:
     ibelly  =       0, ntr     =       1
     restraint_wt =  10.00000

Energy minimization:
     maxcyc  =     500, ncyc    =     250, ntmin   =       1
     dx0     =   0.01000, drms    =   0.00010
|  INFO: Old style inpcrd file read


    LOADING THE CONSTRAINED ATOMS AS GROUPS


   5.  REFERENCE ATOM COORDINATES

  defa
     Mask !:LIG & !@H=; matches  3279 atoms

--------------------------------------------------------------------------------
   3.  ATOMIC COORDINATES AND VELOCITIES
--------------------------------------------------------------------------------

default_name                                                                    
 begin time read from input coords =     0.000 ps

 Number of triangulated 3-point waters found:        0

     Sum of charges from parm topology file =  -6.00000118

--------------------------------------------------------------------------------
   4.  RESULTS
--------------------------------------------------------------------------------

 ---------------------------------------------------

     eedmeth=4: Setting switch to one everywhere

 ---------------------------------------------------
| Local SIZE OF NONBOND LIST =   21138290
| TOTAL SIZE OF NONBOND LIST =   21138290


   NSTEP       ENERGY          RMS            GMAX         NAME    NUMBER
      1      -8.7606E+03     4.1319E+01     4.0201E+03     OE1       161

 BOND    =      146.4329  ANGLE   =      688.3438  DIHED      =     4467.1051
 VDWAALS =    -2478.3539  EEL     =   -28120.1416  HBOND      =        0.0000
 1-4 VDW =     1711.7500  1-4 EEL =    14824.2527  RESTRAINT  =        0.0000


   NSTEP       ENERGY          RMS            GMAX         NAME    NUMBER
     50      -1.0754E+04     2.3118E+00     8.8728E+01     CZ         18

 BOND    =      194.0116  ANGLE   =      680.9366  DIHED      =     4526.3393
 VDWAALS =    -3490.3916  EEL     =   -28616.0844  HBOND      =        0.0000
 1-4 VDW =     1476.9596  1-4 EEL =    14398.7283  RESTRAINT  =       75.2451
 EAMBER  =   -10829.5006


   NSTEP       ENERGY          RMS            GMAX         NAME    NUMBER
    100      -1.0960E+04     1.2278E+00     4.3537E+01     CG       2344

 BOND    =      189.4187  ANGLE   =      701.0435  DIHED      =     4545.9665
 VDWAALS =    -3526.4555  EEL     =   -28785.6000  HBOND      =        0.0000
 1-4 VDW =     1439.7356  1-4 EEL =    14350.2012  RESTRAINT  =      125.6782
 EAMBER  =   -11085.6900


   NSTEP       ENERGY          RMS            GMAX         NAME    NUMBER
    150      -1.1070E+04     3.6923E-01     1.1337E+01     HG1      5563

 BOND    =      191.4991  ANGLE   =      718.1809  DIHED      =     4550.6501
 VDWAALS =    -3543.6206  EEL     =   -28904.0880  HBOND      =        0.0000
 1-4 VDW =     1425.0447  1-4 EEL =    14335.7393  RESTRAINT  =      156.5887
 EAMBER  =   -11226.5946


   NSTEP       ENERGY          RMS            GMAX         NAME    NUMBER
    200      -1.1136E+04     1.1125E+00     4.2588E+01     CD       4607

 BOND    =      196.4942  ANGLE   =      724.2582  DIHED      =     4549.8047
 VDWAALS =    -3550.9721  EEL     =   -28983.1097  HBOND      =        0.0000
 1-4 VDW =     1419.3255  1-4 EEL =    14332.5398  RESTRAINT  =      175.3328
 EAMBER  =   -11311.6594


   NSTEP       ENERGY          RMS            GMAX         NAME    NUMBER
    250      -1.1182E+04     4.2541E-01     1.6282E+01     HH       5677

 BOND    =      195.3675  ANGLE   =      723.2201  DIHED      =     4550.3017
 VDWAALS =    -3555.8226  EEL     =   -29032.3443  HBOND      =        0.0000
 1-4 VDW =     1417.5523  1-4 EEL =    14332.0137  RESTRAINT  =      188.0600
 EAMBER  =   -11369.7116


   NSTEP       ENERGY          RMS            GMAX         NAME    NUMBER
    300      -1.1258E+04     3.2242E-01     1.1834E+01     CD       6289

 BOND    =      197.0565  ANGLE   =      730.4459  DIHED      =     4548.9478
 VDWAALS =    -3568.0712  EEL     =   -29141.1975  HBOND      =        0.0000
 1-4 VDW =     1416.3082  1-4 EEL =    14329.8509  RESTRAINT  =      228.4305
 EAMBER  =   -11486.6595


   NSTEP       ENERGY          RMS            GMAX         NAME    NUMBER
    350      -1.1277E+04     3.0982E-01     1.0266E+01     OE2      6291

 BOND    =      198.2058  ANGLE   =      729.6528  DIHED      =     4547.5114
 VDWAALS =    -3568.6512  EEL     =   -29165.6204  HBOND      =        0.0000
 1-4 VDW =     1416.5329  1-4 EEL =    14330.8328  RESTRAINT  =      234.7913
 EAMBER  =   -11511.5359


   NSTEP       ENERGY          RMS            GMAX         NAME    NUMBER
    400      -1.1290E+04     1.8020E-01     4.5920E+00     CD       3654

 BOND    =      197.7607  ANGLE   =      729.8935  DIHED      =     4545.0923
 VDWAALS =    -3569.7726  EEL     =   -29182.3652  HBOND      =        0.0000
 1-4 VDW =     1416.9473  1-4 EEL =    14331.3750  RESTRAINT  =      240.6943
 EAMBER  =   -11531.0691


   NSTEP       ENERGY          RMS            GMAX         NAME    NUMBER
    450      -1.1298E+04     1.5762E-01     4.0761E+00     CZ       5675

 BOND    =      197.9525  ANGLE   =      729.9943  DIHED      =     4543.7307
 VDWAALS =    -3570.5302  EEL     =   -29190.0115  HBOND      =        0.0000
 1-4 VDW =     1416.9279  1-4 EEL =    14330.9120  RESTRAINT  =      243.1431
 EAMBER  =   -11541.0242


   NSTEP       ENERGY          RMS            GMAX         NAME    NUMBER
    500      -1.1302E+04     1.1107E-01     3.0138E+00     CG       1003

 BOND    =      197.8697  ANGLE   =      730.0522  DIHED      =     4544.0942
 VDWAALS =    -3570.9532  EEL     =   -29195.1216  HBOND      =        0.0000
 1-4 VDW =     1416.9066  1-4 EEL =    14330.6257  RESTRAINT  =      244.3615
 EAMBER  =   -11546.5264


  Maximum number of minimization cycles reached.


                    FINAL RESULTS



   NSTEP       ENERGY          RMS            GMAX         NAME    NUMBER
    500      -1.1302E+04     1.1107E-01     3.0138E+00     CG       1003

 BOND    =      197.8697  ANGLE   =      730.0522  DIHED      =     4544.0942
 VDWAALS =    -3570.9532  EEL     =   -29195.1216  HBOND      =        0.0000
 1-4 VDW =     1416.9066  1-4 EEL =    14330.6257  RESTRAINT  =      244.3615
 EAMBER  =   -11546.5264

--------------------------------------------------------------------------------
   5.  TIMINGS
--------------------------------------------------------------------------------

|                Build the list             0.91 (99.85% of List )
|                Other                      0.00 ( 0.15% of List )
|             List time                  0.91 ( 0.10% of Nonbo)
|                   Short_ene time           880.62 (100.0% of Direc)
|                   Other                      0.05 ( 0.01% of Direc)
|                Direct Ewald time        880.67 (100.0% of Ewald)
|                Other                      0.74 ( 0.08% of Ewald)
|             Ewald time               881.41 (99.90% of Nonbo)
|          Nonbond force            882.33 (99.23% of Force)
|          Bond/Angle/Dihedral        6.84 ( 0.77% of Force)
|          Other                      0.05 ( 0.01% of Force)
|       Force time               889.22 (100.0% of Runmd)
|    Runmd Time               889.22 (98.97% of Total)
|    Other                      9.20 ( 1.02% of Total)
| Total time               898.43 (100.0% of ALL  )

| Number of list builds   :          1

| Highest rstack allocated:      32500
| Highest istack allocated:       6500
|           Job began  at 21:58:04.960  on 12/21/2025
|           Setup done at 21:58:05.454  on 12/21/2025
|           Run   done at 22:13:03.394  on 12/21/2025
|     wallclock() was called   11535 times

|3D-RISM memory allocation summary
|Type          Maximum        Current   
|Integer       0.00000 GB     0.00000 GB
|Real          0.00000 GB     0.00000 GB
|Logical       0.00000 GB     0.00000 GB
|Character     0.00000 GB     0.00000 GB
|---------------------------------------
|Total         0.00000 GB     0.00000 GB
