
          -------------------------------------------------------
          Amber 22 SANDER                              2022
          -------------------------------------------------------

| Run on 12/21/2025 at 22:04:48

|   Executable path: /home/kiran/miniforge3/envs/amber_mmgbsa/bin/sander
| Working directory: /storage/kiran-stuff/aaRS/phase2/energy_scoring/mmgbsa_amber/jobs/anc_thrrs_cat_SER
|          Hostname: boron

  [-O]verwriting output

File Assignments:
|  MDIN: min.in                                                                
| MDOUT: min.out                                                               
|INPCRD: complex.inpcrd                                                        
|  PARM: complex.prmtop                                                        
|RESTRT: min.rst                                                               
|  REFC: complex.inpcrd                                                        
| MDVEL: mdvel                                                                 
| MDFRC: mdfrc                                                                 
|  MDEN: mden                                                                  
| MDCRD: mdcrd                                                                 
|MDINFO: mdinfo                                                                
|  MTMD: mtmd                                                                  
|INPDIP: inpdip                                                                
|RSTDIP: rstdip                                                                
|INPTRA: inptraj                                                               


 Here is the input file:

Minimize                                                                       
 &cntrl                                                                        
  imin=1,                                                                      
  maxcyc=500,                                                                  
  ncyc=250,                                                                    
  ntb=0,                                                                       
  cut=999.0,                                                                   
  ntr=1,                                                                       
  restraint_wt=10.0,                                                           
  restraintmask='!:LIG & !@H=',                                                
 /                                                                             

--------------------------------------------------------------------------------
   1.  RESOURCE   USE: 
--------------------------------------------------------------------------------

| Flags:                                                                        
|    NONPERIODIC   ntb=0 and igb=0: Setting up nonperiodic simulation
|  *** cutoff > system size, list only builds once
|Largest sphere to fit in unit cell has radius =    52.579
| New format PARM file being parsed.
| Version =    1.000 Date = 12/21/25 Time = 22:04:47
 NATOM  =    4416 NTYPES =      20 NBONH =    2159 MBONA  =    2307
 NTHETH =    4905 MTHETA =    3123 NPHIH =   10132 MPHIA  =    9719
 NHPARM =       0 NPARM  =       0 NNB   =   24317 NRES   =     279
 NBONA  =    2307 NTHETA =    3123 NPHIA =    9719 NUMBND =      72
 NUMANG =     164 NPTRA  =     195 NATYP =      40 NPHB   =       0
 IFBOX  =       0 NMXRS  =      24 IFCAP =       0 NEXTRA =       0
 NCOPY  =       0


|     Memory Use     Allocated
|     Real             1117171
|     Hollerith          13529
|     Integer          1074942
|     Max Pairs        9748320
|     nblistReal         52992
|     nblist Int       5490571
|       Total            72920 kbytes

| Note: 1-4 EEL scale factors are being read from the topology file.

| Note: 1-4 VDW scale factors are being read from the topology file.
| Duplicated    0 dihedrals
| Duplicated    0 dihedrals

--------------------------------------------------------------------------------
   2.  CONTROL  DATA  FOR  THE  RUN
--------------------------------------------------------------------------------

default_name                                                                    

General flags:
     imin    =       1, nmropt  =       0

Nature and format of input:
     ntx     =       1, irest   =       0, ntrx    =       1

Nature and format of output:
     ntxo    =       2, ntpr    =      50, ntrx    =       1, ntwr    =       1
     iwrap   =       0, ntwx    =       0, ntwv    =       0, ntwe    =       0
     ioutfm  =       1, ntwprt  =       0, idecomp =       0, rbornstat=      0

Potential function:
     ntf     =       1, ntb     =       0, igb     =       0, nsnb    =      25
     ipol    =       0, gbsa    =       0, iesp    =       0
     dielc   =   1.00000, cut     = 999.00000, intdiel =   1.00000

Frozen or restrained atoms:
     ibelly  =       0, ntr     =       1
     restraint_wt =  10.00000

Energy minimization:
     maxcyc  =     500, ncyc    =     250, ntmin   =       1
     dx0     =   0.01000, drms    =   0.00010
|  INFO: Old style inpcrd file read


    LOADING THE CONSTRAINED ATOMS AS GROUPS


   5.  REFERENCE ATOM COORDINATES

  defa
     Mask !:LIG & !@H=; matches  2250 atoms

--------------------------------------------------------------------------------
   3.  ATOMIC COORDINATES AND VELOCITIES
--------------------------------------------------------------------------------

default_name                                                                    
 begin time read from input coords =     0.000 ps

 Number of triangulated 3-point waters found:        0

     Sum of charges from parm topology file = -15.00000107

--------------------------------------------------------------------------------
   4.  RESULTS
--------------------------------------------------------------------------------

 ---------------------------------------------------

     eedmeth=4: Setting switch to one everywhere

 ---------------------------------------------------
| Local SIZE OF NONBOND LIST =    9724234
| TOTAL SIZE OF NONBOND LIST =    9724234


   NSTEP       ENERGY          RMS            GMAX         NAME    NUMBER
      1      -3.6847E+03     8.2188E+01     4.1468E+03     HB3      1864

 BOND    =      146.1659  ANGLE   =      625.5563  DIHED      =     3209.0212
 VDWAALS =       37.5463  EEL     =   -18189.6076  HBOND      =        0.0000
 1-4 VDW =     1037.1904  1-4 EEL =     9449.4184  RESTRAINT  =        0.0000


   NSTEP       ENERGY          RMS            GMAX         NAME    NUMBER
     50      -6.1542E+03     7.4271E-01     1.1054E+01     OXT      4409

 BOND    =      142.9384  ANGLE   =      589.6826  DIHED      =     3210.9200
 VDWAALS =    -2056.6813  EEL     =   -18461.0303  HBOND      =        0.0000
 1-4 VDW =      991.9173  1-4 EEL =     9376.2683  RESTRAINT  =       51.7673
 EAMBER  =    -6205.9850


   NSTEP       ENERGY          RMS            GMAX         NAME    NUMBER
    100      -6.2717E+03     1.4977E+00     3.0712E+01     CD2      1050

 BOND    =      144.1831  ANGLE   =      588.8920  DIHED      =     3217.0298
 VDWAALS =    -2096.9588  EEL     =   -18576.3687  HBOND      =        0.0000
 1-4 VDW =      978.5717  1-4 EEL =     9385.6721  RESTRAINT  =       87.3178
 EAMBER  =    -6358.9789


   NSTEP       ENERGY          RMS            GMAX         NAME    NUMBER
    150      -6.3318E+03     9.0378E-01     2.7144E+01     NE2      1048

 BOND    =      143.6269  ANGLE   =      594.2025  DIHED      =     3221.2029
 VDWAALS =    -2114.7392  EEL     =   -18648.2702  HBOND      =        0.0000
 1-4 VDW =      973.7629  1-4 EEL =     9388.0581  RESTRAINT  =      110.3085
 EAMBER  =    -6442.1560


   NSTEP       ENERGY          RMS            GMAX         NAME    NUMBER
    200      -6.3668E+03     3.3764E-01     8.7399E+00     HG1      3326

 BOND    =      143.1397  ANGLE   =      594.4372  DIHED      =     3224.5417
 VDWAALS =    -2123.2481  EEL     =   -18692.7949  HBOND      =        0.0000
 1-4 VDW =      971.8970  1-4 EEL =     9390.3201  RESTRAINT  =      124.8788
 EAMBER  =    -6491.7072


   NSTEP       ENERGY          RMS            GMAX         NAME    NUMBER
    250      -6.3892E+03     7.3494E-01     1.8920E+01     NE2      1048

 BOND    =      144.2405  ANGLE   =      595.0461  DIHED      =     3227.5774
 VDWAALS =    -2128.8310  EEL     =   -18725.0430  HBOND      =        0.0000
 1-4 VDW =      971.0629  1-4 EEL =     9391.4785  RESTRAINT  =      135.2792
 EAMBER  =    -6524.4686


   NSTEP       ENERGY          RMS            GMAX         NAME    NUMBER
    300      -6.4661E+03     4.8011E-01     1.5361E+01     OH       3005

 BOND    =      144.5799  ANGLE   =      599.4955  DIHED      =     3231.7691
 VDWAALS =    -2141.4153  EEL     =   -18827.0056  HBOND      =        0.0000
 1-4 VDW =      969.8978  1-4 EEL =     9388.3642  RESTRAINT  =      168.2321
 EAMBER  =    -6634.3143


   NSTEP       ENERGY          RMS            GMAX         NAME    NUMBER
    350      -6.4883E+03     3.3911E-01     9.2218E+00     CG       2410

 BOND    =      144.2244  ANGLE   =      596.8006  DIHED      =     3228.6233
 VDWAALS =    -2137.6434  EEL     =   -18847.0206  HBOND      =        0.0000
 1-4 VDW =      969.3829  1-4 EEL =     9387.4247  RESTRAINT  =      169.9128
 EAMBER  =    -6658.2081


   NSTEP       ENERGY          RMS            GMAX         NAME    NUMBER
    400      -6.4983E+03     1.8639E-01     5.1048E+00     HH       3006

 BOND    =      143.7838  ANGLE   =      595.8825  DIHED      =     3224.3317
 VDWAALS =    -2138.9580  EEL     =   -18852.1522  HBOND      =        0.0000
 1-4 VDW =      969.3628  1-4 EEL =     9387.5958  RESTRAINT  =      171.8099
 EAMBER  =    -6670.1536


   NSTEP       ENERGY          RMS            GMAX         NAME    NUMBER
    450      -6.5016E+03     1.0258E-01     1.8530E+00     CD2      3009

 BOND    =      143.8137  ANGLE   =      594.9597  DIHED      =     3223.8960
 VDWAALS =    -2139.5215  EEL     =   -18854.5443  HBOND      =        0.0000
 1-4 VDW =      968.9752  1-4 EEL =     9387.7199  RESTRAINT  =      173.1115
 EAMBER  =    -6674.7013


   NSTEP       ENERGY          RMS            GMAX         NAME    NUMBER
    500      -6.5028E+03     6.0351E-02     1.2452E+00     HH       3006

 BOND    =      143.8071  ANGLE   =      594.3874  DIHED      =     3224.1818
 VDWAALS =    -2139.7854  EEL     =   -18855.9026  HBOND      =        0.0000
 1-4 VDW =      968.8322  1-4 EEL =     9387.4955  RESTRAINT  =      174.1685
 EAMBER  =    -6676.9840


  Maximum number of minimization cycles reached.


                    FINAL RESULTS



   NSTEP       ENERGY          RMS            GMAX         NAME    NUMBER
    500      -6.5028E+03     6.0351E-02     1.2452E+00     HH       3006

 BOND    =      143.8071  ANGLE   =      594.3874  DIHED      =     3224.1818
 VDWAALS =    -2139.7854  EEL     =   -18855.9026  HBOND      =        0.0000
 1-4 VDW =      968.8322  1-4 EEL =     9387.4955  RESTRAINT  =      174.1685
 EAMBER  =    -6676.9840

--------------------------------------------------------------------------------
   5.  TIMINGS
--------------------------------------------------------------------------------

|                Build the list             0.40 (99.72% of List )
|                Other                      0.00 ( 0.28% of List )
|             List time                  0.41 ( 0.10% of Nonbo)
|                   Short_ene time           395.73 (100.0% of Direc)
|                   Other                      0.03 ( 0.01% of Direc)
|                Direct Ewald time        395.76 (99.89% of Ewald)
|                Other                      0.43 ( 0.11% of Ewald)
|             Ewald time               396.19 (99.90% of Nonbo)
|          Nonbond force            396.59 (98.86% of Force)
|          Bond/Angle/Dihedral        4.52 ( 1.13% of Force)
|          Other                      0.04 ( 0.01% of Force)
|       Force time               401.15 (100.0% of Runmd)
|    Runmd Time               401.15 (98.35% of Total)
|    Other                      6.74 ( 1.65% of Total)
| Total time               407.89 (100.0% of ALL  )

| Number of list builds   :          1

| Highest rstack allocated:      22045
| Highest istack allocated:       4409
|           Job began  at 22:04:48.336  on 12/21/2025
|           Setup done at 22:04:48.726  on 12/21/2025
|           Run   done at 22:11:36.230  on 12/21/2025
|     wallclock() was called   11535 times

|3D-RISM memory allocation summary
|Type          Maximum        Current   
|Integer       0.00000 GB     0.00000 GB
|Real          0.00000 GB     0.00000 GB
|Logical       0.00000 GB     0.00000 GB
|Character     0.00000 GB     0.00000 GB
|---------------------------------------
|Total         0.00000 GB     0.00000 GB
