
          -------------------------------------------------------
          Amber 22 SANDER                              2022
          -------------------------------------------------------

| Run on 12/21/2025 at 22:20:56

|   Executable path: /home/kiran/miniforge3/envs/amber_mmgbsa/bin/sander
| Working directory: /storage/kiran-stuff/aaRS/phase2/energy_scoring/mmgbsa_amber/jobs/modern_thrrs_ARG
|          Hostname: boron

  [-O]verwriting output

File Assignments:
|  MDIN: min.in                                                                
| MDOUT: min.out                                                               
|INPCRD: complex.inpcrd                                                        
|  PARM: complex.prmtop                                                        
|RESTRT: min.rst                                                               
|  REFC: complex.inpcrd                                                        
| MDVEL: mdvel                                                                 
| MDFRC: mdfrc                                                                 
|  MDEN: mden                                                                  
| MDCRD: mdcrd                                                                 
|MDINFO: mdinfo                                                                
|  MTMD: mtmd                                                                  
|INPDIP: inpdip                                                                
|RSTDIP: rstdip                                                                
|INPTRA: inptraj                                                               


 Here is the input file:

Minimize                                                                       
 &cntrl                                                                        
  imin=1,                                                                      
  maxcyc=500,                                                                  
  ncyc=250,                                                                    
  ntb=0,                                                                       
  cut=999.0,                                                                   
  ntr=1,                                                                       
  restraint_wt=10.0,                                                           
  restraintmask='!:LIG & !@H=',                                                
 /                                                                             

--------------------------------------------------------------------------------
   1.  RESOURCE   USE: 
--------------------------------------------------------------------------------

| Flags:                                                                        
|    NONPERIODIC   ntb=0 and igb=0: Setting up nonperiodic simulation
|  *** cutoff > system size, list only builds once
|Largest sphere to fit in unit cell has radius =    71.419
| New format PARM file being parsed.
| Version =    1.000 Date = 12/21/25 Time = 22:20:56
 NATOM  =   10334 NTYPES =      22 NBONH =    5201 MBONA  =    5222
 NTHETH =   11900 MTHETA =    7063 NPHIH =   23581 MPHIA  =   22348
 NHPARM =       0 NPARM  =       0 NNB   =   57207 NRES   =     664
 NBONA  =    5222 NTHETA =    7063 NPHIA =   22348 NUMBND =      74
 NUMANG =     170 NPTRA  =     202 NATYP =      42 NPHB   =       0
 IFBOX  =       0 NMXRS  =      26 IFCAP =       0 NEXTRA =       0
 NCOPY  =       0


|     Memory Use     Allocated
|     Real             1603948
|     Hollerith          31668
|     Integer          2469121
|     Max Pairs       53390611
|     nblistReal        124008
|     nblist Int      16150363
|       Total           294912 kbytes

| Note: 1-4 EEL scale factors are being read from the topology file.

| Note: 1-4 VDW scale factors are being read from the topology file.
| Duplicated    0 dihedrals
| Duplicated    0 dihedrals

--------------------------------------------------------------------------------
   2.  CONTROL  DATA  FOR  THE  RUN
--------------------------------------------------------------------------------

default_name                                                                    

General flags:
     imin    =       1, nmropt  =       0

Nature and format of input:
     ntx     =       1, irest   =       0, ntrx    =       1

Nature and format of output:
     ntxo    =       2, ntpr    =      50, ntrx    =       1, ntwr    =       1
     iwrap   =       0, ntwx    =       0, ntwv    =       0, ntwe    =       0
     ioutfm  =       1, ntwprt  =       0, idecomp =       0, rbornstat=      0

Potential function:
     ntf     =       1, ntb     =       0, igb     =       0, nsnb    =      25
     ipol    =       0, gbsa    =       0, iesp    =       0
     dielc   =   1.00000, cut     = 999.00000, intdiel =   1.00000

Frozen or restrained atoms:
     ibelly  =       0, ntr     =       1
     restraint_wt =  10.00000

Energy minimization:
     maxcyc  =     500, ncyc    =     250, ntmin   =       1
     dx0     =   0.01000, drms    =   0.00010
|  INFO: Old style inpcrd file read


    LOADING THE CONSTRAINED ATOMS AS GROUPS


   5.  REFERENCE ATOM COORDINATES

  defa
     Mask !:LIG & !@H=; matches  5121 atoms

--------------------------------------------------------------------------------
   3.  ATOMIC COORDINATES AND VELOCITIES
--------------------------------------------------------------------------------

default_name                                                                    
 begin time read from input coords =     0.000 ps

 Number of triangulated 3-point waters found:        0

     Sum of charges from parm topology file = -17.00000028

--------------------------------------------------------------------------------
   4.  RESULTS
--------------------------------------------------------------------------------

 ---------------------------------------------------

     eedmeth=4: Setting switch to one everywhere

 ---------------------------------------------------
| Local SIZE OF NONBOND LIST =   53333907
| TOTAL SIZE OF NONBOND LIST =   53333907


   NSTEP       ENERGY          RMS            GMAX         NAME    NUMBER
      1       1.6144E+07     2.1134E+06     1.8692E+08     O         609

 BOND    =      334.7215  ANGLE   =     1198.8549  DIHED      =     7714.4965
 VDWAALS = 16150040.8488  EEL     =   -44901.2500  HBOND      =        0.0000
 1-4 VDW =     2491.7991  1-4 EEL =    26886.5149  RESTRAINT  =        0.0000


   NSTEP       ENERGY          RMS            GMAX         NAME    NUMBER
     50      -1.0838E+04     8.9296E-01     2.0187E+01     CG       8609

 BOND    =      315.3428  ANGLE   =     1260.7857  DIHED      =     7730.0340
 VDWAALS =    -4067.2458  EEL     =   -45316.0063  HBOND      =        0.0000
 1-4 VDW =     2410.5231  1-4 EEL =    26688.3819  RESTRAINT  =      140.2913
 EAMBER  =   -10978.1846


   NSTEP       ENERGY          RMS            GMAX         NAME    NUMBER
    100      -1.1228E+04     6.6485E-01     2.0744E+01     CD       8514

 BOND    =      306.1500  ANGLE   =     1234.3657  DIHED      =     7739.6341
 VDWAALS =    -4255.2302  EEL     =   -45540.8013  HBOND      =        0.0000
 1-4 VDW =     2357.9580  1-4 EEL =    26687.9692  RESTRAINT  =      241.5012
 EAMBER  =   -11469.9546


   NSTEP       ENERGY          RMS            GMAX         NAME    NUMBER
    150      -1.1385E+04     3.4122E-01     1.2113E+01     HH       8497

 BOND    =      302.7852  ANGLE   =     1230.4472  DIHED      =     7747.0916
 VDWAALS =    -4326.5189  EEL     =   -45670.0331  HBOND      =        0.0000
 1-4 VDW =     2337.1889  1-4 EEL =    26688.6668  RESTRAINT  =      305.5956
 EAMBER  =   -11690.3724


   NSTEP       ENERGY          RMS            GMAX         NAME    NUMBER
    200      -1.1478E+04     8.4800E-01     3.8644E+01     C         608

 BOND    =      304.7937  ANGLE   =     1230.7693  DIHED      =     7752.6374
 VDWAALS =    -4367.4068  EEL     =   -45763.6745  HBOND      =        0.0000
 1-4 VDW =     2325.8128  1-4 EEL =    26686.3469  RESTRAINT  =      352.4956
 EAMBER  =   -11830.7212


   NSTEP       ENERGY          RMS            GMAX         NAME    NUMBER
    250      -1.1542E+04     3.1273E-01     9.6936E+00     C         608

 BOND    =      302.3691  ANGLE   =     1231.0917  DIHED      =     7756.6483
 VDWAALS =    -4391.0057  EEL     =   -45832.4111  HBOND      =        0.0000
 1-4 VDW =     2318.4089  1-4 EEL =    26687.4093  RESTRAINT  =      385.6131
 EAMBER  =   -11927.4896


   NSTEP       ENERGY          RMS            GMAX         NAME    NUMBER
    300      -1.1669E+04     4.8281E-01     1.4250E+01     OG1      8249

 BOND    =      305.8146  ANGLE   =     1237.5438  DIHED      =     7767.4877
 VDWAALS =    -4450.2761  EEL     =   -46004.8378  HBOND      =        0.0000
 1-4 VDW =     2305.0696  1-4 EEL =    26680.5278  RESTRAINT  =      490.0457
 EAMBER  =   -12158.6704


   NSTEP       ENERGY          RMS            GMAX         NAME    NUMBER
    350      -1.1706E+04     3.6780E-01     1.1045E+01     OH       5752

 BOND    =      303.9930  ANGLE   =     1234.4550  DIHED      =     7769.4526
 VDWAALS =    -4464.1045  EEL     =   -46043.7931  HBOND      =        0.0000
 1-4 VDW =     2304.0661  1-4 EEL =    26681.5668  RESTRAINT  =      508.6476
 EAMBER  =   -12214.3640


   NSTEP       ENERGY          RMS            GMAX         NAME    NUMBER
    400      -1.1735E+04     2.9565E-01     8.1791E+00     CG        958

 BOND    =      303.5092  ANGLE   =     1233.8481  DIHED      =     7765.6866
 VDWAALS =    -4470.4290  EEL     =   -46062.5859  HBOND      =        0.0000
 1-4 VDW =     2303.3606  1-4 EEL =    26676.8496  RESTRAINT  =      514.7151
 EAMBER  =   -12249.7608


   NSTEP       ENERGY          RMS            GMAX         NAME    NUMBER
    450      -1.1751E+04     1.6574E-01     6.7346E+00     CG        958

 BOND    =      302.5994  ANGLE   =     1231.6108  DIHED      =     7766.0462
 VDWAALS =    -4474.9386  EEL     =   -46071.5804  HBOND      =        0.0000
 1-4 VDW =     2304.5077  1-4 EEL =    26674.8256  RESTRAINT  =      516.1267
 EAMBER  =   -12266.9293


   NSTEP       ENERGY          RMS            GMAX         NAME    NUMBER
    500      -1.1757E+04     9.4328E-02     2.5964E+00     HG       9158

 BOND    =      302.2381  ANGLE   =     1231.0834  DIHED      =     7767.8320
 VDWAALS =    -4477.7156  EEL     =   -46076.6826  HBOND      =        0.0000
 1-4 VDW =     2304.8354  1-4 EEL =    26672.7365  RESTRAINT  =      518.3808
 EAMBER  =   -12275.6729


  Maximum number of minimization cycles reached.


                    FINAL RESULTS



   NSTEP       ENERGY          RMS            GMAX         NAME    NUMBER
    500      -1.1757E+04     9.4328E-02     2.5964E+00     HG       9158

 BOND    =      302.2381  ANGLE   =     1231.0834  DIHED      =     7767.8320
 VDWAALS =    -4477.7156  EEL     =   -46076.6826  HBOND      =        0.0000
 1-4 VDW =     2304.8354  1-4 EEL =    26672.7365  RESTRAINT  =      518.3808
 EAMBER  =   -12275.6729

--------------------------------------------------------------------------------
   5.  TIMINGS
--------------------------------------------------------------------------------

|                Build the list             1.96 (99.87% of List )
|                Other                      0.00 ( 0.13% of List )
|             List time                  1.96 ( 0.11% of Nonbo)
|                   Short_ene time          1810.46 (100.0% of Direc)
|                Direct Ewald time       1810.52 (100.0% of Ewald)
|                Other                      1.00 ( 0.06% of Ewald)
|             Ewald time              1811.53 (99.89% of Nonbo)
|          Nonbond force           1813.49 (99.51% of Force)
|          Bond/Angle/Dihedral        8.83 ( 0.48% of Force)
|       Force time              1822.38 (100.0% of Runmd)
|    Runmd Time              1822.38 (99.53% of Total)
|    Other                      8.55 ( 0.47% of Total)
| Total time              1830.96 (100.0% of ALL  )

| Number of list builds   :          1

| Highest rstack allocated:      51630
| Highest istack allocated:      10326
|           Job began  at 22:20:56.792  on 12/21/2025
|           Setup done at 22:20:57.387  on 12/21/2025
|           Run   done at 22:51:27.749  on 12/21/2025
|     wallclock() was called   11535 times

|3D-RISM memory allocation summary
|Type          Maximum        Current   
|Integer       0.00000 GB     0.00000 GB
|Real          0.00000 GB     0.00000 GB
|Logical       0.00000 GB     0.00000 GB
|Character     0.00000 GB     0.00000 GB
|---------------------------------------
|Total         0.00000 GB     0.00000 GB
