
          -------------------------------------------------------
          Amber 22 SANDER                              2022
          -------------------------------------------------------

| Run on 12/21/2025 at 22:06:27

|   Executable path: /home/kiran/miniforge3/envs/amber_mmgbsa/bin/sander
| Working directory: /storage/kiran-stuff/aaRS/phase2/energy_scoring/mmgbsa_amber/jobs/deep_domain_pro
|          Hostname: boron

  [-O]verwriting output

File Assignments:
|  MDIN: min.in                                                                
| MDOUT: min.out                                                               
|INPCRD: complex.inpcrd                                                        
|  PARM: complex.prmtop                                                        
|RESTRT: min.rst                                                               
|  REFC: complex.inpcrd                                                        
| MDVEL: mdvel                                                                 
| MDFRC: mdfrc                                                                 
|  MDEN: mden                                                                  
| MDCRD: mdcrd                                                                 
|MDINFO: mdinfo                                                                
|  MTMD: mtmd                                                                  
|INPDIP: inpdip                                                                
|RSTDIP: rstdip                                                                
|INPTRA: inptraj                                                               


 Here is the input file:

Minimize                                                                       
 &cntrl                                                                        
  imin=1,                                                                      
  maxcyc=500,                                                                  
  ncyc=250,                                                                    
  ntb=0,                                                                       
  cut=999.0,                                                                   
  ntr=1,                                                                       
  restraint_wt=10.0,                                                           
  restraintmask='!:LIG & !@H=',                                                
 /                                                                             

--------------------------------------------------------------------------------
   1.  RESOURCE   USE: 
--------------------------------------------------------------------------------

| Flags:                                                                        
|    NONPERIODIC   ntb=0 and igb=0: Setting up nonperiodic simulation
|  *** cutoff > system size, list only builds once
|Largest sphere to fit in unit cell has radius =    62.503
| New format PARM file being parsed.
| Version =    1.000 Date = 12/21/25 Time = 22:06:27
 NATOM  =    8177 NTYPES =      21 NBONH =    4112 MBONA  =    4163
 NTHETH =    9423 MTHETA =    5628 NPHIH =   18735 MPHIA  =   17581
 NHPARM =       0 NPARM  =       0 NNB   =   45471 NRES   =     501
 NBONA  =    4163 NTHETA =    5628 NPHIA =   17581 NUMBND =      74
 NUMANG =     168 NPTRA  =     194 NATYP =      42 NPHB   =       0
 IFBOX  =       0 NMXRS  =      24 IFCAP =       0 NEXTRA =       0
 NCOPY  =       0


|     Memory Use     Allocated
|     Real             1426312
|     Hollerith          25034
|     Integer          1958402
|     Max Pairs       33427576
|     nblistReal         98124
|     nblist Int       9658035
|       Total           187960 kbytes

| Note: 1-4 EEL scale factors are being read from the topology file.

| Note: 1-4 VDW scale factors are being read from the topology file.
| Duplicated    0 dihedrals
| Duplicated    0 dihedrals

--------------------------------------------------------------------------------
   2.  CONTROL  DATA  FOR  THE  RUN
--------------------------------------------------------------------------------

default_name                                                                    

General flags:
     imin    =       1, nmropt  =       0

Nature and format of input:
     ntx     =       1, irest   =       0, ntrx    =       1

Nature and format of output:
     ntxo    =       2, ntpr    =      50, ntrx    =       1, ntwr    =       1
     iwrap   =       0, ntwx    =       0, ntwv    =       0, ntwe    =       0
     ioutfm  =       1, ntwprt  =       0, idecomp =       0, rbornstat=      0

Potential function:
     ntf     =       1, ntb     =       0, igb     =       0, nsnb    =      25
     ipol    =       0, gbsa    =       0, iesp    =       0
     dielc   =   1.00000, cut     = 999.00000, intdiel =   1.00000

Frozen or restrained atoms:
     ibelly  =       0, ntr     =       1
     restraint_wt =  10.00000

Energy minimization:
     maxcyc  =     500, ncyc    =     250, ntmin   =       1
     dx0     =   0.01000, drms    =   0.00010
|  INFO: Old style inpcrd file read


    LOADING THE CONSTRAINED ATOMS AS GROUPS


   5.  REFERENCE ATOM COORDINATES

  defa
     Mask !:LIG & !@H=; matches  4057 atoms

--------------------------------------------------------------------------------
   3.  ATOMIC COORDINATES AND VELOCITIES
--------------------------------------------------------------------------------

default_name                                                                    
 begin time read from input coords =     0.000 ps

 Number of triangulated 3-point waters found:        0

     Sum of charges from parm topology file =   4.99999983

--------------------------------------------------------------------------------
   4.  RESULTS
--------------------------------------------------------------------------------

 ---------------------------------------------------

     eedmeth=4: Setting switch to one everywhere

 ---------------------------------------------------
| Local SIZE OF NONBOND LIST =   33382518
| TOTAL SIZE OF NONBOND LIST =   33382518


   NSTEP       ENERGY          RMS            GMAX         NAME    NUMBER
      1      -6.9761E+03     1.3080E+01     8.4591E+02     OD2       891

 BOND    =      209.6174  ANGLE   =      828.6963  DIHED      =     5405.8100
 VDWAALS =    -3138.3892  EEL     =   -36556.6428  HBOND      =        0.0000
 1-4 VDW =     2321.4026  1-4 EEL =    23953.4159  RESTRAINT  =        0.0000


   NSTEP       ENERGY          RMS            GMAX         NAME    NUMBER
     50      -9.1570E+03     1.8182E+00     6.4345E+01     CD       3609

 BOND    =      184.5217  ANGLE   =      767.4737  DIHED      =     5489.6208
 VDWAALS =    -4134.4338  EEL     =   -36944.1039  HBOND      =        0.0000
 1-4 VDW =     1941.5171  1-4 EEL =    23411.4803  RESTRAINT  =      126.9145
 EAMBER  =    -9283.9243


   NSTEP       ENERGY          RMS            GMAX         NAME    NUMBER
    100      -9.3811E+03     1.0511E+00     1.7481E+01     CE1      3528

 BOND    =      192.4093  ANGLE   =      809.3960  DIHED      =     5511.6892
 VDWAALS =    -4195.2178  EEL     =   -37108.5795  HBOND      =        0.0000
 1-4 VDW =     1871.9900  1-4 EEL =    23324.8129  RESTRAINT  =      212.3905
 EAMBER  =    -9593.4999


   NSTEP       ENERGY          RMS            GMAX         NAME    NUMBER
    150      -9.4722E+03     4.7227E-01     9.7986E+00     HG1      6273

 BOND    =      194.0560  ANGLE   =      822.2749  DIHED      =     5523.1989
 VDWAALS =    -4219.0877  EEL     =   -37197.9747  HBOND      =        0.0000
 1-4 VDW =     1849.9044  1-4 EEL =    23293.5485  RESTRAINT  =      261.9131
 EAMBER  =    -9734.0798


   NSTEP       ENERGY          RMS            GMAX         NAME    NUMBER
    200      -9.5250E+03     9.7344E-01     4.3693E+01     CG       7780

 BOND    =      197.4932  ANGLE   =      831.6107  DIHED      =     5529.5839
 VDWAALS =    -4233.3436  EEL     =   -37265.0210  HBOND      =        0.0000
 1-4 VDW =     1839.5761  1-4 EEL =    23279.1146  RESTRAINT  =      295.9999
 EAMBER  =    -9820.9861


   NSTEP       ENERGY          RMS            GMAX         NAME    NUMBER
    250      -9.5637E+03     5.3458E-01     1.8298E+01     CG       7780

 BOND    =      198.0222  ANGLE   =      837.5721  DIHED      =     5535.0254
 VDWAALS =    -4241.2190  EEL     =   -37319.5667  HBOND      =        0.0000
 1-4 VDW =     1834.0752  1-4 EEL =    23272.7838  RESTRAINT  =      319.6260
 EAMBER  =    -9883.3070


   NSTEP       ENERGY          RMS            GMAX         NAME    NUMBER
    300      -9.6634E+03     4.1834E-01     1.6204E+01     CG       2637

 BOND    =      201.5414  ANGLE   =      848.7107  DIHED      =     5554.9543
 VDWAALS =    -4262.0685  EEL     =   -37502.4146  HBOND      =        0.0000
 1-4 VDW =     1827.1726  1-4 EEL =    23263.8579  RESTRAINT  =      404.8179
 EAMBER  =   -10068.2462


   NSTEP       ENERGY          RMS            GMAX         NAME    NUMBER
    350      -9.6943E+03     3.3015E-01     7.9398E+00     C        2668

 BOND    =      201.5525  ANGLE   =      846.7692  DIHED      =     5551.8546
 VDWAALS =    -4263.6802  EEL     =   -37538.2100  HBOND      =        0.0000
 1-4 VDW =     1828.4938  1-4 EEL =    23267.5645  RESTRAINT  =      411.3180
 EAMBER  =   -10105.6556


   NSTEP       ENERGY          RMS            GMAX         NAME    NUMBER
    400      -9.7237E+03     4.2789E-01     1.3328E+01     HG       2667

 BOND    =      202.0385  ANGLE   =      847.5193  DIHED      =     5550.5188
 VDWAALS =    -4265.4041  EEL     =   -37573.3496  HBOND      =        0.0000
 1-4 VDW =     1829.0571  1-4 EEL =    23267.4799  RESTRAINT  =      418.4696
 EAMBER  =   -10142.1400


   NSTEP       ENERGY          RMS            GMAX         NAME    NUMBER
    450      -9.7435E+03     1.7789E-01     5.7223E+00     HG       2667

 BOND    =      201.5546  ANGLE   =      846.5931  DIHED      =     5548.9150
 VDWAALS =    -4262.9799  EEL     =   -37597.1017  HBOND      =        0.0000
 1-4 VDW =     1828.2944  1-4 EEL =    23268.1074  RESTRAINT  =      423.1643
 EAMBER  =   -10166.6171


   NSTEP       ENERGY          RMS            GMAX         NAME    NUMBER
    500      -9.7503E+03     1.6266E-01     5.5144E+00     HG       2667

 BOND    =      201.6128  ANGLE   =      846.7458  DIHED      =     5549.6439
 VDWAALS =    -4264.1198  EEL     =   -37605.6465  HBOND      =        0.0000
 1-4 VDW =     1828.0719  1-4 EEL =    23267.4764  RESTRAINT  =      425.8697
 EAMBER  =   -10176.2155


  Maximum number of minimization cycles reached.


                    FINAL RESULTS



   NSTEP       ENERGY          RMS            GMAX         NAME    NUMBER
    500      -9.7503E+03     1.6266E-01     5.5144E+00     HG       2667

 BOND    =      201.6128  ANGLE   =      846.7458  DIHED      =     5549.6439
 VDWAALS =    -4264.1198  EEL     =   -37605.6465  HBOND      =        0.0000
 1-4 VDW =     1828.0719  1-4 EEL =    23267.4764  RESTRAINT  =      425.8697
 EAMBER  =   -10176.2155

--------------------------------------------------------------------------------
   5.  TIMINGS
--------------------------------------------------------------------------------

|                Build the list             1.08 (99.81% of List )
|                Other                      0.00 ( 0.19% of List )
|             List time                  1.08 ( 0.09% of Nonbo)
|                   Short_ene time          1243.54 (100.0% of Direc)
|                   Other                      0.06 ( 0.01% of Direc)
|                Direct Ewald time       1243.60 (100.0% of Ewald)
|                Other                      0.85 ( 0.07% of Ewald)
|             Ewald time              1244.45 (100.0% of Nonbo)
|          Nonbond force           1245.54 (99.35% of Force)
|          Bond/Angle/Dihedral        8.04 ( 0.64% of Force)
|          Other                      0.08 ( 0.01% of Force)
|       Force time              1253.66 (100.0% of Runmd)
|    Runmd Time              1253.66 (99.43% of Total)
|    Other                      7.13 ( 0.57% of Total)
| Total time              1260.80 (100.0% of ALL  )

| Number of list builds   :          1

| Highest rstack allocated:      40830
| Highest istack allocated:       8166
|           Job began  at 22:06:27.776  on 12/21/2025
|           Setup done at 22:06:28.276  on 12/21/2025
|           Run   done at 22:27:28.592  on 12/21/2025
|     wallclock() was called   11535 times

|3D-RISM memory allocation summary
|Type          Maximum        Current   
|Integer       0.00000 GB     0.00000 GB
|Real          0.00000 GB     0.00000 GB
|Logical       0.00000 GB     0.00000 GB
|Character     0.00000 GB     0.00000 GB
|---------------------------------------
|Total         0.00000 GB     0.00000 GB
