
          -------------------------------------------------------
          Amber 22 SANDER                              2022
          -------------------------------------------------------

| Run on 12/21/2025 at 21:58:01

|   Executable path: /home/kiran/miniforge3/envs/amber_mmgbsa/bin/sander
| Working directory: /storage/kiran-stuff/aaRS/phase2/energy_scoring/mmgbsa_amber/jobs/anc_thrrs_cat_LEU
|          Hostname: boron

  [-O]verwriting output

File Assignments:
|  MDIN: min.in                                                                
| MDOUT: min.out                                                               
|INPCRD: complex.inpcrd                                                        
|  PARM: complex.prmtop                                                        
|RESTRT: min.rst                                                               
|  REFC: complex.inpcrd                                                        
| MDVEL: mdvel                                                                 
| MDFRC: mdfrc                                                                 
|  MDEN: mden                                                                  
| MDCRD: mdcrd                                                                 
|MDINFO: mdinfo                                                                
|  MTMD: mtmd                                                                  
|INPDIP: inpdip                                                                
|RSTDIP: rstdip                                                                
|INPTRA: inptraj                                                               


 Here is the input file:

Minimize                                                                       
 &cntrl                                                                        
  imin=1,                                                                      
  maxcyc=500,                                                                  
  ncyc=250,                                                                    
  ntb=0,                                                                       
  cut=999.0,                                                                   
  ntr=1,                                                                       
  restraint_wt=10.0,                                                           
  restraintmask='!:LIG & !@H=',                                                
 /                                                                             

--------------------------------------------------------------------------------
   1.  RESOURCE   USE: 
--------------------------------------------------------------------------------

| Flags:                                                                        
|    NONPERIODIC   ntb=0 and igb=0: Setting up nonperiodic simulation
|  *** cutoff > system size, list only builds once
|Largest sphere to fit in unit cell has radius =    52.049
| New format PARM file being parsed.
| Version =    1.000 Date = 12/21/25 Time = 21:58:01
 NATOM  =    4424 NTYPES =      21 NBONH =    2165 MBONA  =    2309
 NTHETH =    4919 MTHETA =    3126 NPHIH =   10153 MPHIA  =    9721
 NHPARM =       0 NPARM  =       0 NNB   =   24367 NRES   =     279
 NBONA  =    2309 NTHETA =    3126 NPHIA =    9721 NUMBND =      73
 NUMANG =     164 NPTRA  =     198 NATYP =      41 NPHB   =       0
 IFBOX  =       0 NMXRS  =      24 IFCAP =       0 NEXTRA =       0
 NCOPY  =       0


|     Memory Use     Allocated
|     Real             1117869
|     Hollerith          13553
|     Integer          1076406
|     Max Pairs        9783676
|     nblistReal         53088
|     nblist Int       5474893
|       Total            73009 kbytes

| Note: 1-4 EEL scale factors are being read from the topology file.

| Note: 1-4 VDW scale factors are being read from the topology file.
| Duplicated    0 dihedrals
| Duplicated    0 dihedrals

--------------------------------------------------------------------------------
   2.  CONTROL  DATA  FOR  THE  RUN
--------------------------------------------------------------------------------

default_name                                                                    

General flags:
     imin    =       1, nmropt  =       0

Nature and format of input:
     ntx     =       1, irest   =       0, ntrx    =       1

Nature and format of output:
     ntxo    =       2, ntpr    =      50, ntrx    =       1, ntwr    =       1
     iwrap   =       0, ntwx    =       0, ntwv    =       0, ntwe    =       0
     ioutfm  =       1, ntwprt  =       0, idecomp =       0, rbornstat=      0

Potential function:
     ntf     =       1, ntb     =       0, igb     =       0, nsnb    =      25
     ipol    =       0, gbsa    =       0, iesp    =       0
     dielc   =   1.00000, cut     = 999.00000, intdiel =   1.00000

Frozen or restrained atoms:
     ibelly  =       0, ntr     =       1
     restraint_wt =  10.00000

Energy minimization:
     maxcyc  =     500, ncyc    =     250, ntmin   =       1
     dx0     =   0.01000, drms    =   0.00010
|  INFO: Old style inpcrd file read


    LOADING THE CONSTRAINED ATOMS AS GROUPS


   5.  REFERENCE ATOM COORDINATES

  defa
     Mask !:LIG & !@H=; matches  2250 atoms

--------------------------------------------------------------------------------
   3.  ATOMIC COORDINATES AND VELOCITIES
--------------------------------------------------------------------------------

default_name                                                                    
 begin time read from input coords =     0.000 ps

 Number of triangulated 3-point waters found:        0

     Sum of charges from parm topology file = -14.99999707

--------------------------------------------------------------------------------
   4.  RESULTS
--------------------------------------------------------------------------------

 ---------------------------------------------------

     eedmeth=4: Setting switch to one everywhere

 ---------------------------------------------------
| Local SIZE OF NONBOND LIST =    9759541
| TOTAL SIZE OF NONBOND LIST =    9759541


   NSTEP       ENERGY          RMS            GMAX         NAME    NUMBER
      1      -4.0115E+03     7.9468E+01     5.3119E+03     OD1      1818

 BOND    =      145.0447  ANGLE   =      619.6805  DIHED      =     3206.3396
 VDWAALS =     -286.5053  EEL     =   -18180.3634  HBOND      =        0.0000
 1-4 VDW =     1047.9504  1-4 EEL =     9436.3597  RESTRAINT  =        0.0000


   NSTEP       ENERGY          RMS            GMAX         NAME    NUMBER
     50      -6.1377E+03     2.5709E+00     8.5207E+01     C        2794

 BOND    =      150.6698  ANGLE   =      599.1480  DIHED      =     3212.4334
 VDWAALS =    -2041.6543  EEL     =   -18467.7814  HBOND      =        0.0000
 1-4 VDW =      995.8492  1-4 EEL =     9361.6663  RESTRAINT  =       52.0112
 EAMBER  =    -6189.6689


   NSTEP       ENERGY          RMS            GMAX         NAME    NUMBER
    100      -6.2654E+03     1.4920E+00     5.1118E+01     C        2794

 BOND    =      145.2790  ANGLE   =      587.6156  DIHED      =     3217.4267
 VDWAALS =    -2076.4458  EEL     =   -18583.0671  HBOND      =        0.0000
 1-4 VDW =      983.1908  1-4 EEL =     9374.5407  RESTRAINT  =       86.0651
 EAMBER  =    -6351.4602


   NSTEP       ENERGY          RMS            GMAX         NAME    NUMBER
    150      -6.3173E+03     8.3265E-01     2.0050E+01     CE1      2314

 BOND    =      143.2229  ANGLE   =      591.5966  DIHED      =     3221.3966
 VDWAALS =    -2091.8459  EEL     =   -18645.8857  HBOND      =        0.0000
 1-4 VDW =      978.5554  1-4 EEL =     9377.2242  RESTRAINT  =      108.4073
 EAMBER  =    -6425.7359


   NSTEP       ENERGY          RMS            GMAX         NAME    NUMBER
    200      -6.3442E+03     5.0538E-01     1.1002E+01     CE1      2314

 BOND    =      143.3574  ANGLE   =      590.5818  DIHED      =     3225.5735
 VDWAALS =    -2100.0915  EEL     =   -18681.6644  HBOND      =        0.0000
 1-4 VDW =      976.8083  1-4 EEL =     9379.1118  RESTRAINT  =      122.1498
 EAMBER  =    -6466.3230


   NSTEP       ENERGY          RMS            GMAX         NAME    NUMBER
    250      -6.3617E+03     8.3139E-01     4.7711E+01     CD       3800

 BOND    =      143.7967  ANGLE   =      591.4995  DIHED      =     3229.1089
 VDWAALS =    -2104.4797  EEL     =   -18709.0333  HBOND      =        0.0000
 1-4 VDW =      975.9682  1-4 EEL =     9379.8390  RESTRAINT  =      131.6324
 EAMBER  =    -6493.3007


   NSTEP       ENERGY          RMS            GMAX         NAME    NUMBER
    300      -6.4187E+03     2.6587E-01     5.4383E+00     CB       4181

 BOND    =      143.0348  ANGLE   =      592.7670  DIHED      =     3235.2553
 VDWAALS =    -2118.9758  EEL     =   -18786.4131  HBOND      =        0.0000
 1-4 VDW =      974.9678  1-4 EEL =     9377.0590  RESTRAINT  =      163.6280
 EAMBER  =    -6582.3050


   NSTEP       ENERGY          RMS            GMAX         NAME    NUMBER
    350      -6.4352E+03     3.6192E-01     6.8460E+00     HH       1615

 BOND    =      143.0730  ANGLE   =      591.4296  DIHED      =     3231.4501
 VDWAALS =    -2117.7310  EEL     =   -18797.0465  HBOND      =        0.0000
 1-4 VDW =      973.9945  1-4 EEL =     9375.4257  RESTRAINT  =      164.2188
 EAMBER  =    -6599.4045


   NSTEP       ENERGY          RMS            GMAX         NAME    NUMBER
    400      -6.4497E+03     1.9080E-01     5.4559E+00     HH       1615

 BOND    =      143.0401  ANGLE   =      589.5426  DIHED      =     3228.6609
 VDWAALS =    -2117.2454  EEL     =   -18810.3840  HBOND      =        0.0000
 1-4 VDW =      973.9731  1-4 EEL =     9376.9255  RESTRAINT  =      165.7569
 EAMBER  =    -6615.4872


   NSTEP       ENERGY          RMS            GMAX         NAME    NUMBER
    450      -6.4679E+03     5.0290E-01     1.1674E+01     OH       2703

 BOND    =      143.2295  ANGLE   =      589.1688  DIHED      =     3227.4696
 VDWAALS =    -2116.4797  EEL     =   -18831.5171  HBOND      =        0.0000
 1-4 VDW =      974.1343  1-4 EEL =     9377.4416  RESTRAINT  =      168.6874
 EAMBER  =    -6636.5530


   NSTEP       ENERGY          RMS            GMAX         NAME    NUMBER
    500      -6.4809E+03     7.8101E-02     1.8102E+00     H3       4415

 BOND    =      143.2321  ANGLE   =      588.2515  DIHED      =     3226.1038
 VDWAALS =    -2115.2480  EEL     =   -18842.3638  HBOND      =        0.0000
 1-4 VDW =      974.1247  1-4 EEL =     9377.0789  RESTRAINT  =      167.8717
 EAMBER  =    -6648.8208


  Maximum number of minimization cycles reached.


                    FINAL RESULTS



   NSTEP       ENERGY          RMS            GMAX         NAME    NUMBER
    500      -6.4809E+03     7.8101E-02     1.8102E+00     H3       4415

 BOND    =      143.2321  ANGLE   =      588.2515  DIHED      =     3226.1038
 VDWAALS =    -2115.2480  EEL     =   -18842.3638  HBOND      =        0.0000
 1-4 VDW =      974.1247  1-4 EEL =     9377.0789  RESTRAINT  =      167.8717
 EAMBER  =    -6648.8208

--------------------------------------------------------------------------------
   5.  TIMINGS
--------------------------------------------------------------------------------

|                Build the list             0.61 (99.84% of List )
|                Other                      0.00 ( 0.16% of List )
|             List time                  0.61 ( 0.15% of Nonbo)
|                   Short_ene time           416.64 (100.0% of Direc)
|                   Other                      0.02 ( 0.01% of Direc)
|                Direct Ewald time        416.67 (100.0% of Ewald)
|                Other                      0.41 ( 0.10% of Ewald)
|             Ewald time               417.08 (99.85% of Nonbo)
|          Nonbond force            417.69 (98.84% of Force)
|          Bond/Angle/Dihedral        4.85 ( 1.15% of Force)
|          Other                      0.04 ( 0.01% of Force)
|       Force time               422.57 (100.0% of Runmd)
|    Runmd Time               422.57 (98.26% of Total)
|    Other                      7.46 ( 1.73% of Total)
| Total time               430.04 (100.0% of ALL  )

| Number of list builds   :          1

| Highest rstack allocated:      22085
| Highest istack allocated:       4417
|           Job began  at 21:58:01.803  on 12/21/2025
|           Setup done at 21:58:02.170  on 12/21/2025
|           Run   done at 22:05:11.841  on 12/21/2025
|     wallclock() was called   11535 times

|3D-RISM memory allocation summary
|Type          Maximum        Current   
|Integer       0.00000 GB     0.00000 GB
|Real          0.00000 GB     0.00000 GB
|Logical       0.00000 GB     0.00000 GB
|Character     0.00000 GB     0.00000 GB
|---------------------------------------
|Total         0.00000 GB     0.00000 GB
