
          -------------------------------------------------------
          Amber 22 SANDER                              2022
          -------------------------------------------------------

| Run on 12/21/2025 at 21:58:16

|   Executable path: /home/kiran/miniforge3/envs/amber_mmgbsa/bin/sander
| Working directory: /storage/kiran-stuff/aaRS/phase2/energy_scoring/mmgbsa_amber/jobs/COMPETITION_FULL_anc_prors_PRO_vs_GLU
|          Hostname: boron

  [-O]verwriting output

File Assignments:
|  MDIN: min.in                                                                
| MDOUT: min.out                                                               
|INPCRD: complex.inpcrd                                                        
|  PARM: complex.prmtop                                                        
|RESTRT: min.rst                                                               
|  REFC: complex.inpcrd                                                        
| MDVEL: mdvel                                                                 
| MDFRC: mdfrc                                                                 
|  MDEN: mden                                                                  
| MDCRD: mdcrd                                                                 
|MDINFO: mdinfo                                                                
|  MTMD: mtmd                                                                  
|INPDIP: inpdip                                                                
|RSTDIP: rstdip                                                                
|INPTRA: inptraj                                                               


 Here is the input file:

Minimize                                                                       
 &cntrl                                                                        
  imin=1,                                                                      
  maxcyc=500,                                                                  
  ncyc=250,                                                                    
  ntb=0,                                                                       
  cut=999.0,                                                                   
  ntr=1,                                                                       
  restraint_wt=10.0,                                                           
  restraintmask='!:LIG & !@H=',                                                
 /                                                                             

--------------------------------------------------------------------------------
   1.  RESOURCE   USE: 
--------------------------------------------------------------------------------

| Flags:                                                                        
|    NONPERIODIC   ntb=0 and igb=0: Setting up nonperiodic simulation
|  *** cutoff > system size, list only builds once
|Largest sphere to fit in unit cell has radius =    87.065
| New format PARM file being parsed.
| Version =    1.000 Date = 12/21/25 Time = 21:58:15
 NATOM  =   32135 NTYPES =      21 NBONH =   16123 MBONA  =   16353
 NTHETH =   37025 MTHETA =   22134 NPHIH =   73718 MPHIA  =   69170
 NHPARM =       0 NPARM  =       0 NNB   =  178695 NRES   =    2038
 NBONA  =   16353 NTHETA =   22134 NPHIA =   69170 NUMBND =      74
 NUMANG =     168 NPTRA  =     194 NATYP =      42 NPHB   =       0
 IFBOX  =       0 NMXRS  =      24 IFCAP =       0 NEXTRA =       0
 NCOPY  =       0


|     Memory Use     Allocated
|     Real             3392914
|     Hollerith          98445
|     Integer          7643331
|     Max Pairs      516313045
|     nblistReal        385620
|     nblist Int      25267399
|       Total          2175309 kbytes

| Note: 1-4 EEL scale factors are being read from the topology file.

| Note: 1-4 VDW scale factors are being read from the topology file.
| Duplicated    0 dihedrals
| Duplicated    0 dihedrals

--------------------------------------------------------------------------------
   2.  CONTROL  DATA  FOR  THE  RUN
--------------------------------------------------------------------------------

default_name                                                                    

General flags:
     imin    =       1, nmropt  =       0

Nature and format of input:
     ntx     =       1, irest   =       0, ntrx    =       1

Nature and format of output:
     ntxo    =       2, ntpr    =      50, ntrx    =       1, ntwr    =       1
     iwrap   =       0, ntwx    =       0, ntwv    =       0, ntwe    =       0
     ioutfm  =       1, ntwprt  =       0, idecomp =       0, rbornstat=      0

Potential function:
     ntf     =       1, ntb     =       0, igb     =       0, nsnb    =      25
     ipol    =       0, gbsa    =       0, iesp    =       0
     dielc   =   1.00000, cut     = 999.00000, intdiel =   1.00000

Frozen or restrained atoms:
     ibelly  =       0, ntr     =       1
     restraint_wt =  10.00000

Energy minimization:
     maxcyc  =     500, ncyc    =     250, ntmin   =       1
     dx0     =   0.01000, drms    =   0.00010
|  INFO: Old style inpcrd file read


    LOADING THE CONSTRAINED ATOMS AS GROUPS


   5.  REFERENCE ATOM COORDINATES

  defa
     Mask !:LIG & !@H=; matches 16004 atoms

--------------------------------------------------------------------------------
   3.  ATOMIC COORDINATES AND VELOCITIES
--------------------------------------------------------------------------------

default_name                                                                    
 begin time read from input coords =     0.000 ps

 Number of triangulated 3-point waters found:        0

     Sum of charges from parm topology file = -28.00000064

--------------------------------------------------------------------------------
   4.  RESULTS
--------------------------------------------------------------------------------

 ---------------------------------------------------

     eedmeth=4: Setting switch to one everywhere

 ---------------------------------------------------
| Local SIZE OF NONBOND LIST =  516135926
| TOTAL SIZE OF NONBOND LIST =  516135926


   NSTEP       ENERGY          RMS            GMAX         NAME    NUMBER
      1       1.3320E+09     1.1475E+08     2.2083E+10     C       23445

 BOND    =      870.8614  ANGLE   =     3795.1816  DIHED      =    23774.6346
 VDWAALS = *************  EEL     =  -143078.6231  HBOND      =        0.0000
 1-4 VDW =     7773.6597  1-4 EEL =    94294.2444  RESTRAINT  =        0.0000


   NSTEP       ENERGY          RMS            GMAX         NAME    NUMBER
     50      -1.9770E+04     1.0358E+01     1.4668E+03     CA      23423

 BOND    =     2449.3954  ANGLE   =     5371.3548  DIHED      =    23929.9289
 VDWAALS =   -10438.2476  EEL     =  -143595.0813  HBOND      =        0.0000
 1-4 VDW =     7957.2565  1-4 EEL =    93940.3229  RESTRAINT  =      614.6691
 EAMBER  =   -20385.0704


   NSTEP       ENERGY          RMS            GMAX         NAME    NUMBER
    100      -2.4650E+04     1.2290E+00     1.6351E+02     CA      23423

 BOND    =     1616.1010  ANGLE   =     4932.6800  DIHED      =    23878.4183
 VDWAALS =   -12971.1606  EEL     =  -144745.5493  HBOND      =        0.0000
 1-4 VDW =     7522.0869  1-4 EEL =    93856.4021  RESTRAINT  =     1260.9091
 EAMBER  =   -25911.0215


   NSTEP       ENERGY          RMS            GMAX         NAME    NUMBER
    150      -2.6086E+04     5.8840E-01     4.0087E+01     CA      23423

 BOND    =     1427.1769  ANGLE   =     4659.6812  DIHED      =    23887.1461
 VDWAALS =   -13595.6291  EEL     =  -145457.0120  HBOND      =        0.0000
 1-4 VDW =     7383.9710  1-4 EEL =    93867.5725  RESTRAINT  =     1741.0064
 EAMBER  =   -27827.0934


   NSTEP       ENERGY          RMS            GMAX         NAME    NUMBER
    200      -2.6770E+04     1.0716E+00     1.0936E+02     CA      23423

 BOND    =     1366.5700  ANGLE   =     4519.4258  DIHED      =    23904.1687
 VDWAALS =   -13873.7766  EEL     =  -145927.3006  HBOND      =        0.0000
 1-4 VDW =     7311.2541  1-4 EEL =    93866.2556  RESTRAINT  =     2063.0331
 EAMBER  =   -28833.4030


   NSTEP       ENERGY          RMS            GMAX         NAME    NUMBER
    250      -2.7139E+04     4.9596E-01     4.8167E+01     C       23419

 BOND    =     1288.9530  ANGLE   =     4478.4763  DIHED      =    23906.0801
 VDWAALS =   -14003.2070  EEL     =  -146210.2201  HBOND      =        0.0000
 1-4 VDW =     7270.8002  1-4 EEL =    93862.2074  RESTRAINT  =     2267.7508
 EAMBER  =   -29406.9103
