
          -------------------------------------------------------
          Amber 22 SANDER                              2022
          -------------------------------------------------------

| Run on 12/21/2025 at 22:05:16

|   Executable path: /home/kiran/miniforge3/envs/amber_mmgbsa/bin/sander
| Working directory: /storage/kiran-stuff/aaRS/phase2/energy_scoring/mmgbsa_amber/jobs/anc_thrrs_cat_zn_ARG
|          Hostname: boron

  [-O]verwriting output

File Assignments:
|  MDIN: min.in                                                                
| MDOUT: min.out                                                               
|INPCRD: complex.inpcrd                                                        
|  PARM: complex.prmtop                                                        
|RESTRT: min.rst                                                               
|  REFC: complex.inpcrd                                                        
| MDVEL: mdvel                                                                 
| MDFRC: mdfrc                                                                 
|  MDEN: mden                                                                  
| MDCRD: mdcrd                                                                 
|MDINFO: mdinfo                                                                
|  MTMD: mtmd                                                                  
|INPDIP: inpdip                                                                
|RSTDIP: rstdip                                                                
|INPTRA: inptraj                                                               


 Here is the input file:

Minimize                                                                       
 &cntrl                                                                        
  imin=1,                                                                      
  maxcyc=500,                                                                  
  ncyc=250,                                                                    
  ntb=0,                                                                       
  cut=999.0,                                                                   
  ntr=1,                                                                       
  restraint_wt=10.0,                                                           
  restraintmask='!:LIG & !@H=',                                                
 /                                                                             

--------------------------------------------------------------------------------
   1.  RESOURCE   USE: 
--------------------------------------------------------------------------------

| Flags:                                                                        
|    NONPERIODIC   ntb=0 and igb=0: Setting up nonperiodic simulation
|  *** cutoff > system size, list only builds once
|Largest sphere to fit in unit cell has radius =    53.356
| New format PARM file being parsed.
| Version =    1.000 Date = 12/21/25 Time = 22:05:16
 NATOM  =    4429 NTYPES =      23 NBONH =    2166 MBONA  =    2312
 NTHETH =    4920 MTHETA =    3129 NPHIH =   10154 MPHIA  =    9724
 NHPARM =       0 NPARM  =       0 NNB   =   24381 NRES   =     280
 NBONA  =    2312 NTHETA =    3129 NPHIA =    9724 NUMBND =      74
 NUMANG =     170 NPTRA  =     202 NATYP =      43 NPHB   =       0
 IFBOX  =       0 NMXRS  =      26 IFCAP =       0 NEXTRA =       0
 NCOPY  =       0


|     Memory Use     Allocated
|     Real             1118369
|     Hollerith          13569
|     Integer          1076825
|     Max Pairs        9805806
|     nblistReal         53148
|     nblist Int       5770923
|       Total            74258 kbytes

| Note: 1-4 EEL scale factors are being read from the topology file.

| Note: 1-4 VDW scale factors are being read from the topology file.
| Duplicated    0 dihedrals
| Duplicated    0 dihedrals

--------------------------------------------------------------------------------
   2.  CONTROL  DATA  FOR  THE  RUN
--------------------------------------------------------------------------------

default_name                                                                    

General flags:
     imin    =       1, nmropt  =       0

Nature and format of input:
     ntx     =       1, irest   =       0, ntrx    =       1

Nature and format of output:
     ntxo    =       2, ntpr    =      50, ntrx    =       1, ntwr    =       1
     iwrap   =       0, ntwx    =       0, ntwv    =       0, ntwe    =       0
     ioutfm  =       1, ntwprt  =       0, idecomp =       0, rbornstat=      0

Potential function:
     ntf     =       1, ntb     =       0, igb     =       0, nsnb    =      25
     ipol    =       0, gbsa    =       0, iesp    =       0
     dielc   =   1.00000, cut     = 999.00000, intdiel =   1.00000

Frozen or restrained atoms:
     ibelly  =       0, ntr     =       1
     restraint_wt =  10.00000

Energy minimization:
     maxcyc  =     500, ncyc    =     250, ntmin   =       1
     dx0     =   0.01000, drms    =   0.00010
|  INFO: Old style inpcrd file read


    LOADING THE CONSTRAINED ATOMS AS GROUPS


   5.  REFERENCE ATOM COORDINATES

  defa
     Mask !:LIG & !@H=; matches  2251 atoms

--------------------------------------------------------------------------------
   3.  ATOMIC COORDINATES AND VELOCITIES
--------------------------------------------------------------------------------

default_name                                                                    
 begin time read from input coords =     0.000 ps

 Number of triangulated 3-point waters found:        0

     Sum of charges from parm topology file = -13.00000007

--------------------------------------------------------------------------------
   4.  RESULTS
--------------------------------------------------------------------------------

 ---------------------------------------------------

     eedmeth=4: Setting switch to one everywhere

 ---------------------------------------------------
| Local SIZE OF NONBOND LIST =    9781659
| TOTAL SIZE OF NONBOND LIST =    9781659


   NSTEP       ENERGY          RMS            GMAX         NAME    NUMBER
      1      -3.0770E+03     1.2005E+02     5.2284E+03     OD1      1818

 BOND    =      171.6309  ANGLE   =      649.5729  DIHED      =     3243.2444
 VDWAALS =      723.4185  EEL     =   -18323.7278  HBOND      =        0.0000
 1-4 VDW =     1051.4174  1-4 EEL =     9407.4089  RESTRAINT  =        0.0000


   NSTEP       ENERGY          RMS            GMAX         NAME    NUMBER
     50      -6.4494E+03     2.3980E+00     9.0431E+01     C        2950

 BOND    =      148.4983  ANGLE   =      598.7875  DIHED      =     3251.6052
 VDWAALS =    -2028.0286  EEL     =   -18804.9057  HBOND      =        0.0000
 1-4 VDW =      995.8269  1-4 EEL =     9330.0314  RESTRAINT  =       58.7520
 EAMBER  =    -6508.1850


   NSTEP       ENERGY          RMS            GMAX         NAME    NUMBER
    100      -6.6400E+03     1.5331E+00     7.0513E+01     CD       2140

 BOND    =      147.3564  ANGLE   =      604.8758  DIHED      =     3258.1058
 VDWAALS =    -2061.3405  EEL     =   -19008.4700  HBOND      =        0.0000
 1-4 VDW =      981.9846  1-4 EEL =     9338.6799  RESTRAINT  =       98.8477
 EAMBER  =    -6738.8078


   NSTEP       ENERGY          RMS            GMAX         NAME    NUMBER
    150      -6.7148E+03     8.1961E-01     1.4563E+01     CD       2140

 BOND    =      145.1535  ANGLE   =      602.5583  DIHED      =     3262.4603
 VDWAALS =    -2075.5979  EEL     =   -19091.9375  HBOND      =        0.0000
 1-4 VDW =      978.0664  1-4 EEL =     9341.5822  RESTRAINT  =      122.9206
 EAMBER  =    -6837.7146


   NSTEP       ENERGY          RMS            GMAX         NAME    NUMBER
    200      -6.7552E+03     2.8975E-01     7.8452E+00     HH         62

 BOND    =      144.9966  ANGLE   =      604.7328  DIHED      =     3265.6126
 VDWAALS =    -2084.2070  EEL     =   -19143.2762  HBOND      =        0.0000
 1-4 VDW =      976.3939  1-4 EEL =     9342.2199  RESTRAINT  =      138.2993
 EAMBER  =    -6893.5273


   NSTEP       ENERGY          RMS            GMAX         NAME    NUMBER
    250      -6.7817E+03     7.3185E-01     1.3528E+01     CE1      2314

 BOND    =      145.9379  ANGLE   =      606.3561  DIHED      =     3266.9593
 VDWAALS =    -2089.3466  EEL     =   -19178.8636  HBOND      =        0.0000
 1-4 VDW =      975.5987  1-4 EEL =     9341.6942  RESTRAINT  =      149.9265
 EAMBER  =    -6931.6639


   NSTEP       ENERGY          RMS            GMAX         NAME    NUMBER
    300      -6.8363E+03     2.5159E-01     7.3243E+00     CZ       3004

 BOND    =      146.4167  ANGLE   =      607.2929  DIHED      =     3270.6239
 VDWAALS =    -2098.8485  EEL     =   -19259.6945  HBOND      =        0.0000
 1-4 VDW =      975.0640  1-4 EEL =     9337.2542  RESTRAINT  =      185.5706
 EAMBER  =    -7021.8914


   NSTEP       ENERGY          RMS            GMAX         NAME    NUMBER
    350      -6.8481E+03     2.4340E-01     5.7458E+00     HE2        64

 BOND    =      146.3559  ANGLE   =      606.9881  DIHED      =     3267.4863
 VDWAALS =    -2098.8589  EEL     =   -19269.5363  HBOND      =        0.0000
 1-4 VDW =      974.6751  1-4 EEL =     9336.6024  RESTRAINT  =      188.2166
 EAMBER  =    -7036.2872


   NSTEP       ENERGY          RMS            GMAX         NAME    NUMBER
    400      -6.8558E+03     1.1336E-01     3.3060E+00     OG       4184

 BOND    =      146.6064  ANGLE   =      606.7940  DIHED      =     3266.0954
 VDWAALS =    -2097.5414  EEL     =   -19278.0467  HBOND      =        0.0000
 1-4 VDW =      974.3381  1-4 EEL =     9335.8984  RESTRAINT  =      190.0175
 EAMBER  =    -7045.8559


   NSTEP       ENERGY          RMS            GMAX         NAME    NUMBER
    450      -6.8584E+03     7.2588E-02     1.8987E+00     OG       4184

 BOND    =      146.7169  ANGLE   =      606.8765  DIHED      =     3264.4111
 VDWAALS =    -2097.2631  EEL     =   -19279.4734  HBOND      =        0.0000
 1-4 VDW =      974.1668  1-4 EEL =     9334.7811  RESTRAINT  =      191.4176
 EAMBER  =    -7049.7841


   NSTEP       ENERGY          RMS            GMAX         NAME    NUMBER
    500      -6.8603E+03     2.7251E-01     1.4599E+01     HG1       644

 BOND    =      146.8293  ANGLE   =      607.5433  DIHED      =     3264.5718
 VDWAALS =    -2097.5960  EEL     =   -19282.7627  HBOND      =        0.0000
 1-4 VDW =      974.2023  1-4 EEL =     9333.3070  RESTRAINT  =      193.5890
 EAMBER  =    -7053.9050


  Maximum number of minimization cycles reached.


                    FINAL RESULTS



   NSTEP       ENERGY          RMS            GMAX         NAME    NUMBER
    500      -6.8603E+03     2.7251E-01     1.4599E+01     HG1       644

 BOND    =      146.8293  ANGLE   =      607.5433  DIHED      =     3264.5718
 VDWAALS =    -2097.5960  EEL     =   -19282.7627  HBOND      =        0.0000
 1-4 VDW =      974.2023  1-4 EEL =     9333.3070  RESTRAINT  =      193.5890
 EAMBER  =    -7053.9050

--------------------------------------------------------------------------------
   5.  TIMINGS
--------------------------------------------------------------------------------

|                Build the list             0.34 (99.68% of List )
|                Other                      0.00 ( 0.32% of List )
|             List time                  0.34 ( 0.08% of Nonbo)
|                   Short_ene time           402.33 (100.0% of Direc)
|                   Other                      0.04 ( 0.01% of Direc)
|                Direct Ewald time        402.37 (99.89% of Ewald)
|                Other                      0.45 ( 0.11% of Ewald)
|             Ewald time               402.82 (100.0% of Nonbo)
|          Nonbond force            403.16 (98.89% of Force)
|          Bond/Angle/Dihedral        4.50 ( 1.10% of Force)
|          Other                      0.02 ( 0.01% of Force)
|       Force time               407.68 (100.0% of Runmd)
|    Runmd Time               407.68 (98.36% of Total)
|    Other                      6.79 ( 1.64% of Total)
| Total time               414.48 (100.0% of ALL  )

| Number of list builds   :          1

| Highest rstack allocated:      22110
| Highest istack allocated:       4422
|           Job began  at 22:05:16.449  on 12/21/2025
|           Setup done at 22:05:16.706  on 12/21/2025
|           Run   done at 22:12:10.932  on 12/21/2025
|     wallclock() was called   11535 times

|3D-RISM memory allocation summary
|Type          Maximum        Current   
|Integer       0.00000 GB     0.00000 GB
|Real          0.00000 GB     0.00000 GB
|Logical       0.00000 GB     0.00000 GB
|Character     0.00000 GB     0.00000 GB
|---------------------------------------
|Total         0.00000 GB     0.00000 GB
