
          -------------------------------------------------------
          Amber 22 SANDER                              2022
          -------------------------------------------------------

| Run on 12/21/2025 at 21:58:03

|   Executable path: /home/kiran/miniforge3/envs/amber_mmgbsa/bin/sander
| Working directory: /storage/kiran-stuff/aaRS/phase2/energy_scoring/mmgbsa_amber/jobs/anc_prors_edit_LYS
|          Hostname: boron

  [-O]verwriting output

File Assignments:
|  MDIN: min.in                                                                
| MDOUT: min.out                                                               
|INPCRD: complex.inpcrd                                                        
|  PARM: complex.prmtop                                                        
|RESTRT: min.rst                                                               
|  REFC: complex.inpcrd                                                        
| MDVEL: mdvel                                                                 
| MDFRC: mdfrc                                                                 
|  MDEN: mden                                                                  
| MDCRD: mdcrd                                                                 
|MDINFO: mdinfo                                                                
|  MTMD: mtmd                                                                  
|INPDIP: inpdip                                                                
|RSTDIP: rstdip                                                                
|INPTRA: inptraj                                                               


 Here is the input file:

Minimize                                                                       
 &cntrl                                                                        
  imin=1,                                                                      
  maxcyc=500,                                                                  
  ncyc=250,                                                                    
  ntb=0,                                                                       
  cut=999.0,                                                                   
  ntr=1,                                                                       
  restraint_wt=10.0,                                                           
  restraintmask='!:LIG & !@H=',                                                
 /                                                                             

--------------------------------------------------------------------------------
   1.  RESOURCE   USE: 
--------------------------------------------------------------------------------

| Flags:                                                                        
|    NONPERIODIC   ntb=0 and igb=0: Setting up nonperiodic simulation
|  *** cutoff > system size, list only builds once
|Largest sphere to fit in unit cell has radius =    68.276
| New format PARM file being parsed.
| Version =    1.000 Date = 12/21/25 Time = 21:58:02
 NATOM  =    4686 NTYPES =      21 NBONH =    2332 MBONA  =    2393
 NTHETH =    5369 MTHETA =    3234 NPHIH =   10630 MPHIA  =   10079
 NHPARM =       0 NPARM  =       0 NNB   =   25976 NRES   =     301
 NBONA  =    2393 NTHETA =    3234 NPHIA =   10079 NUMBND =      73
 NUMANG =     165 NPTRA  =     198 NATYP =      41 NPHB   =       0
 IFBOX  =       0 NMXRS  =      26 IFCAP =       0 NEXTRA =       0
 NCOPY  =       0


|     Memory Use     Allocated
|     Real             1139780
|     Hollerith          14361
|     Integer          1126184
|     Max Pairs       10976955
|     nblistReal         56232
|     nblist Int      10679219
|       Total            98393 kbytes

| Note: 1-4 EEL scale factors are being read from the topology file.

| Note: 1-4 VDW scale factors are being read from the topology file.
| Duplicated    0 dihedrals
| Duplicated    0 dihedrals

--------------------------------------------------------------------------------
   2.  CONTROL  DATA  FOR  THE  RUN
--------------------------------------------------------------------------------

default_name                                                                    

General flags:
     imin    =       1, nmropt  =       0

Nature and format of input:
     ntx     =       1, irest   =       0, ntrx    =       1

Nature and format of output:
     ntxo    =       2, ntpr    =      50, ntrx    =       1, ntwr    =       1
     iwrap   =       0, ntwx    =       0, ntwv    =       0, ntwe    =       0
     ioutfm  =       1, ntwprt  =       0, idecomp =       0, rbornstat=      0

Potential function:
     ntf     =       1, ntb     =       0, igb     =       0, nsnb    =      25
     ipol    =       0, gbsa    =       0, iesp    =       0
     dielc   =   1.00000, cut     = 999.00000, intdiel =   1.00000

Frozen or restrained atoms:
     ibelly  =       0, ntr     =       1
     restraint_wt =  10.00000

Energy minimization:
     maxcyc  =     500, ncyc    =     250, ntmin   =       1
     dx0     =   0.01000, drms    =   0.00010
|  INFO: Old style inpcrd file read


    LOADING THE CONSTRAINED ATOMS AS GROUPS


   5.  REFERENCE ATOM COORDINATES

  defa
     Mask !:LIG & !@H=; matches  2344 atoms

--------------------------------------------------------------------------------
   3.  ATOMIC COORDINATES AND VELOCITIES
--------------------------------------------------------------------------------

default_name                                                                    
 begin time read from input coords =     0.000 ps

 Number of triangulated 3-point waters found:        0

     Sum of charges from parm topology file = -34.00000506

--------------------------------------------------------------------------------
   4.  RESULTS
--------------------------------------------------------------------------------

 ---------------------------------------------------

     eedmeth=4: Setting switch to one everywhere

 ---------------------------------------------------
| Local SIZE OF NONBOND LIST =   10951212
| TOTAL SIZE OF NONBOND LIST =   10951212


   NSTEP       ENERGY          RMS            GMAX         NAME    NUMBER
      1       3.6547E+07     1.1076E+07     8.3750E+08     HE2      3647

 BOND    =      131.7114  ANGLE   =      622.2216  DIHED      =     3467.0739
 VDWAALS = 36541153.1273  EEL     =   -14061.9305  HBOND      =        0.0000
 1-4 VDW =     1131.2975  1-4 EEL =    14328.3996  RESTRAINT  =        0.0000


   NSTEP       ENERGY          RMS            GMAX         NAME    NUMBER
     50       3.8047E+03     1.6080E+00     4.9598E+01     C        2093

 BOND    =      143.9354  ANGLE   =      635.9392  DIHED      =     3468.4406
 VDWAALS =    -1610.1384  EEL     =   -14261.5858  HBOND      =        0.0000
 1-4 VDW =     1104.4300  1-4 EEL =    14259.9046  RESTRAINT  =       63.8019
 EAMBER  =     3740.9255


   NSTEP       ENERGY          RMS            GMAX         NAME    NUMBER
    100       3.6036E+03     1.3845E+00     4.4507E+01     CE2      3646

 BOND    =      138.9071  ANGLE   =      618.3095  DIHED      =     3468.4978
 VDWAALS =    -1701.8091  EEL     =   -14380.7310  HBOND      =        0.0000
 1-4 VDW =     1080.1441  1-4 EEL =    14262.9355  RESTRAINT  =      117.3225
 EAMBER  =     3486.2540


   NSTEP       ENERGY          RMS            GMAX         NAME    NUMBER
    150       3.5274E+03     8.0422E-01     2.5115E+01     CE2      3646

 BOND    =      135.4392  ANGLE   =      618.8505  DIHED      =     3466.8038
 VDWAALS =    -1731.0901  EEL     =   -14448.0511  HBOND      =        0.0000
 1-4 VDW =     1070.9300  1-4 EEL =    14262.6255  RESTRAINT  =      151.8826
 EAMBER  =     3375.5080


   NSTEP       ENERGY          RMS            GMAX         NAME    NUMBER
    200       3.4853E+03     2.7172E-01     9.2298E+00     HG1      3302

 BOND    =      134.3582  ANGLE   =      618.2792  DIHED      =     3465.1305
 VDWAALS =    -1746.2853  EEL     =   -14488.4772  HBOND      =        0.0000
 1-4 VDW =     1066.6651  1-4 EEL =    14261.9731  RESTRAINT  =      173.7064
 EAMBER  =     3311.6435


   NSTEP       ENERGY          RMS            GMAX         NAME    NUMBER
    250       3.4602E+03     7.2025E-01     1.9199E+01     CE2      3646

 BOND    =      135.5224  ANGLE   =      617.3347  DIHED      =     3464.5279
 VDWAALS =    -1755.3214  EEL     =   -14515.1653  HBOND      =        0.0000
 1-4 VDW =     1064.3320  1-4 EEL =    14261.1206  RESTRAINT  =      187.8454
 EAMBER  =     3272.3511


   NSTEP       ENERGY          RMS            GMAX         NAME    NUMBER
    300       3.3937E+03     4.7646E-01     1.8681E+01     CG       1153

 BOND    =      133.1301  ANGLE   =      614.3336  DIHED      =     3460.6304
 VDWAALS =    -1775.7524  EEL     =   -14585.8708  HBOND      =        0.0000
 1-4 VDW =     1059.8206  1-4 EEL =    14257.6000  RESTRAINT  =      229.8532
 EAMBER  =     3163.8915


   NSTEP       ENERGY          RMS            GMAX         NAME    NUMBER
    350       3.3728E+03     5.0121E-01     9.9938E+00     CD       2277

 BOND    =      133.6461  ANGLE   =      613.1506  DIHED      =     3457.3921
 VDWAALS =    -1779.1124  EEL     =   -14602.5739  HBOND      =        0.0000
 1-4 VDW =     1058.8487  1-4 EEL =    14257.8427  RESTRAINT  =      233.5944
 EAMBER  =     3139.1938


   NSTEP       ENERGY          RMS            GMAX         NAME    NUMBER
    400       3.3555E+03     1.9371E-01     4.1574E+00     OE2      2279

 BOND    =      132.8965  ANGLE   =      611.2935  DIHED      =     3452.7029
 VDWAALS =    -1781.0385  EEL     =   -14608.9986  HBOND      =        0.0000
 1-4 VDW =     1058.3451  1-4 EEL =    14255.3618  RESTRAINT  =      234.8961
 EAMBER  =     3120.5628


   NSTEP       ENERGY          RMS            GMAX         NAME    NUMBER
    450       3.3494E+03     2.0123E-01     3.3552E+00     CZ       2742

 BOND    =      132.6711  ANGLE   =      610.6961  DIHED      =     3451.8062
 VDWAALS =    -1782.6776  EEL     =   -14610.6588  HBOND      =        0.0000
 1-4 VDW =     1058.2416  1-4 EEL =    14253.7374  RESTRAINT  =      235.5522
 EAMBER  =     3113.8160


   NSTEP       ENERGY          RMS            GMAX         NAME    NUMBER
    500       3.3463E+03     1.4432E-01     2.5564E+00     HG         95

 BOND    =      132.4839  ANGLE   =      611.0665  DIHED      =     3450.3599
 VDWAALS =    -1783.8769  EEL     =   -14610.3164  HBOND      =        0.0000
 1-4 VDW =     1057.9516  1-4 EEL =    14252.2977  RESTRAINT  =      236.3576
 EAMBER  =     3109.9663


  Maximum number of minimization cycles reached.


                    FINAL RESULTS



   NSTEP       ENERGY          RMS            GMAX         NAME    NUMBER
    500       3.3463E+03     1.4432E-01     2.5564E+00     HG         95

 BOND    =      132.4839  ANGLE   =      611.0665  DIHED      =     3450.3599
 VDWAALS =    -1783.8769  EEL     =   -14610.3164  HBOND      =        0.0000
 1-4 VDW =     1057.9516  1-4 EEL =    14252.2977  RESTRAINT  =      236.3576
 EAMBER  =     3109.9663

--------------------------------------------------------------------------------
   5.  TIMINGS
--------------------------------------------------------------------------------

|                Build the list             0.57 (99.80% of List )
|                Other                      0.00 ( 0.20% of List )
|             List time                  0.58 ( 0.13% of Nonbo)
|                   Short_ene time           448.05 (100.0% of Direc)
|                   Other                      0.05 ( 0.01% of Direc)
|                Direct Ewald time        448.09 (99.89% of Ewald)
|                Other                      0.51 ( 0.11% of Ewald)
|             Ewald time               448.61 (99.87% of Nonbo)
|          Nonbond force            449.18 (98.94% of Force)
|          Bond/Angle/Dihedral        4.78 ( 1.05% of Force)
|          Other                      0.03 ( 0.01% of Force)
|       Force time               453.99 (100.0% of Runmd)
|    Runmd Time               453.99 (98.47% of Total)
|    Other                      7.03 ( 1.52% of Total)
| Total time               461.03 (100.0% of ALL  )

| Number of list builds   :          1

| Highest rstack allocated:      23390
| Highest istack allocated:       4678
|           Job began  at 21:58:03.265  on 12/21/2025
|           Setup done at 21:58:03.778  on 12/21/2025
|           Run   done at 22:05:44.296  on 12/21/2025
|     wallclock() was called   11535 times

|3D-RISM memory allocation summary
|Type          Maximum        Current   
|Integer       0.00000 GB     0.00000 GB
|Real          0.00000 GB     0.00000 GB
|Logical       0.00000 GB     0.00000 GB
|Character     0.00000 GB     0.00000 GB
|---------------------------------------
|Total         0.00000 GB     0.00000 GB
