
          -------------------------------------------------------
          Amber 22 SANDER                              2022
          -------------------------------------------------------

| Run on 12/21/2025 at 21:58:02

|   Executable path: /home/kiran/miniforge3/envs/amber_mmgbsa/bin/sander
| Working directory: /storage/kiran-stuff/aaRS/phase2/energy_scoring/mmgbsa_amber/jobs/anc_thrrs_cat_MET
|          Hostname: boron

  [-O]verwriting output

File Assignments:
|  MDIN: min.in                                                                
| MDOUT: min.out                                                               
|INPCRD: complex.inpcrd                                                        
|  PARM: complex.prmtop                                                        
|RESTRT: min.rst                                                               
|  REFC: complex.inpcrd                                                        
| MDVEL: mdvel                                                                 
| MDFRC: mdfrc                                                                 
|  MDEN: mden                                                                  
| MDCRD: mdcrd                                                                 
|MDINFO: mdinfo                                                                
|  MTMD: mtmd                                                                  
|INPDIP: inpdip                                                                
|RSTDIP: rstdip                                                                
|INPTRA: inptraj                                                               


 Here is the input file:

Minimize                                                                       
 &cntrl                                                                        
  imin=1,                                                                      
  maxcyc=500,                                                                  
  ncyc=250,                                                                    
  ntb=0,                                                                       
  cut=999.0,                                                                   
  ntr=1,                                                                       
  restraint_wt=10.0,                                                           
  restraintmask='!:LIG & !@H=',                                                
 /                                                                             

--------------------------------------------------------------------------------
   1.  RESOURCE   USE: 
--------------------------------------------------------------------------------

| Flags:                                                                        
|    NONPERIODIC   ntb=0 and igb=0: Setting up nonperiodic simulation
|  *** cutoff > system size, list only builds once
|Largest sphere to fit in unit cell has radius =    52.795
| New format PARM file being parsed.
| Version =    1.000 Date = 12/21/25 Time = 21:58:02
 NATOM  =    4422 NTYPES =      22 NBONH =    2163 MBONA  =    2309
 NTHETH =    4915 MTHETA =    3125 NPHIH =   10141 MPHIA  =    9721
 NHPARM =       0 NPARM  =       0 NNB   =   24348 NRES   =     279
 NBONA  =    2309 NTHETA =    3125 NPHIA =    9721 NUMBND =      74
 NUMANG =     168 NPTRA  =     198 NATYP =      42 NPHB   =       0
 IFBOX  =       0 NMXRS  =      24 IFCAP =       0 NEXTRA =       0
 NCOPY  =       0


|     Memory Use     Allocated
|     Real             1117749
|     Hollerith          13547
|     Integer          1075795
|     Max Pairs        9774831
|     nblistReal         53064
|     nblist Int       5630736
|       Total            73580 kbytes

| Note: 1-4 EEL scale factors are being read from the topology file.

| Note: 1-4 VDW scale factors are being read from the topology file.
| Duplicated    0 dihedrals
| Duplicated    0 dihedrals

--------------------------------------------------------------------------------
   2.  CONTROL  DATA  FOR  THE  RUN
--------------------------------------------------------------------------------

default_name                                                                    

General flags:
     imin    =       1, nmropt  =       0

Nature and format of input:
     ntx     =       1, irest   =       0, ntrx    =       1

Nature and format of output:
     ntxo    =       2, ntpr    =      50, ntrx    =       1, ntwr    =       1
     iwrap   =       0, ntwx    =       0, ntwv    =       0, ntwe    =       0
     ioutfm  =       1, ntwprt  =       0, idecomp =       0, rbornstat=      0

Potential function:
     ntf     =       1, ntb     =       0, igb     =       0, nsnb    =      25
     ipol    =       0, gbsa    =       0, iesp    =       0
     dielc   =   1.00000, cut     = 999.00000, intdiel =   1.00000

Frozen or restrained atoms:
     ibelly  =       0, ntr     =       1
     restraint_wt =  10.00000

Energy minimization:
     maxcyc  =     500, ncyc    =     250, ntmin   =       1
     dx0     =   0.01000, drms    =   0.00010
|  INFO: Old style inpcrd file read


    LOADING THE CONSTRAINED ATOMS AS GROUPS


   5.  REFERENCE ATOM COORDINATES

  defa
     Mask !:LIG & !@H=; matches  2250 atoms

--------------------------------------------------------------------------------
   3.  ATOMIC COORDINATES AND VELOCITIES
--------------------------------------------------------------------------------

default_name                                                                    
 begin time read from input coords =     0.000 ps

 Number of triangulated 3-point waters found:        0

     Sum of charges from parm topology file = -14.99999807

--------------------------------------------------------------------------------
   4.  RESULTS
--------------------------------------------------------------------------------

 ---------------------------------------------------

     eedmeth=4: Setting switch to one everywhere

 ---------------------------------------------------
| Local SIZE OF NONBOND LIST =    9750715
| TOTAL SIZE OF NONBOND LIST =    9750715


   NSTEP       ENERGY          RMS            GMAX         NAME    NUMBER
      1      -4.6180E+03     2.0123E+01     1.1128E+03     OD1      1023

 BOND    =      147.5067  ANGLE   =      612.2883  DIHED      =     3210.7268
 VDWAALS =     -942.4622  EEL     =   -18145.4955  HBOND      =        0.0000
 1-4 VDW =     1047.7031  1-4 EEL =     9451.7541  RESTRAINT  =        0.0000


   NSTEP       ENERGY          RMS            GMAX         NAME    NUMBER
     50      -6.0860E+03     2.6737E+00     8.1710E+01     CG       1022

 BOND    =      148.0896  ANGLE   =      592.8522  DIHED      =     3214.6126
 VDWAALS =    -2043.7586  EEL     =   -18415.2059  HBOND      =        0.0000
 1-4 VDW =      996.5952  1-4 EEL =     9367.1497  RESTRAINT  =       53.6534
 EAMBER  =    -6139.6652


   NSTEP       ENERGY          RMS            GMAX         NAME    NUMBER
    100      -6.2161E+03     1.5252E+00     5.3983E+01     C        2813

 BOND    =      148.9607  ANGLE   =      585.1879  DIHED      =     3219.2614
 VDWAALS =    -2084.8159  EEL     =   -18536.7697  HBOND      =        0.0000
 1-4 VDW =      983.4347  1-4 EEL =     9383.2356  RESTRAINT  =       85.3589
 EAMBER  =    -6301.5053


   NSTEP       ENERGY          RMS            GMAX         NAME    NUMBER
    150      -6.2712E+03     8.7616E-01     2.9189E+01     C        2813

 BOND    =      144.8630  ANGLE   =      589.4528  DIHED      =     3223.6026
 VDWAALS =    -2100.2055  EEL     =   -18601.5956  HBOND      =        0.0000
 1-4 VDW =      979.0212  1-4 EEL =     9388.0237  RESTRAINT  =      105.6419
 EAMBER  =    -6376.8379


   NSTEP       ENERGY          RMS            GMAX         NAME    NUMBER
    200      -6.3024E+03     5.0249E-01     1.0199E+01     NE2       227

 BOND    =      145.0972  ANGLE   =      587.8459  DIHED      =     3228.1353
 VDWAALS =    -2109.1140  EEL     =   -18643.6188  HBOND      =        0.0000
 1-4 VDW =      977.3580  1-4 EEL =     9392.3103  RESTRAINT  =      119.5506
 EAMBER  =    -6421.9862


   NSTEP       ENERGY          RMS            GMAX         NAME    NUMBER
    250      -6.3204E+03     8.2368E-01     4.7241E+01     CG       3527

 BOND    =      146.0013  ANGLE   =      588.0974  DIHED      =     3232.0389
 VDWAALS =    -2114.5246  EEL     =   -18671.9898  HBOND      =        0.0000
 1-4 VDW =      976.6744  1-4 EEL =     9394.4868  RESTRAINT  =      128.7962
 EAMBER  =    -6449.2157


   NSTEP       ENERGY          RMS            GMAX         NAME    NUMBER
    300      -6.3854E+03     4.0480E-01     8.4423E+00     CA       4179

 BOND    =      145.6321  ANGLE   =      590.2828  DIHED      =     3241.0008
 VDWAALS =    -2131.9935  EEL     =   -18762.7926  HBOND      =        0.0000
 1-4 VDW =      975.3905  1-4 EEL =     9397.9302  RESTRAINT  =      159.1139
 EAMBER  =    -6544.5497


   NSTEP       ENERGY          RMS            GMAX         NAME    NUMBER
    350      -6.4001E+03     3.0833E-01     7.6196E+00     CA       4179

 BOND    =      145.2469  ANGLE   =      588.6308  DIHED      =     3238.1699
 VDWAALS =    -2133.1015  EEL     =   -18769.9219  HBOND      =        0.0000
 1-4 VDW =      975.5936  1-4 EEL =     9395.3845  RESTRAINT  =      159.8872
 EAMBER  =    -6559.9978


   NSTEP       ENERGY          RMS            GMAX         NAME    NUMBER
    400      -6.4102E+03     1.8472E-01     3.2780E+00     OG        333

 BOND    =      144.8116  ANGLE   =      587.6387  DIHED      =     3233.7211
 VDWAALS =    -2133.5515  EEL     =   -18773.8932  HBOND      =        0.0000
 1-4 VDW =      975.5208  1-4 EEL =     9394.8962  RESTRAINT  =      160.6516
 EAMBER  =    -6570.8562


   NSTEP       ENERGY          RMS            GMAX         NAME    NUMBER
    450      -6.4139E+03     1.2224E-01     2.8115E+00     OG        333

 BOND    =      144.6667  ANGLE   =      586.9371  DIHED      =     3232.5439
 VDWAALS =    -2134.1085  EEL     =   -18775.9597  HBOND      =        0.0000
 1-4 VDW =      975.5388  1-4 EEL =     9395.3382  RESTRAINT  =      161.1079
 EAMBER  =    -6575.0436


   NSTEP       ENERGY          RMS            GMAX         NAME    NUMBER
    500      -6.4166E+03     1.7187E-01     7.5542E+00     CD       4217

 BOND    =      144.7543  ANGLE   =      586.7792  DIHED      =     3232.1251
 VDWAALS =    -2134.3855  EEL     =   -18777.8420  HBOND      =        0.0000
 1-4 VDW =      975.3791  1-4 EEL =     9395.0003  RESTRAINT  =      161.5849
 EAMBER  =    -6578.1894


  Maximum number of minimization cycles reached.


                    FINAL RESULTS



   NSTEP       ENERGY          RMS            GMAX         NAME    NUMBER
    500      -6.4166E+03     1.7187E-01     7.5542E+00     CD       4217

 BOND    =      144.7543  ANGLE   =      586.7792  DIHED      =     3232.1251
 VDWAALS =    -2134.3855  EEL     =   -18777.8420  HBOND      =        0.0000
 1-4 VDW =      975.3791  1-4 EEL =     9395.0003  RESTRAINT  =      161.5849
 EAMBER  =    -6578.1894

--------------------------------------------------------------------------------
   5.  TIMINGS
--------------------------------------------------------------------------------

|                Build the list             0.74 (97.50% of List )
|                Other                      0.02 ( 2.50% of List )
|             List time                  0.76 ( 0.19% of Nonbo)
|                   Short_ene time           408.00 (100.0% of Direc)
|                   Other                      0.02 ( 0.01% of Direc)
|                Direct Ewald time        408.02 (99.86% of Ewald)
|                Other                      0.56 ( 0.14% of Ewald)
|             Ewald time               408.59 (99.81% of Nonbo)
|          Nonbond force            409.35 (98.84% of Force)
|          Bond/Angle/Dihedral        4.78 ( 1.15% of Force)
|          Other                      0.04 ( 0.01% of Force)
|       Force time               414.16 (100.0% of Runmd)
|    Runmd Time               414.16 (98.04% of Total)
|    Other                      8.28 ( 1.96% of Total)
| Total time               422.45 (100.0% of ALL  )

| Number of list builds   :          1

| Highest rstack allocated:      22075
| Highest istack allocated:       4415
|           Job began  at 21:58:02.504  on 12/21/2025
|           Setup done at 21:58:02.803  on 12/21/2025
|           Run   done at 22:05:04.953  on 12/21/2025
|     wallclock() was called   11535 times

|3D-RISM memory allocation summary
|Type          Maximum        Current   
|Integer       0.00000 GB     0.00000 GB
|Real          0.00000 GB     0.00000 GB
|Logical       0.00000 GB     0.00000 GB
|Character     0.00000 GB     0.00000 GB
|---------------------------------------
|Total         0.00000 GB     0.00000 GB
