
          -------------------------------------------------------
          Amber 22 SANDER                              2022
          -------------------------------------------------------

| Run on 12/21/2025 at 21:58:03

|   Executable path: /home/kiran/miniforge3/envs/amber_mmgbsa/bin/sander
| Working directory: /storage/kiran-stuff/aaRS/phase2/energy_scoring/mmgbsa_amber/jobs/anc_prors_edit_THR
|          Hostname: boron

  [-O]verwriting output

File Assignments:
|  MDIN: min.in                                                                
| MDOUT: min.out                                                               
|INPCRD: complex.inpcrd                                                        
|  PARM: complex.prmtop                                                        
|RESTRT: min.rst                                                               
|  REFC: complex.inpcrd                                                        
| MDVEL: mdvel                                                                 
| MDFRC: mdfrc                                                                 
|  MDEN: mden                                                                  
| MDCRD: mdcrd                                                                 
|MDINFO: mdinfo                                                                
|  MTMD: mtmd                                                                  
|INPDIP: inpdip                                                                
|RSTDIP: rstdip                                                                
|INPTRA: inptraj                                                               


 Here is the input file:

Minimize                                                                       
 &cntrl                                                                        
  imin=1,                                                                      
  maxcyc=500,                                                                  
  ncyc=250,                                                                    
  ntb=0,                                                                       
  cut=999.0,                                                                   
  ntr=1,                                                                       
  restraint_wt=10.0,                                                           
  restraintmask='!:LIG & !@H=',                                                
 /                                                                             

--------------------------------------------------------------------------------
   1.  RESOURCE   USE: 
--------------------------------------------------------------------------------

| Flags:                                                                        
|    NONPERIODIC   ntb=0 and igb=0: Setting up nonperiodic simulation
|  *** cutoff > system size, list only builds once
|Largest sphere to fit in unit cell has radius =    56.951
| New format PARM file being parsed.
| Version =    1.000 Date = 12/21/25 Time = 21:58:03
 NATOM  =    4679 NTYPES =      21 NBONH =    2327 MBONA  =    2391
 NTHETH =    5356 MTHETA =    3233 NPHIH =   10611 MPHIA  =   10078
 NHPARM =       0 NPARM  =       0 NNB   =   25935 NRES   =     301
 NBONA  =    2391 NTHETA =    3233 NPHIA =   10078 NUMBND =      73
 NUMANG =     165 NPTRA  =     198 NATYP =      41 NPHB   =       0
 IFBOX  =       0 NMXRS  =      26 IFCAP =       0 NEXTRA =       0
 NCOPY  =       0


|     Memory Use     Allocated
|     Real             1139046
|     Hollerith          14340
|     Integer          1124964
|     Max Pairs       10944181
|     nblistReal         56148
|     nblist Int       7950287
|       Total            87594 kbytes

| Note: 1-4 EEL scale factors are being read from the topology file.

| Note: 1-4 VDW scale factors are being read from the topology file.
| Duplicated    0 dihedrals
| Duplicated    0 dihedrals

--------------------------------------------------------------------------------
   2.  CONTROL  DATA  FOR  THE  RUN
--------------------------------------------------------------------------------

default_name                                                                    

General flags:
     imin    =       1, nmropt  =       0

Nature and format of input:
     ntx     =       1, irest   =       0, ntrx    =       1

Nature and format of output:
     ntxo    =       2, ntpr    =      50, ntrx    =       1, ntwr    =       1
     iwrap   =       0, ntwx    =       0, ntwv    =       0, ntwe    =       0
     ioutfm  =       1, ntwprt  =       0, idecomp =       0, rbornstat=      0

Potential function:
     ntf     =       1, ntb     =       0, igb     =       0, nsnb    =      25
     ipol    =       0, gbsa    =       0, iesp    =       0
     dielc   =   1.00000, cut     = 999.00000, intdiel =   1.00000

Frozen or restrained atoms:
     ibelly  =       0, ntr     =       1
     restraint_wt =  10.00000

Energy minimization:
     maxcyc  =     500, ncyc    =     250, ntmin   =       1
     dx0     =   0.01000, drms    =   0.00010
|  INFO: Old style inpcrd file read


    LOADING THE CONSTRAINED ATOMS AS GROUPS


   5.  REFERENCE ATOM COORDINATES

  defa
     Mask !:LIG & !@H=; matches  2344 atoms

--------------------------------------------------------------------------------
   3.  ATOMIC COORDINATES AND VELOCITIES
--------------------------------------------------------------------------------

default_name                                                                    
 begin time read from input coords =     0.000 ps

 Number of triangulated 3-point waters found:        0

     Sum of charges from parm topology file = -34.00000106

--------------------------------------------------------------------------------
   4.  RESULTS
--------------------------------------------------------------------------------

 ---------------------------------------------------

     eedmeth=4: Setting switch to one everywhere

 ---------------------------------------------------
| Local SIZE OF NONBOND LIST =   10918480
| TOTAL SIZE OF NONBOND LIST =   10918480


   NSTEP       ENERGY          RMS            GMAX         NAME    NUMBER
      1       2.0067E+04     1.3279E+03     1.1014E+05     HE2      3647

 BOND    =      132.8511  ANGLE   =      615.5978  DIHED      =     3420.7739
 VDWAALS =    14358.7682  EEL     =   -13797.2468  HBOND      =        0.0000
 1-4 VDW =     1133.5259  1-4 EEL =    14202.6048  RESTRAINT  =        0.0000


   NSTEP       ENERGY          RMS            GMAX         NAME    NUMBER
     50       3.7179E+03     2.2071E+00     6.4580E+01     N        3577

 BOND    =      152.9942  ANGLE   =      620.7337  DIHED      =     3438.3975
 VDWAALS =    -1769.0562  EEL     =   -14022.2646  HBOND      =        0.0000
 1-4 VDW =     1098.3192  1-4 EEL =    14129.9539  RESTRAINT  =       68.7808
 EAMBER  =     3649.0777


   NSTEP       ENERGY          RMS            GMAX         NAME    NUMBER
    100       3.5263E+03     1.3360E+00     3.8376E+01     N        3577

 BOND    =      138.1730  ANGLE   =      615.2141  DIHED      =     3442.5832
 VDWAALS =    -1850.6955  EEL     =   -14161.0962  HBOND      =        0.0000
 1-4 VDW =     1077.9142  1-4 EEL =    14133.9286  RESTRAINT  =      130.2492
 EAMBER  =     3396.0215


   NSTEP       ENERGY          RMS            GMAX         NAME    NUMBER
    150       3.4494E+03     5.9798E-01     1.5112E+01     CD       4245

 BOND    =      134.2172  ANGLE   =      612.8946  DIHED      =     3446.0150
 VDWAALS =    -1879.0719  EEL     =   -14240.2051  HBOND      =        0.0000
 1-4 VDW =     1069.8787  1-4 EEL =    14135.3999  RESTRAINT  =      170.3040
 EAMBER  =     3279.1284


   NSTEP       ENERGY          RMS            GMAX         NAME    NUMBER
    200       3.4094E+03     4.4325E-01     1.3274E+01     CZ       3644

 BOND    =      133.6583  ANGLE   =      612.7617  DIHED      =     3448.7783
 VDWAALS =    -1892.4197  EEL     =   -14291.0756  HBOND      =        0.0000
 1-4 VDW =     1065.8769  1-4 EEL =    14136.1293  RESTRAINT  =      195.7267
 EAMBER  =     3213.7092


   NSTEP       ENERGY          RMS            GMAX         NAME    NUMBER
    250       3.3863E+03     7.3019E-01     2.4381E+01     CZ       3644

 BOND    =      134.0865  ANGLE   =      612.9082  DIHED      =     3451.0916
 VDWAALS =    -1900.2649  EEL     =   -14324.3753  HBOND      =        0.0000
 1-4 VDW =     1063.6077  1-4 EEL =    14136.4596  RESTRAINT  =      212.7394
 EAMBER  =     3173.5134


   NSTEP       ENERGY          RMS            GMAX         NAME    NUMBER
    300       3.3234E+03     4.2988E-01     1.2883E+01     CG       1153

 BOND    =      133.2956  ANGLE   =      615.1062  DIHED      =     3450.9964
 VDWAALS =    -1921.0708  EEL     =   -14414.2495  HBOND      =        0.0000
 1-4 VDW =     1058.6470  1-4 EEL =    14136.1380  RESTRAINT  =      264.5480
 EAMBER  =     3058.8629


   NSTEP       ENERGY          RMS            GMAX         NAME    NUMBER
    350       3.3002E+03     2.5387E-01     8.1444E+00     CG       1153

 BOND    =      132.9500  ANGLE   =      613.8142  DIHED      =     3444.5908
 VDWAALS =    -1921.5096  EEL     =   -14432.7288  HBOND      =        0.0000
 1-4 VDW =     1058.1633  1-4 EEL =    14135.9532  RESTRAINT  =      268.9243
 EAMBER  =     3031.2331


   NSTEP       ENERGY          RMS            GMAX         NAME    NUMBER
    400       3.2926E+03     3.3913E-01     6.9164E+00     CD       1498

 BOND    =      133.3529  ANGLE   =      613.9786  DIHED      =     3444.1642
 VDWAALS =    -1922.9058  EEL     =   -14443.9742  HBOND      =        0.0000
 1-4 VDW =     1057.6722  1-4 EEL =    14135.4365  RESTRAINT  =      274.8461
 EAMBER  =     3017.7243


   NSTEP       ENERGY          RMS            GMAX         NAME    NUMBER
    450       3.2863E+03     2.9095E-01     5.4433E+00     HG1       208

 BOND    =      133.7516  ANGLE   =      614.1446  DIHED      =     3443.1376
 VDWAALS =    -1923.2744  EEL     =   -14454.8858  HBOND      =        0.0000
 1-4 VDW =     1057.2023  1-4 EEL =    14135.5090  RESTRAINT  =      280.6695
 EAMBER  =     3005.5849


   NSTEP       ENERGY          RMS            GMAX         NAME    NUMBER
    500       3.2795E+03     2.0916E-01     6.5948E+00     CG       1153

 BOND    =      133.7600  ANGLE   =      613.1878  DIHED      =     3442.6055
 VDWAALS =    -1923.4236  EEL     =   -14464.3956  HBOND      =        0.0000
 1-4 VDW =     1056.9399  1-4 EEL =    14135.1283  RESTRAINT  =      285.7449
 EAMBER  =     2993.8021


  Maximum number of minimization cycles reached.


                    FINAL RESULTS



   NSTEP       ENERGY          RMS            GMAX         NAME    NUMBER
    500       3.2795E+03     2.0916E-01     6.5948E+00     CG       1153

 BOND    =      133.7600  ANGLE   =      613.1878  DIHED      =     3442.6055
 VDWAALS =    -1923.4236  EEL     =   -14464.3956  HBOND      =        0.0000
 1-4 VDW =     1056.9399  1-4 EEL =    14135.1283  RESTRAINT  =      285.7449
 EAMBER  =     2993.8021

--------------------------------------------------------------------------------
   5.  TIMINGS
--------------------------------------------------------------------------------

|                Build the list             0.63 (99.81% of List )
|                Other                      0.00 ( 0.19% of List )
|             List time                  0.64 ( 0.14% of Nonbo)
|                   Short_ene time           457.45 (100.0% of Direc)
|                   Other                      0.04 ( 0.01% of Direc)
|                Direct Ewald time        457.48 (99.89% of Ewald)
|                Other                      0.51 ( 0.11% of Ewald)
|             Ewald time               457.99 (99.86% of Nonbo)
|          Nonbond force            458.63 (98.82% of Force)
|          Bond/Angle/Dihedral        5.47 ( 1.18% of Force)
|          Other                      0.02 ( 0.01% of Force)
|       Force time               464.12 (100.0% of Runmd)
|    Runmd Time               464.12 (98.50% of Total)
|    Other                      7.06 ( 1.50% of Total)
| Total time               471.20 (100.0% of ALL  )

| Number of list builds   :          1

| Highest rstack allocated:      23355
| Highest istack allocated:       4671
|           Job began  at 21:58:03.506  on 12/21/2025
|           Setup done at 21:58:03.888  on 12/21/2025
|           Run   done at 22:05:54.702  on 12/21/2025
|     wallclock() was called   11535 times

|3D-RISM memory allocation summary
|Type          Maximum        Current   
|Integer       0.00000 GB     0.00000 GB
|Real          0.00000 GB     0.00000 GB
|Logical       0.00000 GB     0.00000 GB
|Character     0.00000 GB     0.00000 GB
|---------------------------------------
|Total         0.00000 GB     0.00000 GB
