
          -------------------------------------------------------
          Amber 22 SANDER                              2022
          -------------------------------------------------------

| Run on 12/21/2025 at 21:58:02

|   Executable path: /home/kiran/miniforge3/envs/amber_mmgbsa/bin/sander
| Working directory: /storage/kiran-stuff/aaRS/phase2/energy_scoring/mmgbsa_amber/jobs/anc_thrrs_cat_CYS
|          Hostname: boron

  [-O]verwriting output

File Assignments:
|  MDIN: min.in                                                                
| MDOUT: min.out                                                               
|INPCRD: complex.inpcrd                                                        
|  PARM: complex.prmtop                                                        
|RESTRT: min.rst                                                               
|  REFC: complex.inpcrd                                                        
| MDVEL: mdvel                                                                 
| MDFRC: mdfrc                                                                 
|  MDEN: mden                                                                  
| MDCRD: mdcrd                                                                 
|MDINFO: mdinfo                                                                
|  MTMD: mtmd                                                                  
|INPDIP: inpdip                                                                
|RSTDIP: rstdip                                                                
|INPTRA: inptraj                                                               


 Here is the input file:

Minimize                                                                       
 &cntrl                                                                        
  imin=1,                                                                      
  maxcyc=500,                                                                  
  ncyc=250,                                                                    
  ntb=0,                                                                       
  cut=999.0,                                                                   
  ntr=1,                                                                       
  restraint_wt=10.0,                                                           
  restraintmask='!:LIG & !@H=',                                                
 /                                                                             

--------------------------------------------------------------------------------
   1.  RESOURCE   USE: 
--------------------------------------------------------------------------------

| Flags:                                                                        
|    NONPERIODIC   ntb=0 and igb=0: Setting up nonperiodic simulation
|  *** cutoff > system size, list only builds once
|Largest sphere to fit in unit cell has radius =    54.875
| New format PARM file being parsed.
| Version =    1.000 Date = 12/21/25 Time = 21:58:02
 NATOM  =    4416 NTYPES =      22 NBONH =    2159 MBONA  =    2307
 NTHETH =    4905 MTHETA =    3123 NPHIH =   10131 MPHIA  =    9719
 NHPARM =       0 NPARM  =       0 NNB   =   24317 NRES   =     279
 NBONA  =    2307 NTHETA =    3123 NPHIA =    9719 NUMBND =      74
 NUMANG =     166 NPTRA  =     195 NATYP =      42 NPHB   =       0
 IFBOX  =       0 NMXRS  =      24 IFCAP =       0 NEXTRA =       0
 NCOPY  =       0


|     Memory Use     Allocated
|     Real             1117269
|     Hollerith          13529
|     Integer          1074985
|     Max Pairs        9748320
|     nblistReal         52992
|     nblist Int       5512233
|       Total            73006 kbytes

| Note: 1-4 EEL scale factors are being read from the topology file.

| Note: 1-4 VDW scale factors are being read from the topology file.
| Duplicated    0 dihedrals
| Duplicated    0 dihedrals

--------------------------------------------------------------------------------
   2.  CONTROL  DATA  FOR  THE  RUN
--------------------------------------------------------------------------------

default_name                                                                    

General flags:
     imin    =       1, nmropt  =       0

Nature and format of input:
     ntx     =       1, irest   =       0, ntrx    =       1

Nature and format of output:
     ntxo    =       2, ntpr    =      50, ntrx    =       1, ntwr    =       1
     iwrap   =       0, ntwx    =       0, ntwv    =       0, ntwe    =       0
     ioutfm  =       1, ntwprt  =       0, idecomp =       0, rbornstat=      0

Potential function:
     ntf     =       1, ntb     =       0, igb     =       0, nsnb    =      25
     ipol    =       0, gbsa    =       0, iesp    =       0
     dielc   =   1.00000, cut     = 999.00000, intdiel =   1.00000

Frozen or restrained atoms:
     ibelly  =       0, ntr     =       1
     restraint_wt =  10.00000

Energy minimization:
     maxcyc  =     500, ncyc    =     250, ntmin   =       1
     dx0     =   0.01000, drms    =   0.00010
|  INFO: Old style inpcrd file read


    LOADING THE CONSTRAINED ATOMS AS GROUPS


   5.  REFERENCE ATOM COORDINATES

  defa
     Mask !:LIG & !@H=; matches  2250 atoms

--------------------------------------------------------------------------------
   3.  ATOMIC COORDINATES AND VELOCITIES
--------------------------------------------------------------------------------

default_name                                                                    
 begin time read from input coords =     0.000 ps

 Number of triangulated 3-point waters found:        0

     Sum of charges from parm topology file = -15.00000007

--------------------------------------------------------------------------------
   4.  RESULTS
--------------------------------------------------------------------------------

 ---------------------------------------------------

     eedmeth=4: Setting switch to one everywhere

 ---------------------------------------------------
| Local SIZE OF NONBOND LIST =    9724234
| TOTAL SIZE OF NONBOND LIST =    9724234


   NSTEP       ENERGY          RMS            GMAX         NAME    NUMBER
      1       2.6209E+06     3.7179E+05     2.5734E+07     SG       4408

 BOND    =      145.8254  ANGLE   =      618.5388  DIHED      =     3241.4677
 VDWAALS =  2624483.6343  EEL     =   -18103.2245  HBOND      =        0.0000
 1-4 VDW =     1053.4272  1-4 EEL =     9476.9455  RESTRAINT  =        0.0000


   NSTEP       ENERGY          RMS            GMAX         NAME    NUMBER
     50      -5.8651E+03     2.5100E+00     1.2151E+02     CZ       1737

 BOND    =      158.6698  ANGLE   =      604.8825  DIHED      =     3248.7933
 VDWAALS =    -1981.3805  EEL     =   -18360.4316  HBOND      =        0.0000
 1-4 VDW =     1010.7521  1-4 EEL =     9388.8559  RESTRAINT  =       64.7265
 EAMBER  =    -5929.8586


   NSTEP       ENERGY          RMS            GMAX         NAME    NUMBER
    100      -6.0456E+03     1.4846E+00     5.4265E+01     CZ       1737

 BOND    =      146.0471  ANGLE   =      599.0171  DIHED      =     3255.5034
 VDWAALS =    -2046.3724  EEL     =   -18497.0865  HBOND      =        0.0000
 1-4 VDW =      992.6583  1-4 EEL =     9398.7492  RESTRAINT  =      105.8567
 EAMBER  =    -6151.4838


   NSTEP       ENERGY          RMS            GMAX         NAME    NUMBER
    150      -6.1241E+03     8.9211E-01     2.0519E+01     CZ       1737

 BOND    =      146.3280  ANGLE   =      599.7897  DIHED      =     3257.8644
 VDWAALS =    -2070.5236  EEL     =   -18576.0925  HBOND      =        0.0000
 1-4 VDW =      987.4841  1-4 EEL =     9402.6470  RESTRAINT  =      128.4459
 EAMBER  =    -6252.5029


   NSTEP       ENERGY          RMS            GMAX         NAME    NUMBER
    200      -6.1672E+03     2.6283E-01     6.9514E+00     HG        671

 BOND    =      144.6897  ANGLE   =      599.5354  DIHED      =     3259.9855
 VDWAALS =    -2080.7475  EEL     =   -18624.8678  HBOND      =        0.0000
 1-4 VDW =      985.5664  1-4 EEL =     9405.5206  RESTRAINT  =      143.1037
 EAMBER  =    -6310.3178


   NSTEP       ENERGY          RMS            GMAX         NAME    NUMBER
    250      -6.1931E+03     7.0104E-01     1.4662E+01     CE1       225

 BOND    =      145.1791  ANGLE   =      600.6921  DIHED      =     3261.5243
 VDWAALS =    -2087.8518  EEL     =   -18659.0670  HBOND      =        0.0000
 1-4 VDW =      984.7361  1-4 EEL =     9407.2486  RESTRAINT  =      154.4795
 EAMBER  =    -6347.5386


   NSTEP       ENERGY          RMS            GMAX         NAME    NUMBER
    300      -6.2774E+03     4.2133E-01     1.4965E+01     CG       3527

 BOND    =      144.5839  ANGLE   =      603.4989  DIHED      =     3264.5942
 VDWAALS =    -2113.5029  EEL     =   -18753.1667  HBOND      =        0.0000
 1-4 VDW =      983.2314  1-4 EEL =     9405.5064  RESTRAINT  =      187.8802
 EAMBER  =    -6465.2548


   NSTEP       ENERGY          RMS            GMAX         NAME    NUMBER
    350      -6.2978E+03     3.3317E-01     9.4504E+00     HG        334

 BOND    =      144.3847  ANGLE   =      602.0213  DIHED      =     3260.9421
 VDWAALS =    -2111.3822  EEL     =   -18765.4597  HBOND      =        0.0000
 1-4 VDW =      982.6754  1-4 EEL =     9404.8858  RESTRAINT  =      184.1336
 EAMBER  =    -6481.9326


   NSTEP       ENERGY          RMS            GMAX         NAME    NUMBER
    400      -6.3159E+03     2.2498E-01     5.3104E+00     HG        334

 BOND    =      144.1743  ANGLE   =      599.8565  DIHED      =     3255.8429
 VDWAALS =    -2111.3455  EEL     =   -18776.8354  HBOND      =        0.0000
 1-4 VDW =      982.6772  1-4 EEL =     9407.5984  RESTRAINT  =      182.1726
 EAMBER  =    -6498.0317


   NSTEP       ENERGY          RMS            GMAX         NAME    NUMBER
    450      -6.3299E+03     5.1038E-01     2.1041E+01     HH       2704

 BOND    =      144.4223  ANGLE   =      600.2933  DIHED      =     3255.5893
 VDWAALS =    -2112.8594  EEL     =   -18789.9899  HBOND      =        0.0000
 1-4 VDW =      982.9173  1-4 EEL =     9407.7541  RESTRAINT  =      181.9665
 EAMBER  =    -6511.8729


   NSTEP       ENERGY          RMS            GMAX         NAME    NUMBER
    500      -6.3515E+03     1.9131E-01     4.6875E+00     HH       2704

 BOND    =      143.9806  ANGLE   =      598.0530  DIHED      =     3250.0430
 VDWAALS =    -2113.3283  EEL     =   -18799.2037  HBOND      =        0.0000
 1-4 VDW =      982.3497  1-4 EEL =     9406.0726  RESTRAINT  =      180.5137
 EAMBER  =    -6532.0331


  Maximum number of minimization cycles reached.


                    FINAL RESULTS



   NSTEP       ENERGY          RMS            GMAX         NAME    NUMBER
    500      -6.3515E+03     1.9131E-01     4.6875E+00     HH       2704

 BOND    =      143.9806  ANGLE   =      598.0530  DIHED      =     3250.0430
 VDWAALS =    -2113.3283  EEL     =   -18799.2037  HBOND      =        0.0000
 1-4 VDW =      982.3497  1-4 EEL =     9406.0726  RESTRAINT  =      180.5137
 EAMBER  =    -6532.0331

--------------------------------------------------------------------------------
   5.  TIMINGS
--------------------------------------------------------------------------------

|    Read coords time           0.04 ( 0.01% of Total)
|                Build the list             0.42 (99.76% of List )
|                Other                      0.00 ( 0.24% of List )
|             List time                  0.42 ( 0.10% of Nonbo)
|                   Short_ene time           412.80 (100.0% of Direc)
|                   Other                      0.03 ( 0.01% of Direc)
|                Direct Ewald time        412.84 (99.87% of Ewald)
|                Other                      0.56 ( 0.13% of Ewald)
|             Ewald time               413.39 (99.89% of Nonbo)
|             Other                      0.02 ( 0.01% of Nonbo)
|          Nonbond force            413.84 (98.79% of Force)
|          Bond/Angle/Dihedral        5.00 ( 1.19% of Force)
|          Other                      0.05 ( 0.01% of Force)
|       Force time               418.89 (100.0% of Runmd)
|    Runmd Time               418.89 (98.14% of Total)
|    Other                      7.88 ( 1.85% of Total)
| Total time               426.81 (100.0% of ALL  )

| Number of list builds   :          1

| Highest rstack allocated:      22040
| Highest istack allocated:       4408
|           Job began  at 21:58:02.944  on 12/21/2025
|           Setup done at 21:58:03.449  on 12/21/2025
|           Run   done at 22:05:09.756  on 12/21/2025
|     wallclock() was called   11535 times

|3D-RISM memory allocation summary
|Type          Maximum        Current   
|Integer       0.00000 GB     0.00000 GB
|Real          0.00000 GB     0.00000 GB
|Logical       0.00000 GB     0.00000 GB
|Character     0.00000 GB     0.00000 GB
|---------------------------------------
|Total         0.00000 GB     0.00000 GB
