
          -------------------------------------------------------
          Amber 22 SANDER                              2022
          -------------------------------------------------------

| Run on 12/21/2025 at 22:40:20

|   Executable path: /home/kiran/miniforge3/envs/amber_mmgbsa/bin/sander
| Working directory: /storage/kiran-stuff/aaRS/phase2/energy_scoring/mmgbsa_amber/jobs/proRS_editing_Thr
|          Hostname: boron

  [-O]verwriting output

File Assignments:
|  MDIN: min.in                                                                
| MDOUT: min.out                                                               
|INPCRD: complex.inpcrd                                                        
|  PARM: complex.prmtop                                                        
|RESTRT: min.rst                                                               
|  REFC: complex.inpcrd                                                        
| MDVEL: mdvel                                                                 
| MDFRC: mdfrc                                                                 
|  MDEN: mden                                                                  
| MDCRD: mdcrd                                                                 
|MDINFO: mdinfo                                                                
|  MTMD: mtmd                                                                  
|INPDIP: inpdip                                                                
|RSTDIP: rstdip                                                                
|INPTRA: inptraj                                                               


 Here is the input file:

Minimize                                                                       
 &cntrl                                                                        
  imin=1,                                                                      
  maxcyc=500,                                                                  
  ncyc=250,                                                                    
  ntb=0,                                                                       
  cut=999.0,                                                                   
  ntr=1,                                                                       
  restraint_wt=10.0,                                                           
  restraintmask='!:LIG & !@H=',                                                
 /                                                                             

--------------------------------------------------------------------------------
   1.  RESOURCE   USE: 
--------------------------------------------------------------------------------

| Flags:                                                                        
|    NONPERIODIC   ntb=0 and igb=0: Setting up nonperiodic simulation
|  *** cutoff > system size, list only builds once
|Largest sphere to fit in unit cell has radius =    53.609
| New format PARM file being parsed.
| Version =    1.000 Date = 12/21/25 Time = 22:40:20
 NATOM  =    4679 NTYPES =      21 NBONH =    2327 MBONA  =    2391
 NTHETH =    5356 MTHETA =    3233 NPHIH =   10611 MPHIA  =   10078
 NHPARM =       0 NPARM  =       0 NNB   =   25935 NRES   =     301
 NBONA  =    2391 NTHETA =    3233 NPHIA =   10078 NUMBND =      73
 NUMANG =     165 NPTRA  =     198 NATYP =      41 NPHB   =       0
 IFBOX  =       0 NMXRS  =      26 IFCAP =       0 NEXTRA =       0
 NCOPY  =       0


|     Memory Use     Allocated
|     Real             1138956
|     Hollerith          14340
|     Integer          1124964
|     Max Pairs       10944181
|     nblistReal         56148
|     nblist Int       6774263
|       Total            82999 kbytes

| Note: 1-4 EEL scale factors are being read from the topology file.

| Note: 1-4 VDW scale factors are being read from the topology file.
| Duplicated    0 dihedrals
| Duplicated    0 dihedrals

--------------------------------------------------------------------------------
   2.  CONTROL  DATA  FOR  THE  RUN
--------------------------------------------------------------------------------

default_name                                                                    

General flags:
     imin    =       1, nmropt  =       0

Nature and format of input:
     ntx     =       1, irest   =       0, ntrx    =       1

Nature and format of output:
     ntxo    =       2, ntpr    =      50, ntrx    =       1, ntwr    =       1
     iwrap   =       0, ntwx    =       0, ntwv    =       0, ntwe    =       0
     ioutfm  =       1, ntwprt  =       0, idecomp =       0, rbornstat=      0

Potential function:
     ntf     =       1, ntb     =       0, igb     =       0, nsnb    =      25
     ipol    =       0, gbsa    =       0, iesp    =       0
     dielc   =   1.00000, cut     = 999.00000, intdiel =   1.00000

Frozen or restrained atoms:
     ibelly  =       0, ntr     =       1
     restraint_wt =  10.00000

Energy minimization:
     maxcyc  =     500, ncyc    =     250, ntmin   =       1
     dx0     =   0.01000, drms    =   0.00010
|  INFO: Old style inpcrd file read


    LOADING THE CONSTRAINED ATOMS AS GROUPS


   5.  REFERENCE ATOM COORDINATES

  defa
     Mask !:LIG & !@H=; matches  2344 atoms

--------------------------------------------------------------------------------
   3.  ATOMIC COORDINATES AND VELOCITIES
--------------------------------------------------------------------------------

default_name                                                                    
 begin time read from input coords =     0.000 ps

 Number of triangulated 3-point waters found:        0

     Sum of charges from parm topology file = -34.00000106

--------------------------------------------------------------------------------
   4.  RESULTS
--------------------------------------------------------------------------------

 ---------------------------------------------------

     eedmeth=4: Setting switch to one everywhere

 ---------------------------------------------------
| Local SIZE OF NONBOND LIST =   10918480
| TOTAL SIZE OF NONBOND LIST =   10918480


   NSTEP       ENERGY          RMS            GMAX         NAME    NUMBER
      1       1.1903E+09     5.3156E+08     4.3448E+10     HD22     3771

 BOND    =      134.2086  ANGLE   =      596.0014  DIHED      =     3320.3016
 VDWAALS = *************  EEL     =   -14702.3658  HBOND      =        0.0000
 1-4 VDW =     1065.2283  1-4 EEL =    14086.5900  RESTRAINT  =        0.0000


   NSTEP       ENERGY          RMS            GMAX         NAME    NUMBER
     50       2.4898E+03     2.3235E+00     8.1232E+01     CD       1498

 BOND    =      161.2808  ANGLE   =      646.1245  DIHED      =     3330.8669
 VDWAALS =    -1806.5588  EEL     =   -14993.8809  HBOND      =        0.0000
 1-4 VDW =     1046.9903  1-4 EEL =    14042.0152  RESTRAINT  =       62.9675
 EAMBER  =     2426.8381


   NSTEP       ENERGY          RMS            GMAX         NAME    NUMBER
    100       2.2741E+03     1.4733E+00     6.5042E+01     CD       1498

 BOND    =      148.1940  ANGLE   =      622.7965  DIHED      =     3337.6760
 VDWAALS =    -1890.7168  EEL     =   -15141.5708  HBOND      =        0.0000
 1-4 VDW =     1027.3363  1-4 EEL =    14052.7679  RESTRAINT  =      117.6554
 EAMBER  =     2156.4831


   NSTEP       ENERGY          RMS            GMAX         NAME    NUMBER
    150       2.2012E+03     7.8190E-01     2.5407E+01     OH        532

 BOND    =      143.0885  ANGLE   =      618.5975  DIHED      =     3343.6118
 VDWAALS =    -1918.8066  EEL     =   -15214.8794  HBOND      =        0.0000
 1-4 VDW =     1020.5742  1-4 EEL =    14056.8749  RESTRAINT  =      152.1227
 EAMBER  =     2049.0610


   NSTEP       ENERGY          RMS            GMAX         NAME    NUMBER
    200       2.1658E+03     3.9086E-01     2.0540E+01     CD       3998

 BOND    =      141.9852  ANGLE   =      616.7573  DIHED      =     3347.8893
 VDWAALS =    -1934.4018  EEL     =   -15256.7167  HBOND      =        0.0000
 1-4 VDW =     1017.5800  1-4 EEL =    14058.6119  RESTRAINT  =      174.1119
 EAMBER  =     1991.7052


   NSTEP       ENERGY          RMS            GMAX         NAME    NUMBER
    250       2.1460E+03     1.9135E-01     5.2153E+00     HG1      4489

 BOND    =      141.3494  ANGLE   =      616.1893  DIHED      =     3350.8556
 VDWAALS =    -1942.9719  EEL     =   -15283.0901  HBOND      =        0.0000
 1-4 VDW =     1015.8873  1-4 EEL =    14059.4130  RESTRAINT  =      188.3856
 EAMBER  =     1957.6326


   NSTEP       ENERGY          RMS            GMAX         NAME    NUMBER
    300       2.0790E+03     7.7647E-01     2.1198E+01     CD1       527

 BOND    =      140.7580  ANGLE   =      619.7489  DIHED      =     3361.9873
 VDWAALS =    -1964.0758  EEL     =   -15389.4244  HBOND      =        0.0000
 1-4 VDW =     1011.9891  1-4 EEL =    14062.6188  RESTRAINT  =      235.3773
 EAMBER  =     1843.6019


   NSTEP       ENERGY          RMS            GMAX         NAME    NUMBER
    350       2.0534E+03     3.6898E-01     8.0459E+00     HH       3255

 BOND    =      140.8084  ANGLE   =      618.2776  DIHED      =     3359.3653
 VDWAALS =    -1968.2264  EEL     =   -15410.7440  HBOND      =        0.0000
 1-4 VDW =     1011.1811  1-4 EEL =    14058.6032  RESTRAINT  =      244.1113
 EAMBER  =     1809.2652


   NSTEP       ENERGY          RMS            GMAX         NAME    NUMBER
    400       2.0432E+03     1.8725E-01     4.7144E+00     OH       3254

 BOND    =      140.3562  ANGLE   =      616.5354  DIHED      =     3357.3595
 VDWAALS =    -1969.3407  EEL     =   -15418.2827  HBOND      =        0.0000
 1-4 VDW =     1011.2602  1-4 EEL =    14059.1117  RESTRAINT  =      246.1907
 EAMBER  =     1796.9995


   NSTEP       ENERGY          RMS            GMAX         NAME    NUMBER
    450       2.0406E+03     1.0681E-01     2.4183E+00     OH       3254

 BOND    =      140.1363  ANGLE   =      616.0218  DIHED      =     3358.1848
 VDWAALS =    -1970.3173  EEL     =   -15421.8541  HBOND      =        0.0000
 1-4 VDW =     1011.4281  1-4 EEL =    14059.1709  RESTRAINT  =      247.8034
 EAMBER  =     1792.7704


   NSTEP       ENERGY          RMS            GMAX         NAME    NUMBER
    500       2.0391E+03     1.0374E-01     2.8017E+00     OH       3254

 BOND    =      140.0597  ANGLE   =      615.8315  DIHED      =     3359.1885
 VDWAALS =    -1971.1991  EEL     =   -15424.5245  HBOND      =        0.0000
 1-4 VDW =     1011.4231  1-4 EEL =    14059.0994  RESTRAINT  =      249.1830
 EAMBER  =     1789.8786


  Maximum number of minimization cycles reached.


                    FINAL RESULTS



   NSTEP       ENERGY          RMS            GMAX         NAME    NUMBER
    500       2.0391E+03     1.0374E-01     2.8017E+00     OH       3254

 BOND    =      140.0597  ANGLE   =      615.8315  DIHED      =     3359.1885
 VDWAALS =    -1971.1991  EEL     =   -15424.5245  HBOND      =        0.0000
 1-4 VDW =     1011.4231  1-4 EEL =    14059.0994  RESTRAINT  =      249.1830
 EAMBER  =     1789.8786

--------------------------------------------------------------------------------
   5.  TIMINGS
--------------------------------------------------------------------------------

|                Build the list             0.48 (99.73% of List )
|                Other                      0.00 ( 0.27% of List )
|             List time                  0.48 ( 0.12% of Nonbo)
|                   Short_ene time           389.79 (100.0% of Direc)
|                   Other                      0.05 ( 0.01% of Direc)
|                Direct Ewald time        389.83 (99.89% of Ewald)
|                Other                      0.44 ( 0.11% of Ewald)
|             Ewald time               390.28 (99.88% of Nonbo)
|          Nonbond force            390.76 (98.90% of Force)
|          Bond/Angle/Dihedral        4.32 ( 1.09% of Force)
|          Other                      0.03 ( 0.01% of Force)
|       Force time               395.11 (100.0% of Runmd)
|    Runmd Time               395.11 (98.81% of Total)
|    Other                      4.75 ( 1.19% of Total)
| Total time               399.87 (100.0% of ALL  )

| Number of list builds   :          1

| Highest rstack allocated:      23365
| Highest istack allocated:       4673
|           Job began  at 22:40:20.418  on 12/21/2025
|           Setup done at 22:40:20.713  on 12/21/2025
|           Run   done at 22:47:00.291  on 12/21/2025
|     wallclock() was called   11535 times

|3D-RISM memory allocation summary
|Type          Maximum        Current   
|Integer       0.00000 GB     0.00000 GB
|Real          0.00000 GB     0.00000 GB
|Logical       0.00000 GB     0.00000 GB
|Character     0.00000 GB     0.00000 GB
|---------------------------------------
|Total         0.00000 GB     0.00000 GB
