
          -------------------------------------------------------
          Amber 22 SANDER                              2022
          -------------------------------------------------------

| Run on 12/21/2025 at 22:38:32

|   Executable path: /home/kiran/miniforge3/envs/amber_mmgbsa/bin/sander
| Working directory: /storage/kiran-stuff/aaRS/phase2/energy_scoring/mmgbsa_amber/jobs/modern_thrrs_ecoli_zn_LEU
|          Hostname: boron

  [-O]verwriting output

File Assignments:
|  MDIN: min.in                                                                
| MDOUT: min.out                                                               
|INPCRD: complex.inpcrd                                                        
|  PARM: complex.prmtop                                                        
|RESTRT: min.rst                                                               
|  REFC: complex.inpcrd                                                        
| MDVEL: mdvel                                                                 
| MDFRC: mdfrc                                                                 
|  MDEN: mden                                                                  
| MDCRD: mdcrd                                                                 
|MDINFO: mdinfo                                                                
|  MTMD: mtmd                                                                  
|INPDIP: inpdip                                                                
|RSTDIP: rstdip                                                                
|INPTRA: inptraj                                                               


 Here is the input file:

Minimize                                                                       
 &cntrl                                                                        
  imin=1,                                                                      
  maxcyc=500,                                                                  
  ncyc=250,                                                                    
  ntb=0,                                                                       
  cut=999.0,                                                                   
  ntr=1,                                                                       
  restraint_wt=10.0,                                                           
  restraintmask='!:LIG & !@H=',                                                
 /                                                                             

--------------------------------------------------------------------------------
   1.  RESOURCE   USE: 
--------------------------------------------------------------------------------

| Flags:                                                                        
|    NONPERIODIC   ntb=0 and igb=0: Setting up nonperiodic simulation
|  *** cutoff > system size, list only builds once
|Largest sphere to fit in unit cell has radius =    58.481
| New format PARM file being parsed.
| Version =    1.000 Date = 12/21/25 Time = 22:38:31
 NATOM  =    6513 NTYPES =      22 NBONH =    3225 MBONA  =    3357
 NTHETH =    7338 MTHETA =    4520 NPHIH =   14894 MPHIA  =   14161
 NHPARM =       0 NPARM  =       0 NNB   =   35866 NRES   =     403
 NBONA  =    3357 NTHETA =    4520 NPHIA =   14161 NUMBND =      73
 NUMANG =     164 NPTRA  =     198 NATYP =      42 NPHB   =       0
 IFBOX  =       0 NMXRS  =      26 IFCAP =       0 NEXTRA =       0
 NCOPY  =       0


|     Memory Use     Allocated
|     Real             1289541
|     Hollerith          19944
|     Integer          1566705
|     Max Pairs       21206328
|     nblistReal         78156
|     nblist Int       7565900
|       Total           129274 kbytes

| Note: 1-4 EEL scale factors are being read from the topology file.

| Note: 1-4 VDW scale factors are being read from the topology file.
| Duplicated    0 dihedrals
| Duplicated    0 dihedrals

--------------------------------------------------------------------------------
   2.  CONTROL  DATA  FOR  THE  RUN
--------------------------------------------------------------------------------

default_name                                                                    

General flags:
     imin    =       1, nmropt  =       0

Nature and format of input:
     ntx     =       1, irest   =       0, ntrx    =       1

Nature and format of output:
     ntxo    =       2, ntpr    =      50, ntrx    =       1, ntwr    =       1
     iwrap   =       0, ntwx    =       0, ntwv    =       0, ntwe    =       0
     ioutfm  =       1, ntwprt  =       0, idecomp =       0, rbornstat=      0

Potential function:
     ntf     =       1, ntb     =       0, igb     =       0, nsnb    =      25
     ipol    =       0, gbsa    =       0, iesp    =       0
     dielc   =   1.00000, cut     = 999.00000, intdiel =   1.00000

Frozen or restrained atoms:
     ibelly  =       0, ntr     =       1
     restraint_wt =  10.00000

Energy minimization:
     maxcyc  =     500, ncyc    =     250, ntmin   =       1
     dx0     =   0.01000, drms    =   0.00010
|  INFO: Old style inpcrd file read


    LOADING THE CONSTRAINED ATOMS AS GROUPS


   5.  REFERENCE ATOM COORDINATES

  defa
     Mask !:LIG & !@H=; matches  3279 atoms

--------------------------------------------------------------------------------
   3.  ATOMIC COORDINATES AND VELOCITIES
--------------------------------------------------------------------------------

default_name                                                                    
 begin time read from input coords =     0.000 ps

 Number of triangulated 3-point waters found:        0

     Sum of charges from parm topology file =  -5.99999718

--------------------------------------------------------------------------------
   4.  RESULTS
--------------------------------------------------------------------------------

 ---------------------------------------------------

     eedmeth=4: Setting switch to one everywhere

 ---------------------------------------------------
| Local SIZE OF NONBOND LIST =   21170809
| TOTAL SIZE OF NONBOND LIST =   21170809


   NSTEP       ENERGY          RMS            GMAX         NAME    NUMBER
      1      -9.0897E+03     1.2339E+01     5.1999E+02     ZN       6491

 BOND    =      137.9940  ANGLE   =      735.4854  DIHED      =     4388.3459
 VDWAALS =    -2917.8008  EEL     =   -28153.7719  HBOND      =        0.0000
 1-4 VDW =     1825.0922  1-4 EEL =    14895.0014  RESTRAINT  =        0.0000


   NSTEP       ENERGY          RMS            GMAX         NAME    NUMBER
     50      -1.0741E+04     1.9758E+00     4.2504E+01     CG       2344

 BOND    =      179.4989  ANGLE   =      683.7893  DIHED      =     4483.9437
 VDWAALS =    -3499.9898  EEL     =   -28625.5719  HBOND      =        0.0000
 1-4 VDW =     1508.5555  1-4 EEL =    14430.7403  RESTRAINT  =       97.8116
 EAMBER  =   -10839.0341


   NSTEP       ENERGY          RMS            GMAX         NAME    NUMBER
    100      -1.0919E+04     1.1063E+00     1.8421E+01     CG        434

 BOND    =      185.5048  ANGLE   =      701.9019  DIHED      =     4509.3094
 VDWAALS =    -3541.3448  EEL     =   -28765.8807  HBOND      =        0.0000
 1-4 VDW =     1461.2886  1-4 EEL =    14369.6412  RESTRAINT  =      160.3413
 EAMBER  =   -11079.5797


   NSTEP       ENERGY          RMS            GMAX         NAME    NUMBER
    150      -1.1011E+04     5.0045E-01     1.2508E+01     HG1      2754

 BOND    =      188.5273  ANGLE   =      718.7987  DIHED      =     4519.6498
 VDWAALS =    -3560.1695  EEL     =   -28869.6623  HBOND      =        0.0000
 1-4 VDW =     1445.1165  1-4 EEL =    14347.4777  RESTRAINT  =      199.3664
 EAMBER  =   -11210.2618


   NSTEP       ENERGY          RMS            GMAX         NAME    NUMBER
    200      -1.1090E+04     1.1315E+00     2.8206E+01     CD       3116

 BOND    =      193.8175  ANGLE   =      730.4560  DIHED      =     4521.4816
 VDWAALS =    -3566.5210  EEL     =   -28986.9991  HBOND      =        0.0000
 1-4 VDW =     1438.3120  1-4 EEL =    14340.1315  RESTRAINT  =      239.3319
 EAMBER  =   -11329.3215


   NSTEP       ENERGY          RMS            GMAX         NAME    NUMBER
    250      -1.1146E+04     4.3457E-01     1.4039E+01     HH       5677

 BOND    =      191.3205  ANGLE   =      728.4766  DIHED      =     4522.6696
 VDWAALS =    -3565.6979  EEL     =   -29057.4754  HBOND      =        0.0000
 1-4 VDW =     1435.4545  1-4 EEL =    14338.6602  RESTRAINT  =      260.3791
 EAMBER  =   -11406.5920


   NSTEP       ENERGY          RMS            GMAX         NAME    NUMBER
    300      -1.1219E+04     3.6797E-01     9.6990E+00     OG       4439

 BOND    =      193.7325  ANGLE   =      730.5319  DIHED      =     4525.3269
 VDWAALS =    -3573.6066  EEL     =   -29156.2003  HBOND      =        0.0000
 1-4 VDW =     1431.8753  1-4 EEL =    14332.0602  RESTRAINT  =      297.5195
 EAMBER  =   -11516.2801


   NSTEP       ENERGY          RMS            GMAX         NAME    NUMBER
    350      -1.1241E+04     3.3885E-01     1.0554E+01     HH       5677

 BOND    =      193.8936  ANGLE   =      731.6917  DIHED      =     4524.2969
 VDWAALS =    -3574.7888  EEL     =   -29186.5619  HBOND      =        0.0000
 1-4 VDW =     1432.1756  1-4 EEL =    14330.2758  RESTRAINT  =      307.8316
 EAMBER  =   -11549.0172


   NSTEP       ENERGY          RMS            GMAX         NAME    NUMBER
    400      -1.1255E+04     1.9745E-01     9.8972E+00     HH       5677

 BOND    =      193.7966  ANGLE   =      732.3311  DIHED      =     4521.6500
 VDWAALS =    -3574.8168  EEL     =   -29204.6531  HBOND      =        0.0000
 1-4 VDW =     1432.2719  1-4 EEL =    14332.7017  RESTRAINT  =      311.6748
 EAMBER  =   -11566.7185


   NSTEP       ENERGY          RMS            GMAX         NAME    NUMBER
    450      -1.1262E+04     1.5715E-01     4.8962E+00     OG       1761

 BOND    =      193.6566  ANGLE   =      731.9154  DIHED      =     4520.4495
 VDWAALS =    -3575.7725  EEL     =   -29211.8276  HBOND      =        0.0000
 1-4 VDW =     1432.3266  1-4 EEL =    14331.9132  RESTRAINT  =      315.1290
 EAMBER  =   -11577.3389


   NSTEP       ENERGY          RMS            GMAX         NAME    NUMBER
    500      -1.1266E+04     9.4301E-02     2.6214E+00     CE1      5673

 BOND    =      193.4307  ANGLE   =      731.6694  DIHED      =     4520.3159
 VDWAALS =    -3576.0127  EEL     =   -29215.4748  HBOND      =        0.0000
 1-4 VDW =     1432.2111  1-4 EEL =    14331.7150  RESTRAINT  =      316.1450
 EAMBER  =   -11582.1454


  Maximum number of minimization cycles reached.


                    FINAL RESULTS



   NSTEP       ENERGY          RMS            GMAX         NAME    NUMBER
    500      -1.1266E+04     9.4301E-02     2.6214E+00     CE1      5673

 BOND    =      193.4307  ANGLE   =      731.6694  DIHED      =     4520.3159
 VDWAALS =    -3576.0127  EEL     =   -29215.4748  HBOND      =        0.0000
 1-4 VDW =     1432.2111  1-4 EEL =    14331.7150  RESTRAINT  =      316.1450
 EAMBER  =   -11582.1454

--------------------------------------------------------------------------------
   5.  TIMINGS
--------------------------------------------------------------------------------

|                Build the list             0.69 (99.57% of List )
|                Other                      0.00 ( 0.43% of List )
|             List time                  0.69 ( 0.09% of Nonbo)
|                   Short_ene time           732.54 (100.0% of Direc)
|                   Other                      0.05 ( 0.01% of Direc)
|                Direct Ewald time        732.59 (100.0% of Ewald)
|                Other                      0.52 ( 0.07% of Ewald)
|             Ewald time               733.11 (100.0% of Nonbo)
|          Nonbond force            733.81 (99.19% of Force)
|          Bond/Angle/Dihedral        5.91 ( 0.80% of Force)
|          Other                      0.04 ( 0.01% of Force)
|       Force time               739.76 (100.0% of Runmd)
|    Runmd Time               739.76 (99.25% of Total)
|    Other                      5.54 ( 0.74% of Total)
| Total time               745.32 (100.0% of ALL  )

| Number of list builds   :          1

| Highest rstack allocated:      32525
| Highest istack allocated:       6505
|           Job began  at 22:38:32.184  on 12/21/2025
|           Setup done at 22:38:32.535  on 12/21/2025
|           Run   done at 22:50:57.500  on 12/21/2025
|     wallclock() was called   11535 times

|3D-RISM memory allocation summary
|Type          Maximum        Current   
|Integer       0.00000 GB     0.00000 GB
|Real          0.00000 GB     0.00000 GB
|Logical       0.00000 GB     0.00000 GB
|Character     0.00000 GB     0.00000 GB
|---------------------------------------
|Total         0.00000 GB     0.00000 GB
