
          -------------------------------------------------------
          Amber 22 SANDER                              2022
          -------------------------------------------------------

| Run on 12/21/2025 at 22:06:00

|   Executable path: /home/kiran/miniforge3/envs/amber_mmgbsa/bin/sander
| Working directory: /storage/kiran-stuff/aaRS/phase2/energy_scoring/mmgbsa_amber/jobs/anc_thrrs_cat_zn_MET
|          Hostname: boron

  [-O]verwriting output

File Assignments:
|  MDIN: min.in                                                                
| MDOUT: min.out                                                               
|INPCRD: complex.inpcrd                                                        
|  PARM: complex.prmtop                                                        
|RESTRT: min.rst                                                               
|  REFC: complex.inpcrd                                                        
| MDVEL: mdvel                                                                 
| MDFRC: mdfrc                                                                 
|  MDEN: mden                                                                  
| MDCRD: mdcrd                                                                 
|MDINFO: mdinfo                                                                
|  MTMD: mtmd                                                                  
|INPDIP: inpdip                                                                
|RSTDIP: rstdip                                                                
|INPTRA: inptraj                                                               


 Here is the input file:

Minimize                                                                       
 &cntrl                                                                        
  imin=1,                                                                      
  maxcyc=500,                                                                  
  ncyc=250,                                                                    
  ntb=0,                                                                       
  cut=999.0,                                                                   
  ntr=1,                                                                       
  restraint_wt=10.0,                                                           
  restraintmask='!:LIG & !@H=',                                                
 /                                                                             

--------------------------------------------------------------------------------
   1.  RESOURCE   USE: 
--------------------------------------------------------------------------------

| Flags:                                                                        
|    NONPERIODIC   ntb=0 and igb=0: Setting up nonperiodic simulation
|  *** cutoff > system size, list only builds once
|Largest sphere to fit in unit cell has radius =    51.449
| New format PARM file being parsed.
| Version =    1.000 Date = 12/21/25 Time = 22:06:00
 NATOM  =    4423 NTYPES =      23 NBONH =    2163 MBONA  =    2309
 NTHETH =    4915 MTHETA =    3125 NPHIH =   10141 MPHIA  =    9721
 NHPARM =       0 NPARM  =       0 NNB   =   24349 NRES   =     280
 NBONA  =    2309 NTHETA =    3125 NPHIA =    9721 NUMBND =      74
 NUMANG =     168 NPTRA  =     198 NATYP =      43 NPHB   =       0
 IFBOX  =       0 NMXRS  =      24 IFCAP =       0 NEXTRA =       0
 NCOPY  =       0


|     Memory Use     Allocated
|     Real             1117872
|     Hollerith          13551
|     Integer          1075857
|     Max Pairs        9779253
|     nblistReal         53076
|     nblist Int       5338861
|       Total            72458 kbytes

| Note: 1-4 EEL scale factors are being read from the topology file.

| Note: 1-4 VDW scale factors are being read from the topology file.
| Duplicated    0 dihedrals
| Duplicated    0 dihedrals

--------------------------------------------------------------------------------
   2.  CONTROL  DATA  FOR  THE  RUN
--------------------------------------------------------------------------------

default_name                                                                    

General flags:
     imin    =       1, nmropt  =       0

Nature and format of input:
     ntx     =       1, irest   =       0, ntrx    =       1

Nature and format of output:
     ntxo    =       2, ntpr    =      50, ntrx    =       1, ntwr    =       1
     iwrap   =       0, ntwx    =       0, ntwv    =       0, ntwe    =       0
     ioutfm  =       1, ntwprt  =       0, idecomp =       0, rbornstat=      0

Potential function:
     ntf     =       1, ntb     =       0, igb     =       0, nsnb    =      25
     ipol    =       0, gbsa    =       0, iesp    =       0
     dielc   =   1.00000, cut     = 999.00000, intdiel =   1.00000

Frozen or restrained atoms:
     ibelly  =       0, ntr     =       1
     restraint_wt =  10.00000

Energy minimization:
     maxcyc  =     500, ncyc    =     250, ntmin   =       1
     dx0     =   0.01000, drms    =   0.00010
|  INFO: Old style inpcrd file read


    LOADING THE CONSTRAINED ATOMS AS GROUPS


   5.  REFERENCE ATOM COORDINATES

  defa
     Mask !:LIG & !@H=; matches  2251 atoms

--------------------------------------------------------------------------------
   3.  ATOMIC COORDINATES AND VELOCITIES
--------------------------------------------------------------------------------

default_name                                                                    
 begin time read from input coords =     0.000 ps

 Number of triangulated 3-point waters found:        0

     Sum of charges from parm topology file = -12.99999807

--------------------------------------------------------------------------------
   4.  RESULTS
--------------------------------------------------------------------------------

 ---------------------------------------------------

     eedmeth=4: Setting switch to one everywhere

 ---------------------------------------------------
| Local SIZE OF NONBOND LIST =    9755137
| TOTAL SIZE OF NONBOND LIST =    9755137


   NSTEP       ENERGY          RMS            GMAX         NAME    NUMBER
      1      -3.8447E+03     7.1589E+01     3.2242E+03     HE1      2983

 BOND    =      150.4339  ANGLE   =      625.0345  DIHED      =     3204.3507
 VDWAALS =      135.7482  EEL     =   -18426.5870  HBOND      =        0.0000
 1-4 VDW =     1034.8032  1-4 EEL =     9431.4734  RESTRAINT  =        0.0000


   NSTEP       ENERGY          RMS            GMAX         NAME    NUMBER
     50      -6.5144E+03     3.2156E+00     1.3594E+02     CG       1022

 BOND    =      156.6735  ANGLE   =      605.6397  DIHED      =     3211.9939
 VDWAALS =    -2030.0081  EEL     =   -18860.3841  HBOND      =        0.0000
 1-4 VDW =      989.8738  1-4 EEL =     9356.5815  RESTRAINT  =       55.2128
 EAMBER  =    -6569.6298


   NSTEP       ENERGY          RMS            GMAX         NAME    NUMBER
    100      -6.7054E+03     1.5635E+00     6.9024E+01     C        2950

 BOND    =      151.0502  ANGLE   =      600.2917  DIHED      =     3215.2692
 VDWAALS =    -2068.7080  EEL     =   -19038.9622  HBOND      =        0.0000
 1-4 VDW =      977.3510  1-4 EEL =     9369.6837  RESTRAINT  =       88.6021
 EAMBER  =    -6794.0245


   NSTEP       ENERGY          RMS            GMAX         NAME    NUMBER
    150      -6.7825E+03     9.5742E-01     4.6628E+01     C        2950

 BOND    =      146.5167  ANGLE   =      601.6695  DIHED      =     3218.7527
 VDWAALS =    -2084.9179  EEL     =   -19125.8623  HBOND      =        0.0000
 1-4 VDW =      972.8357  1-4 EEL =     9375.0187  RESTRAINT  =      113.4692
 EAMBER  =    -6895.9869


   NSTEP       ENERGY          RMS            GMAX         NAME    NUMBER
    200      -6.8212E+03     5.4665E-01     2.3371E+01     C        2950

 BOND    =      146.9079  ANGLE   =      601.8430  DIHED      =     3223.2877
 VDWAALS =    -2096.2158  EEL     =   -19175.8793  HBOND      =        0.0000
 1-4 VDW =      971.3386  1-4 EEL =     9377.0658  RESTRAINT  =      130.4541
 EAMBER  =    -6951.6523


   NSTEP       ENERGY          RMS            GMAX         NAME    NUMBER
    250      -6.8439E+03     7.7966E-01     3.1739E+01     C        2950

 BOND    =      147.6486  ANGLE   =      602.6114  DIHED      =     3227.9559
 VDWAALS =    -2102.8463  EEL     =   -19210.6119  HBOND      =        0.0000
 1-4 VDW =      970.6180  1-4 EEL =     9378.1573  RESTRAINT  =      142.6123
 EAMBER  =    -6986.4670


   NSTEP       ENERGY          RMS            GMAX         NAME    NUMBER
    300      -6.9159E+03     4.0931E-01     1.1655E+01     HH       1615

 BOND    =      146.6979  ANGLE   =      604.8551  DIHED      =     3238.0590
 VDWAALS =    -2117.9772  EEL     =   -19316.7114  HBOND      =        0.0000
 1-4 VDW =      969.4330  1-4 EEL =     9375.8821  RESTRAINT  =      183.8225
 EAMBER  =    -7099.7615


   NSTEP       ENERGY          RMS            GMAX         NAME    NUMBER
    350      -6.9295E+03     2.7383E-01     8.8097E+00     CE1      1611

 BOND    =      146.7344  ANGLE   =      603.1884  DIHED      =     3234.8966
 VDWAALS =    -2117.2017  EEL     =   -19323.6020  HBOND      =        0.0000
 1-4 VDW =      969.4889  1-4 EEL =     9374.9396  RESTRAINT  =      182.0076
 EAMBER  =    -7111.5558


   NSTEP       ENERGY          RMS            GMAX         NAME    NUMBER
    400      -6.9401E+03     2.0191E-01     7.9911E+00     CE1      1611

 BOND    =      146.7252  ANGLE   =      601.5775  DIHED      =     3230.5530
 VDWAALS =    -2116.8950  EEL     =   -19329.2491  HBOND      =        0.0000
 1-4 VDW =      969.3844  1-4 EEL =     9374.9635  RESTRAINT  =      182.8896
 EAMBER  =    -7122.9405


   NSTEP       ENERGY          RMS            GMAX         NAME    NUMBER
    450      -6.9452E+03     8.5897E-02     2.4337E+00     OH       3005

 BOND    =      146.6395  ANGLE   =      600.6770  DIHED      =     3230.4960
 VDWAALS =    -2116.3828  EEL     =   -19335.0285  HBOND      =        0.0000
 1-4 VDW =      969.2288  1-4 EEL =     9375.3954  RESTRAINT  =      183.7879
 EAMBER  =    -7128.9745


   NSTEP       ENERGY          RMS            GMAX         NAME    NUMBER
    500      -6.9476E+03     9.1891E-02     1.6061E+00     CB        637

 BOND    =      146.6699  ANGLE   =      600.3378  DIHED      =     3229.8008
 VDWAALS =    -2116.3622  EEL     =   -19337.1234  HBOND      =        0.0000
 1-4 VDW =      969.0388  1-4 EEL =     9375.1743  RESTRAINT  =      184.8349
 EAMBER  =    -7132.4641


  Maximum number of minimization cycles reached.


                    FINAL RESULTS



   NSTEP       ENERGY          RMS            GMAX         NAME    NUMBER
    500      -6.9476E+03     9.1891E-02     1.6061E+00     CB        637

 BOND    =      146.6699  ANGLE   =      600.3378  DIHED      =     3229.8008
 VDWAALS =    -2116.3622  EEL     =   -19337.1234  HBOND      =        0.0000
 1-4 VDW =      969.0388  1-4 EEL =     9375.1743  RESTRAINT  =      184.8349
 EAMBER  =    -7132.4641

--------------------------------------------------------------------------------
   5.  TIMINGS
--------------------------------------------------------------------------------

|    Read coords time           0.02 ( 0.01% of Total)
|                Build the list             0.39 (99.71% of List )
|                Other                      0.00 ( 0.29% of List )
|             List time                  0.39 ( 0.10% of Nonbo)
|                   Short_ene time           404.54 (100.0% of Direc)
|                   Other                      0.03 ( 0.01% of Direc)
|                Direct Ewald time        404.56 (99.89% of Ewald)
|                Other                      0.46 ( 0.11% of Ewald)
|             Ewald time               405.02 (100.0% of Nonbo)
|          Nonbond force            405.41 (98.84% of Force)
|          Bond/Angle/Dihedral        4.70 ( 1.15% of Force)
|          Other                      0.04 ( 0.01% of Force)
|       Force time               410.15 (100.0% of Runmd)
|    Runmd Time               410.15 (98.30% of Total)
|    Other                      7.08 ( 1.70% of Total)
| Total time               417.25 (100.0% of ALL  )

| Number of list builds   :          1

| Highest rstack allocated:      22080
| Highest istack allocated:       4416
|           Job began  at 22:06:00.624  on 12/21/2025
|           Setup done at 22:06:01.033  on 12/21/2025
|           Run   done at 22:12:57.878  on 12/21/2025
|     wallclock() was called   11535 times

|3D-RISM memory allocation summary
|Type          Maximum        Current   
|Integer       0.00000 GB     0.00000 GB
|Real          0.00000 GB     0.00000 GB
|Logical       0.00000 GB     0.00000 GB
|Character     0.00000 GB     0.00000 GB
|---------------------------------------
|Total         0.00000 GB     0.00000 GB
