
          -------------------------------------------------------
          Amber 22 SANDER                              2022
          -------------------------------------------------------

| Run on 12/21/2025 at 22:06:09

|   Executable path: /home/kiran/miniforge3/envs/amber_mmgbsa/bin/sander
| Working directory: /storage/kiran-stuff/aaRS/phase2/energy_scoring/mmgbsa_amber/jobs/anc_thrrs_cat_zn_SER
|          Hostname: boron

  [-O]verwriting output

File Assignments:
|  MDIN: min.in                                                                
| MDOUT: min.out                                                               
|INPCRD: complex.inpcrd                                                        
|  PARM: complex.prmtop                                                        
|RESTRT: min.rst                                                               
|  REFC: complex.inpcrd                                                        
| MDVEL: mdvel                                                                 
| MDFRC: mdfrc                                                                 
|  MDEN: mden                                                                  
| MDCRD: mdcrd                                                                 
|MDINFO: mdinfo                                                                
|  MTMD: mtmd                                                                  
|INPDIP: inpdip                                                                
|RSTDIP: rstdip                                                                
|INPTRA: inptraj                                                               


 Here is the input file:

Minimize                                                                       
 &cntrl                                                                        
  imin=1,                                                                      
  maxcyc=500,                                                                  
  ncyc=250,                                                                    
  ntb=0,                                                                       
  cut=999.0,                                                                   
  ntr=1,                                                                       
  restraint_wt=10.0,                                                           
  restraintmask='!:LIG & !@H=',                                                
 /                                                                             

--------------------------------------------------------------------------------
   1.  RESOURCE   USE: 
--------------------------------------------------------------------------------

| Flags:                                                                        
|    NONPERIODIC   ntb=0 and igb=0: Setting up nonperiodic simulation
|  *** cutoff > system size, list only builds once
|Largest sphere to fit in unit cell has radius =    51.430
| New format PARM file being parsed.
| Version =    1.000 Date = 12/21/25 Time = 22:06:08
 NATOM  =    4417 NTYPES =      21 NBONH =    2159 MBONA  =    2307
 NTHETH =    4905 MTHETA =    3123 NPHIH =   10132 MPHIA  =    9719
 NHPARM =       0 NPARM  =       0 NNB   =   24318 NRES   =     280
 NBONA  =    2307 NTHETA =    3123 NPHIA =    9719 NUMBND =      72
 NUMANG =     164 NPTRA  =     195 NATYP =      41 NPHB   =       0
 IFBOX  =       0 NMXRS  =      24 IFCAP =       0 NEXTRA =       0
 NCOPY  =       0


|     Memory Use     Allocated
|     Real             1117290
|     Hollerith          13533
|     Integer          1075000
|     Max Pairs        9752736
|     nblistReal         53004
|     nblist Int       5092676
|       Total            71384 kbytes

| Note: 1-4 EEL scale factors are being read from the topology file.

| Note: 1-4 VDW scale factors are being read from the topology file.
| Duplicated    0 dihedrals
| Duplicated    0 dihedrals

--------------------------------------------------------------------------------
   2.  CONTROL  DATA  FOR  THE  RUN
--------------------------------------------------------------------------------

default_name                                                                    

General flags:
     imin    =       1, nmropt  =       0

Nature and format of input:
     ntx     =       1, irest   =       0, ntrx    =       1

Nature and format of output:
     ntxo    =       2, ntpr    =      50, ntrx    =       1, ntwr    =       1
     iwrap   =       0, ntwx    =       0, ntwv    =       0, ntwe    =       0
     ioutfm  =       1, ntwprt  =       0, idecomp =       0, rbornstat=      0

Potential function:
     ntf     =       1, ntb     =       0, igb     =       0, nsnb    =      25
     ipol    =       0, gbsa    =       0, iesp    =       0
     dielc   =   1.00000, cut     = 999.00000, intdiel =   1.00000

Frozen or restrained atoms:
     ibelly  =       0, ntr     =       1
     restraint_wt =  10.00000

Energy minimization:
     maxcyc  =     500, ncyc    =     250, ntmin   =       1
     dx0     =   0.01000, drms    =   0.00010
|  INFO: Old style inpcrd file read


    LOADING THE CONSTRAINED ATOMS AS GROUPS


   5.  REFERENCE ATOM COORDINATES

  defa
     Mask !:LIG & !@H=; matches  2251 atoms

--------------------------------------------------------------------------------
   3.  ATOMIC COORDINATES AND VELOCITIES
--------------------------------------------------------------------------------

default_name                                                                    
 begin time read from input coords =     0.000 ps

 Number of triangulated 3-point waters found:        0

     Sum of charges from parm topology file = -13.00000107

--------------------------------------------------------------------------------
   4.  RESULTS
--------------------------------------------------------------------------------

 ---------------------------------------------------

     eedmeth=4: Setting switch to one everywhere

 ---------------------------------------------------
| Local SIZE OF NONBOND LIST =    9728650
| TOTAL SIZE OF NONBOND LIST =    9728650


   NSTEP       ENERGY          RMS            GMAX         NAME    NUMBER
      1      -4.7872E+03     2.6554E+01     1.0017E+03     HD11     2806

 BOND    =      147.7491  ANGLE   =      613.8999  DIHED      =     3222.2615
 VDWAALS =     -860.1441  EEL     =   -18393.5096  HBOND      =        0.0000
 1-4 VDW =     1042.2109  1-4 EEL =     9440.3487  RESTRAINT  =        0.0000


   NSTEP       ENERGY          RMS            GMAX         NAME    NUMBER
     50      -6.5249E+03     2.3303E+00     8.0107E+01     CD       2670

 BOND    =      151.7255  ANGLE   =      594.8263  DIHED      =     3231.0653
 VDWAALS =    -2018.1189  EEL     =   -18896.2339  HBOND      =        0.0000
 1-4 VDW =      992.6714  1-4 EEL =     9360.7659  RESTRAINT  =       58.4140
 EAMBER  =    -6583.2984


   NSTEP       ENERGY          RMS            GMAX         NAME    NUMBER
    100      -6.6933E+03     1.4215E+00     4.9243E+01     CG       1341

 BOND    =      146.8541  ANGLE   =      592.3820  DIHED      =     3235.5373
 VDWAALS =    -2048.0581  EEL     =   -19069.1473  HBOND      =        0.0000
 1-4 VDW =      981.3608  1-4 EEL =     9374.2260  RESTRAINT  =       93.5015
 EAMBER  =    -6786.8450


   NSTEP       ENERGY          RMS            GMAX         NAME    NUMBER
    150      -6.7599E+03     9.6086E-01     4.7987E+01     CG       1341

 BOND    =      145.7762  ANGLE   =      595.8783  DIHED      =     3239.5113
 VDWAALS =    -2065.5645  EEL     =   -19149.0338  HBOND      =        0.0000
 1-4 VDW =      978.1291  1-4 EEL =     9378.9140  RESTRAINT  =      116.4882
 EAMBER  =    -6876.3894


   NSTEP       ENERGY          RMS            GMAX         NAME    NUMBER
    200      -6.7935E+03     3.5415E-01     1.1177E+01     CG       1341

 BOND    =      144.5389  ANGLE   =      595.3317  DIHED      =     3244.0587
 VDWAALS =    -2074.2948  EEL     =   -19192.9659  HBOND      =        0.0000
 1-4 VDW =      977.3626  1-4 EEL =     9380.9574  RESTRAINT  =      131.5604
 EAMBER  =    -6925.0113


   NSTEP       ENERGY          RMS            GMAX         NAME    NUMBER
    250      -6.8158E+03     7.5058E-01     2.9534E+01     CG       1341

 BOND    =      145.7508  ANGLE   =      596.0117  DIHED      =     3247.0725
 VDWAALS =    -2080.6757  EEL     =   -19224.5214  HBOND      =        0.0000
 1-4 VDW =      976.9495  1-4 EEL =     9381.0553  RESTRAINT  =      142.5725
 EAMBER  =    -6958.3574


   NSTEP       ENERGY          RMS            GMAX         NAME    NUMBER
    300      -6.8778E+03     4.4509E-01     1.3886E+01     CG       1817

 BOND    =      144.9164  ANGLE   =      597.8525  DIHED      =     3258.2991
 VDWAALS =    -2095.7611  EEL     =   -19309.5411  HBOND      =        0.0000
 1-4 VDW =      977.8057  1-4 EEL =     9375.7140  RESTRAINT  =      172.8902
 EAMBER  =    -7050.7143


   NSTEP       ENERGY          RMS            GMAX         NAME    NUMBER
    350      -6.8964E+03     3.7938E-01     8.8132E+00     CD2      3009

 BOND    =      144.4762  ANGLE   =      597.8779  DIHED      =     3253.7608
 VDWAALS =    -2098.3275  EEL     =   -19322.6366  HBOND      =        0.0000
 1-4 VDW =      977.8702  1-4 EEL =     9375.5278  RESTRAINT  =      175.0218
 EAMBER  =    -7071.4511


   NSTEP       ENERGY          RMS            GMAX         NAME    NUMBER
    400      -6.9089E+03     2.7295E-01     5.8280E+00     OG1       643

 BOND    =      144.4352  ANGLE   =      597.2652  DIHED      =     3249.5579
 VDWAALS =    -2098.7755  EEL     =   -19330.7135  HBOND      =        0.0000
 1-4 VDW =      977.9234  1-4 EEL =     9376.6156  RESTRAINT  =      174.7587
 EAMBER  =    -7083.6917


   NSTEP       ENERGY          RMS            GMAX         NAME    NUMBER
    450      -6.9146E+03     1.0225E-01     1.8312E+00     CD1      3000

 BOND    =      144.5108  ANGLE   =      597.2931  DIHED      =     3248.3790
 VDWAALS =    -2098.8217  EEL     =   -19334.3539  HBOND      =        0.0000
 1-4 VDW =      977.2859  1-4 EEL =     9376.1122  RESTRAINT  =      175.0083
 EAMBER  =    -7089.5947


   NSTEP       ENERGY          RMS            GMAX         NAME    NUMBER
    500      -6.9158E+03     8.4438E-02     1.7588E+00     CE1      3002

 BOND    =      144.4685  ANGLE   =      597.1260  DIHED      =     3248.6260
 VDWAALS =    -2099.7133  EEL     =   -19335.3881  HBOND      =        0.0000
 1-4 VDW =      977.2418  1-4 EEL =     9376.3183  RESTRAINT  =      175.4776
 EAMBER  =    -7091.3209


  Maximum number of minimization cycles reached.


                    FINAL RESULTS



   NSTEP       ENERGY          RMS            GMAX         NAME    NUMBER
    500      -6.9158E+03     8.4438E-02     1.7588E+00     CE1      3002

 BOND    =      144.4685  ANGLE   =      597.1260  DIHED      =     3248.6260
 VDWAALS =    -2099.7133  EEL     =   -19335.3881  HBOND      =        0.0000
 1-4 VDW =      977.2418  1-4 EEL =     9376.3183  RESTRAINT  =      175.4776
 EAMBER  =    -7091.3209

--------------------------------------------------------------------------------
   5.  TIMINGS
--------------------------------------------------------------------------------

|                Build the list             0.26 (99.51% of List )
|                Other                      0.00 ( 0.49% of List )
|             List time                  0.26 ( 0.06% of Nonbo)
|                   Short_ene time           403.97 (100.0% of Direc)
|                   Other                      0.02 ( 0.01% of Direc)
|                Direct Ewald time        403.99 (99.87% of Ewald)
|                Virial junk                0.02 ( 0.01% of Ewald)
|                Other                      0.49 ( 0.12% of Ewald)
|             Ewald time               404.51 (100.0% of Nonbo)
|          Nonbond force            404.77 (98.82% of Force)
|          Bond/Angle/Dihedral        4.80 ( 1.17% of Force)
|          Other                      0.03 ( 0.01% of Force)
|       Force time               409.60 (100.0% of Runmd)
|    Runmd Time               409.60 (98.03% of Total)
|    Other                      8.21 ( 1.97% of Total)
| Total time               417.82 (100.0% of ALL  )

| Number of list builds   :          1

| Highest rstack allocated:      22040
| Highest istack allocated:       4408
|           Job began  at 22:06:09.228  on 12/21/2025
|           Setup done at 22:06:09.598  on 12/21/2025
|           Run   done at 22:13:07.047  on 12/21/2025
|     wallclock() was called   11535 times

|3D-RISM memory allocation summary
|Type          Maximum        Current   
|Integer       0.00000 GB     0.00000 GB
|Real          0.00000 GB     0.00000 GB
|Logical       0.00000 GB     0.00000 GB
|Character     0.00000 GB     0.00000 GB
|---------------------------------------
|Total         0.00000 GB     0.00000 GB
