
          -------------------------------------------------------
          Amber 22 SANDER                              2022
          -------------------------------------------------------

| Run on 12/21/2025 at 21:58:05

|   Executable path: /home/kiran/miniforge3/envs/amber_mmgbsa/bin/sander
| Working directory: /storage/kiran-stuff/aaRS/phase2/energy_scoring/mmgbsa_amber/jobs/anc_prors_cat_HIS
|          Hostname: boron

  [-O]verwriting output

File Assignments:
|  MDIN: min.in                                                                
| MDOUT: min.out                                                               
|INPCRD: complex.inpcrd                                                        
|  PARM: complex.prmtop                                                        
|RESTRT: min.rst                                                               
|  REFC: complex.inpcrd                                                        
| MDVEL: mdvel                                                                 
| MDFRC: mdfrc                                                                 
|  MDEN: mden                                                                  
| MDCRD: mdcrd                                                                 
|MDINFO: mdinfo                                                                
|  MTMD: mtmd                                                                  
|INPDIP: inpdip                                                                
|RSTDIP: rstdip                                                                
|INPTRA: inptraj                                                               


 Here is the input file:

Minimize                                                                       
 &cntrl                                                                        
  imin=1,                                                                      
  maxcyc=500,                                                                  
  ncyc=250,                                                                    
  ntb=0,                                                                       
  cut=999.0,                                                                   
  ntr=1,                                                                       
  restraint_wt=10.0,                                                           
  restraintmask='!:LIG & !@H=',                                                
 /                                                                             

--------------------------------------------------------------------------------
   1.  RESOURCE   USE: 
--------------------------------------------------------------------------------

| Flags:                                                                        
|    NONPERIODIC   ntb=0 and igb=0: Setting up nonperiodic simulation
|  *** cutoff > system size, list only builds once
|Largest sphere to fit in unit cell has radius =    59.304
| New format PARM file being parsed.
| Version =    1.000 Date = 12/21/25 Time = 21:58:04
 NATOM  =    8180 NTYPES =      23 NBONH =    4112 MBONA  =    4166
 NTHETH =    9420 MTHETA =    5632 NPHIH =   18728 MPHIA  =   17580
 NHPARM =       0 NPARM  =       0 NNB   =   45475 NRES   =     501
 NBONA  =    4166 NTHETA =    5632 NPHIA =   17580 NUMBND =      77
 NUMANG =     173 NPTRA  =     201 NATYP =      44 NPHB   =       0
 IFBOX  =       0 NMXRS  =      24 IFCAP =       0 NEXTRA =       0
 NCOPY  =       0


|     Memory Use     Allocated
|     Real             1426643
|     Hollerith          25043
|     Integer          1958232
|     Max Pairs       33452110
|     nblistReal         98160
|     nblist Int       9009674
|       Total           185526 kbytes

| Note: 1-4 EEL scale factors are being read from the topology file.

| Note: 1-4 VDW scale factors are being read from the topology file.
| Duplicated    0 dihedrals
| Duplicated    0 dihedrals

--------------------------------------------------------------------------------
   2.  CONTROL  DATA  FOR  THE  RUN
--------------------------------------------------------------------------------

default_name                                                                    

General flags:
     imin    =       1, nmropt  =       0

Nature and format of input:
     ntx     =       1, irest   =       0, ntrx    =       1

Nature and format of output:
     ntxo    =       2, ntpr    =      50, ntrx    =       1, ntwr    =       1
     iwrap   =       0, ntwx    =       0, ntwv    =       0, ntwe    =       0
     ioutfm  =       1, ntwprt  =       0, idecomp =       0, rbornstat=      0

Potential function:
     ntf     =       1, ntb     =       0, igb     =       0, nsnb    =      25
     ipol    =       0, gbsa    =       0, iesp    =       0
     dielc   =   1.00000, cut     = 999.00000, intdiel =   1.00000

Frozen or restrained atoms:
     ibelly  =       0, ntr     =       1
     restraint_wt =  10.00000

Energy minimization:
     maxcyc  =     500, ncyc    =     250, ntmin   =       1
     dx0     =   0.01000, drms    =   0.00010
|  INFO: Old style inpcrd file read


    LOADING THE CONSTRAINED ATOMS AS GROUPS


   5.  REFERENCE ATOM COORDINATES

  defa
     Mask !:LIG & !@H=; matches  4057 atoms

--------------------------------------------------------------------------------
   3.  ATOMIC COORDINATES AND VELOCITIES
--------------------------------------------------------------------------------

default_name                                                                    
 begin time read from input coords =     0.000 ps

 Number of triangulated 3-point waters found:        0

     Sum of charges from parm topology file =   4.99999983

--------------------------------------------------------------------------------
   4.  RESULTS
--------------------------------------------------------------------------------

 ---------------------------------------------------

     eedmeth=4: Setting switch to one everywhere

 ---------------------------------------------------
| Local SIZE OF NONBOND LIST =   33407050
| TOTAL SIZE OF NONBOND LIST =   33407050


   NSTEP       ENERGY          RMS            GMAX         NAME    NUMBER
      1      -7.8918E+03     3.2538E+01     2.9886E+03     O         391

 BOND    =      255.7736  ANGLE   =     1009.2123  DIHED      =     5592.0234
 VDWAALS =    -2789.7200  EEL     =   -37089.6611  HBOND      =        0.0000
 1-4 VDW =     1906.0450  1-4 EEL =    23224.5526  RESTRAINT  =        0.0000


   NSTEP       ENERGY          RMS            GMAX         NAME    NUMBER
     50      -9.9129E+03     1.8550E+00     3.0381E+01     CG       4010

 BOND    =      228.9403  ANGLE   =      903.8422  DIHED      =     5592.5302
 VDWAALS =    -4111.7775  EEL     =   -37542.8160  HBOND      =        0.0000
 1-4 VDW =     1804.9578  1-4 EEL =    23146.9497  RESTRAINT  =       64.5014
 EAMBER  =    -9977.3734


   NSTEP       ENERGY          RMS            GMAX         NAME    NUMBER
    100      -1.0089E+04     1.0908E+00     2.0913E+01     CD        613

 BOND    =      222.6097  ANGLE   =      911.6897  DIHED      =     5603.4808
 VDWAALS =    -4150.0773  EEL     =   -37730.9919  HBOND      =        0.0000
 1-4 VDW =     1785.0122  1-4 EEL =    23161.8758  RESTRAINT  =      107.8749
 EAMBER  =   -10196.4009


   NSTEP       ENERGY          RMS            GMAX         NAME    NUMBER
    150      -1.0172E+04     3.5904E-01     1.3208E+01     HG1      6273

 BOND    =      222.6089  ANGLE   =      918.3822  DIHED      =     5611.7260
 VDWAALS =    -4169.6871  EEL     =   -37835.0884  HBOND      =        0.0000
 1-4 VDW =     1779.3049  1-4 EEL =    23162.9422  RESTRAINT  =      137.6839
 EAMBER  =   -10309.8112


   NSTEP       ENERGY          RMS            GMAX         NAME    NUMBER
    200      -1.0226E+04     9.2311E-01     2.2086E+01     CE1       491

 BOND    =      225.9901  ANGLE   =      923.1102  DIHED      =     5617.0673
 VDWAALS =    -4179.1075  EEL     =   -37909.3860  HBOND      =        0.0000
 1-4 VDW =     1775.6922  1-4 EEL =    23164.0234  RESTRAINT  =      157.1097
 EAMBER  =   -10382.6103


   NSTEP       ENERGY          RMS            GMAX         NAME    NUMBER
    250      -1.0265E+04     5.2742E-01     1.2412E+01     CE1       491

 BOND    =      225.3975  ANGLE   =      924.0502  DIHED      =     5620.4773
 VDWAALS =    -4182.4689  EEL     =   -37962.2878  HBOND      =        0.0000
 1-4 VDW =     1774.1281  1-4 EEL =    23165.7277  RESTRAINT  =      169.9858
 EAMBER  =   -10434.9759


   NSTEP       ENERGY          RMS            GMAX         NAME    NUMBER
    300      -1.0337E+04     1.9909E-01     7.4660E+00     OG1      4074

 BOND    =      226.6699  ANGLE   =      929.3510  DIHED      =     5630.2991
 VDWAALS =    -4195.8065  EEL     =   -38083.1994  HBOND      =        0.0000
 1-4 VDW =     1772.9861  1-4 EEL =    23169.4886  RESTRAINT  =      213.0422
 EAMBER  =   -10550.2113


   NSTEP       ENERGY          RMS            GMAX         NAME    NUMBER
    350      -1.0355E+04     2.2217E-01     8.3751E+00     OG1      4074

 BOND    =      226.8122  ANGLE   =      929.8357  DIHED      =     5631.4163
 VDWAALS =    -4197.6427  EEL     =   -38108.0228  HBOND      =        0.0000
 1-4 VDW =     1773.2835  1-4 EEL =    23170.0640  RESTRAINT  =      218.8340
 EAMBER  =   -10574.2537


   NSTEP       ENERGY          RMS            GMAX         NAME    NUMBER
    400      -1.0376E+04     2.6105E-01     9.6885E+00     OG1      4074

 BOND    =      227.5965  ANGLE   =      928.3241  DIHED      =     5626.5275
 VDWAALS =    -4200.4125  EEL     =   -38124.1031  HBOND      =        0.0000
 1-4 VDW =     1773.0231  1-4 EEL =    23170.3646  RESTRAINT  =      222.3445
 EAMBER  =   -10598.6799


   NSTEP       ENERGY          RMS            GMAX         NAME    NUMBER
    450      -1.0391E+04     1.7065E-01     5.2936E+00     CG       3197

 BOND    =      227.4537  ANGLE   =      926.6247  DIHED      =     5626.3510
 VDWAALS =    -4198.6520  EEL     =   -38140.7440  HBOND      =        0.0000
 1-4 VDW =     1772.4807  1-4 EEL =    23172.7380  RESTRAINT  =      222.8226
 EAMBER  =   -10613.7480


   NSTEP       ENERGY          RMS            GMAX         NAME    NUMBER
    500      -1.0399E+04     1.7632E-01     5.5364E+00     CG       3197

 BOND    =      227.5161  ANGLE   =      926.4756  DIHED      =     5624.8368
 VDWAALS =    -4199.2752  EEL     =   -38148.6523  HBOND      =        0.0000
 1-4 VDW =     1772.4459  1-4 EEL =    23173.0767  RESTRAINT  =      224.6705
 EAMBER  =   -10623.5764


  Maximum number of minimization cycles reached.


                    FINAL RESULTS



   NSTEP       ENERGY          RMS            GMAX         NAME    NUMBER
    500      -1.0399E+04     1.7632E-01     5.5364E+00     CG       3197

 BOND    =      227.5161  ANGLE   =      926.4756  DIHED      =     5624.8368
 VDWAALS =    -4199.2752  EEL     =   -38148.6523  HBOND      =        0.0000
 1-4 VDW =     1772.4459  1-4 EEL =    23173.0767  RESTRAINT  =      224.6705
 EAMBER  =   -10623.5764

--------------------------------------------------------------------------------
   5.  TIMINGS
--------------------------------------------------------------------------------

|                Build the list             0.91 (99.79% of List )
|                Other                      0.00 ( 0.21% of List )
|             List time                  0.91 ( 0.07% of Nonbo)
|                   Short_ene time          1308.94 (100.0% of Direc)
|                Direct Ewald time       1309.00 (100.0% of Ewald)
|                Other                      0.93 ( 0.07% of Ewald)
|             Ewald time              1309.93 (100.0% of Nonbo)
|          Nonbond force           1310.85 (99.37% of Force)
|          Bond/Angle/Dihedral        8.29 ( 0.63% of Force)
|          Other                      0.09 ( 0.01% of Force)
|       Force time              1319.22 (100.0% of Runmd)
|    Runmd Time              1319.22 (99.37% of Total)
|    Other                      8.32 ( 0.63% of Total)
| Total time              1327.55 (100.0% of ALL  )

| Number of list builds   :          1

| Highest rstack allocated:      40860
| Highest istack allocated:       8172
|           Job began  at 21:58:05.312  on 12/21/2025
|           Setup done at 21:58:05.780  on 12/21/2025
|           Run   done at 22:20:12.867  on 12/21/2025
|     wallclock() was called   11535 times

|3D-RISM memory allocation summary
|Type          Maximum        Current   
|Integer       0.00000 GB     0.00000 GB
|Real          0.00000 GB     0.00000 GB
|Logical       0.00000 GB     0.00000 GB
|Character     0.00000 GB     0.00000 GB
|---------------------------------------
|Total         0.00000 GB     0.00000 GB
