
          -------------------------------------------------------
          Amber 22 SANDER                              2022
          -------------------------------------------------------

| Run on 12/21/2025 at 22:06:27

|   Executable path: /home/kiran/miniforge3/envs/amber_mmgbsa/bin/sander
| Working directory: /storage/kiran-stuff/aaRS/phase2/energy_scoring/mmgbsa_amber/jobs/deep_catalytic_trp
|          Hostname: boron

  [-O]verwriting output

File Assignments:
|  MDIN: min.in                                                                
| MDOUT: min.out                                                               
|INPCRD: complex.inpcrd                                                        
|  PARM: complex.prmtop                                                        
|RESTRT: min.rst                                                               
|  REFC: complex.inpcrd                                                        
| MDVEL: mdvel                                                                 
| MDFRC: mdfrc                                                                 
|  MDEN: mden                                                                  
| MDCRD: mdcrd                                                                 
|MDINFO: mdinfo                                                                
|  MTMD: mtmd                                                                  
|INPDIP: inpdip                                                                
|RSTDIP: rstdip                                                                
|INPTRA: inptraj                                                               


 Here is the input file:

Minimize                                                                       
 &cntrl                                                                        
  imin=1,                                                                      
  maxcyc=500,                                                                  
  ncyc=250,                                                                    
  ntb=0,                                                                       
  cut=999.0,                                                                   
  ntr=1,                                                                       
  restraint_wt=10.0,                                                           
  restraintmask='!:LIG & !@H=',                                                
 /                                                                             

--------------------------------------------------------------------------------
   1.  RESOURCE   USE: 
--------------------------------------------------------------------------------

| Flags:                                                                        
|    NONPERIODIC   ntb=0 and igb=0: Setting up nonperiodic simulation
|  *** cutoff > system size, list only builds once
|Largest sphere to fit in unit cell has radius =    62.995
| New format PARM file being parsed.
| Version =    1.000 Date = 12/21/25 Time = 22:06:27
 NATOM  =    8187 NTYPES =      22 NBONH =    4115 MBONA  =    4171
 NTHETH =    9427 MTHETA =    5640 NPHIH =   18738 MPHIA  =   17591
 NHPARM =       0 NPARM  =       0 NNB   =   45518 NRES   =     501
 NBONA  =    4171 NTHETA =    5640 NPHIA =   17591 NUMBND =      74
 NUMANG =     168 NPTRA  =     202 NATYP =      42 NPHB   =       0
 IFBOX  =       0 NMXRS  =      27 IFCAP =       0 NEXTRA =       0
 NCOPY  =       0


|     Memory Use     Allocated
|     Real             1427168
|     Hollerith          25064
|     Integer          1959469
|     Max Pairs       33509391
|     nblistReal         98244
|     nblist Int       8846602
|       Total           185122 kbytes

| Note: 1-4 EEL scale factors are being read from the topology file.

| Note: 1-4 VDW scale factors are being read from the topology file.
| Duplicated    0 dihedrals
| Duplicated    0 dihedrals

--------------------------------------------------------------------------------
   2.  CONTROL  DATA  FOR  THE  RUN
--------------------------------------------------------------------------------

default_name                                                                    

General flags:
     imin    =       1, nmropt  =       0

Nature and format of input:
     ntx     =       1, irest   =       0, ntrx    =       1

Nature and format of output:
     ntxo    =       2, ntpr    =      50, ntrx    =       1, ntwr    =       1
     iwrap   =       0, ntwx    =       0, ntwv    =       0, ntwe    =       0
     ioutfm  =       1, ntwprt  =       0, idecomp =       0, rbornstat=      0

Potential function:
     ntf     =       1, ntb     =       0, igb     =       0, nsnb    =      25
     ipol    =       0, gbsa    =       0, iesp    =       0
     dielc   =   1.00000, cut     = 999.00000, intdiel =   1.00000

Frozen or restrained atoms:
     ibelly  =       0, ntr     =       1
     restraint_wt =  10.00000

Energy minimization:
     maxcyc  =     500, ncyc    =     250, ntmin   =       1
     dx0     =   0.01000, drms    =   0.00010
|  INFO: Old style inpcrd file read


    LOADING THE CONSTRAINED ATOMS AS GROUPS


   5.  REFERENCE ATOM COORDINATES

  defa
     Mask !:LIG & !@H=; matches  4057 atoms

--------------------------------------------------------------------------------
   3.  ATOMIC COORDINATES AND VELOCITIES
--------------------------------------------------------------------------------

default_name                                                                    
 begin time read from input coords =     0.000 ps

 Number of triangulated 3-point waters found:        0

     Sum of charges from parm topology file =   4.99999783

--------------------------------------------------------------------------------
   4.  RESULTS
--------------------------------------------------------------------------------

 ---------------------------------------------------

     eedmeth=4: Setting switch to one everywhere

 ---------------------------------------------------
| Local SIZE OF NONBOND LIST =   33464288
| TOTAL SIZE OF NONBOND LIST =   33464288


   NSTEP       ENERGY          RMS            GMAX         NAME    NUMBER
      1       6.6682E+06     1.3305E+06     9.5082E+07     HE1        88

 BOND    =      284.8512  ANGLE   =      868.2929  DIHED      =     5389.2380
 VDWAALS =  6672147.3507  EEL     =   -36792.8990  HBOND      =        0.0000
 1-4 VDW =     2377.0427  1-4 EEL =    23974.9238  RESTRAINT  =        0.0000


   NSTEP       ENERGY          RMS            GMAX         NAME    NUMBER
     50      -9.1116E+03     1.6343E+00     7.1371E+01     C          53

 BOND    =      179.7516  ANGLE   =      774.4352  DIHED      =     5476.6718
 VDWAALS =    -4037.2804  EEL     =   -37110.2944  HBOND      =        0.0000
 1-4 VDW =     2017.6644  1-4 EEL =    23472.1448  RESTRAINT  =      115.2774
 EAMBER  =    -9226.9070


   NSTEP       ENERGY          RMS            GMAX         NAME    NUMBER
    100      -9.4537E+03     6.4244E-01     2.1999E+01     C          53

 BOND    =      187.0432  ANGLE   =      817.7788  DIHED      =     5501.6334
 VDWAALS =    -4142.3862  EEL     =   -37296.7697  HBOND      =        0.0000
 1-4 VDW =     1911.3874  1-4 EEL =    23341.8285  RESTRAINT  =      225.8200
 EAMBER  =    -9679.4844


   NSTEP       ENERGY          RMS            GMAX         NAME    NUMBER
    150      -9.5714E+03     3.0573E-01     7.9233E+00     HG1      6273

 BOND    =      191.6839  ANGLE   =      835.3764  DIHED      =     5511.0814
 VDWAALS =    -4175.7097  EEL     =   -37401.8079  HBOND      =        0.0000
 1-4 VDW =     1878.3165  1-4 EEL =    23298.1135  RESTRAINT  =      291.5123
 EAMBER  =    -9862.9459


   NSTEP       ENERGY          RMS            GMAX         NAME    NUMBER
    200      -9.6344E+03     1.0331E+00     7.9690E+01     CD       3923

 BOND    =      199.1528  ANGLE   =      845.1956  DIHED      =     5516.1733
 VDWAALS =    -4193.4766  EEL     =   -37478.4164  HBOND      =        0.0000
 1-4 VDW =     1864.1926  1-4 EEL =    23278.8568  RESTRAINT  =      333.8953
 EAMBER  =    -9968.3220


   NSTEP       ENERGY          RMS            GMAX         NAME    NUMBER
    250      -9.6806E+03     5.8702E-01     2.9636E+01     CD       3923

 BOND    =      195.6431  ANGLE   =      852.2035  DIHED      =     5519.1963
 VDWAALS =    -4204.3395  EEL     =   -37532.3230  HBOND      =        0.0000
 1-4 VDW =     1857.3603  1-4 EEL =    23270.7520  RESTRAINT  =      360.9240
 EAMBER  =   -10041.5073


   NSTEP       ENERGY          RMS            GMAX         NAME    NUMBER
    300      -9.7721E+03     3.4186E-01     1.5324E+01     CB       2663

 BOND    =      198.9165  ANGLE   =      864.1857  DIHED      =     5532.1588
 VDWAALS =    -4227.2548  EEL     =   -37685.0131  HBOND      =        0.0000
 1-4 VDW =     1850.5307  1-4 EEL =    23256.9391  RESTRAINT  =      437.4678
 EAMBER  =   -10209.5372


   NSTEP       ENERGY          RMS            GMAX         NAME    NUMBER
    350      -9.8034E+03     3.6193E-01     1.2504E+01     CB       2663

 BOND    =      199.6818  ANGLE   =      864.8873  DIHED      =     5532.6716
 VDWAALS =    -4233.3100  EEL     =   -37726.7202  HBOND      =        0.0000
 1-4 VDW =     1849.9820  1-4 EEL =    23255.3187  RESTRAINT  =      454.0808
 EAMBER  =   -10257.4887


   NSTEP       ENERGY          RMS            GMAX         NAME    NUMBER
    400      -9.8288E+03     4.3445E-01     1.6059E+01     HG       2667

 BOND    =      200.2500  ANGLE   =      865.4617  DIHED      =     5531.1042
 VDWAALS =    -4235.7286  EEL     =   -37760.8998  HBOND      =        0.0000
 1-4 VDW =     1849.1801  1-4 EEL =    23253.2852  RESTRAINT  =      468.5856
 EAMBER  =   -10297.3472


   NSTEP       ENERGY          RMS            GMAX         NAME    NUMBER
    450      -9.8616E+03     1.7458E-01     5.7478E+00     CD       1493

 BOND    =      199.3818  ANGLE   =      862.4185  DIHED      =     5528.1456
 VDWAALS =    -4234.0443  EEL     =   -37791.8041  HBOND      =        0.0000
 1-4 VDW =     1849.6595  1-4 EEL =    23254.6720  RESTRAINT  =      469.9493
 EAMBER  =   -10331.5710


   NSTEP       ENERGY          RMS            GMAX         NAME    NUMBER
    500      -9.8709E+03     2.1684E-01     1.0897E+01     CD       1493

 BOND    =      199.6275  ANGLE   =      861.9105  DIHED      =     5527.2620
 VDWAALS =    -4234.2308  EEL     =   -37803.0775  HBOND      =        0.0000
 1-4 VDW =     1849.8973  1-4 EEL =    23254.4728  RESTRAINT  =      473.2500
 EAMBER  =   -10344.1382


  Maximum number of minimization cycles reached.


                    FINAL RESULTS



   NSTEP       ENERGY          RMS            GMAX         NAME    NUMBER
    500      -9.8709E+03     2.1684E-01     1.0897E+01     CD       1493

 BOND    =      199.6275  ANGLE   =      861.9105  DIHED      =     5527.2620
 VDWAALS =    -4234.2308  EEL     =   -37803.0775  HBOND      =        0.0000
 1-4 VDW =     1849.8973  1-4 EEL =    23254.4728  RESTRAINT  =      473.2500
 EAMBER  =   -10344.1382

--------------------------------------------------------------------------------
   5.  TIMINGS
--------------------------------------------------------------------------------

|                Build the list             1.28 (99.84% of List )
|                Other                      0.00 ( 0.16% of List )
|             List time                  1.28 ( 0.10% of Nonbo)
|                   Short_ene time          1229.07 (100.0% of Direc)
|                Direct Ewald time       1229.13 (100.0% of Ewald)
|                Other                      0.79 ( 0.06% of Ewald)
|             Ewald time              1229.91 (99.90% of Nonbo)
|          Nonbond force           1231.19 (99.37% of Force)
|          Bond/Angle/Dihedral        7.67 ( 0.62% of Force)
|          Other                      0.08 ( 0.01% of Force)
|       Force time              1238.94 (100.0% of Runmd)
|    Runmd Time              1238.94 (99.45% of Total)
|    Other                      6.79 ( 0.55% of Total)
| Total time              1245.76 (100.0% of ALL  )

| Number of list builds   :          1

| Highest rstack allocated:      40900
| Highest istack allocated:       8180
|           Job began  at 22:06:27.789  on 12/21/2025
|           Setup done at 22:06:28.348  on 12/21/2025
|           Run   done at 22:27:13.549  on 12/21/2025
|     wallclock() was called   11535 times

|3D-RISM memory allocation summary
|Type          Maximum        Current   
|Integer       0.00000 GB     0.00000 GB
|Real          0.00000 GB     0.00000 GB
|Logical       0.00000 GB     0.00000 GB
|Character     0.00000 GB     0.00000 GB
|---------------------------------------
|Total         0.00000 GB     0.00000 GB
