
          -------------------------------------------------------
          Amber 22 SANDER                              2022
          -------------------------------------------------------

| Run on 12/21/2025 at 22:38:53

|   Executable path: /home/kiran/miniforge3/envs/amber_mmgbsa/bin/sander
| Working directory: /storage/kiran-stuff/aaRS/phase2/energy_scoring/mmgbsa_amber/jobs/modern_thrrs_ecoli_zn_SER
|          Hostname: boron

  [-O]verwriting output

File Assignments:
|  MDIN: min.in                                                                
| MDOUT: min.out                                                               
|INPCRD: complex.inpcrd                                                        
|  PARM: complex.prmtop                                                        
|RESTRT: min.rst                                                               
|  REFC: complex.inpcrd                                                        
| MDVEL: mdvel                                                                 
| MDFRC: mdfrc                                                                 
|  MDEN: mden                                                                  
| MDCRD: mdcrd                                                                 
|MDINFO: mdinfo                                                                
|  MTMD: mtmd                                                                  
|INPDIP: inpdip                                                                
|RSTDIP: rstdip                                                                
|INPTRA: inptraj                                                               


 Here is the input file:

Minimize                                                                       
 &cntrl                                                                        
  imin=1,                                                                      
  maxcyc=500,                                                                  
  ncyc=250,                                                                    
  ntb=0,                                                                       
  cut=999.0,                                                                   
  ntr=1,                                                                       
  restraint_wt=10.0,                                                           
  restraintmask='!:LIG & !@H=',                                                
 /                                                                             

--------------------------------------------------------------------------------
   1.  RESOURCE   USE: 
--------------------------------------------------------------------------------

| Flags:                                                                        
|    NONPERIODIC   ntb=0 and igb=0: Setting up nonperiodic simulation
|  *** cutoff > system size, list only builds once
|Largest sphere to fit in unit cell has radius =    55.737
| New format PARM file being parsed.
| Version =    1.000 Date = 12/21/25 Time = 22:38:53
 NATOM  =    6505 NTYPES =      21 NBONH =    3219 MBONA  =    3355
 NTHETH =    7324 MTHETA =    4517 NPHIH =   14873 MPHIA  =   14159
 NHPARM =       0 NPARM  =       0 NNB   =   35816 NRES   =     403
 NBONA  =    3355 NTHETA =    4517 NPHIA =   14159 NUMBND =      72
 NUMANG =     164 NPTRA  =     195 NATYP =      41 NPHB   =       0
 IFBOX  =       0 NMXRS  =      26 IFCAP =       0 NEXTRA =       0
 NCOPY  =       0


|     Memory Use     Allocated
|     Real             1288826
|     Hollerith          19920
|     Integer          1565239
|     Max Pairs       21154260
|     nblistReal         78060
|     nblist Int       6411653
|       Total           124550 kbytes

| Note: 1-4 EEL scale factors are being read from the topology file.

| Note: 1-4 VDW scale factors are being read from the topology file.
| Duplicated    0 dihedrals
| Duplicated    0 dihedrals

--------------------------------------------------------------------------------
   2.  CONTROL  DATA  FOR  THE  RUN
--------------------------------------------------------------------------------

default_name                                                                    

General flags:
     imin    =       1, nmropt  =       0

Nature and format of input:
     ntx     =       1, irest   =       0, ntrx    =       1

Nature and format of output:
     ntxo    =       2, ntpr    =      50, ntrx    =       1, ntwr    =       1
     iwrap   =       0, ntwx    =       0, ntwv    =       0, ntwe    =       0
     ioutfm  =       1, ntwprt  =       0, idecomp =       0, rbornstat=      0

Potential function:
     ntf     =       1, ntb     =       0, igb     =       0, nsnb    =      25
     ipol    =       0, gbsa    =       0, iesp    =       0
     dielc   =   1.00000, cut     = 999.00000, intdiel =   1.00000

Frozen or restrained atoms:
     ibelly  =       0, ntr     =       1
     restraint_wt =  10.00000

Energy minimization:
     maxcyc  =     500, ncyc    =     250, ntmin   =       1
     dx0     =   0.01000, drms    =   0.00010
|  INFO: Old style inpcrd file read


    LOADING THE CONSTRAINED ATOMS AS GROUPS


   5.  REFERENCE ATOM COORDINATES

  defa
     Mask !:LIG & !@H=; matches  3279 atoms

--------------------------------------------------------------------------------
   3.  ATOMIC COORDINATES AND VELOCITIES
--------------------------------------------------------------------------------

default_name                                                                    
 begin time read from input coords =     0.000 ps

 Number of triangulated 3-point waters found:        0

     Sum of charges from parm topology file =  -6.00000118

--------------------------------------------------------------------------------
   4.  RESULTS
--------------------------------------------------------------------------------

 ---------------------------------------------------

     eedmeth=4: Setting switch to one everywhere

 ---------------------------------------------------
| Local SIZE OF NONBOND LIST =   21118790
| TOTAL SIZE OF NONBOND LIST =   21118790


   NSTEP       ENERGY          RMS            GMAX         NAME    NUMBER
      1      -8.8858E+03     1.0846E+01     5.1005E+02     HE2      2349

 BOND    =      137.7841  ANGLE   =      739.9049  DIHED      =     4371.0259
 VDWAALS =    -2893.7759  EEL     =   -28031.6134  HBOND      =        0.0000
 1-4 VDW =     1843.6846  1-4 EEL =    14947.2112  RESTRAINT  =        0.0000


   NSTEP       ENERGY          RMS            GMAX         NAME    NUMBER
     50      -1.0547E+04     2.1231E+00     6.6211E+01     CD       5530

 BOND    =      181.7976  ANGLE   =      672.7628  DIHED      =     4462.6450
 VDWAALS =    -3445.5842  EEL     =   -28494.5162  HBOND      =        0.0000
 1-4 VDW =     1522.6983  1-4 EEL =    14462.2667  RESTRAINT  =       91.1782
 EAMBER  =   -10637.9300


   NSTEP       ENERGY          RMS            GMAX         NAME    NUMBER
    100      -1.0771E+04     1.1936E+00     5.3074E+01     CD2      2350

 BOND    =      180.9824  ANGLE   =      694.9069  DIHED      =     4500.1648
 VDWAALS =    -3489.6162  EEL     =   -28667.8222  HBOND      =        0.0000
 1-4 VDW =     1469.3258  1-4 EEL =    14391.2071  RESTRAINT  =      150.3173
 EAMBER  =   -10920.8513


   NSTEP       ENERGY          RMS            GMAX         NAME    NUMBER
    150      -1.0888E+04     3.5132E-01     1.3316E+01     HG1      2754

 BOND    =      184.6875  ANGLE   =      705.0456  DIHED      =     4509.7747
 VDWAALS =    -3510.6110  EEL     =   -28783.1363  HBOND      =        0.0000
 1-4 VDW =     1450.5361  1-4 EEL =    14367.6938  RESTRAINT  =      188.1349
 EAMBER  =   -11076.0096


   NSTEP       ENERGY          RMS            GMAX         NAME    NUMBER
    200      -1.0953E+04     1.1540E+00     7.3873E+01     CD       5530

 BOND    =      189.8509  ANGLE   =      709.3442  DIHED      =     4511.9095
 VDWAALS =    -3521.1980  EEL     =   -28857.5298  HBOND      =        0.0000
 1-4 VDW =     1442.4720  1-4 EEL =    14361.0437  RESTRAINT  =      211.1530
 EAMBER  =   -11164.1075


   NSTEP       ENERGY          RMS            GMAX         NAME    NUMBER
    250      -1.0994E+04     6.1128E-01     1.5862E+01     CD       5530

 BOND    =      190.0588  ANGLE   =      707.3163  DIHED      =     4515.0788
 VDWAALS =    -3528.4990  EEL     =   -28904.4053  HBOND      =        0.0000
 1-4 VDW =     1439.4168  1-4 EEL =    14360.1201  RESTRAINT  =      226.9773
 EAMBER  =   -11220.9135


   NSTEP       ENERGY          RMS            GMAX         NAME    NUMBER
    300      -1.1088E+04     3.4523E-01     1.5204E+01     CG       5670

 BOND    =      192.0616  ANGLE   =      711.9639  DIHED      =     4515.9560
 VDWAALS =    -3545.2047  EEL     =   -29034.7400  HBOND      =        0.0000
 1-4 VDW =     1436.6388  1-4 EEL =    14355.4365  RESTRAINT  =      280.2844
 EAMBER  =   -11367.8879


   NSTEP       ENERGY          RMS            GMAX         NAME    NUMBER
    350      -1.1111E+04     3.4537E-01     1.4132E+01     CG       5670

 BOND    =      192.5719  ANGLE   =      715.0033  DIHED      =     4511.9050
 VDWAALS =    -3548.5115  EEL     =   -29075.4667  HBOND      =        0.0000
 1-4 VDW =     1437.9313  1-4 EEL =    14355.8069  RESTRAINT  =      299.8180
 EAMBER  =   -11410.7598


   NSTEP       ENERGY          RMS            GMAX         NAME    NUMBER
    400      -1.1148E+04     2.0924E-01     7.9271E+00     CZ       5675

 BOND    =      190.7144  ANGLE   =      721.8605  DIHED      =     4507.3351
 VDWAALS =    -3540.2278  EEL     =   -29149.2612  HBOND      =        0.0000
 1-4 VDW =     1437.6873  1-4 EEL =    14356.7649  RESTRAINT  =      327.1749
 EAMBER  =   -11475.1269


   NSTEP       ENERGY          RMS            GMAX         NAME    NUMBER
    450      -1.1160E+04     1.9153E-01     8.1300E+00     CE1      5673

 BOND    =      190.9785  ANGLE   =      722.3346  DIHED      =     4505.7041
 VDWAALS =    -3539.7302  EEL     =   -29164.1202  HBOND      =        0.0000
 1-4 VDW =     1437.6568  1-4 EEL =    14355.8231  RESTRAINT  =      331.6392
 EAMBER  =   -11491.3533


   NSTEP       ENERGY          RMS            GMAX         NAME    NUMBER
    500      -1.1164E+04     1.0173E-01     4.2596E+00     CZ       5675

 BOND    =      190.9280  ANGLE   =      722.0971  DIHED      =     4506.0679
 VDWAALS =    -3539.8859  EEL     =   -29170.4608  HBOND      =        0.0000
 1-4 VDW =     1437.7517  1-4 EEL =    14355.6216  RESTRAINT  =      333.7511
 EAMBER  =   -11497.8805


  Maximum number of minimization cycles reached.


                    FINAL RESULTS



   NSTEP       ENERGY          RMS            GMAX         NAME    NUMBER
    500      -1.1164E+04     1.0173E-01     4.2596E+00     CZ       5675

 BOND    =      190.9280  ANGLE   =      722.0971  DIHED      =     4506.0679
 VDWAALS =    -3539.8859  EEL     =   -29170.4608  HBOND      =        0.0000
 1-4 VDW =     1437.7517  1-4 EEL =    14355.6216  RESTRAINT  =      333.7511
 EAMBER  =   -11497.8805

--------------------------------------------------------------------------------
   5.  TIMINGS
--------------------------------------------------------------------------------

|                Build the list             0.61 (99.71% of List )
|                Other                      0.00 ( 0.29% of List )
|             List time                  0.61 ( 0.08% of Nonbo)
|                   Short_ene time           726.91 (100.0% of Direc)
|                   Other                      0.04 ( 0.01% of Direc)
|                Direct Ewald time        726.95 (100.0% of Ewald)
|                Other                      0.55 ( 0.08% of Ewald)
|             Ewald time               727.50 (100.0% of Nonbo)
|          Nonbond force            728.11 (99.18% of Force)
|          Bond/Angle/Dihedral        5.94 ( 0.81% of Force)
|          Other                      0.05 ( 0.01% of Force)
|       Force time               734.10 (100.0% of Runmd)
|    Runmd Time               734.10 (99.14% of Total)
|    Other                      6.35 ( 0.86% of Total)
| Total time               740.46 (100.0% of ALL  )

| Number of list builds   :          1

| Highest rstack allocated:      32475
| Highest istack allocated:       6495
|           Job began  at 22:38:53.818  on 12/21/2025
|           Setup done at 22:38:54.204  on 12/21/2025
|           Run   done at 22:51:14.281  on 12/21/2025
|     wallclock() was called   11535 times

|3D-RISM memory allocation summary
|Type          Maximum        Current   
|Integer       0.00000 GB     0.00000 GB
|Real          0.00000 GB     0.00000 GB
|Logical       0.00000 GB     0.00000 GB
|Character     0.00000 GB     0.00000 GB
|---------------------------------------
|Total         0.00000 GB     0.00000 GB
