
          -------------------------------------------------------
          Amber 22 SANDER                              2022
          -------------------------------------------------------

| Run on 12/21/2025 at 21:58:05

|   Executable path: /home/kiran/miniforge3/envs/amber_mmgbsa/bin/sander
| Working directory: /storage/kiran-stuff/aaRS/phase2/energy_scoring/mmgbsa_amber/jobs/anc_prors_cat_SER
|          Hostname: boron

  [-O]verwriting output

File Assignments:
|  MDIN: min.in                                                                
| MDOUT: min.out                                                               
|INPCRD: complex.inpcrd                                                        
|  PARM: complex.prmtop                                                        
|RESTRT: min.rst                                                               
|  REFC: complex.inpcrd                                                        
| MDVEL: mdvel                                                                 
| MDFRC: mdfrc                                                                 
|  MDEN: mden                                                                  
| MDCRD: mdcrd                                                                 
|MDINFO: mdinfo                                                                
|  MTMD: mtmd                                                                  
|INPDIP: inpdip                                                                
|RSTDIP: rstdip                                                                
|INPTRA: inptraj                                                               


 Here is the input file:

Minimize                                                                       
 &cntrl                                                                        
  imin=1,                                                                      
  maxcyc=500,                                                                  
  ncyc=250,                                                                    
  ntb=0,                                                                       
  cut=999.0,                                                                   
  ntr=1,                                                                       
  restraint_wt=10.0,                                                           
  restraintmask='!:LIG & !@H=',                                                
 /                                                                             

--------------------------------------------------------------------------------
   1.  RESOURCE   USE: 
--------------------------------------------------------------------------------

| Flags:                                                                        
|    NONPERIODIC   ntb=0 and igb=0: Setting up nonperiodic simulation
|  *** cutoff > system size, list only builds once
|Largest sphere to fit in unit cell has radius =    59.328
| New format PARM file being parsed.
| Version =    1.000 Date = 12/21/25 Time = 21:58:04
 NATOM  =    8174 NTYPES =      20 NBONH =    4110 MBONA  =    4161
 NTHETH =    9415 MTHETA =    5625 NPHIH =   18719 MPHIA  =   17569
 NHPARM =       0 NPARM  =       0 NNB   =   45440 NRES   =     501
 NBONA  =    4161 NTHETA =    5625 NPHIA =   17569 NUMBND =      72
 NUMANG =     164 NPTRA  =     195 NATYP =      40 NPHB   =       0
 IFBOX  =       0 NMXRS  =      24 IFCAP =       0 NEXTRA =       0
 NCOPY  =       0


|     Memory Use     Allocated
|     Real             1426014
|     Hollerith          25025
|     Integer          1956936
|     Max Pairs       33403051
|     nblistReal         98088
|     nblist Int       9009427
|       Total           185322 kbytes

| Note: 1-4 EEL scale factors are being read from the topology file.

| Note: 1-4 VDW scale factors are being read from the topology file.
| Duplicated    0 dihedrals
| Duplicated    0 dihedrals

--------------------------------------------------------------------------------
   2.  CONTROL  DATA  FOR  THE  RUN
--------------------------------------------------------------------------------

default_name                                                                    

General flags:
     imin    =       1, nmropt  =       0

Nature and format of input:
     ntx     =       1, irest   =       0, ntrx    =       1

Nature and format of output:
     ntxo    =       2, ntpr    =      50, ntrx    =       1, ntwr    =       1
     iwrap   =       0, ntwx    =       0, ntwv    =       0, ntwe    =       0
     ioutfm  =       1, ntwprt  =       0, idecomp =       0, rbornstat=      0

Potential function:
     ntf     =       1, ntb     =       0, igb     =       0, nsnb    =      25
     ipol    =       0, gbsa    =       0, iesp    =       0
     dielc   =   1.00000, cut     = 999.00000, intdiel =   1.00000

Frozen or restrained atoms:
     ibelly  =       0, ntr     =       1
     restraint_wt =  10.00000

Energy minimization:
     maxcyc  =     500, ncyc    =     250, ntmin   =       1
     dx0     =   0.01000, drms    =   0.00010
|  INFO: Old style inpcrd file read


    LOADING THE CONSTRAINED ATOMS AS GROUPS


   5.  REFERENCE ATOM COORDINATES

  defa
     Mask !:LIG & !@H=; matches  4057 atoms

--------------------------------------------------------------------------------
   3.  ATOMIC COORDINATES AND VELOCITIES
--------------------------------------------------------------------------------

default_name                                                                    
 begin time read from input coords =     0.000 ps

 Number of triangulated 3-point waters found:        0

     Sum of charges from parm topology file =   4.99999883

--------------------------------------------------------------------------------
   4.  RESULTS
--------------------------------------------------------------------------------

 ---------------------------------------------------

     eedmeth=4: Setting switch to one everywhere

 ---------------------------------------------------
| Local SIZE OF NONBOND LIST =   33358024
| TOTAL SIZE OF NONBOND LIST =   33358024


   NSTEP       ENERGY          RMS            GMAX         NAME    NUMBER
      1      -7.7838E+03     3.5083E+01     3.2845E+03     O         391

 BOND    =      225.3146  ANGLE   =      977.7730  DIHED      =     5580.5993
 VDWAALS =    -2631.2740  EEL     =   -37061.8741  HBOND      =        0.0000
 1-4 VDW =     1906.0698  1-4 EEL =    23219.5751  RESTRAINT  =        0.0000


   NSTEP       ENERGY          RMS            GMAX         NAME    NUMBER
     50      -9.8648E+03     1.8178E+00     3.8015E+01     CG       4010

 BOND    =      227.5347  ANGLE   =      893.1452  DIHED      =     5581.5395
 VDWAALS =    -4093.6994  EEL     =   -37491.3860  HBOND      =        0.0000
 1-4 VDW =     1806.8450  1-4 EEL =    23144.8552  RESTRAINT  =       66.3542
 EAMBER  =    -9931.1657


   NSTEP       ENERGY          RMS            GMAX         NAME    NUMBER
    100      -1.0034E+04     1.0808E+00     2.2658E+01     CD        613

 BOND    =      221.9048  ANGLE   =      906.7711  DIHED      =     5592.3175
 VDWAALS =    -4135.7350  EEL     =   -37677.1734  HBOND      =        0.0000
 1-4 VDW =     1785.9820  1-4 EEL =    23159.6602  RESTRAINT  =      112.0068
 EAMBER  =   -10146.2728


   NSTEP       ENERGY          RMS            GMAX         NAME    NUMBER
    150      -1.0115E+04     4.2105E-01     1.3302E+01     HG1      6273

 BOND    =      222.1164  ANGLE   =      915.1530  DIHED      =     5600.7410
 VDWAALS =    -4156.9858  EEL     =   -37778.6720  HBOND      =        0.0000
 1-4 VDW =     1780.2285  1-4 EEL =    23158.7598  RESTRAINT  =      143.4101
 EAMBER  =   -10258.6591


   NSTEP       ENERGY          RMS            GMAX         NAME    NUMBER
    200      -1.0171E+04     9.0046E-01     2.0968E+01     CD1      7124

 BOND    =      225.1390  ANGLE   =      921.0029  DIHED      =     5605.9278
 VDWAALS =    -4167.1694  EEL     =   -37856.0085  HBOND      =        0.0000
 1-4 VDW =     1776.0102  1-4 EEL =    23159.1518  RESTRAINT  =      164.4591
 EAMBER  =   -10335.9463


   NSTEP       ENERGY          RMS            GMAX         NAME    NUMBER
    250      -1.0213E+04     6.0232E-01     2.5403E+01     CD       1165

 BOND    =      224.8733  ANGLE   =      922.6467  DIHED      =     5608.6046
 VDWAALS =    -4171.2869  EEL     =   -37911.2096  HBOND      =        0.0000
 1-4 VDW =     1774.2157  1-4 EEL =    23160.8823  RESTRAINT  =      178.0608
 EAMBER  =   -10391.2739


   NSTEP       ENERGY          RMS            GMAX         NAME    NUMBER
    300      -1.0292E+04     6.9656E-01     3.6903E+01     CG       2637

 BOND    =      228.0546  ANGLE   =      928.9202  DIHED      =     5616.9055
 VDWAALS =    -4183.2150  EEL     =   -38040.7031  HBOND      =        0.0000
 1-4 VDW =     1773.2186  1-4 EEL =    23167.0976  RESTRAINT  =      218.0359
 EAMBER  =   -10509.7216


   NSTEP       ENERGY          RMS            GMAX         NAME    NUMBER
    350      -1.0317E+04     3.0632E-01     7.3128E+00     OH       7234

 BOND    =      226.4664  ANGLE   =      927.6645  DIHED      =     5617.0622
 VDWAALS =    -4186.1756  EEL     =   -38067.1846  HBOND      =        0.0000
 1-4 VDW =     1773.5637  1-4 EEL =    23167.0588  RESTRAINT  =      224.9135
 EAMBER  =   -10541.5445


   NSTEP       ENERGY          RMS            GMAX         NAME    NUMBER
    400      -1.0335E+04     2.5053E-01     6.7220E+00     HH       7559

 BOND    =      226.6743  ANGLE   =      926.8611  DIHED      =     5613.8700
 VDWAALS =    -4189.2216  EEL     =   -38084.1300  HBOND      =        0.0000
 1-4 VDW =     1773.8340  1-4 EEL =    23167.1685  RESTRAINT  =      229.7887
 EAMBER  =   -10564.9438


   NSTEP       ENERGY          RMS            GMAX         NAME    NUMBER
    450      -1.0350E+04     2.4514E-01     7.1101E+00     C        8163

 BOND    =      226.8632  ANGLE   =      926.0876  DIHED      =     5613.1685
 VDWAALS =    -4189.9271  EEL     =   -38099.8839  HBOND      =        0.0000
 1-4 VDW =     1773.9650  1-4 EEL =    23167.8433  RESTRAINT  =      231.7800
 EAMBER  =   -10581.8834


   NSTEP       ENERGY          RMS            GMAX         NAME    NUMBER
    500      -1.0369E+04     2.5162E-01     9.1162E+00     HH       1456

 BOND    =      226.7577  ANGLE   =      926.6393  DIHED      =     5609.1527
 VDWAALS =    -4189.0315  EEL     =   -38118.8940  HBOND      =        0.0000
 1-4 VDW =     1774.1613  1-4 EEL =    23168.4292  RESTRAINT  =      233.4665
 EAMBER  =   -10602.7853


  Maximum number of minimization cycles reached.


                    FINAL RESULTS



   NSTEP       ENERGY          RMS            GMAX         NAME    NUMBER
    500      -1.0369E+04     2.5162E-01     9.1162E+00     HH       1456

 BOND    =      226.7577  ANGLE   =      926.6393  DIHED      =     5609.1527
 VDWAALS =    -4189.0315  EEL     =   -38118.8940  HBOND      =        0.0000
 1-4 VDW =     1774.1613  1-4 EEL =    23168.4292  RESTRAINT  =      233.4665
 EAMBER  =   -10602.7853

--------------------------------------------------------------------------------
   5.  TIMINGS
--------------------------------------------------------------------------------

|                Build the list             0.87 (99.78% of List )
|                Other                      0.00 ( 0.22% of List )
|             List time                  0.87 ( 0.07% of Nonbo)
|                   Short_ene time          1309.26 (100.0% of Direc)
|                Direct Ewald time       1309.32 (100.0% of Ewald)
|                Other                      0.96 ( 0.07% of Ewald)
|             Ewald time              1310.27 (100.0% of Nonbo)
|          Nonbond force           1311.14 (99.36% of Force)
|          Bond/Angle/Dihedral        8.32 ( 0.63% of Force)
|          Other                      0.08 ( 0.01% of Force)
|       Force time              1319.54 (100.0% of Runmd)
|    Runmd Time              1319.54 (99.31% of Total)
|    Other                      9.16 ( 0.69% of Total)
| Total time              1328.71 (100.0% of ALL  )

| Number of list builds   :          1

| Highest rstack allocated:      40830
| Highest istack allocated:       8166
|           Job began  at 21:58:05.182  on 12/21/2025
|           Setup done at 21:58:05.738  on 12/21/2025
|           Run   done at 22:20:13.897  on 12/21/2025
|     wallclock() was called   11535 times

|3D-RISM memory allocation summary
|Type          Maximum        Current   
|Integer       0.00000 GB     0.00000 GB
|Real          0.00000 GB     0.00000 GB
|Logical       0.00000 GB     0.00000 GB
|Character     0.00000 GB     0.00000 GB
|---------------------------------------
|Total         0.00000 GB     0.00000 GB
