
          -------------------------------------------------------
          Amber 22 SANDER                              2022
          -------------------------------------------------------

| Run on 12/21/2025 at 22:41:48

|   Executable path: /home/kiran/miniforge3/envs/amber_mmgbsa/bin/sander
| Working directory: /storage/kiran-stuff/aaRS/phase2/energy_scoring/mmgbsa_amber/jobs/shallow_domain_pro
|          Hostname: boron

  [-O]verwriting output

File Assignments:
|  MDIN: min.in                                                                
| MDOUT: min.out                                                               
|INPCRD: complex.inpcrd                                                        
|  PARM: complex.prmtop                                                        
|RESTRT: min.rst                                                               
|  REFC: complex.inpcrd                                                        
| MDVEL: mdvel                                                                 
| MDFRC: mdfrc                                                                 
|  MDEN: mden                                                                  
| MDCRD: mdcrd                                                                 
|MDINFO: mdinfo                                                                
|  MTMD: mtmd                                                                  
|INPDIP: inpdip                                                                
|RSTDIP: rstdip                                                                
|INPTRA: inptraj                                                               


 Here is the input file:

Minimize                                                                       
 &cntrl                                                                        
  imin=1,                                                                      
  maxcyc=500,                                                                  
  ncyc=250,                                                                    
  ntb=0,                                                                       
  cut=999.0,                                                                   
  ntr=1,                                                                       
  restraint_wt=10.0,                                                           
  restraintmask='!:LIG & !@H=',                                                
 /                                                                             

--------------------------------------------------------------------------------
   1.  RESOURCE   USE: 
--------------------------------------------------------------------------------

| Flags:                                                                        
|    NONPERIODIC   ntb=0 and igb=0: Setting up nonperiodic simulation
|  *** cutoff > system size, list only builds once
|Largest sphere to fit in unit cell has radius =    51.719
| New format PARM file being parsed.
| Version =    1.000 Date = 12/21/25 Time = 22:41:48
 NATOM  =    8128 NTYPES =      21 NBONH =    4054 MBONA  =    4172
 NTHETH =    9282 MTHETA =    5637 NPHIH =   18564 MPHIA  =   17758
 NHPARM =       0 NPARM  =       0 NNB   =   45080 NRES   =     501
 NBONA  =    4172 NTHETA =    5637 NPHIA =   17758 NUMBND =      74
 NUMANG =     168 NPTRA  =     194 NATYP =      42 NPHB   =       0
 IFBOX  =       0 NMXRS  =      24 IFCAP =       0 NEXTRA =       0
 NCOPY  =       0


|     Memory Use     Allocated
|     Real             1422513
|     Hollerith          24887
|     Integer          1955088
|     Max Pairs       33028128
|     nblistReal         97536
|     nblist Int       7207307
|       Total           176779 kbytes

| Note: 1-4 EEL scale factors are being read from the topology file.

| Note: 1-4 VDW scale factors are being read from the topology file.
| Duplicated    0 dihedrals
| Duplicated    0 dihedrals

--------------------------------------------------------------------------------
   2.  CONTROL  DATA  FOR  THE  RUN
--------------------------------------------------------------------------------

default_name                                                                    

General flags:
     imin    =       1, nmropt  =       0

Nature and format of input:
     ntx     =       1, irest   =       0, ntrx    =       1

Nature and format of output:
     ntxo    =       2, ntpr    =      50, ntrx    =       1, ntwr    =       1
     iwrap   =       0, ntwx    =       0, ntwv    =       0, ntwe    =       0
     ioutfm  =       1, ntwprt  =       0, idecomp =       0, rbornstat=      0

Potential function:
     ntf     =       1, ntb     =       0, igb     =       0, nsnb    =      25
     ipol    =       0, gbsa    =       0, iesp    =       0
     dielc   =   1.00000, cut     = 999.00000, intdiel =   1.00000

Frozen or restrained atoms:
     ibelly  =       0, ntr     =       1
     restraint_wt =  10.00000

Energy minimization:
     maxcyc  =     500, ncyc    =     250, ntmin   =       1
     dx0     =   0.01000, drms    =   0.00010
|  INFO: Old style inpcrd file read


    LOADING THE CONSTRAINED ATOMS AS GROUPS


   5.  REFERENCE ATOM COORDINATES

  defa
     Mask !:LIG & !@H=; matches  4066 atoms

--------------------------------------------------------------------------------
   3.  ATOMIC COORDINATES AND VELOCITIES
--------------------------------------------------------------------------------

default_name                                                                    
 begin time read from input coords =     0.000 ps

 Number of triangulated 3-point waters found:        0

     Sum of charges from parm topology file =  -0.00000018
     Forcing neutrality...

--------------------------------------------------------------------------------
   4.  RESULTS
--------------------------------------------------------------------------------

 ---------------------------------------------------

     eedmeth=4: Setting switch to one everywhere

 ---------------------------------------------------
| Local SIZE OF NONBOND LIST =   32983470
| TOTAL SIZE OF NONBOND LIST =   32983470


   NSTEP       ENERGY          RMS            GMAX         NAME    NUMBER
      1      -7.9596E+03     3.7922E+01     3.4694E+03     OH       3084

 BOND    =      211.4241  ANGLE   =      935.6879  DIHED      =     5650.8257
 VDWAALS =    -2717.1348  EEL     =   -37318.0960  HBOND      =        0.0000
 1-4 VDW =     2030.6260  1-4 EEL =    23247.0507  RESTRAINT  =        0.0000


   NSTEP       ENERGY          RMS            GMAX         NAME    NUMBER
     50      -1.0240E+04     2.0613E+00     1.0909E+02     CZ       7946

 BOND    =      211.8683  ANGLE   =      895.3513  DIHED      =     5690.9297
 VDWAALS =    -4184.2576  EEL     =   -37740.6628  HBOND      =        0.0000
 1-4 VDW =     1831.8011  1-4 EEL =    22976.9829  RESTRAINT  =       78.0391
 EAMBER  =   -10317.9872


   NSTEP       ENERGY          RMS            GMAX         NAME    NUMBER
    100      -1.0426E+04     1.0888E+00     5.7275E+01     CZ       7946

 BOND    =      205.5504  ANGLE   =      917.9279  DIHED      =     5706.7471
 VDWAALS =    -4226.5630  EEL     =   -37913.5407  HBOND      =        0.0000
 1-4 VDW =     1793.1142  1-4 EEL =    22959.5841  RESTRAINT  =      130.9247
 EAMBER  =   -10557.1799


   NSTEP       ENERGY          RMS            GMAX         NAME    NUMBER
    150      -1.0519E+04     3.8275E-01     1.2313E+01     CZ       7946

 BOND    =      208.3683  ANGLE   =      930.1442  DIHED      =     5716.2014
 VDWAALS =    -4248.6018  EEL     =   -38019.6602  HBOND      =        0.0000
 1-4 VDW =     1781.7901  1-4 EEL =    22947.5121  RESTRAINT  =      164.9111
 EAMBER  =   -10684.2460


   NSTEP       ENERGY          RMS            GMAX         NAME    NUMBER
    200      -1.0589E+04     2.8306E-01     1.2374E+01     HG1      6158

 BOND    =      209.7420  ANGLE   =      936.4055  DIHED      =     5719.9931
 VDWAALS =    -4258.0264  EEL     =   -38104.2206  HBOND      =        0.0000
 1-4 VDW =     1775.7242  1-4 EEL =    22944.2827  RESTRAINT  =      186.8085
 EAMBER  =   -10776.0994


   NSTEP       ENERGY          RMS            GMAX         NAME    NUMBER
    250      -1.0644E+04     3.2507E-01     1.1323E+01     HG1      6158

 BOND    =      211.2429  ANGLE   =      939.3744  DIHED      =     5720.4450
 VDWAALS =    -4262.9589  EEL     =   -38170.8783  HBOND      =        0.0000
 1-4 VDW =     1773.3230  1-4 EEL =    22944.0929  RESTRAINT  =      201.6897
 EAMBER  =   -10845.3590


   NSTEP       ENERGY          RMS            GMAX         NAME    NUMBER
    300      -1.0732E+04     3.9497E-01     1.0979E+01     CD       5973

 BOND    =      214.7255  ANGLE   =      946.8981  DIHED      =     5728.0026
 VDWAALS =    -4276.7462  EEL     =   -38301.5083  HBOND      =        0.0000
 1-4 VDW =     1771.2506  1-4 EEL =    22942.6088  RESTRAINT  =      243.0429
 EAMBER  =   -10974.7690


   NSTEP       ENERGY          RMS            GMAX         NAME    NUMBER
    350      -1.0759E+04     2.3556E-01     6.0800E+00     OG1      6157

 BOND    =      214.0017  ANGLE   =      946.1583  DIHED      =     5722.4693
 VDWAALS =    -4279.6331  EEL     =   -38329.0696  HBOND      =        0.0000
 1-4 VDW =     1772.2622  1-4 EEL =    22943.5655  RESTRAINT  =      251.1730
 EAMBER  =   -11010.2455


   NSTEP       ENERGY          RMS            GMAX         NAME    NUMBER
    400      -1.0769E+04     1.5343E-01     4.9240E+00     OG1      6157

 BOND    =      213.8624  ANGLE   =      945.3607  DIHED      =     5720.8871
 VDWAALS =    -4281.1238  EEL     =   -38340.6640  HBOND      =        0.0000
 1-4 VDW =     1772.8646  1-4 EEL =    22944.8497  RESTRAINT  =      254.9278
 EAMBER  =   -11023.9633


   NSTEP       ENERGY          RMS            GMAX         NAME    NUMBER
    450      -1.0773E+04     1.0774E-01     3.4991E+00     OG1      6157

 BOND    =      213.7712  ANGLE   =      944.9570  DIHED      =     5721.7939
 VDWAALS =    -4282.2916  EEL     =   -38347.6314  HBOND      =        0.0000
 1-4 VDW =     1773.1876  1-4 EEL =    22945.6524  RESTRAINT  =      257.2812
 EAMBER  =   -11030.5609


   NSTEP       ENERGY          RMS            GMAX         NAME    NUMBER
    500      -1.0776E+04     1.2216E-01     4.6834E+00     OG1      6157

 BOND    =      213.8287  ANGLE   =      944.9318  DIHED      =     5723.3175
 VDWAALS =    -4283.5744  EEL     =   -38353.3998  HBOND      =        0.0000
 1-4 VDW =     1773.1990  1-4 EEL =    22946.1561  RESTRAINT  =      259.5973
 EAMBER  =   -11035.5412


  Maximum number of minimization cycles reached.


                    FINAL RESULTS



   NSTEP       ENERGY          RMS            GMAX         NAME    NUMBER
    500      -1.0776E+04     1.2216E-01     4.6834E+00     OG1      6157

 BOND    =      213.8287  ANGLE   =      944.9318  DIHED      =     5723.3175
 VDWAALS =    -4283.5744  EEL     =   -38353.3998  HBOND      =        0.0000
 1-4 VDW =     1773.1990  1-4 EEL =    22946.1561  RESTRAINT  =      259.5973
 EAMBER  =   -11035.5412

--------------------------------------------------------------------------------
   5.  TIMINGS
--------------------------------------------------------------------------------

|                Build the list             0.87 (99.80% of List )
|                Other                      0.00 ( 0.20% of List )
|             List time                  0.88 ( 0.10% of Nonbo)
|                   Short_ene time           832.48 (100.0% of Direc)
|                   Other                      0.06 ( 0.01% of Direc)
|                Direct Ewald time        832.54 (100.0% of Ewald)
|                Other                      0.51 ( 0.06% of Ewald)
|             Ewald time               833.05 (99.89% of Nonbo)
|          Nonbond force            833.93 (99.36% of Force)
|          Bond/Angle/Dihedral        5.35 ( 0.64% of Force)
|          Other                      0.05 ( 0.01% of Force)
|       Force time               839.32 (100.0% of Runmd)
|    Runmd Time               839.32 (99.52% of Total)
|    Other                      3.99 ( 0.47% of Total)
| Total time               843.33 (100.0% of ALL  )

| Number of list builds   :          1

| Highest rstack allocated:      40605
| Highest istack allocated:       8121
|           Job began  at 22:41:48.782  on 12/21/2025
|           Setup done at 22:41:49.175  on 12/21/2025
|           Run   done at 22:55:52.117  on 12/21/2025
|     wallclock() was called   11535 times

|3D-RISM memory allocation summary
|Type          Maximum        Current   
|Integer       0.00000 GB     0.00000 GB
|Real          0.00000 GB     0.00000 GB
|Logical       0.00000 GB     0.00000 GB
|Character     0.00000 GB     0.00000 GB
|---------------------------------------
|Total         0.00000 GB     0.00000 GB
