
          -------------------------------------------------------
          Amber 22 SANDER                              2022
          -------------------------------------------------------

| Run on 12/21/2025 at 22:13:26

|   Executable path: /home/kiran/miniforge3/envs/amber_mmgbsa/bin/sander
| Working directory: /storage/kiran-stuff/aaRS/phase2/energy_scoring/mmgbsa_amber/jobs/modern_prors_GLY
|          Hostname: boron

  [-O]verwriting output

File Assignments:
|  MDIN: min.in                                                                
| MDOUT: min.out                                                               
|INPCRD: complex.inpcrd                                                        
|  PARM: complex.prmtop                                                        
|RESTRT: min.rst                                                               
|  REFC: complex.inpcrd                                                        
| MDVEL: mdvel                                                                 
| MDFRC: mdfrc                                                                 
|  MDEN: mden                                                                  
| MDCRD: mdcrd                                                                 
|MDINFO: mdinfo                                                                
|  MTMD: mtmd                                                                  
|INPDIP: inpdip                                                                
|RSTDIP: rstdip                                                                
|INPTRA: inptraj                                                               


 Here is the input file:

Minimize                                                                       
 &cntrl                                                                        
  imin=1,                                                                      
  maxcyc=500,                                                                  
  ncyc=250,                                                                    
  ntb=0,                                                                       
  cut=999.0,                                                                   
  ntr=1,                                                                       
  restraint_wt=10.0,                                                           
  restraintmask='!:LIG & !@H=',                                                
 /                                                                             

--------------------------------------------------------------------------------
   1.  RESOURCE   USE: 
--------------------------------------------------------------------------------

| Flags:                                                                        
|    NONPERIODIC   ntb=0 and igb=0: Setting up nonperiodic simulation
|  *** cutoff > system size, list only builds once
|Largest sphere to fit in unit cell has radius =    71.514
| New format PARM file being parsed.
| Version =    1.000 Date = 12/21/25 Time = 22:13:26
 NATOM  =    8969 NTYPES =      20 NBONH =    4482 MBONA  =    4570
 NTHETH =   10210 MTHETA =    6189 NPHIH =   20521 MPHIA  =   19702
 NHPARM =       0 NPARM  =       0 NNB   =   49531 NRES   =     573
 NBONA  =    4570 NTHETA =    6189 NPHIA =   19702 NUMBND =      72
 NUMANG =     162 NPTRA  =     194 NATYP =      40 NPHB   =       0
 IFBOX  =       0 NMXRS  =      24 IFCAP =       0 NEXTRA =       0
 NCOPY  =       0


|     Memory Use     Allocated
|     Real             1491034
|     Hollerith          27482
|     Integer          2159457
|     Max Pairs       40216996
|     nblistReal        107628
|     nblist Int      11094314
|       Total           221467 kbytes

| Note: 1-4 EEL scale factors are being read from the topology file.

| Note: 1-4 VDW scale factors are being read from the topology file.
| Duplicated    0 dihedrals
| Duplicated    0 dihedrals

--------------------------------------------------------------------------------
   2.  CONTROL  DATA  FOR  THE  RUN
--------------------------------------------------------------------------------

default_name                                                                    

General flags:
     imin    =       1, nmropt  =       0

Nature and format of input:
     ntx     =       1, irest   =       0, ntrx    =       1

Nature and format of output:
     ntxo    =       2, ntpr    =      50, ntrx    =       1, ntwr    =       1
     iwrap   =       0, ntwx    =       0, ntwv    =       0, ntwe    =       0
     ioutfm  =       1, ntwprt  =       0, idecomp =       0, rbornstat=      0

Potential function:
     ntf     =       1, ntb     =       0, igb     =       0, nsnb    =      25
     ipol    =       0, gbsa    =       0, iesp    =       0
     dielc   =   1.00000, cut     = 999.00000, intdiel =   1.00000

Frozen or restrained atoms:
     ibelly  =       0, ntr     =       1
     restraint_wt =  10.00000

Energy minimization:
     maxcyc  =     500, ncyc    =     250, ntmin   =       1
     dx0     =   0.01000, drms    =   0.00010
|  INFO: Old style inpcrd file read


    LOADING THE CONSTRAINED ATOMS AS GROUPS


   5.  REFERENCE ATOM COORDINATES

  defa
     Mask !:LIG & !@H=; matches  4482 atoms

--------------------------------------------------------------------------------
   3.  ATOMIC COORDINATES AND VELOCITIES
--------------------------------------------------------------------------------

default_name                                                                    
 begin time read from input coords =     0.000 ps

 Number of triangulated 3-point waters found:        0

     Sum of charges from parm topology file = -18.99999926

--------------------------------------------------------------------------------
   4.  RESULTS
--------------------------------------------------------------------------------

 ---------------------------------------------------

     eedmeth=4: Setting switch to one everywhere

 ---------------------------------------------------
| Local SIZE OF NONBOND LIST =   40167920
| TOTAL SIZE OF NONBOND LIST =   40167920


   NSTEP       ENERGY          RMS            GMAX         NAME    NUMBER
      1      -1.0929E+04     7.8376E+00     2.6400E+02     HE2      2548

 BOND    =      214.7954  ANGLE   =      969.5607  DIHED      =     6392.3785
 VDWAALS =    -4076.1237  EEL     =   -38590.9226  HBOND      =        0.0000
 1-4 VDW =     2062.2776  1-4 EEL =    22099.2449  RESTRAINT  =        0.0000


   NSTEP       ENERGY          RMS            GMAX         NAME    NUMBER
     50      -1.2433E+04     1.6948E+00     6.0322E+01     CD       1781

 BOND    =      288.3507  ANGLE   =      934.4717  DIHED      =     6411.2923
 VDWAALS =    -4742.0682  EEL     =   -39217.5275  HBOND      =        0.0000
 1-4 VDW =     1928.1890  1-4 EEL =    21891.9482  RESTRAINT  =       72.7586
 EAMBER  =   -12505.3438


   NSTEP       ENERGY          RMS            GMAX         NAME    NUMBER
    100      -1.2622E+04     9.1917E-01     2.8553E+01     CD       1781

 BOND    =      275.9435  ANGLE   =      951.0915  DIHED      =     6425.2877
 VDWAALS =    -4770.5819  EEL     =   -39421.9708  HBOND      =        0.0000
 1-4 VDW =     1910.3712  1-4 EEL =    21894.2741  RESTRAINT  =      113.7861
 EAMBER  =   -12735.5846


   NSTEP       ENERGY          RMS            GMAX         NAME    NUMBER
    150      -1.2735E+04     3.3680E-01     1.2691E+01     HG1      2832

 BOND    =      281.1947  ANGLE   =      962.4025  DIHED      =     6430.2139
 VDWAALS =    -4784.0997  EEL     =   -39561.7595  HBOND      =        0.0000
 1-4 VDW =     1903.9125  1-4 EEL =    21894.6459  RESTRAINT  =      138.3928
 EAMBER  =   -12873.4898


   NSTEP       ENERGY          RMS            GMAX         NAME    NUMBER
    200      -1.2806E+04     2.6074E-01     7.0286E+00     HH       7728

 BOND    =      282.1487  ANGLE   =      964.5211  DIHED      =     6432.6645
 VDWAALS =    -4789.1332  EEL     =   -39649.4453  HBOND      =        0.0000
 1-4 VDW =     1901.7354  1-4 EEL =    21896.9286  RESTRAINT  =      154.2981
 EAMBER  =   -12960.5801


   NSTEP       ENERGY          RMS            GMAX         NAME    NUMBER
    250      -1.2852E+04     4.1793E-01     1.7385E+01     CD       7150

 BOND    =      282.9264  ANGLE   =      965.9172  DIHED      =     6431.6277
 VDWAALS =    -4792.9116  EEL     =   -39704.5868  HBOND      =        0.0000
 1-4 VDW =     1901.2192  1-4 EEL =    21897.7506  RESTRAINT  =      166.1077
 EAMBER  =   -13018.0573


   NSTEP       ENERGY          RMS            GMAX         NAME    NUMBER
    300      -1.2939E+04     2.8248E-01     7.4447E+00     OG       3036

 BOND    =      285.8591  ANGLE   =      972.8953  DIHED      =     6430.1589
 VDWAALS =    -4806.3830  EEL     =   -39823.9133  HBOND      =        0.0000
 1-4 VDW =     1900.7401  1-4 EEL =    21903.0531  RESTRAINT  =      198.5421
 EAMBER  =   -13137.5898


   NSTEP       ENERGY          RMS            GMAX         NAME    NUMBER
    350      -1.2958E+04     2.2231E-01     5.8229E+00     HG23     3988

 BOND    =      285.9031  ANGLE   =      971.3378  DIHED      =     6431.8489
 VDWAALS =    -4808.8868  EEL     =   -39846.2955  HBOND      =        0.0000
 1-4 VDW =     1902.2099  1-4 EEL =    21901.6164  RESTRAINT  =      204.6767
 EAMBER  =   -13162.2662


   NSTEP       ENERGY          RMS            GMAX         NAME    NUMBER
    400      -1.2968E+04     2.0617E-01     6.7524E+00     CG       7135

 BOND    =      285.9441  ANGLE   =      970.9732  DIHED      =     6432.7983
 VDWAALS =    -4811.1997  EEL     =   -39859.4521  HBOND      =        0.0000
 1-4 VDW =     1902.5103  1-4 EEL =    21901.6315  RESTRAINT  =      208.6364
 EAMBER  =   -13176.7945


   NSTEP       ENERGY          RMS            GMAX         NAME    NUMBER
    450      -1.2985E+04     2.4178E-01     7.9098E+00     HH        100

 BOND    =      286.0611  ANGLE   =      971.8583  DIHED      =     6430.9902
 VDWAALS =    -4811.1075  EEL     =   -39876.8471  HBOND      =        0.0000
 1-4 VDW =     1902.5801  1-4 EEL =    21900.3119  RESTRAINT  =      210.6630
 EAMBER  =   -13196.1530


   NSTEP       ENERGY          RMS            GMAX         NAME    NUMBER
    500      -1.2995E+04     9.0581E-02     2.4649E+00     CB       3983

 BOND    =      285.9352  ANGLE   =      971.1257  DIHED      =     6429.3344
 VDWAALS =    -4810.5112  EEL     =   -39883.4613  HBOND      =        0.0000
 1-4 VDW =     1902.3173  1-4 EEL =    21899.1487  RESTRAINT  =      210.8851
 EAMBER  =   -13206.1111


  Maximum number of minimization cycles reached.


                    FINAL RESULTS



   NSTEP       ENERGY          RMS            GMAX         NAME    NUMBER
    500      -1.2995E+04     9.0581E-02     2.4649E+00     CB       3983

 BOND    =      285.9352  ANGLE   =      971.1257  DIHED      =     6429.3344
 VDWAALS =    -4810.5112  EEL     =   -39883.4613  HBOND      =        0.0000
 1-4 VDW =     1902.3173  1-4 EEL =    21899.1487  RESTRAINT  =      210.8851
 EAMBER  =   -13206.1111

--------------------------------------------------------------------------------
   5.  TIMINGS
--------------------------------------------------------------------------------

|                Build the list             1.59 (98.56% of List )
|                Other                      0.02 ( 1.44% of List )
|             List time                  1.61 ( 0.11% of Nonbo)
|                   Short_ene time          1438.31 (100.0% of Direc)
|                Direct Ewald time       1438.38 (100.0% of Ewald)
|                Other                      0.87 ( 0.06% of Ewald)
|             Ewald time              1439.25 (99.89% of Nonbo)
|          Nonbond force           1440.86 (99.40% of Force)
|          Bond/Angle/Dihedral        8.54 ( 0.59% of Force)
|          Other                      0.11 ( 0.01% of Force)
|       Force time              1449.50 (100.0% of Runmd)
|    Runmd Time              1449.50 (99.46% of Total)
|    Other                      7.82 ( 0.54% of Total)
| Total time              1457.36 (100.0% of ALL  )

| Number of list builds   :          1

| Highest rstack allocated:      44810
| Highest istack allocated:       8962
|           Job began  at 22:13:26.705  on 12/21/2025
|           Setup done at 22:13:27.159  on 12/21/2025
|           Run   done at 22:37:44.061  on 12/21/2025
|     wallclock() was called   11535 times

|3D-RISM memory allocation summary
|Type          Maximum        Current   
|Integer       0.00000 GB     0.00000 GB
|Real          0.00000 GB     0.00000 GB
|Logical       0.00000 GB     0.00000 GB
|Character     0.00000 GB     0.00000 GB
|---------------------------------------
|Total         0.00000 GB     0.00000 GB
