
          -------------------------------------------------------
          Amber 22 SANDER                              2022
          -------------------------------------------------------

| Run on 12/21/2025 at 22:28:37

|   Executable path: /home/kiran/miniforge3/envs/amber_mmgbsa/bin/sander
| Working directory: /storage/kiran-stuff/aaRS/phase2/energy_scoring/mmgbsa_amber/jobs/modern_thrrs_ecoli_zn_ALA
|          Hostname: boron

  [-O]verwriting output

File Assignments:
|  MDIN: min.in                                                                
| MDOUT: min.out                                                               
|INPCRD: complex.inpcrd                                                        
|  PARM: complex.prmtop                                                        
|RESTRT: min.rst                                                               
|  REFC: complex.inpcrd                                                        
| MDVEL: mdvel                                                                 
| MDFRC: mdfrc                                                                 
|  MDEN: mden                                                                  
| MDCRD: mdcrd                                                                 
|MDINFO: mdinfo                                                                
|  MTMD: mtmd                                                                  
|INPDIP: inpdip                                                                
|RSTDIP: rstdip                                                                
|INPTRA: inptraj                                                               


 Here is the input file:

Minimize                                                                       
 &cntrl                                                                        
  imin=1,                                                                      
  maxcyc=500,                                                                  
  ncyc=250,                                                                    
  ntb=0,                                                                       
  cut=999.0,                                                                   
  ntr=1,                                                                       
  restraint_wt=10.0,                                                           
  restraintmask='!:LIG & !@H=',                                                
 /                                                                             

--------------------------------------------------------------------------------
   1.  RESOURCE   USE: 
--------------------------------------------------------------------------------

| Flags:                                                                        
|    NONPERIODIC   ntb=0 and igb=0: Setting up nonperiodic simulation
|  *** cutoff > system size, list only builds once
|Largest sphere to fit in unit cell has radius =    59.024
| New format PARM file being parsed.
| Version =    1.000 Date = 12/21/25 Time = 22:28:36
 NATOM  =    6504 NTYPES =      22 NBONH =    3219 MBONA  =    3354
 NTHETH =    7324 MTHETA =    4516 NPHIH =   14871 MPHIA  =   14157
 NHPARM =       0 NPARM  =       0 NNB   =   35811 NRES   =     403
 NBONA  =    3354 NTHETA =    4516 NPHIA =   14157 NUMBND =      73
 NUMANG =     164 NPTRA  =     196 NATYP =      42 NPHB   =       0
 IFBOX  =       0 NMXRS  =      26 IFCAP =       0 NEXTRA =       0
 NCOPY  =       0


|     Memory Use     Allocated
|     Real             1288788
|     Hollerith          19917
|     Integer          1565070
|     Max Pairs       21147756
|     nblistReal         78048
|     nblist Int       7059992
|       Total           127056 kbytes

| Note: 1-4 EEL scale factors are being read from the topology file.

| Note: 1-4 VDW scale factors are being read from the topology file.
| Duplicated    0 dihedrals
| Duplicated    0 dihedrals

--------------------------------------------------------------------------------
   2.  CONTROL  DATA  FOR  THE  RUN
--------------------------------------------------------------------------------

default_name                                                                    

General flags:
     imin    =       1, nmropt  =       0

Nature and format of input:
     ntx     =       1, irest   =       0, ntrx    =       1

Nature and format of output:
     ntxo    =       2, ntpr    =      50, ntrx    =       1, ntwr    =       1
     iwrap   =       0, ntwx    =       0, ntwv    =       0, ntwe    =       0
     ioutfm  =       1, ntwprt  =       0, idecomp =       0, rbornstat=      0

Potential function:
     ntf     =       1, ntb     =       0, igb     =       0, nsnb    =      25
     ipol    =       0, gbsa    =       0, iesp    =       0
     dielc   =   1.00000, cut     = 999.00000, intdiel =   1.00000

Frozen or restrained atoms:
     ibelly  =       0, ntr     =       1
     restraint_wt =  10.00000

Energy minimization:
     maxcyc  =     500, ncyc    =     250, ntmin   =       1
     dx0     =   0.01000, drms    =   0.00010
|  INFO: Old style inpcrd file read


    LOADING THE CONSTRAINED ATOMS AS GROUPS


   5.  REFERENCE ATOM COORDINATES

  defa
     Mask !:LIG & !@H=; matches  3279 atoms

--------------------------------------------------------------------------------
   3.  ATOMIC COORDINATES AND VELOCITIES
--------------------------------------------------------------------------------

default_name                                                                    
 begin time read from input coords =     0.000 ps

 Number of triangulated 3-point waters found:        0

     Sum of charges from parm topology file =  -6.00000018

--------------------------------------------------------------------------------
   4.  RESULTS
--------------------------------------------------------------------------------

 ---------------------------------------------------

     eedmeth=4: Setting switch to one everywhere

 ---------------------------------------------------
| Local SIZE OF NONBOND LIST =   21112291
| TOTAL SIZE OF NONBOND LIST =   21112291


   NSTEP       ENERGY          RMS            GMAX         NAME    NUMBER
      1      -9.0994E+03     1.4905E+01     9.4176E+02     HE2      2349

 BOND    =      141.9254  ANGLE   =      715.4929  DIHED      =     4375.4396
 VDWAALS =    -2912.5435  EEL     =   -28228.6285  HBOND      =        0.0000
 1-4 VDW =     1854.6068  1-4 EEL =    14954.2813  RESTRAINT  =        0.0000


   NSTEP       ENERGY          RMS            GMAX         NAME    NUMBER
     50      -1.0702E+04     2.2845E+00     6.8597E+01     CG       4174

 BOND    =      181.2086  ANGLE   =      659.1733  DIHED      =     4462.8962
 VDWAALS =    -3463.1964  EEL     =   -28649.7256  HBOND      =        0.0000
 1-4 VDW =     1532.5050  1-4 EEL =    14479.0669  RESTRAINT  =       96.3703
 EAMBER  =   -10798.0720


   NSTEP       ENERGY          RMS            GMAX         NAME    NUMBER
    100      -1.0879E+04     1.3257E+00     4.0558E+01     C          25

 BOND    =      175.2078  ANGLE   =      686.3411  DIHED      =     4492.3816
 VDWAALS =    -3504.4694  EEL     =   -28771.5292  HBOND      =        0.0000
 1-4 VDW =     1481.4947  1-4 EEL =    14412.8102  RESTRAINT  =      148.8390
 EAMBER  =   -11027.7632


   NSTEP       ENERGY          RMS            GMAX         NAME    NUMBER
    150      -1.0985E+04     7.3034E-01     4.0293E+01     C          25

 BOND    =      182.0939  ANGLE   =      698.7699  DIHED      =     4510.5441
 VDWAALS =    -3524.4659  EEL     =   -28879.9359  HBOND      =        0.0000
 1-4 VDW =     1462.2577  1-4 EEL =    14386.7957  RESTRAINT  =      179.2301
 EAMBER  =   -11163.9406


   NSTEP       ENERGY          RMS            GMAX         NAME    NUMBER
    200      -1.1061E+04     3.2401E-01     1.3610E+01     HH       5677

 BOND    =      183.0295  ANGLE   =      706.2064  DIHED      =     4517.2256
 VDWAALS =    -3536.3612  EEL     =   -28963.7027  HBOND      =        0.0000
 1-4 VDW =     1453.7343  1-4 EEL =    14378.2212  RESTRAINT  =      200.3015
 EAMBER  =   -11261.6469


   NSTEP       ENERGY          RMS            GMAX         NAME    NUMBER
    250      -1.1124E+04     3.5655E-01     1.5849E+01     CD2      2350

 BOND    =      185.0724  ANGLE   =      708.8267  DIHED      =     4515.8590
 VDWAALS =    -3542.6032  EEL     =   -29033.8438  HBOND      =        0.0000
 1-4 VDW =     1449.5269  1-4 EEL =    14376.3244  RESTRAINT  =      217.0022
 EAMBER  =   -11340.8376


   NSTEP       ENERGY          RMS            GMAX         NAME    NUMBER
    300      -1.1215E+04     4.5356E-01     2.8126E+01     CD       6289

 BOND    =      188.1016  ANGLE   =      716.0494  DIHED      =     4516.7431
 VDWAALS =    -3565.2385  EEL     =   -29166.0718  HBOND      =        0.0000
 1-4 VDW =     1447.1681  1-4 EEL =    14371.0597  RESTRAINT  =      277.2914
 EAMBER  =   -11492.1884


   NSTEP       ENERGY          RMS            GMAX         NAME    NUMBER
    350      -1.1266E+04     2.4299E-01     9.6977E+00     HH       5677

 BOND    =      187.9661  ANGLE   =      724.9591  DIHED      =     4512.1941
 VDWAALS =    -3552.4554  EEL     =   -29270.9783  HBOND      =        0.0000
 1-4 VDW =     1446.9971  1-4 EEL =    14370.0718  RESTRAINT  =      315.7004
 EAMBER  =   -11581.2455


   NSTEP       ENERGY          RMS            GMAX         NAME    NUMBER
    400      -1.1286E+04     2.2209E-01     6.4726E+00     CG       1003

 BOND    =      188.3142  ANGLE   =      725.5247  DIHED      =     4510.1199
 VDWAALS =    -3553.2578  EEL     =   -29290.7330  HBOND      =        0.0000
 1-4 VDW =     1446.1414  1-4 EEL =    14370.2331  RESTRAINT  =      318.0956
 EAMBER  =   -11603.6577


   NSTEP       ENERGY          RMS            GMAX         NAME    NUMBER
    450      -1.1294E+04     1.9349E-01     5.4507E+00     CG       1003

 BOND    =      188.4132  ANGLE   =      725.5994  DIHED      =     4509.6799
 VDWAALS =    -3554.3697  EEL     =   -29298.2726  HBOND      =        0.0000
 1-4 VDW =     1446.0750  1-4 EEL =    14369.1778  RESTRAINT  =      320.1094
 EAMBER  =   -11613.6969


   NSTEP       ENERGY          RMS            GMAX         NAME    NUMBER
    500      -1.1300E+04     1.9757E-01     5.3404E+00     CG       1003

 BOND    =      188.5880  ANGLE   =      725.4848  DIHED      =     4509.2249
 VDWAALS =    -3555.0437  EEL     =   -29304.5755  HBOND      =        0.0000
 1-4 VDW =     1446.1578  1-4 EEL =    14368.3486  RESTRAINT  =      321.9497
 EAMBER  =   -11621.8152


  Maximum number of minimization cycles reached.


                    FINAL RESULTS



   NSTEP       ENERGY          RMS            GMAX         NAME    NUMBER
    500      -1.1300E+04     1.9757E-01     5.3404E+00     CG       1003

 BOND    =      188.5880  ANGLE   =      725.4848  DIHED      =     4509.2249
 VDWAALS =    -3555.0437  EEL     =   -29304.5755  HBOND      =        0.0000
 1-4 VDW =     1446.1578  1-4 EEL =    14368.3486  RESTRAINT  =      321.9497
 EAMBER  =   -11621.8152

--------------------------------------------------------------------------------
   5.  TIMINGS
--------------------------------------------------------------------------------

|                Build the list             0.62 (99.40% of List )
|                Other                      0.00 ( 0.60% of List )
|             List time                  0.62 ( 0.08% of Nonbo)
|                   Short_ene time           765.21 (100.0% of Direc)
|                   Other                      0.07 ( 0.01% of Direc)
|                Direct Ewald time        765.29 (100.0% of Ewald)
|                Other                      0.62 ( 0.08% of Ewald)
|             Ewald time               765.91 (100.0% of Nonbo)
|          Nonbond force            766.53 (99.23% of Force)
|          Bond/Angle/Dihedral        5.92 ( 0.77% of Force)
|       Force time               772.49 (100.0% of Runmd)
|    Runmd Time               772.49 (99.06% of Total)
|    Other                      7.32 ( 0.94% of Total)
| Total time               779.82 (100.0% of ALL  )

| Number of list builds   :          1

| Highest rstack allocated:      32485
| Highest istack allocated:       6497
|           Job began  at 22:28:37.317  on 12/21/2025
|           Setup done at 22:28:37.867  on 12/21/2025
|           Run   done at 22:41:37.137  on 12/21/2025
|     wallclock() was called   11535 times

|3D-RISM memory allocation summary
|Type          Maximum        Current   
|Integer       0.00000 GB     0.00000 GB
|Real          0.00000 GB     0.00000 GB
|Logical       0.00000 GB     0.00000 GB
|Character     0.00000 GB     0.00000 GB
|---------------------------------------
|Total         0.00000 GB     0.00000 GB
