
          -------------------------------------------------------
          Amber 22 SANDER                              2022
          -------------------------------------------------------

| Run on 12/21/2025 at 22:21:12

|   Executable path: /home/kiran/miniforge3/envs/amber_mmgbsa/bin/sander
| Working directory: /storage/kiran-stuff/aaRS/phase2/energy_scoring/mmgbsa_amber/jobs/modern_thrrs_ASP
|          Hostname: boron

  [-O]verwriting output

File Assignments:
|  MDIN: min.in                                                                
| MDOUT: min.out                                                               
|INPCRD: complex.inpcrd                                                        
|  PARM: complex.prmtop                                                        
|RESTRT: min.rst                                                               
|  REFC: complex.inpcrd                                                        
| MDVEL: mdvel                                                                 
| MDFRC: mdfrc                                                                 
|  MDEN: mden                                                                  
| MDCRD: mdcrd                                                                 
|MDINFO: mdinfo                                                                
|  MTMD: mtmd                                                                  
|INPDIP: inpdip                                                                
|RSTDIP: rstdip                                                                
|INPTRA: inptraj                                                               


 Here is the input file:

Minimize                                                                       
 &cntrl                                                                        
  imin=1,                                                                      
  maxcyc=500,                                                                  
  ncyc=250,                                                                    
  ntb=0,                                                                       
  cut=999.0,                                                                   
  ntr=1,                                                                       
  restraint_wt=10.0,                                                           
  restraintmask='!:LIG & !@H=',                                                
 /                                                                             

--------------------------------------------------------------------------------
   1.  RESOURCE   USE: 
--------------------------------------------------------------------------------

| Flags:                                                                        
|    NONPERIODIC   ntb=0 and igb=0: Setting up nonperiodic simulation
|  *** cutoff > system size, list only builds once
|Largest sphere to fit in unit cell has radius =    73.901
| New format PARM file being parsed.
| Version =    1.000 Date = 12/21/25 Time = 22:21:11
 NATOM  =   10324 NTYPES =      21 NBONH =    5194 MBONA  =    5219
 NTHETH =   11885 MTHETA =    7060 NPHIH =   23563 MPHIA  =   22345
 NHPARM =       0 NPARM  =       0 NNB   =   57155 NRES   =     664
 NBONA  =    5219 NTHETA =    7060 NPHIA =   22345 NUMBND =      73
 NUMANG =     164 NPTRA  =     198 NATYP =      41 NPHB   =       0
 IFBOX  =       0 NMXRS  =      24 IFCAP =       0 NEXTRA =       0
 NCOPY  =       0


|     Memory Use     Allocated
|     Real             1603090
|     Hollerith          31638
|     Integer          2467693
|     Max Pairs       53287326
|     nblistReal        123888
|     nblist Int      17295682
|       Total           298969 kbytes

| Note: 1-4 EEL scale factors are being read from the topology file.

| Note: 1-4 VDW scale factors are being read from the topology file.
| Duplicated    0 dihedrals
| Duplicated    0 dihedrals

--------------------------------------------------------------------------------
   2.  CONTROL  DATA  FOR  THE  RUN
--------------------------------------------------------------------------------

default_name                                                                    

General flags:
     imin    =       1, nmropt  =       0

Nature and format of input:
     ntx     =       1, irest   =       0, ntrx    =       1

Nature and format of output:
     ntxo    =       2, ntpr    =      50, ntrx    =       1, ntwr    =       1
     iwrap   =       0, ntwx    =       0, ntwv    =       0, ntwe    =       0
     ioutfm  =       1, ntwprt  =       0, idecomp =       0, rbornstat=      0

Potential function:
     ntf     =       1, ntb     =       0, igb     =       0, nsnb    =      25
     ipol    =       0, gbsa    =       0, iesp    =       0
     dielc   =   1.00000, cut     = 999.00000, intdiel =   1.00000

Frozen or restrained atoms:
     ibelly  =       0, ntr     =       1
     restraint_wt =  10.00000

Energy minimization:
     maxcyc  =     500, ncyc    =     250, ntmin   =       1
     dx0     =   0.01000, drms    =   0.00010
|  INFO: Old style inpcrd file read


    LOADING THE CONSTRAINED ATOMS AS GROUPS


   5.  REFERENCE ATOM COORDINATES

  defa
     Mask !:LIG & !@H=; matches  5121 atoms

--------------------------------------------------------------------------------
   3.  ATOMIC COORDINATES AND VELOCITIES
--------------------------------------------------------------------------------

default_name                                                                    
 begin time read from input coords =     0.000 ps

 Number of triangulated 3-point waters found:        0

     Sum of charges from parm topology file = -17.00000128

--------------------------------------------------------------------------------
   4.  RESULTS
--------------------------------------------------------------------------------

 ---------------------------------------------------

     eedmeth=4: Setting switch to one everywhere

 ---------------------------------------------------
| Local SIZE OF NONBOND LIST =   53230673
| TOTAL SIZE OF NONBOND LIST =   53230673


   NSTEP       ENERGY          RMS            GMAX         NAME    NUMBER
      1       3.3277E+05     2.8343E+04     2.2019E+06     O         609

 BOND    =      334.0085  ANGLE   =     1208.6212  DIHED      =     7679.9556
 VDWAALS =   339261.5895  EEL     =   -45087.0651  HBOND      =        0.0000
 1-4 VDW =     2480.2898  1-4 EEL =    26896.0268  RESTRAINT  =        0.0000


   NSTEP       ENERGY          RMS            GMAX         NAME    NUMBER
     50      -1.0898E+04     1.1030E+00     2.0155E+01     NE2      8296

 BOND    =      333.9820  ANGLE   =     1308.2918  DIHED      =     7713.9546
 VDWAALS =    -3993.7424  EEL     =   -45558.3329  HBOND      =        0.0000
 1-4 VDW =     2421.9004  1-4 EEL =    26720.2739  RESTRAINT  =      155.5571
 EAMBER  =   -11053.6726


   NSTEP       ENERGY          RMS            GMAX         NAME    NUMBER
    100      -1.1392E+04     5.0174E-01     9.5229E+00     HG        143

 BOND    =      314.0930  ANGLE   =     1261.7058  DIHED      =     7726.9589
 VDWAALS =    -4225.8798  EEL     =   -45850.5253  HBOND      =        0.0000
 1-4 VDW =     2361.2382  1-4 EEL =    26732.3079  RESTRAINT  =      287.8425
 EAMBER  =   -11680.1013


   NSTEP       ENERGY          RMS            GMAX         NAME    NUMBER
    150      -1.1556E+04     1.3072E+00     4.4720E+01     CD       2623

 BOND    =      319.3159  ANGLE   =     1259.2163  DIHED      =     7734.7424
 VDWAALS =    -4305.3251  EEL     =   -45999.4655  HBOND      =        0.0000
 1-4 VDW =     2339.2185  1-4 EEL =    26732.4053  RESTRAINT  =      363.4741
 EAMBER  =   -11919.8921


   NSTEP       ENERGY          RMS            GMAX         NAME    NUMBER
    200      -1.1651E+04     8.7930E-01     5.9129E+01     CD       2623

 BOND    =      311.4125  ANGLE   =     1261.0417  DIHED      =     7740.1486
 VDWAALS =    -4338.3165  EEL     =   -46094.6345  HBOND      =        0.0000
 1-4 VDW =     2328.7391  1-4 EEL =    26731.5315  RESTRAINT  =      409.0581
 EAMBER  =   -12060.0776


   NSTEP       ENERGY          RMS            GMAX         NAME    NUMBER
    250      -1.1704E+04     4.6951E-01     2.5807E+01     CG        673

 BOND    =      311.4266  ANGLE   =     1259.6792  DIHED      =     7745.1484
 VDWAALS =    -4359.2532  EEL     =   -46152.7044  HBOND      =        0.0000
 1-4 VDW =     2322.8109  1-4 EEL =    26728.9003  RESTRAINT  =      440.4526
 EAMBER  =   -12143.9922


   NSTEP       ENERGY          RMS            GMAX         NAME    NUMBER
    300      -1.1800E+04     2.8490E-01     7.8040E+00     OG       1150

 BOND    =      309.6998  ANGLE   =     1263.8665  DIHED      =     7759.4650
 VDWAALS =    -4408.3950  EEL     =   -46284.8791  HBOND      =        0.0000
 1-4 VDW =     2311.7654  1-4 EEL =    26717.3872  RESTRAINT  =      531.2700
 EAMBER  =   -12331.0901


   NSTEP       ENERGY          RMS            GMAX         NAME    NUMBER
    350      -1.1826E+04     1.6961E-01     5.9165E+00     OG       1150

 BOND    =      309.3390  ANGLE   =     1262.2411  DIHED      =     7761.4413
 VDWAALS =    -4415.0449  EEL     =   -46316.3627  HBOND      =        0.0000
 1-4 VDW =     2310.9498  1-4 EEL =    26714.3878  RESTRAINT  =      547.0750
 EAMBER  =   -12373.0486


   NSTEP       ENERGY          RMS            GMAX         NAME    NUMBER
    400      -1.1838E+04     2.1709E-01     7.1666E+00     OG       1150

 BOND    =      309.4417  ANGLE   =     1262.4063  DIHED      =     7760.1110
 VDWAALS =    -4419.0202  EEL     =   -46328.9208  HBOND      =        0.0000
 1-4 VDW =     2310.5581  1-4 EEL =    26712.4896  RESTRAINT  =      554.6875
 EAMBER  =   -12392.9342


   NSTEP       ENERGY          RMS            GMAX         NAME    NUMBER
    450      -1.1849E+04     2.0119E-01     6.7087E+00     OG       1150

 BOND    =      309.5538  ANGLE   =     1262.0625  DIHED      =     7757.3566
 VDWAALS =    -4421.4584  EEL     =   -46335.3053  HBOND      =        0.0000
 1-4 VDW =     2310.5738  1-4 EEL =    26709.1303  RESTRAINT  =      559.3288
 EAMBER  =   -12408.0866


   NSTEP       ENERGY          RMS            GMAX         NAME    NUMBER
    500      -1.1860E+04     1.8690E-01     1.0480E+01     OG       7763

 BOND    =      308.7101  ANGLE   =     1261.4212  DIHED      =     7754.3435
 VDWAALS =    -4421.2659  EEL     =   -46344.5573  HBOND      =        0.0000
 1-4 VDW =     2310.8592  1-4 EEL =    26707.7585  RESTRAINT  =      562.4097
 EAMBER  =   -12422.7307


  Maximum number of minimization cycles reached.


                    FINAL RESULTS



   NSTEP       ENERGY          RMS            GMAX         NAME    NUMBER
    500      -1.1860E+04     1.8690E-01     1.0480E+01     OG       7763

 BOND    =      308.7101  ANGLE   =     1261.4212  DIHED      =     7754.3435
 VDWAALS =    -4421.2659  EEL     =   -46344.5573  HBOND      =        0.0000
 1-4 VDW =     2310.8592  1-4 EEL =    26707.7585  RESTRAINT  =      562.4097
 EAMBER  =   -12422.7307

--------------------------------------------------------------------------------
   5.  TIMINGS
--------------------------------------------------------------------------------

|                Build the list             2.22 (98.79% of List )
|                Other                      0.03 ( 1.21% of List )
|             List time                  2.25 ( 0.12% of Nonbo)
|                   Short_ene time          1828.17 (100.0% of Direc)
|                Direct Ewald time       1828.25 (100.0% of Ewald)
|                Other                      0.90 ( 0.05% of Ewald)
|             Ewald time              1829.15 (99.88% of Nonbo)
|          Nonbond force           1831.40 (99.51% of Force)
|          Bond/Angle/Dihedral        8.95 ( 0.49% of Force)
|       Force time              1840.43 (100.0% of Runmd)
|    Runmd Time              1840.43 (99.58% of Total)
|    Other                      7.72 ( 0.42% of Total)
| Total time              1848.19 (100.0% of ALL  )

| Number of list builds   :          1

| Highest rstack allocated:      51570
| Highest istack allocated:      10314
|           Job began  at 22:21:12.268  on 12/21/2025
|           Setup done at 22:21:12.757  on 12/21/2025
|           Run   done at 22:52:00.455  on 12/21/2025
|     wallclock() was called   11535 times

|3D-RISM memory allocation summary
|Type          Maximum        Current   
|Integer       0.00000 GB     0.00000 GB
|Real          0.00000 GB     0.00000 GB
|Logical       0.00000 GB     0.00000 GB
|Character     0.00000 GB     0.00000 GB
|---------------------------------------
|Total         0.00000 GB     0.00000 GB
