
          -------------------------------------------------------
          Amber 22 SANDER                              2022
          -------------------------------------------------------

| Run on 12/21/2025 at 22:20:46

|   Executable path: /home/kiran/miniforge3/envs/amber_mmgbsa/bin/sander
| Working directory: /storage/kiran-stuff/aaRS/phase2/energy_scoring/mmgbsa_amber/jobs/modern_prours_thr
|          Hostname: boron

  [-O]verwriting output

File Assignments:
|  MDIN: min.in                                                                
| MDOUT: min.out                                                               
|INPCRD: complex.inpcrd                                                        
|  PARM: complex.prmtop                                                        
|RESTRT: min.rst                                                               
|  REFC: complex.inpcrd                                                        
| MDVEL: mdvel                                                                 
| MDFRC: mdfrc                                                                 
|  MDEN: mden                                                                  
| MDCRD: mdcrd                                                                 
|MDINFO: mdinfo                                                                
|  MTMD: mtmd                                                                  
|INPDIP: inpdip                                                                
|RSTDIP: rstdip                                                                
|INPTRA: inptraj                                                               


 Here is the input file:

Minimize                                                                       
 &cntrl                                                                        
  imin=1,                                                                      
  maxcyc=500,                                                                  
  ncyc=250,                                                                    
  ntb=0,                                                                       
  cut=999.0,                                                                   
  ntr=1,                                                                       
  restraint_wt=10.0,                                                           
  restraintmask='!:LIG & !@H=',                                                
 /                                                                             

--------------------------------------------------------------------------------
   1.  RESOURCE   USE: 
--------------------------------------------------------------------------------

| Flags:                                                                        
|    NONPERIODIC   ntb=0 and igb=0: Setting up nonperiodic simulation
|  *** cutoff > system size, list only builds once
|Largest sphere to fit in unit cell has radius =    66.561
| New format PARM file being parsed.
| Version =    1.000 Date = 12/21/25 Time = 22:20:46
 NATOM  =    8151 NTYPES =      21 NBONH =    4069 MBONA  =    4183
 NTHETH =    9319 MTHETA =    5658 NPHIH =   18618 MPHIA  =   17816
 NHPARM =       0 NPARM  =       0 NNB   =   45259 NRES   =     501
 NBONA  =    4183 NTHETA =    5658 NPHIA =   17816 NUMBND =      73
 NUMANG =     165 NPTRA  =     198 NATYP =      41 NPHB   =       0
 IFBOX  =       0 NMXRS  =      26 IFCAP =       0 NEXTRA =       0
 NCOPY  =       0


|     Memory Use     Allocated
|     Real             1424214
|     Hollerith          24956
|     Integer          1961323
|     Max Pairs       33215325
|     nblistReal         97812
|     nblist Int      10122032
|       Total           188936 kbytes

| Note: 1-4 EEL scale factors are being read from the topology file.

| Note: 1-4 VDW scale factors are being read from the topology file.
| Duplicated    0 dihedrals
| Duplicated    0 dihedrals

--------------------------------------------------------------------------------
   2.  CONTROL  DATA  FOR  THE  RUN
--------------------------------------------------------------------------------

default_name                                                                    

General flags:
     imin    =       1, nmropt  =       0

Nature and format of input:
     ntx     =       1, irest   =       0, ntrx    =       1

Nature and format of output:
     ntxo    =       2, ntpr    =      50, ntrx    =       1, ntwr    =       1
     iwrap   =       0, ntwx    =       0, ntwv    =       0, ntwe    =       0
     ioutfm  =       1, ntwprt  =       0, idecomp =       0, rbornstat=      0

Potential function:
     ntf     =       1, ntb     =       0, igb     =       0, nsnb    =      25
     ipol    =       0, gbsa    =       0, iesp    =       0
     dielc   =   1.00000, cut     = 999.00000, intdiel =   1.00000

Frozen or restrained atoms:
     ibelly  =       0, ntr     =       1
     restraint_wt =  10.00000

Energy minimization:
     maxcyc  =     500, ncyc    =     250, ntmin   =       1
     dx0     =   0.01000, drms    =   0.00010
|  INFO: Old style inpcrd file read


    LOADING THE CONSTRAINED ATOMS AS GROUPS


   5.  REFERENCE ATOM COORDINATES

  defa
     Mask !:LIG & !@H=; matches  4074 atoms

--------------------------------------------------------------------------------
   3.  ATOMIC COORDINATES AND VELOCITIES
--------------------------------------------------------------------------------

default_name                                                                    
 begin time read from input coords =     0.000 ps

 Number of triangulated 3-point waters found:        0

     Sum of charges from parm topology file =   0.99999883

--------------------------------------------------------------------------------
   4.  RESULTS
--------------------------------------------------------------------------------

 ---------------------------------------------------

     eedmeth=4: Setting switch to one everywhere

 ---------------------------------------------------
| Local SIZE OF NONBOND LIST =   33170488
| TOTAL SIZE OF NONBOND LIST =   33170488


   NSTEP       ENERGY          RMS            GMAX         NAME    NUMBER
      1      -7.0238E+03     1.1112E+02     9.1454E+03     H6       8149

 BOND    =      231.2246  ANGLE   =     1005.2398  DIHED      =     5702.5571
 VDWAALS =    -1877.8019  EEL     =   -36990.2324  HBOND      =        0.0000
 1-4 VDW =     1953.3393  1-4 EEL =    22951.8831  RESTRAINT  =        0.0000


   NSTEP       ENERGY          RMS            GMAX         NAME    NUMBER
     50      -1.0171E+04     2.0043E+00     1.6219E+02     C        3127

 BOND    =      222.2473  ANGLE   =      938.5517  DIHED      =     5720.3935
 VDWAALS =    -4228.5831  EEL     =   -37536.8301  HBOND      =        0.0000
 1-4 VDW =     1803.8261  1-4 EEL =    22837.3825  RESTRAINT  =       71.6047
 EAMBER  =   -10243.0122


   NSTEP       ENERGY          RMS            GMAX         NAME    NUMBER
    100      -1.0371E+04     1.0173E+00     1.9054E+01     NE2      1805

 BOND    =      219.6130  ANGLE   =      969.8582  DIHED      =     5733.0275
 VDWAALS =    -4268.7672  EEL     =   -37762.4714  HBOND      =        0.0000
 1-4 VDW =     1774.2421  1-4 EEL =    22841.6736  RESTRAINT  =      121.8468
 EAMBER  =   -10492.8243


   NSTEP       ENERGY          RMS            GMAX         NAME    NUMBER
    150      -1.0471E+04     3.2413E-01     1.4988E+01     HG1      5962

 BOND    =      219.7438  ANGLE   =      974.1624  DIHED      =     5740.7521
 VDWAALS =    -4285.7252  EEL     =   -37880.5784  HBOND      =        0.0000
 1-4 VDW =     1765.8310  1-4 EEL =    22841.9645  RESTRAINT  =      152.9582
 EAMBER  =   -10623.8499


   NSTEP       ENERGY          RMS            GMAX         NAME    NUMBER
    200      -1.0544E+04     2.6771E-01     1.2771E+01     HG       2366

 BOND    =      221.2367  ANGLE   =      979.5474  DIHED      =     5745.3831
 VDWAALS =    -4296.2646  EEL     =   -37971.4060  HBOND      =        0.0000
 1-4 VDW =     1761.0175  1-4 EEL =    22842.9150  RESTRAINT  =      173.9706
 EAMBER  =   -10717.5709


   NSTEP       ENERGY          RMS            GMAX         NAME    NUMBER
    250      -1.0594E+04     3.0500E-01     8.6259E+00     HG1      5847

 BOND    =      222.4163  ANGLE   =      982.0359  DIHED      =     5748.0786
 VDWAALS =    -4301.8337  EEL     =   -38036.6783  HBOND      =        0.0000
 1-4 VDW =     1758.7600  1-4 EEL =    22844.7629  RESTRAINT  =      188.3525
 EAMBER  =   -10782.4583


   NSTEP       ENERGY          RMS            GMAX         NAME    NUMBER
    300      -1.0672E+04     4.6555E-01     2.2592E+01     CD       5913

 BOND    =      225.6935  ANGLE   =      990.1202  DIHED      =     5762.3883
 VDWAALS =    -4316.8271  EEL     =   -38169.0982  HBOND      =        0.0000
 1-4 VDW =     1757.4637  1-4 EEL =    22841.3714  RESTRAINT  =      237.1766
 EAMBER  =   -10908.8882


   NSTEP       ENERGY          RMS            GMAX         NAME    NUMBER
    350      -1.0708E+04     5.9822E-01     3.3299E+01     OH       1109

 BOND    =      227.5368  ANGLE   =      992.6932  DIHED      =     5761.1093
 VDWAALS =    -4319.1578  EEL     =   -38220.7732  HBOND      =        0.0000
 1-4 VDW =     1757.2899  1-4 EEL =    22843.5208  RESTRAINT  =      250.1993
 EAMBER  =   -10957.7811


   NSTEP       ENERGY          RMS            GMAX         NAME    NUMBER
    400      -1.0734E+04     2.0142E-01     4.9195E+00     CE1      1106

 BOND    =      225.8446  ANGLE   =      989.5913  DIHED      =     5757.1414
 VDWAALS =    -4313.1423  EEL     =   -38248.6429  HBOND      =        0.0000
 1-4 VDW =     1758.2985  1-4 EEL =    22845.4728  RESTRAINT  =      251.9149
 EAMBER  =   -10985.4365


   NSTEP       ENERGY          RMS            GMAX         NAME    NUMBER
    450      -1.0742E+04     1.4340E-01     3.1836E+00     OH       1109

 BOND    =      225.4448  ANGLE   =      989.7910  DIHED      =     5754.5496
 VDWAALS =    -4314.6828  EEL     =   -38254.3769  HBOND      =        0.0000
 1-4 VDW =     1757.9358  1-4 EEL =    22846.0067  RESTRAINT  =      253.7241
 EAMBER  =   -10995.3318


   NSTEP       ENERGY          RMS            GMAX         NAME    NUMBER
    500      -1.0748E+04     1.7747E-01     5.0527E+00     HG       2221

 BOND    =      225.6092  ANGLE   =      990.4999  DIHED      =     5752.6358
 VDWAALS =    -4315.6501  EEL     =   -38259.9687  HBOND      =        0.0000
 1-4 VDW =     1757.9408  1-4 EEL =    22845.1235  RESTRAINT  =      255.5834
 EAMBER  =   -11003.8096


  Maximum number of minimization cycles reached.


                    FINAL RESULTS



   NSTEP       ENERGY          RMS            GMAX         NAME    NUMBER
    500      -1.0748E+04     1.7747E-01     5.0527E+00     HG       2221

 BOND    =      225.6092  ANGLE   =      990.4999  DIHED      =     5752.6358
 VDWAALS =    -4315.6501  EEL     =   -38259.9687  HBOND      =        0.0000
 1-4 VDW =     1757.9408  1-4 EEL =    22845.1235  RESTRAINT  =      255.5834
 EAMBER  =   -11003.8096

--------------------------------------------------------------------------------
   5.  TIMINGS
--------------------------------------------------------------------------------

|                Build the list             1.10 (99.81% of List )
|                Other                      0.00 ( 0.19% of List )
|             List time                  1.10 ( 0.09% of Nonbo)
|                   Short_ene time          1181.76 (100.0% of Direc)
|                Direct Ewald time       1181.81 (100.0% of Ewald)
|                Other                      0.75 ( 0.06% of Ewald)
|             Ewald time              1182.56 (100.0% of Nonbo)
|          Nonbond force           1183.66 (99.37% of Force)
|          Bond/Angle/Dihedral        7.44 ( 0.62% of Force)
|       Force time              1191.15 (100.0% of Runmd)
|    Runmd Time              1191.15 (99.42% of Total)
|    Other                      6.89 ( 0.58% of Total)
| Total time              1198.06 (100.0% of ALL  )

| Number of list builds   :          1

| Highest rstack allocated:      40720
| Highest istack allocated:       8144
|           Job began  at 22:20:46.418  on 12/21/2025
|           Setup done at 22:20:46.922  on 12/21/2025
|           Run   done at 22:40:44.474  on 12/21/2025
|     wallclock() was called   11535 times

|3D-RISM memory allocation summary
|Type          Maximum        Current   
|Integer       0.00000 GB     0.00000 GB
|Real          0.00000 GB     0.00000 GB
|Logical       0.00000 GB     0.00000 GB
|Character     0.00000 GB     0.00000 GB
|---------------------------------------
|Total         0.00000 GB     0.00000 GB
