
          -------------------------------------------------------
          Amber 22 SANDER                              2022
          -------------------------------------------------------

| Run on 12/21/2025 at 21:58:03

|   Executable path: /home/kiran/miniforge3/envs/amber_mmgbsa/bin/sander
| Working directory: /storage/kiran-stuff/aaRS/phase2/energy_scoring/mmgbsa_amber/jobs/anc_prors_edit_PHE
|          Hostname: boron

  [-O]verwriting output

File Assignments:
|  MDIN: min.in                                                                
| MDOUT: min.out                                                               
|INPCRD: complex.inpcrd                                                        
|  PARM: complex.prmtop                                                        
|RESTRT: min.rst                                                               
|  REFC: complex.inpcrd                                                        
| MDVEL: mdvel                                                                 
| MDFRC: mdfrc                                                                 
|  MDEN: mden                                                                  
| MDCRD: mdcrd                                                                 
|MDINFO: mdinfo                                                                
|  MTMD: mtmd                                                                  
|INPDIP: inpdip                                                                
|RSTDIP: rstdip                                                                
|INPTRA: inptraj                                                               


 Here is the input file:

Minimize                                                                       
 &cntrl                                                                        
  imin=1,                                                                      
  maxcyc=500,                                                                  
  ncyc=250,                                                                    
  ntb=0,                                                                       
  cut=999.0,                                                                   
  ntr=1,                                                                       
  restraint_wt=10.0,                                                           
  restraintmask='!:LIG & !@H=',                                                
 /                                                                             

--------------------------------------------------------------------------------
   1.  RESOURCE   USE: 
--------------------------------------------------------------------------------

| Flags:                                                                        
|    NONPERIODIC   ntb=0 and igb=0: Setting up nonperiodic simulation
|  *** cutoff > system size, list only builds once
|Largest sphere to fit in unit cell has radius =    51.378
| New format PARM file being parsed.
| Version =    1.000 Date = 12/21/25 Time = 21:58:03
 NATOM  =    4685 NTYPES =      21 NBONH =    2329 MBONA  =    2396
 NTHETH =    5361 MTHETA =    3239 NPHIH =   10620 MPHIA  =   10086
 NHPARM =       0 NPARM  =       0 NNB   =   25968 NRES   =     301
 NBONA  =    2396 NTHETA =    3239 NPHIA =   10086 NUMBND =      73
 NUMANG =     164 NPTRA  =     198 NATYP =      41 NPHB   =       0
 IFBOX  =       0 NMXRS  =      26 IFCAP =       0 NEXTRA =       0
 NCOPY  =       0


|     Memory Use     Allocated
|     Real             1139444
|     Hollerith          14358
|     Integer          1125992
|     Max Pairs       10972270
|     nblistReal         56220
|     nblist Int       6864502
|       Total            83470 kbytes

| Note: 1-4 EEL scale factors are being read from the topology file.

| Note: 1-4 VDW scale factors are being read from the topology file.
| Duplicated    0 dihedrals
| Duplicated    0 dihedrals

--------------------------------------------------------------------------------
   2.  CONTROL  DATA  FOR  THE  RUN
--------------------------------------------------------------------------------

default_name                                                                    

General flags:
     imin    =       1, nmropt  =       0

Nature and format of input:
     ntx     =       1, irest   =       0, ntrx    =       1

Nature and format of output:
     ntxo    =       2, ntpr    =      50, ntrx    =       1, ntwr    =       1
     iwrap   =       0, ntwx    =       0, ntwv    =       0, ntwe    =       0
     ioutfm  =       1, ntwprt  =       0, idecomp =       0, rbornstat=      0

Potential function:
     ntf     =       1, ntb     =       0, igb     =       0, nsnb    =      25
     ipol    =       0, gbsa    =       0, iesp    =       0
     dielc   =   1.00000, cut     = 999.00000, intdiel =   1.00000

Frozen or restrained atoms:
     ibelly  =       0, ntr     =       1
     restraint_wt =  10.00000

Energy minimization:
     maxcyc  =     500, ncyc    =     250, ntmin   =       1
     dx0     =   0.01000, drms    =   0.00010
|  INFO: Old style inpcrd file read


    LOADING THE CONSTRAINED ATOMS AS GROUPS


   5.  REFERENCE ATOM COORDINATES

  defa
     Mask !:LIG & !@H=; matches  2344 atoms

--------------------------------------------------------------------------------
   3.  ATOMIC COORDINATES AND VELOCITIES
--------------------------------------------------------------------------------

default_name                                                                    
 begin time read from input coords =     0.000 ps

 Number of triangulated 3-point waters found:        0

     Sum of charges from parm topology file = -33.99999906

--------------------------------------------------------------------------------
   4.  RESULTS
--------------------------------------------------------------------------------

 ---------------------------------------------------

     eedmeth=4: Setting switch to one everywhere

 ---------------------------------------------------
| Local SIZE OF NONBOND LIST =   10946536
| TOTAL SIZE OF NONBOND LIST =   10946536


   NSTEP       ENERGY          RMS            GMAX         NAME    NUMBER
      1       2.3650E+07     6.8891E+06     5.7554E+08     HE2      3647

 BOND    =      170.3599  ANGLE   =      630.9998  DIHED      =     3476.1631
 VDWAALS = 23644451.8258  EEL     =   -13742.7378  HBOND      =        0.0000
 1-4 VDW =     1164.8967  1-4 EEL =    14270.2879  RESTRAINT  =        0.0000


   NSTEP       ENERGY          RMS            GMAX         NAME    NUMBER
     50       4.0810E+03     1.4672E+00     3.5606E+01     CE1      3642

 BOND    =      151.0005  ANGLE   =      679.8831  DIHED      =     3474.0545
 VDWAALS =    -1632.8707  EEL     =   -13990.7986  HBOND      =        0.0000
 1-4 VDW =     1128.9899  1-4 EEL =    14184.8184  RESTRAINT  =       85.9300
 EAMBER  =     3995.0770


   NSTEP       ENERGY          RMS            GMAX         NAME    NUMBER
    100       3.8521E+03     1.5477E+00     3.6504E+01     CD       2510

 BOND    =      143.1829  ANGLE   =      656.3146  DIHED      =     3471.8286
 VDWAALS =    -1728.8823  EEL     =   -14137.7981  HBOND      =        0.0000
 1-4 VDW =     1100.4418  1-4 EEL =    14187.0543  RESTRAINT  =      159.9276
 EAMBER  =     3692.1418


   NSTEP       ENERGY          RMS            GMAX         NAME    NUMBER
    150       3.7733E+03     7.7663E-01     2.4269E+01     C        3594

 BOND    =      139.6714  ANGLE   =      650.4419  DIHED      =     3471.4235
 VDWAALS =    -1759.6655  EEL     =   -14204.9916  HBOND      =        0.0000
 1-4 VDW =     1089.9500  1-4 EEL =    14186.7910  RESTRAINT  =      199.7167
 EAMBER  =     3573.6208


   NSTEP       ENERGY          RMS            GMAX         NAME    NUMBER
    200       3.7352E+03     4.3021E-01     1.3516E+01     C        3594

 BOND    =      138.5851  ANGLE   =      647.8745  DIHED      =     3472.6682
 VDWAALS =    -1775.6315  EEL     =   -14243.2237  HBOND      =        0.0000
 1-4 VDW =     1084.6109  1-4 EEL =    14185.5176  RESTRAINT  =      224.8230
 EAMBER  =     3510.4010


   NSTEP       ENERGY          RMS            GMAX         NAME    NUMBER
    250       3.7125E+03     8.2820E-01     4.2183E+01     CD       1458

 BOND    =      139.3063  ANGLE   =      647.4457  DIHED      =     3473.8562
 VDWAALS =    -1787.3629  EEL     =   -14268.7491  HBOND      =        0.0000
 1-4 VDW =     1081.4024  1-4 EEL =    14184.7041  RESTRAINT  =      241.8931
 EAMBER  =     3470.6027


   NSTEP       ENERGY          RMS            GMAX         NAME    NUMBER
    300       3.6496E+03     6.1233E-01     2.2549E+01     CD       1498

 BOND    =      137.6131  ANGLE   =      648.0327  DIHED      =     3478.8930
 VDWAALS =    -1815.9527  EEL     =   -14350.4590  HBOND      =        0.0000
 1-4 VDW =     1076.6115  1-4 EEL =    14180.1332  RESTRAINT  =      294.7464
 EAMBER  =     3354.8718


   NSTEP       ENERGY          RMS            GMAX         NAME    NUMBER
    350       3.6244E+03     2.0851E-01     4.1775E+00     OH        532

 BOND    =      137.9514  ANGLE   =      646.5540  DIHED      =     3475.2544
 VDWAALS =    -1815.0410  EEL     =   -14374.6004  HBOND      =        0.0000
 1-4 VDW =     1075.1698  1-4 EEL =    14182.0039  RESTRAINT  =      297.1528
 EAMBER  =     3327.2922


   NSTEP       ENERGY          RMS            GMAX         NAME    NUMBER
    400       3.6133E+03     3.2538E-01     1.0469E+01     HG1       259

 BOND    =      138.3676  ANGLE   =      646.1454  DIHED      =     3471.8141
 VDWAALS =    -1817.3782  EEL     =   -14385.1224  HBOND      =        0.0000
 1-4 VDW =     1075.2420  1-4 EEL =    14182.6528  RESTRAINT  =      301.5867
 EAMBER  =     3311.7213


   NSTEP       ENERGY          RMS            GMAX         NAME    NUMBER
    450       3.6079E+03     3.3209E-01     7.9851E+00     CD       1458

 BOND    =      138.6621  ANGLE   =      644.0570  DIHED      =     3471.1557
 VDWAALS =    -1818.3222  EEL     =   -14388.6993  HBOND      =        0.0000
 1-4 VDW =     1074.3932  1-4 EEL =    14182.8795  RESTRAINT  =      303.7959
 EAMBER  =     3304.1259


   NSTEP       ENERGY          RMS            GMAX         NAME    NUMBER
    500       3.6027E+03     3.7093E-01     1.6032E+01     OG1       846

 BOND    =      137.8864  ANGLE   =      640.4580  DIHED      =     3472.8525
 VDWAALS =    -1821.7067  EEL     =   -14391.9369  HBOND      =        0.0000
 1-4 VDW =     1074.5035  1-4 EEL =    14182.1570  RESTRAINT  =      308.4711
 EAMBER  =     3294.2137


  Maximum number of minimization cycles reached.


                    FINAL RESULTS



   NSTEP       ENERGY          RMS            GMAX         NAME    NUMBER
    500       3.6027E+03     3.7093E-01     1.6032E+01     OG1       846

 BOND    =      137.8864  ANGLE   =      640.4580  DIHED      =     3472.8525
 VDWAALS =    -1821.7067  EEL     =   -14391.9369  HBOND      =        0.0000
 1-4 VDW =     1074.5035  1-4 EEL =    14182.1570  RESTRAINT  =      308.4711
 EAMBER  =     3294.2137

--------------------------------------------------------------------------------
   5.  TIMINGS
--------------------------------------------------------------------------------

|                Build the list             0.30 (99.60% of List )
|                Other                      0.00 ( 0.40% of List )
|             List time                  0.30 ( 0.07% of Nonbo)
|                   Short_ene time           440.06 (100.0% of Direc)
|                   Other                      0.03 ( 0.01% of Direc)
|                Direct Ewald time        440.09 (99.87% of Ewald)
|                Other                      0.56 ( 0.13% of Ewald)
|             Ewald time               440.65 (100.0% of Nonbo)
|          Nonbond force            440.95 (98.91% of Force)
|          Bond/Angle/Dihedral        4.83 ( 1.08% of Force)
|          Other                      0.02 ( 0.01% of Force)
|       Force time               445.81 (100.0% of Runmd)
|    Runmd Time               445.81 (98.42% of Total)
|    Other                      7.13 ( 1.57% of Total)
| Total time               452.94 (100.0% of ALL  )

| Number of list builds   :          1

| Highest rstack allocated:      23385
| Highest istack allocated:       4677
|           Job began  at 21:58:03.481  on 12/21/2025
|           Setup done at 21:58:03.688  on 12/21/2025
|           Run   done at 22:05:36.426  on 12/21/2025
|     wallclock() was called   11535 times

|3D-RISM memory allocation summary
|Type          Maximum        Current   
|Integer       0.00000 GB     0.00000 GB
|Real          0.00000 GB     0.00000 GB
|Logical       0.00000 GB     0.00000 GB
|Character     0.00000 GB     0.00000 GB
|---------------------------------------
|Total         0.00000 GB     0.00000 GB
