
          -------------------------------------------------------
          Amber 22 SANDER                              2022
          -------------------------------------------------------

| Run on 12/21/2025 at 21:58:05

|   Executable path: /home/kiran/miniforge3/envs/amber_mmgbsa/bin/sander
| Working directory: /storage/kiran-stuff/aaRS/phase2/energy_scoring/mmgbsa_amber/jobs/anc_prors_cat_CYS
|          Hostname: boron

  [-O]verwriting output

File Assignments:
|  MDIN: min.in                                                                
| MDOUT: min.out                                                               
|INPCRD: complex.inpcrd                                                        
|  PARM: complex.prmtop                                                        
|RESTRT: min.rst                                                               
|  REFC: complex.inpcrd                                                        
| MDVEL: mdvel                                                                 
| MDFRC: mdfrc                                                                 
|  MDEN: mden                                                                  
| MDCRD: mdcrd                                                                 
|MDINFO: mdinfo                                                                
|  MTMD: mtmd                                                                  
|INPDIP: inpdip                                                                
|RSTDIP: rstdip                                                                
|INPTRA: inptraj                                                               


 Here is the input file:

Minimize                                                                       
 &cntrl                                                                        
  imin=1,                                                                      
  maxcyc=500,                                                                  
  ncyc=250,                                                                    
  ntb=0,                                                                       
  cut=999.0,                                                                   
  ntr=1,                                                                       
  restraint_wt=10.0,                                                           
  restraintmask='!:LIG & !@H=',                                                
 /                                                                             

--------------------------------------------------------------------------------
   1.  RESOURCE   USE: 
--------------------------------------------------------------------------------

| Flags:                                                                        
|    NONPERIODIC   ntb=0 and igb=0: Setting up nonperiodic simulation
|  *** cutoff > system size, list only builds once
|Largest sphere to fit in unit cell has radius =    64.206
| New format PARM file being parsed.
| Version =    1.000 Date = 12/21/25 Time = 21:58:05
 NATOM  =    8174 NTYPES =      22 NBONH =    4110 MBONA  =    4161
 NTHETH =    9415 MTHETA =    5625 NPHIH =   18718 MPHIA  =   17569
 NHPARM =       0 NPARM  =       0 NNB   =   45440 NRES   =     501
 NBONA  =    4161 NTHETA =    5625 NPHIA =   17569 NUMBND =      74
 NUMANG =     166 NPTRA  =     195 NATYP =      42 NPHB   =       0
 IFBOX  =       0 NMXRS  =      24 IFCAP =       0 NEXTRA =       0
 NCOPY  =       0


|     Memory Use     Allocated
|     Real             1425969
|     Hollerith          25025
|     Integer          1956979
|     Max Pairs       33403051
|     nblistReal         98088
|     nblist Int       9117957
|       Total           185746 kbytes

| Note: 1-4 EEL scale factors are being read from the topology file.

| Note: 1-4 VDW scale factors are being read from the topology file.
| Duplicated    0 dihedrals
| Duplicated    0 dihedrals

--------------------------------------------------------------------------------
   2.  CONTROL  DATA  FOR  THE  RUN
--------------------------------------------------------------------------------

default_name                                                                    

General flags:
     imin    =       1, nmropt  =       0

Nature and format of input:
     ntx     =       1, irest   =       0, ntrx    =       1

Nature and format of output:
     ntxo    =       2, ntpr    =      50, ntrx    =       1, ntwr    =       1
     iwrap   =       0, ntwx    =       0, ntwv    =       0, ntwe    =       0
     ioutfm  =       1, ntwprt  =       0, idecomp =       0, rbornstat=      0

Potential function:
     ntf     =       1, ntb     =       0, igb     =       0, nsnb    =      25
     ipol    =       0, gbsa    =       0, iesp    =       0
     dielc   =   1.00000, cut     = 999.00000, intdiel =   1.00000

Frozen or restrained atoms:
     ibelly  =       0, ntr     =       1
     restraint_wt =  10.00000

Energy minimization:
     maxcyc  =     500, ncyc    =     250, ntmin   =       1
     dx0     =   0.01000, drms    =   0.00010
|  INFO: Old style inpcrd file read


    LOADING THE CONSTRAINED ATOMS AS GROUPS


   5.  REFERENCE ATOM COORDINATES

  defa
     Mask !:LIG & !@H=; matches  4057 atoms

--------------------------------------------------------------------------------
   3.  ATOMIC COORDINATES AND VELOCITIES
--------------------------------------------------------------------------------

default_name                                                                    
 begin time read from input coords =     0.000 ps

 Number of triangulated 3-point waters found:        0

     Sum of charges from parm topology file =   4.99999983

--------------------------------------------------------------------------------
   4.  RESULTS
--------------------------------------------------------------------------------

 ---------------------------------------------------

     eedmeth=4: Setting switch to one everywhere

 ---------------------------------------------------
| Local SIZE OF NONBOND LIST =   33358024
| TOTAL SIZE OF NONBOND LIST =   33358024


   NSTEP       ENERGY          RMS            GMAX         NAME    NUMBER
      1       1.5672E+07     1.6583E+06     1.7679E+08     OH       3182

 BOND    =      224.9117  ANGLE   =      986.7839  DIHED      =     5587.3110
 VDWAALS = 15677041.5651  EEL     =   -36959.4212  HBOND      =        0.0000
 1-4 VDW =     1887.9222  1-4 EEL =    23197.4792  RESTRAINT  =        0.0000


   NSTEP       ENERGY          RMS            GMAX         NAME    NUMBER
     50      -9.6412E+03     1.2456E+00     7.4922E+01     OH       3182

 BOND    =      230.3777  ANGLE   =      907.2198  DIHED      =     5594.0797
 VDWAALS =    -4041.7587  EEL     =   -37330.2403  HBOND      =        0.0000
 1-4 VDW =     1807.9448  1-4 EEL =    23116.1013  RESTRAINT  =       75.1049
 EAMBER  =    -9716.2757


   NSTEP       ENERGY          RMS            GMAX         NAME    NUMBER
    100      -9.9186E+03     9.9485E-01     5.2968E+01     OH       3182

 BOND    =      229.1627  ANGLE   =      913.5727  DIHED      =     5602.9644
 VDWAALS =    -4131.0879  EEL     =   -37587.7015  HBOND      =        0.0000
 1-4 VDW =     1779.4201  1-4 EEL =    23139.9186  RESTRAINT  =      135.1372
 EAMBER  =   -10053.7509


   NSTEP       ENERGY          RMS            GMAX         NAME    NUMBER
    150      -1.0016E+04     4.5788E-01     2.6236E+01     CD       1493

 BOND    =      229.1016  ANGLE   =      916.8308  DIHED      =     5610.1127
 VDWAALS =    -4154.0501  EEL     =   -37701.5503  HBOND      =        0.0000
 1-4 VDW =     1771.7008  1-4 EEL =    23145.9399  RESTRAINT  =      166.3091
 EAMBER  =   -10181.9145


   NSTEP       ENERGY          RMS            GMAX         NAME    NUMBER
    200      -1.0071E+04     2.8138E-01     1.0902E+01     HG       2667

 BOND    =      229.2170  ANGLE   =      922.3257  DIHED      =     5615.9759
 VDWAALS =    -4166.6516  EEL     =   -37773.1316  HBOND      =        0.0000
 1-4 VDW =     1767.9208  1-4 EEL =    23146.2699  RESTRAINT  =      187.1351
 EAMBER  =   -10258.0740


   NSTEP       ENERGY          RMS            GMAX         NAME    NUMBER
    250      -1.0113E+04     5.3396E-01     2.5471E+01     CD1      3177

 BOND    =      230.4088  ANGLE   =      926.5161  DIHED      =     5619.6622
 VDWAALS =    -4173.7892  EEL     =   -37831.3626  HBOND      =        0.0000
 1-4 VDW =     1766.0873  1-4 EEL =    23146.4343  RESTRAINT  =      202.5883
 EAMBER  =   -10316.0433


   NSTEP       ENERGY          RMS            GMAX         NAME    NUMBER
    300      -1.0217E+04     3.7973E-01     1.1956E+01     CG2      4070

 BOND    =      232.6780  ANGLE   =      933.8326  DIHED      =     5633.2961
 VDWAALS =    -4187.8560  EEL     =   -37994.9071  HBOND      =        0.0000
 1-4 VDW =     1764.7869  1-4 EEL =    23152.7913  RESTRAINT  =      248.8549
 EAMBER  =   -10465.3781


   NSTEP       ENERGY          RMS            GMAX         NAME    NUMBER
    350      -1.0253E+04     2.6119E-01     7.3544E+00     CG2      6268

 BOND    =      232.8541  ANGLE   =      932.8875  DIHED      =     5631.9476
 VDWAALS =    -4190.3260  EEL     =   -38036.4650  HBOND      =        0.0000
 1-4 VDW =     1765.3474  1-4 EEL =    23153.2080  RESTRAINT  =      257.3735
 EAMBER  =   -10510.5464


   NSTEP       ENERGY          RMS            GMAX         NAME    NUMBER
    400      -1.0273E+04     2.1215E-01     5.4772E+00     HG       2533

 BOND    =      233.4516  ANGLE   =      932.8200  DIHED      =     5628.6860
 VDWAALS =    -4192.2106  EEL     =   -38058.5904  HBOND      =        0.0000
 1-4 VDW =     1765.6847  1-4 EEL =    23155.9895  RESTRAINT  =      261.0851
 EAMBER  =   -10534.1691


   NSTEP       ENERGY          RMS            GMAX         NAME    NUMBER
    450      -1.0288E+04     2.8427E-01     6.6422E+00     CG2      6268

 BOND    =      233.8819  ANGLE   =      932.3386  DIHED      =     5626.6097
 VDWAALS =    -4194.9685  EEL     =   -38071.7687  HBOND      =        0.0000
 1-4 VDW =     1766.0481  1-4 EEL =    23156.9723  RESTRAINT  =      263.1981
 EAMBER  =   -10550.8866


   NSTEP       ENERGY          RMS            GMAX         NAME    NUMBER
    500      -1.0303E+04     2.4451E-01     5.3544E+00     CD       1493

 BOND    =      234.4157  ANGLE   =      931.9817  DIHED      =     5623.9695
 VDWAALS =    -4193.2411  EEL     =   -38085.8607  HBOND      =        0.0000
 1-4 VDW =     1765.9007  1-4 EEL =    23157.3157  RESTRAINT  =      262.9432
 EAMBER  =   -10565.5185


  Maximum number of minimization cycles reached.


                    FINAL RESULTS



   NSTEP       ENERGY          RMS            GMAX         NAME    NUMBER
    500      -1.0303E+04     2.4451E-01     5.3544E+00     CD       1493

 BOND    =      234.4157  ANGLE   =      931.9817  DIHED      =     5623.9695
 VDWAALS =    -4193.2411  EEL     =   -38085.8607  HBOND      =        0.0000
 1-4 VDW =     1765.9007  1-4 EEL =    23157.3157  RESTRAINT  =      262.9432
 EAMBER  =   -10565.5185

--------------------------------------------------------------------------------
   5.  TIMINGS
--------------------------------------------------------------------------------

|                Build the list             1.58 (100.0% of List )
|                Other                      0.00 ( 0.10% of List )
|             List time                  1.58 ( 0.12% of Nonbo)
|                   Short_ene time          1314.81 (100.0% of Direc)
|                Direct Ewald time       1314.87 (100.0% of Ewald)
|                Other                      0.83 ( 0.06% of Ewald)
|             Ewald time              1315.69 (99.88% of Nonbo)
|          Nonbond force           1317.27 (99.33% of Force)
|          Bond/Angle/Dihedral        8.85 ( 0.67% of Force)
|          Other                      0.07 ( 0.01% of Force)
|       Force time              1326.20 (100.0% of Runmd)
|    Runmd Time              1326.20 (99.34% of Total)
|    Other                      8.83 ( 0.66% of Total)
| Total time              1335.04 (100.0% of ALL  )

| Number of list builds   :          1

| Highest rstack allocated:      40835
| Highest istack allocated:       8167
|           Job began  at 21:58:05.607  on 12/21/2025
|           Setup done at 21:58:06.196  on 12/21/2025
|           Run   done at 22:20:20.652  on 12/21/2025
|     wallclock() was called   11535 times

|3D-RISM memory allocation summary
|Type          Maximum        Current   
|Integer       0.00000 GB     0.00000 GB
|Real          0.00000 GB     0.00000 GB
|Logical       0.00000 GB     0.00000 GB
|Character     0.00000 GB     0.00000 GB
|---------------------------------------
|Total         0.00000 GB     0.00000 GB
