
          -------------------------------------------------------
          Amber 22 SANDER                              2022
          -------------------------------------------------------

| Run on 12/21/2025 at 22:21:27

|   Executable path: /home/kiran/miniforge3/envs/amber_mmgbsa/bin/sander
| Working directory: /storage/kiran-stuff/aaRS/phase2/energy_scoring/mmgbsa_amber/jobs/modern_thrrs_MET
|          Hostname: boron

  [-O]verwriting output

File Assignments:
|  MDIN: min.in                                                                
| MDOUT: min.out                                                               
|INPCRD: complex.inpcrd                                                        
|  PARM: complex.prmtop                                                        
|RESTRT: min.rst                                                               
|  REFC: complex.inpcrd                                                        
| MDVEL: mdvel                                                                 
| MDFRC: mdfrc                                                                 
|  MDEN: mden                                                                  
| MDCRD: mdcrd                                                                 
|MDINFO: mdinfo                                                                
|  MTMD: mtmd                                                                  
|INPDIP: inpdip                                                                
|RSTDIP: rstdip                                                                
|INPTRA: inptraj                                                               


 Here is the input file:

Minimize                                                                       
 &cntrl                                                                        
  imin=1,                                                                      
  maxcyc=500,                                                                  
  ncyc=250,                                                                    
  ntb=0,                                                                       
  cut=999.0,                                                                   
  ntr=1,                                                                       
  restraint_wt=10.0,                                                           
  restraintmask='!:LIG & !@H=',                                                
 /                                                                             

--------------------------------------------------------------------------------
   1.  RESOURCE   USE: 
--------------------------------------------------------------------------------

| Flags:                                                                        
|    NONPERIODIC   ntb=0 and igb=0: Setting up nonperiodic simulation
|  *** cutoff > system size, list only builds once
|Largest sphere to fit in unit cell has radius =    71.422
| New format PARM file being parsed.
| Version =    1.000 Date = 12/21/25 Time = 22:21:27
 NATOM  =   10328 NTYPES =      22 NBONH =    5198 MBONA  =    5219
 NTHETH =   11895 MTHETA =    7059 NPHIH =   23568 MPHIA  =   22345
 NHPARM =       0 NPARM  =       0 NNB   =   57175 NRES   =     664
 NBONA  =    5219 NTHETA =    7059 NPHIA =   22345 NUMBND =      74
 NUMANG =     168 NPTRA  =     198 NATYP =      42 NPHB   =       0
 IFBOX  =       0 NMXRS  =      24 IFCAP =       0 NEXTRA =       0
 NCOPY  =       0


|     Memory Use     Allocated
|     Real             1603456
|     Hollerith          31650
|     Integer          2468153
|     Max Pairs       53328628
|     nblistReal        123936
|     nblist Int      16065144
|       Total           294329 kbytes

| Note: 1-4 EEL scale factors are being read from the topology file.

| Note: 1-4 VDW scale factors are being read from the topology file.
| Duplicated    0 dihedrals
| Duplicated    0 dihedrals

--------------------------------------------------------------------------------
   2.  CONTROL  DATA  FOR  THE  RUN
--------------------------------------------------------------------------------

default_name                                                                    

General flags:
     imin    =       1, nmropt  =       0

Nature and format of input:
     ntx     =       1, irest   =       0, ntrx    =       1

Nature and format of output:
     ntxo    =       2, ntpr    =      50, ntrx    =       1, ntwr    =       1
     iwrap   =       0, ntwx    =       0, ntwv    =       0, ntwe    =       0
     ioutfm  =       1, ntwprt  =       0, idecomp =       0, rbornstat=      0

Potential function:
     ntf     =       1, ntb     =       0, igb     =       0, nsnb    =      25
     ipol    =       0, gbsa    =       0, iesp    =       0
     dielc   =   1.00000, cut     = 999.00000, intdiel =   1.00000

Frozen or restrained atoms:
     ibelly  =       0, ntr     =       1
     restraint_wt =  10.00000

Energy minimization:
     maxcyc  =     500, ncyc    =     250, ntmin   =       1
     dx0     =   0.01000, drms    =   0.00010
|  INFO: Old style inpcrd file read


    LOADING THE CONSTRAINED ATOMS AS GROUPS


   5.  REFERENCE ATOM COORDINATES

  defa
     Mask !:LIG & !@H=; matches  5121 atoms

--------------------------------------------------------------------------------
   3.  ATOMIC COORDINATES AND VELOCITIES
--------------------------------------------------------------------------------

default_name                                                                    
 begin time read from input coords =     0.000 ps

 Number of triangulated 3-point waters found:        0

     Sum of charges from parm topology file = -16.99999828

--------------------------------------------------------------------------------
   4.  RESULTS
--------------------------------------------------------------------------------

 ---------------------------------------------------

     eedmeth=4: Setting switch to one everywhere

 ---------------------------------------------------
| Local SIZE OF NONBOND LIST =   53271955
| TOTAL SIZE OF NONBOND LIST =   53271955


   NSTEP       ENERGY          RMS            GMAX         NAME    NUMBER
      1       7.9248E+05     4.9861E+04     4.4000E+06     O         609

 BOND    =      327.6260  ANGLE   =     1182.5655  DIHED      =     7797.6931
 VDWAALS =   798718.4526  EEL     =   -45100.1191  HBOND      =        0.0000
 1-4 VDW =     2520.8317  1-4 EEL =    27037.4476  RESTRAINT  =        0.0000


   NSTEP       ENERGY          RMS            GMAX         NAME    NUMBER
     50      -1.0302E+04     3.9953E+00     1.6723E+02     C        1026

 BOND    =      399.4818  ANGLE   =     1328.4327  DIHED      =     7809.8404
 VDWAALS =    -3855.7311  EEL     =   -45418.7249  HBOND      =        0.0000
 1-4 VDW =     2444.9387  1-4 EEL =    26831.3292  RESTRAINT  =      157.9895
 EAMBER  =   -10460.4332


   NSTEP       ENERGY          RMS            GMAX         NAME    NUMBER
    100      -1.0894E+04     5.1575E-01     1.1731E+01     NZ       1241

 BOND    =      314.6631  ANGLE   =     1269.7625  DIHED      =     7823.1424
 VDWAALS =    -4111.4417  EEL     =   -45690.3464  HBOND      =        0.0000
 1-4 VDW =     2376.6976  1-4 EEL =    26836.3504  RESTRAINT  =      287.1479
 EAMBER  =   -11181.1721


   NSTEP       ENERGY          RMS            GMAX         NAME    NUMBER
    150      -1.1071E+04     1.5842E+00     1.3320E+02     CG       9502

 BOND    =      318.8454  ANGLE   =     1257.1643  DIHED      =     7834.1465
 VDWAALS =    -4200.7613  EEL     =   -45835.9452  HBOND      =        0.0000
 1-4 VDW =     2352.6475  1-4 EEL =    26840.8768  RESTRAINT  =      362.2027
 EAMBER  =   -11433.0261


   NSTEP       ENERGY          RMS            GMAX         NAME    NUMBER
    200      -1.1193E+04     7.9446E-01     3.3378E+01     CG       9502

 BOND    =      309.3189  ANGLE   =     1252.3982  DIHED      =     7836.8084
 VDWAALS =    -4247.0348  EEL     =   -45935.4447  HBOND      =        0.0000
 1-4 VDW =     2339.6272  1-4 EEL =    26840.8891  RESTRAINT  =      409.9490
 EAMBER  =   -11603.4377


   NSTEP       ENERGY          RMS            GMAX         NAME    NUMBER
    250      -1.1272E+04     4.3010E-01     8.3454E+00     C         608

 BOND    =      306.8771  ANGLE   =     1246.4469  DIHED      =     7838.2323
 VDWAALS =    -4274.6111  EEL     =   -46004.7575  HBOND      =        0.0000
 1-4 VDW =     2332.1633  1-4 EEL =    26839.6046  RESTRAINT  =      443.6049
 EAMBER  =   -11716.0444


   NSTEP       ENERGY          RMS            GMAX         NAME    NUMBER
    300      -1.1429E+04     3.2645E-01     1.2687E+01     CG       9502

 BOND    =      304.9880  ANGLE   =     1242.8916  DIHED      =     7848.8783
 VDWAALS =    -4341.4227  EEL     =   -46177.5562  HBOND      =        0.0000
 1-4 VDW =     2319.7452  1-4 EEL =    26827.0804  RESTRAINT  =      546.3717
 EAMBER  =   -11975.3954


   NSTEP       ENERGY          RMS            GMAX         NAME    NUMBER
    350      -1.1469E+04     2.8976E-01     6.9990E+00     HB2      2411

 BOND    =      305.3585  ANGLE   =     1243.8324  DIHED      =     7850.7622
 VDWAALS =    -4348.2108  EEL     =   -46223.3820  HBOND      =        0.0000
 1-4 VDW =     2318.4780  1-4 EEL =    26825.1310  RESTRAINT  =      559.1226
 EAMBER  =   -12028.0308


   NSTEP       ENERGY          RMS            GMAX         NAME    NUMBER
    400      -1.1490E+04     1.5150E-01     3.4158E+00     O        2416

 BOND    =      305.0414  ANGLE   =     1241.9544  DIHED      =     7848.1074
 VDWAALS =    -4351.4533  EEL     =   -46238.9884  HBOND      =        0.0000
 1-4 VDW =     2318.3779  1-4 EEL =    26822.0904  RESTRAINT  =      564.9847
 EAMBER  =   -12054.8702


   NSTEP       ENERGY          RMS            GMAX         NAME    NUMBER
    450      -1.1499E+04     1.8143E-01     6.0625E+00     HG1     10158

 BOND    =      305.1477  ANGLE   =     1241.9378  DIHED      =     7845.3367
 VDWAALS =    -4355.4989  EEL     =   -46243.6651  HBOND      =        0.0000
 1-4 VDW =     2318.3568  1-4 EEL =    26820.2613  RESTRAINT  =      568.8885
 EAMBER  =   -12068.1238


   NSTEP       ENERGY          RMS            GMAX         NAME    NUMBER
    500      -1.1507E+04     1.1777E-01     6.1241E+00     OG1     10157

 BOND    =      304.5484  ANGLE   =     1240.8560  DIHED      =     7843.7616
 VDWAALS =    -4357.6313  EEL     =   -46250.1561  HBOND      =        0.0000
 1-4 VDW =     2318.3739  1-4 EEL =    26821.8123  RESTRAINT  =      571.0915
 EAMBER  =   -12078.4352


  Maximum number of minimization cycles reached.


                    FINAL RESULTS



   NSTEP       ENERGY          RMS            GMAX         NAME    NUMBER
    500      -1.1507E+04     1.1777E-01     6.1241E+00     OG1     10157

 BOND    =      304.5484  ANGLE   =     1240.8560  DIHED      =     7843.7616
 VDWAALS =    -4357.6313  EEL     =   -46250.1561  HBOND      =        0.0000
 1-4 VDW =     2318.3739  1-4 EEL =    26821.8123  RESTRAINT  =      571.0915
 EAMBER  =   -12078.4352

--------------------------------------------------------------------------------
   5.  TIMINGS
--------------------------------------------------------------------------------

|                Build the list             2.06 (99.88% of List )
|                Other                      0.00 ( 0.12% of List )
|             List time                  2.06 ( 0.11% of Nonbo)
|                   Short_ene time          1859.70 (100.0% of Direc)
|                Direct Ewald time       1859.77 (100.0% of Ewald)
|                Other                      0.98 ( 0.05% of Ewald)
|             Ewald time              1860.76 (99.89% of Nonbo)
|          Nonbond force           1862.82 (99.48% of Force)
|          Bond/Angle/Dihedral        9.65 ( 0.52% of Force)
|          Other                      0.12 ( 0.01% of Force)
|       Force time              1872.60 (100.0% of Runmd)
|    Runmd Time              1872.60 (99.59% of Total)
|    Other                      7.75 ( 0.41% of Total)
| Total time              1880.38 (100.0% of ALL  )

| Number of list builds   :          1

| Highest rstack allocated:      51595
| Highest istack allocated:      10319
|           Job began  at 22:21:27.381  on 12/21/2025
|           Setup done at 22:21:28.018  on 12/21/2025
|           Run   done at 22:52:47.760  on 12/21/2025
|     wallclock() was called   11535 times

|3D-RISM memory allocation summary
|Type          Maximum        Current   
|Integer       0.00000 GB     0.00000 GB
|Real          0.00000 GB     0.00000 GB
|Logical       0.00000 GB     0.00000 GB
|Character     0.00000 GB     0.00000 GB
|---------------------------------------
|Total         0.00000 GB     0.00000 GB
