
          -------------------------------------------------------
          Amber 22 SANDER                              2022
          -------------------------------------------------------

| Run on 12/21/2025 at 22:05:33

|   Executable path: /home/kiran/miniforge3/envs/amber_mmgbsa/bin/sander
| Working directory: /storage/kiran-stuff/aaRS/phase2/energy_scoring/mmgbsa_amber/jobs/anc_thrrs_cat_zn_GLN
|          Hostname: boron

  [-O]verwriting output

File Assignments:
|  MDIN: min.in                                                                
| MDOUT: min.out                                                               
|INPCRD: complex.inpcrd                                                        
|  PARM: complex.prmtop                                                        
|RESTRT: min.rst                                                               
|  REFC: complex.inpcrd                                                        
| MDVEL: mdvel                                                                 
| MDFRC: mdfrc                                                                 
|  MDEN: mden                                                                  
| MDCRD: mdcrd                                                                 
|MDINFO: mdinfo                                                                
|  MTMD: mtmd                                                                  
|INPDIP: inpdip                                                                
|RSTDIP: rstdip                                                                
|INPTRA: inptraj                                                               


 Here is the input file:

Minimize                                                                       
 &cntrl                                                                        
  imin=1,                                                                      
  maxcyc=500,                                                                  
  ncyc=250,                                                                    
  ntb=0,                                                                       
  cut=999.0,                                                                   
  ntr=1,                                                                       
  restraint_wt=10.0,                                                           
  restraintmask='!:LIG & !@H=',                                                
 /                                                                             

--------------------------------------------------------------------------------
   1.  RESOURCE   USE: 
--------------------------------------------------------------------------------

| Flags:                                                                        
|    NONPERIODIC   ntb=0 and igb=0: Setting up nonperiodic simulation
|  *** cutoff > system size, list only builds once
|Largest sphere to fit in unit cell has radius =    51.440
| New format PARM file being parsed.
| Version =    1.000 Date = 12/21/25 Time = 22:05:32
 NATOM  =    4423 NTYPES =      22 NBONH =    2162 MBONA  =    2310
 NTHETH =    4912 MTHETA =    3127 NPHIH =   10146 MPHIA  =    9722
 NHPARM =       0 NPARM  =       0 NNB   =   24352 NRES   =     280
 NBONA  =    2310 NTHETA =    3127 NPHIA =    9722 NUMBND =      73
 NUMANG =     165 NPTRA  =     198 NATYP =      42 NPHB   =       0
 IFBOX  =       0 NMXRS  =      24 IFCAP =       0 NEXTRA =       0
 NCOPY  =       0


|     Memory Use     Allocated
|     Real             1117826
|     Hollerith          13551
|     Integer          1076072
|     Max Pairs        9779253
|     nblistReal         53076
|     nblist Int       5474817
|       Total            72990 kbytes

| Note: 1-4 EEL scale factors are being read from the topology file.

| Note: 1-4 VDW scale factors are being read from the topology file.
| Duplicated    0 dihedrals
| Duplicated    0 dihedrals

--------------------------------------------------------------------------------
   2.  CONTROL  DATA  FOR  THE  RUN
--------------------------------------------------------------------------------

default_name                                                                    

General flags:
     imin    =       1, nmropt  =       0

Nature and format of input:
     ntx     =       1, irest   =       0, ntrx    =       1

Nature and format of output:
     ntxo    =       2, ntpr    =      50, ntrx    =       1, ntwr    =       1
     iwrap   =       0, ntwx    =       0, ntwv    =       0, ntwe    =       0
     ioutfm  =       1, ntwprt  =       0, idecomp =       0, rbornstat=      0

Potential function:
     ntf     =       1, ntb     =       0, igb     =       0, nsnb    =      25
     ipol    =       0, gbsa    =       0, iesp    =       0
     dielc   =   1.00000, cut     = 999.00000, intdiel =   1.00000

Frozen or restrained atoms:
     ibelly  =       0, ntr     =       1
     restraint_wt =  10.00000

Energy minimization:
     maxcyc  =     500, ncyc    =     250, ntmin   =       1
     dx0     =   0.01000, drms    =   0.00010
|  INFO: Old style inpcrd file read


    LOADING THE CONSTRAINED ATOMS AS GROUPS


   5.  REFERENCE ATOM COORDINATES

  defa
     Mask !:LIG & !@H=; matches  2251 atoms

--------------------------------------------------------------------------------
   3.  ATOMIC COORDINATES AND VELOCITIES
--------------------------------------------------------------------------------

default_name                                                                    
 begin time read from input coords =     0.000 ps

 Number of triangulated 3-point waters found:        0

     Sum of charges from parm topology file = -13.00000107

--------------------------------------------------------------------------------
   4.  RESULTS
--------------------------------------------------------------------------------

 ---------------------------------------------------

     eedmeth=4: Setting switch to one everywhere

 ---------------------------------------------------
| Local SIZE OF NONBOND LIST =    9755134
| TOTAL SIZE OF NONBOND LIST =    9755134


   NSTEP       ENERGY          RMS            GMAX         NAME    NUMBER
      1      -4.2765E+03     8.1208E+01     4.7609E+03     HE1      2983

 BOND    =      167.0954  ANGLE   =      629.1590  DIHED      =     3203.6873
 VDWAALS =     -379.0322  EEL     =   -18384.7642  HBOND      =        0.0000
 1-4 VDW =     1044.2746  1-4 EEL =     9443.0782  RESTRAINT  =        0.0000


   NSTEP       ENERGY          RMS            GMAX         NAME    NUMBER
     50      -6.5019E+03     8.2964E-01     2.6293E+01     HG       2261

 BOND    =      141.3596  ANGLE   =      593.1600  DIHED      =     3215.6185
 VDWAALS =    -2031.3213  EEL     =   -18833.6722  HBOND      =        0.0000
 1-4 VDW =      993.1245  1-4 EEL =     9367.7824  RESTRAINT  =       52.0881
 EAMBER  =    -6553.9486


   NSTEP       ENERGY          RMS            GMAX         NAME    NUMBER
    100      -6.6613E+03     5.0977E-01     1.8312E+01     CD       3800

 BOND    =      142.6786  ANGLE   =      594.5257  DIHED      =     3218.9530
 VDWAALS =    -2060.1387  EEL     =   -19001.9109  HBOND      =        0.0000
 1-4 VDW =      980.9576  1-4 EEL =     9377.3477  RESTRAINT  =       86.2407
 EAMBER  =    -6747.5870


   NSTEP       ENERGY          RMS            GMAX         NAME    NUMBER
    150      -6.7235E+03     1.0092E+00     6.3022E+01     CD       3800

 BOND    =      144.4462  ANGLE   =      596.3048  DIHED      =     3222.0834
 VDWAALS =    -2075.2097  EEL     =   -19077.9760  HBOND      =        0.0000
 1-4 VDW =      976.7514  1-4 EEL =     9379.7571  RESTRAINT  =      110.2963
 EAMBER  =    -6833.8428


   NSTEP       ENERGY          RMS            GMAX         NAME    NUMBER
    200      -6.7594E+03     3.8980E-01     1.5932E+01     CD       3800

 BOND    =      144.0807  ANGLE   =      596.7707  DIHED      =     3225.7397
 VDWAALS =    -2085.3515  EEL     =   -19123.3866  HBOND      =        0.0000
 1-4 VDW =      974.9592  1-4 EEL =     9380.6504  RESTRAINT  =      127.1531
 EAMBER  =    -6886.5373


   NSTEP       ENERGY          RMS            GMAX         NAME    NUMBER
    250      -6.7800E+03     2.4553E-01     9.9625E+00     CZ        465

 BOND    =      143.7397  ANGLE   =      597.4600  DIHED      =     3229.8666
 VDWAALS =    -2091.4493  EEL     =   -19154.3999  HBOND      =        0.0000
 1-4 VDW =      974.2201  1-4 EEL =     9380.9927  RESTRAINT  =      139.5923
 EAMBER  =    -6919.5701


   NSTEP       ENERGY          RMS            GMAX         NAME    NUMBER
    300      -6.8505E+03     5.3872E-01     2.2164E+01     OG        333

 BOND    =      145.5766  ANGLE   =      597.8906  DIHED      =     3240.3461
 VDWAALS =    -2104.9499  EEL     =   -19264.3870  HBOND      =        0.0000
 1-4 VDW =      973.8041  1-4 EEL =     9376.0827  RESTRAINT  =      185.1067
 EAMBER  =    -7035.6367


   NSTEP       ENERGY          RMS            GMAX         NAME    NUMBER
    350      -6.8661E+03     3.3140E-01     9.9151E+00     OG        333

 BOND    =      144.9404  ANGLE   =      597.7534  DIHED      =     3237.6829
 VDWAALS =    -2103.6642  EEL     =   -19282.9452  HBOND      =        0.0000
 1-4 VDW =      974.0984  1-4 EEL =     9375.8125  RESTRAINT  =      190.2085
 EAMBER  =    -7056.3218


   NSTEP       ENERGY          RMS            GMAX         NAME    NUMBER
    400      -6.8780E+03     1.9207E-01     5.4487E+00     OG        333

 BOND    =      144.9930  ANGLE   =      596.7559  DIHED      =     3233.2739
 VDWAALS =    -2105.4401  EEL     =   -19289.3244  HBOND      =        0.0000
 1-4 VDW =      973.4369  1-4 EEL =     9376.9435  RESTRAINT  =      191.3424
 EAMBER  =    -7069.3613


   NSTEP       ENERGY          RMS            GMAX         NAME    NUMBER
    450      -6.8815E+03     2.4427E-01     6.8849E+00     OG        333

 BOND    =      144.9354  ANGLE   =      595.8554  DIHED      =     3234.3684
 VDWAALS =    -2106.2870  EEL     =   -19294.0365  HBOND      =        0.0000
 1-4 VDW =      973.2750  1-4 EEL =     9377.2730  RESTRAINT  =      193.1460
 EAMBER  =    -7074.6162


   NSTEP       ENERGY          RMS            GMAX         NAME    NUMBER
    500      -6.8906E+03     5.8312E-01     2.9035E+01     HH       2704

 BOND    =      145.3634  ANGLE   =      596.7440  DIHED      =     3235.4707
 VDWAALS =    -2104.8407  EEL     =   -19309.8138  HBOND      =        0.0000
 1-4 VDW =      973.4272  1-4 EEL =     9377.8653  RESTRAINT  =      195.2034
 EAMBER  =    -7085.7839


  Maximum number of minimization cycles reached.


                    FINAL RESULTS



   NSTEP       ENERGY          RMS            GMAX         NAME    NUMBER
    500      -6.8906E+03     5.8312E-01     2.9035E+01     HH       2704

 BOND    =      145.3634  ANGLE   =      596.7440  DIHED      =     3235.4707
 VDWAALS =    -2104.8407  EEL     =   -19309.8138  HBOND      =        0.0000
 1-4 VDW =      973.4272  1-4 EEL =     9377.8653  RESTRAINT  =      195.2034
 EAMBER  =    -7085.7839

--------------------------------------------------------------------------------
   5.  TIMINGS
--------------------------------------------------------------------------------

|                Build the list             0.67 (99.83% of List )
|                Other                      0.00 ( 0.17% of List )
|             List time                  0.67 ( 0.17% of Nonbo)
|                   Short_ene time           404.25 (100.0% of Direc)
|                   Other                      0.05 ( 0.01% of Direc)
|                Direct Ewald time        404.31 (99.87% of Ewald)
|                Other                      0.50 ( 0.12% of Ewald)
|             Ewald time               404.81 (99.83% of Nonbo)
|          Nonbond force            405.48 (98.85% of Force)
|          Bond/Angle/Dihedral        4.68 ( 1.14% of Force)
|          Other                      0.03 ( 0.01% of Force)
|       Force time               410.20 (100.0% of Runmd)
|    Runmd Time               410.20 (97.99% of Total)
|    Other                      8.40 ( 2.01% of Total)
| Total time               418.61 (100.0% of ALL  )

| Number of list builds   :          1

| Highest rstack allocated:      22080
| Highest istack allocated:       4416
|           Job began  at 22:05:33.247  on 12/21/2025
|           Setup done at 22:05:33.582  on 12/21/2025
|           Run   done at 22:12:31.860  on 12/21/2025
|     wallclock() was called   11535 times

|3D-RISM memory allocation summary
|Type          Maximum        Current   
|Integer       0.00000 GB     0.00000 GB
|Real          0.00000 GB     0.00000 GB
|Logical       0.00000 GB     0.00000 GB
|Character     0.00000 GB     0.00000 GB
|---------------------------------------
|Total         0.00000 GB     0.00000 GB
