
          -------------------------------------------------------
          Amber 22 SANDER                              2022
          -------------------------------------------------------

| Run on 12/21/2025 at 22:21:27

|   Executable path: /home/kiran/miniforge3/envs/amber_mmgbsa/bin/sander
| Working directory: /storage/kiran-stuff/aaRS/phase2/energy_scoring/mmgbsa_amber/jobs/modern_thrrs_PHE
|          Hostname: boron

  [-O]verwriting output

File Assignments:
|  MDIN: min.in                                                                
| MDOUT: min.out                                                               
|INPCRD: complex.inpcrd                                                        
|  PARM: complex.prmtop                                                        
|RESTRT: min.rst                                                               
|  REFC: complex.inpcrd                                                        
| MDVEL: mdvel                                                                 
| MDFRC: mdfrc                                                                 
|  MDEN: mden                                                                  
| MDCRD: mdcrd                                                                 
|MDINFO: mdinfo                                                                
|  MTMD: mtmd                                                                  
|INPDIP: inpdip                                                                
|RSTDIP: rstdip                                                                
|INPTRA: inptraj                                                               


 Here is the input file:

Minimize                                                                       
 &cntrl                                                                        
  imin=1,                                                                      
  maxcyc=500,                                                                  
  ncyc=250,                                                                    
  ntb=0,                                                                       
  cut=999.0,                                                                   
  ntr=1,                                                                       
  restraint_wt=10.0,                                                           
  restraintmask='!:LIG & !@H=',                                                
 /                                                                             

--------------------------------------------------------------------------------
   1.  RESOURCE   USE: 
--------------------------------------------------------------------------------

| Flags:                                                                        
|    NONPERIODIC   ntb=0 and igb=0: Setting up nonperiodic simulation
|  *** cutoff > system size, list only builds once
|Largest sphere to fit in unit cell has radius =    74.556
| New format PARM file being parsed.
| Version =    1.000 Date = 12/21/25 Time = 22:21:27
 NATOM  =   10331 NTYPES =      21 NBONH =    5198 MBONA  =    5223
 NTHETH =   11894 MTHETA =    7065 NPHIH =   23575 MPHIA  =   22353
 NHPARM =       0 NPARM  =       0 NNB   =   57196 NRES   =     664
 NBONA  =    5223 NTHETA =    7065 NPHIA =   22353 NUMBND =      73
 NUMANG =     164 NPTRA  =     198 NATYP =      41 NPHB   =       0
 IFBOX  =       0 NMXRS  =      24 IFCAP =       0 NEXTRA =       0
 NCOPY  =       0


|     Memory Use     Allocated
|     Real             1603659
|     Hollerith          31659
|     Integer          2468918
|     Max Pairs       53359615
|     nblistReal        123972
|     nblist Int      16731610
|       Total           297058 kbytes

| Note: 1-4 EEL scale factors are being read from the topology file.

| Note: 1-4 VDW scale factors are being read from the topology file.
| Duplicated    0 dihedrals
| Duplicated    0 dihedrals

--------------------------------------------------------------------------------
   2.  CONTROL  DATA  FOR  THE  RUN
--------------------------------------------------------------------------------

default_name                                                                    

General flags:
     imin    =       1, nmropt  =       0

Nature and format of input:
     ntx     =       1, irest   =       0, ntrx    =       1

Nature and format of output:
     ntxo    =       2, ntpr    =      50, ntrx    =       1, ntwr    =       1
     iwrap   =       0, ntwx    =       0, ntwv    =       0, ntwe    =       0
     ioutfm  =       1, ntwprt  =       0, idecomp =       0, rbornstat=      0

Potential function:
     ntf     =       1, ntb     =       0, igb     =       0, nsnb    =      25
     ipol    =       0, gbsa    =       0, iesp    =       0
     dielc   =   1.00000, cut     = 999.00000, intdiel =   1.00000

Frozen or restrained atoms:
     ibelly  =       0, ntr     =       1
     restraint_wt =  10.00000

Energy minimization:
     maxcyc  =     500, ncyc    =     250, ntmin   =       1
     dx0     =   0.01000, drms    =   0.00010
|  INFO: Old style inpcrd file read


    LOADING THE CONSTRAINED ATOMS AS GROUPS


   5.  REFERENCE ATOM COORDINATES

  defa
     Mask !:LIG & !@H=; matches  5121 atoms

--------------------------------------------------------------------------------
   3.  ATOMIC COORDINATES AND VELOCITIES
--------------------------------------------------------------------------------

default_name                                                                    
 begin time read from input coords =     0.000 ps

 Number of triangulated 3-point waters found:        0

     Sum of charges from parm topology file = -16.99999928

--------------------------------------------------------------------------------
   4.  RESULTS
--------------------------------------------------------------------------------

 ---------------------------------------------------

     eedmeth=4: Setting switch to one everywhere

 ---------------------------------------------------
| Local SIZE OF NONBOND LIST =   53302921
| TOTAL SIZE OF NONBOND LIST =   53302921


   NSTEP       ENERGY          RMS            GMAX         NAME    NUMBER
      1       5.7247E+07     8.3484E+06     7.7636E+08     O         609

 BOND    =      343.7105  ANGLE   =     1216.1693  DIHED      =     7602.4528
 VDWAALS = 57253432.5914  EEL     =   -44872.0648  HBOND      =        0.0000
 1-4 VDW =     2453.4895  1-4 EEL =    26781.6287  RESTRAINT  =        0.0000


   NSTEP       ENERGY          RMS            GMAX         NAME    NUMBER
     50      -1.0931E+04     1.0808E+00     2.9788E+01     C         608

 BOND    =      338.3492  ANGLE   =     1302.6111  DIHED      =     7661.2044
 VDWAALS =    -4112.5314  EEL     =   -45301.3615  HBOND      =        0.0000
 1-4 VDW =     2403.1116  1-4 EEL =    26628.3817  RESTRAINT  =      149.7223
 EAMBER  =   -11080.2349


   NSTEP       ENERGY          RMS            GMAX         NAME    NUMBER
    100      -1.1385E+04     8.2238E-01     2.3875E+01     CD2      6298

 BOND    =      315.9355  ANGLE   =     1250.1453  DIHED      =     7670.1188
 VDWAALS =    -4338.8389  EEL     =   -45549.3438  HBOND      =        0.0000
 1-4 VDW =     2347.5528  1-4 EEL =    26644.9191  RESTRAINT  =      274.4048
 EAMBER  =   -11659.5111


   NSTEP       ENERGY          RMS            GMAX         NAME    NUMBER
    150      -1.1539E+04     3.1289E-01     1.0891E+01     HG1       910

 BOND    =      309.2439  ANGLE   =     1240.8031  DIHED      =     7671.8878
 VDWAALS =    -4407.7527  EEL     =   -45669.3756  HBOND      =        0.0000
 1-4 VDW =     2327.5258  1-4 EEL =    26649.5037  RESTRAINT  =      339.0027
 EAMBER  =   -11878.1641


   NSTEP       ENERGY          RMS            GMAX         NAME    NUMBER
    200      -1.1616E+04     7.8360E-01     2.9126E+01     CD2      6298

 BOND    =      309.7300  ANGLE   =     1238.1606  DIHED      =     7673.3007
 VDWAALS =    -4443.6386  EEL     =   -45740.4498  HBOND      =        0.0000
 1-4 VDW =     2317.0742  1-4 EEL =    26649.4184  RESTRAINT  =      380.3402
 EAMBER  =   -11996.4045


   NSTEP       ENERGY          RMS            GMAX         NAME    NUMBER
    250      -1.1666E+04     5.0165E-01     2.3062E+01     CG       7882

 BOND    =      307.9921  ANGLE   =     1235.9903  DIHED      =     7674.1114
 VDWAALS =    -4466.8046  EEL     =   -45784.8625  HBOND      =        0.0000
 1-4 VDW =     2311.3806  1-4 EEL =    26648.4416  RESTRAINT  =      408.1647
 EAMBER  =   -12073.7511


   NSTEP       ENERGY          RMS            GMAX         NAME    NUMBER
    300      -1.1775E+04     2.0822E-01     7.9066E+00     CG       7882

 BOND    =      305.7803  ANGLE   =     1238.0752  DIHED      =     7683.1890
 VDWAALS =    -4528.0319  EEL     =   -45917.1602  HBOND      =        0.0000
 1-4 VDW =     2300.1755  1-4 EEL =    26638.2734  RESTRAINT  =      505.0770
 EAMBER  =   -12279.6987


   NSTEP       ENERGY          RMS            GMAX         NAME    NUMBER
    350      -1.1799E+04     3.3833E-01     1.3402E+01     CG       4962

 BOND    =      305.8847  ANGLE   =     1239.1543  DIHED      =     7679.4146
 VDWAALS =    -4531.8810  EEL     =   -45938.6865  HBOND      =        0.0000
 1-4 VDW =     2298.6396  1-4 EEL =    26636.5759  RESTRAINT  =      511.6763
 EAMBER  =   -12310.8984


   NSTEP       ENERGY          RMS            GMAX         NAME    NUMBER
    400      -1.1823E+04     1.9602E-01     6.6420E+00     C        2986

 BOND    =      305.2308  ANGLE   =     1236.7765  DIHED      =     7671.6174
 VDWAALS =    -4535.6372  EEL     =   -45953.1101  HBOND      =        0.0000
 1-4 VDW =     2298.4021  1-4 EEL =    26635.4506  RESTRAINT  =      517.8157
 EAMBER  =   -12341.2700


   NSTEP       ENERGY          RMS            GMAX         NAME    NUMBER
    450      -1.1833E+04     1.4228E-01     4.4797E+00     CD1      2383

 BOND    =      305.2541  ANGLE   =     1235.4893  DIHED      =     7670.5091
 VDWAALS =    -4537.5076  EEL     =   -45959.9471  HBOND      =        0.0000
 1-4 VDW =     2298.2856  1-4 EEL =    26634.0867  RESTRAINT  =      521.1271
 EAMBER  =   -12353.8300


   NSTEP       ENERGY          RMS            GMAX         NAME    NUMBER
    500      -1.1838E+04     1.1743E-01     3.4981E+00     CE1      2385

 BOND    =      305.0435  ANGLE   =     1234.6480  DIHED      =     7670.5933
 VDWAALS =    -4539.2186  EEL     =   -45963.2862  HBOND      =        0.0000
 1-4 VDW =     2298.2298  1-4 EEL =    26632.9518  RESTRAINT  =      523.4835
 EAMBER  =   -12361.0385


  Maximum number of minimization cycles reached.


                    FINAL RESULTS



   NSTEP       ENERGY          RMS            GMAX         NAME    NUMBER
    500      -1.1838E+04     1.1743E-01     3.4981E+00     CE1      2385

 BOND    =      305.0435  ANGLE   =     1234.6480  DIHED      =     7670.5933
 VDWAALS =    -4539.2186  EEL     =   -45963.2862  HBOND      =        0.0000
 1-4 VDW =     2298.2298  1-4 EEL =    26632.9518  RESTRAINT  =      523.4835
 EAMBER  =   -12361.0385

--------------------------------------------------------------------------------
   5.  TIMINGS
--------------------------------------------------------------------------------

|                Build the list             1.95 (99.87% of List )
|                Other                      0.00 ( 0.13% of List )
|             List time                  1.95 ( 0.11% of Nonbo)
|                   Short_ene time          1854.31 (100.0% of Direc)
|                Direct Ewald time       1854.39 (100.0% of Ewald)
|                Other                      0.96 ( 0.05% of Ewald)
|             Ewald time              1855.35 (99.89% of Nonbo)
|          Nonbond force           1857.31 (99.49% of Force)
|          Bond/Angle/Dihedral        9.39 ( 0.50% of Force)
|          Other                      0.10 ( 0.01% of Force)
|       Force time              1866.79 (100.0% of Runmd)
|    Runmd Time              1866.79 (99.55% of Total)
|    Other                      8.33 ( 0.44% of Total)
| Total time              1875.14 (100.0% of ALL  )

| Number of list builds   :          1

| Highest rstack allocated:      51615
| Highest istack allocated:      10323
|           Job began  at 22:21:27.610  on 12/21/2025
|           Setup done at 22:21:28.365  on 12/21/2025
|           Run   done at 22:52:42.754  on 12/21/2025
|     wallclock() was called   11535 times

|3D-RISM memory allocation summary
|Type          Maximum        Current   
|Integer       0.00000 GB     0.00000 GB
|Real          0.00000 GB     0.00000 GB
|Logical       0.00000 GB     0.00000 GB
|Character     0.00000 GB     0.00000 GB
|---------------------------------------
|Total         0.00000 GB     0.00000 GB
