
          -------------------------------------------------------
          Amber 22 SANDER                              2022
          -------------------------------------------------------

| Run on 12/21/2025 at 22:20:55

|   Executable path: /home/kiran/miniforge3/envs/amber_mmgbsa/bin/sander
| Working directory: /storage/kiran-stuff/aaRS/phase2/energy_scoring/mmgbsa_amber/jobs/modern_thrrs_ALA
|          Hostname: boron

  [-O]verwriting output

File Assignments:
|  MDIN: min.in                                                                
| MDOUT: min.out                                                               
|INPCRD: complex.inpcrd                                                        
|  PARM: complex.prmtop                                                        
|RESTRT: min.rst                                                               
|  REFC: complex.inpcrd                                                        
| MDVEL: mdvel                                                                 
| MDFRC: mdfrc                                                                 
|  MDEN: mden                                                                  
| MDCRD: mdcrd                                                                 
|MDINFO: mdinfo                                                                
|  MTMD: mtmd                                                                  
|INPDIP: inpdip                                                                
|RSTDIP: rstdip                                                                
|INPTRA: inptraj                                                               


 Here is the input file:

Minimize                                                                       
 &cntrl                                                                        
  imin=1,                                                                      
  maxcyc=500,                                                                  
  ncyc=250,                                                                    
  ntb=0,                                                                       
  cut=999.0,                                                                   
  ntr=1,                                                                       
  restraint_wt=10.0,                                                           
  restraintmask='!:LIG & !@H=',                                                
 /                                                                             

--------------------------------------------------------------------------------
   1.  RESOURCE   USE: 
--------------------------------------------------------------------------------

| Flags:                                                                        
|    NONPERIODIC   ntb=0 and igb=0: Setting up nonperiodic simulation
|  *** cutoff > system size, list only builds once
|Largest sphere to fit in unit cell has radius =    72.349
| New format PARM file being parsed.
| Version =    1.000 Date = 12/21/25 Time = 22:20:54
 NATOM  =   10321 NTYPES =      21 NBONH =    5194 MBONA  =    5216
 NTHETH =   11885 MTHETA =    7056 NPHIH =   23557 MPHIA  =   22341
 NHPARM =       0 NPARM  =       0 NNB   =   57139 NRES   =     664
 NBONA  =    5216 NTHETA =    7056 NPHIA =   22341 NUMBND =      73
 NUMANG =     164 NPTRA  =     196 NATYP =      41 NPHB   =       0
 IFBOX  =       0 NMXRS  =      24 IFCAP =       0 NEXTRA =       0
 NCOPY  =       0


|     Memory Use     Allocated
|     Real             1602838
|     Hollerith          31629
|     Integer          2467129
|     Max Pairs       53256360
|     nblistReal        123852
|     nblist Int      16484856
|       Total           295677 kbytes

| Note: 1-4 EEL scale factors are being read from the topology file.

| Note: 1-4 VDW scale factors are being read from the topology file.
| Duplicated    0 dihedrals
| Duplicated    0 dihedrals

--------------------------------------------------------------------------------
   2.  CONTROL  DATA  FOR  THE  RUN
--------------------------------------------------------------------------------

default_name                                                                    

General flags:
     imin    =       1, nmropt  =       0

Nature and format of input:
     ntx     =       1, irest   =       0, ntrx    =       1

Nature and format of output:
     ntxo    =       2, ntpr    =      50, ntrx    =       1, ntwr    =       1
     iwrap   =       0, ntwx    =       0, ntwv    =       0, ntwe    =       0
     ioutfm  =       1, ntwprt  =       0, idecomp =       0, rbornstat=      0

Potential function:
     ntf     =       1, ntb     =       0, igb     =       0, nsnb    =      25
     ipol    =       0, gbsa    =       0, iesp    =       0
     dielc   =   1.00000, cut     = 999.00000, intdiel =   1.00000

Frozen or restrained atoms:
     ibelly  =       0, ntr     =       1
     restraint_wt =  10.00000

Energy minimization:
     maxcyc  =     500, ncyc    =     250, ntmin   =       1
     dx0     =   0.01000, drms    =   0.00010
|  INFO: Old style inpcrd file read


    LOADING THE CONSTRAINED ATOMS AS GROUPS


   5.  REFERENCE ATOM COORDINATES

  defa
     Mask !:LIG & !@H=; matches  5121 atoms

--------------------------------------------------------------------------------
   3.  ATOMIC COORDINATES AND VELOCITIES
--------------------------------------------------------------------------------

default_name                                                                    
 begin time read from input coords =     0.000 ps

 Number of triangulated 3-point waters found:        0

     Sum of charges from parm topology file = -17.00000028

--------------------------------------------------------------------------------
   4.  RESULTS
--------------------------------------------------------------------------------

 ---------------------------------------------------

     eedmeth=4: Setting switch to one everywhere

 ---------------------------------------------------
| Local SIZE OF NONBOND LIST =   53199722
| TOTAL SIZE OF NONBOND LIST =   53199722


   NSTEP       ENERGY          RMS            GMAX         NAME    NUMBER
      1       8.4114E+03     9.0826E+02     7.6333E+04     HB3      1037

 BOND    =      308.3893  ANGLE   =     1187.1134  DIHED      =     7778.8933
 VDWAALS =    14702.5243  EEL     =   -45021.5256  HBOND      =        0.0000
 1-4 VDW =     2491.0791  1-4 EEL =    26964.9429  RESTRAINT  =        0.0000


   NSTEP       ENERGY          RMS            GMAX         NAME    NUMBER
     50      -1.0594E+04     1.2675E+00     2.7786E+01     C         608

 BOND    =      323.9312  ANGLE   =     1285.9066  DIHED      =     7789.7436
 VDWAALS =    -3897.6416  EEL     =   -45403.6375  HBOND      =        0.0000
 1-4 VDW =     2405.7515  1-4 EEL =    26770.7889  RESTRAINT  =      130.9133
 EAMBER  =   -10725.1574


   NSTEP       ENERGY          RMS            GMAX         NAME    NUMBER
    100      -1.1010E+04     8.2822E-01     1.2698E+01     NE2      6167

 BOND    =      310.5310  ANGLE   =     1256.3220  DIHED      =     7802.6782
 VDWAALS =    -4089.1601  EEL     =   -45658.8837  HBOND      =        0.0000
 1-4 VDW =     2350.8442  1-4 EEL =    26770.8102  RESTRAINT  =      246.7847
 EAMBER  =   -11256.8581


   NSTEP       ENERGY          RMS            GMAX         NAME    NUMBER
    150      -1.1166E+04     3.3137E-01     7.1288E+00     HG        698

 BOND    =      306.4951  ANGLE   =     1251.7205  DIHED      =     7809.4515
 VDWAALS =    -4158.9334  EEL     =   -45788.0459  HBOND      =        0.0000
 1-4 VDW =     2329.7100  1-4 EEL =    26770.9121  RESTRAINT  =      312.9735
 EAMBER  =   -11478.6901


   NSTEP       ENERGY          RMS            GMAX         NAME    NUMBER
    200      -1.1250E+04     8.2445E-01     6.2682E+01     CG        871

 BOND    =      308.1147  ANGLE   =     1250.7323  DIHED      =     7813.5832
 VDWAALS =    -4196.7988  EEL     =   -45869.3027  HBOND      =        0.0000
 1-4 VDW =     2318.5535  1-4 EEL =    26767.9226  RESTRAINT  =      357.1952
 EAMBER  =   -11607.1952


   NSTEP       ENERGY          RMS            GMAX         NAME    NUMBER
    250      -1.1310E+04     3.0783E-01     1.1641E+01     CG        871

 BOND    =      305.4233  ANGLE   =     1248.5088  DIHED      =     7815.9715
 VDWAALS =    -4219.0143  EEL     =   -45927.2603  HBOND      =        0.0000
 1-4 VDW =     2312.4437  1-4 EEL =    26765.4447  RESTRAINT  =      388.2827
 EAMBER  =   -11698.4827


   NSTEP       ENERGY          RMS            GMAX         NAME    NUMBER
    300      -1.1438E+04     4.2156E-01     1.8826E+01     C       10306

 BOND    =      306.4730  ANGLE   =     1251.6877  DIHED      =     7824.9490
 VDWAALS =    -4279.8083  EEL     =   -46089.8966  HBOND      =        0.0000
 1-4 VDW =     2301.0473  1-4 EEL =    26752.0663  RESTRAINT  =      495.4744
 EAMBER  =   -11933.4816


   NSTEP       ENERGY          RMS            GMAX         NAME    NUMBER
    350      -1.1473E+04     2.1191E-01     5.3730E+00     SD       5954

 BOND    =      305.0536  ANGLE   =     1247.0077  DIHED      =     7822.9791
 VDWAALS =    -4280.7515  EEL     =   -46124.6828  HBOND      =        0.0000
 1-4 VDW =     2300.8048  1-4 EEL =    26753.3667  RESTRAINT  =      503.4557
 EAMBER  =   -11976.2223


   NSTEP       ENERGY          RMS            GMAX         NAME    NUMBER
    400      -1.1489E+04     1.7413E-01     6.2266E+00     CG       8609

 BOND    =      305.1233  ANGLE   =     1246.2840  DIHED      =     7823.9927
 VDWAALS =    -4283.4919  EEL     =   -46142.9689  HBOND      =        0.0000
 1-4 VDW =     2300.2726  1-4 EEL =    26751.6839  RESTRAINT  =      510.0120
 EAMBER  =   -11999.1042


   NSTEP       ENERGY          RMS            GMAX         NAME    NUMBER
    450      -1.1499E+04     1.0740E-01     3.1996E+00     HH       5753

 BOND    =      305.0468  ANGLE   =     1245.3737  DIHED      =     7821.3599
 VDWAALS =    -4285.5826  EEL     =   -46149.4790  HBOND      =        0.0000
 1-4 VDW =     2299.8695  1-4 EEL =    26750.5175  RESTRAINT  =      514.1254
 EAMBER  =   -12012.8943


   NSTEP       ENERGY          RMS            GMAX         NAME    NUMBER
    500      -1.1502E+04     6.9157E-02     1.8312E+00     CB       4034

 BOND    =      304.9446  ANGLE   =     1245.0032  DIHED      =     7821.4240
 VDWAALS =    -4287.5328  EEL     =   -46152.4895  HBOND      =        0.0000
 1-4 VDW =     2299.6288  1-4 EEL =    26749.9164  RESTRAINT  =      516.7101
 EAMBER  =   -12019.1052


  Maximum number of minimization cycles reached.


                    FINAL RESULTS



   NSTEP       ENERGY          RMS            GMAX         NAME    NUMBER
    500      -1.1502E+04     6.9157E-02     1.8312E+00     CB       4034

 BOND    =      304.9446  ANGLE   =     1245.0032  DIHED      =     7821.4240
 VDWAALS =    -4287.5328  EEL     =   -46152.4895  HBOND      =        0.0000
 1-4 VDW =     2299.6288  1-4 EEL =    26749.9164  RESTRAINT  =      516.7101
 EAMBER  =   -12019.1052

--------------------------------------------------------------------------------
   5.  TIMINGS
--------------------------------------------------------------------------------

|                Build the list             1.88 (99.87% of List )
|                Other                      0.00 ( 0.13% of List )
|             List time                  1.88 ( 0.10% of Nonbo)
|                   Short_ene time          1859.96 (100.0% of Direc)
|                Direct Ewald time       1860.03 (100.0% of Ewald)
|                Other                      1.00 ( 0.05% of Ewald)
|             Ewald time              1861.03 (99.90% of Nonbo)
|          Nonbond force           1862.91 (99.48% of Force)
|          Bond/Angle/Dihedral        9.57 ( 0.51% of Force)
|       Force time              1872.57 (100.0% of Runmd)
|    Runmd Time              1872.57 (99.61% of Total)
|    Other                      7.28 ( 0.39% of Total)
| Total time              1879.87 (100.0% of ALL  )

| Number of list builds   :          1

| Highest rstack allocated:      51570
| Highest istack allocated:      10314
|           Job began  at 22:20:55.353  on 12/21/2025
|           Setup done at 22:20:55.809  on 12/21/2025
|           Run   done at 22:52:15.223  on 12/21/2025
|     wallclock() was called   11535 times

|3D-RISM memory allocation summary
|Type          Maximum        Current   
|Integer       0.00000 GB     0.00000 GB
|Real          0.00000 GB     0.00000 GB
|Logical       0.00000 GB     0.00000 GB
|Character     0.00000 GB     0.00000 GB
|---------------------------------------
|Total         0.00000 GB     0.00000 GB
